ARM GAS  C:\Users\jagumiel\AppData\Local\Temp\cch6g2lI.s 			page 1


   1              		.syntax unified
   2              		.cpu cortex-m0
   3              		.fpu softvfp
   4              		.eabi_attribute 20, 1
   5              		.eabi_attribute 21, 1
   6              		.eabi_attribute 23, 3
   7              		.eabi_attribute 24, 1
   8              		.eabi_attribute 25, 1
   9              		.eabi_attribute 26, 1
  10              		.eabi_attribute 30, 1
  11              		.eabi_attribute 34, 0
  12              		.eabi_attribute 18, 4
  13              		.thumb
  14              		.syntax unified
  15              		.file	"main.c"
  16              		.text
  17              	.Ltext0:
  18              		.cfi_sections	.debug_frame
  19              		.section	.text.LIN_ID_Parity_Calculator,"ax",%progbits
  20              		.align	2
  21              		.global	LIN_ID_Parity_Calculator
  22              		.code	16
  23              		.thumb_func
  24              		.type	LIN_ID_Parity_Calculator, %function
  25              	LIN_ID_Parity_Calculator:
  26              	.LFB33:
  27              		.file 1 "LIN_Frame_Calculations.h"
   1:LIN_Frame_Calculations.h **** /* ========================================
   2:LIN_Frame_Calculations.h ****  *
   3:LIN_Frame_Calculations.h ****  * Copyright YOUR COMPANY, THE YEAR
   4:LIN_Frame_Calculations.h ****  * All Rights Reserved
   5:LIN_Frame_Calculations.h ****  * UNPUBLISHED, LICENSED SOFTWARE.
   6:LIN_Frame_Calculations.h ****  *
   7:LIN_Frame_Calculations.h ****  * CONFIDENTIAL AND PROPRIETARY INFORMATION
   8:LIN_Frame_Calculations.h ****  * WHICH IS THE PROPERTY OF your company.
   9:LIN_Frame_Calculations.h ****  *
  10:LIN_Frame_Calculations.h ****  * ========================================
  11:LIN_Frame_Calculations.h **** */
  12:LIN_Frame_Calculations.h **** 
  13:LIN_Frame_Calculations.h **** #include <stdint.h>
  14:LIN_Frame_Calculations.h **** #include <stdio.h>
  15:LIN_Frame_Calculations.h **** 
  16:LIN_Frame_Calculations.h **** #define PACKET_SIZE 8u
  17:LIN_Frame_Calculations.h **** 
  18:LIN_Frame_Calculations.h **** 
  19:LIN_Frame_Calculations.h **** uint8_t LIN_ID_Parity_Calculator(uint8_t data){
  28              		.loc 1 19 0
  29              		.cfi_startproc
  30              		@ args = 0, pretend = 0, frame = 0
  31              		@ frame_needed = 0, uses_anonymous_args = 0
  32              	.LVL0:
  33 0000 30B5     		push	{r4, r5, lr}
  34              		.cfi_def_cfa_offset 12
  35              		.cfi_offset 4, -12
  36              		.cfi_offset 5, -8
  37              		.cfi_offset 14, -4
  38              	.LVL1:
ARM GAS  C:\Users\jagumiel\AppData\Local\Temp\cch6g2lI.s 			page 2


  20:LIN_Frame_Calculations.h **** 	uint8_t parity_bit_even = 0x00;
  21:LIN_Frame_Calculations.h **** 	uint8_t parity_bit_odd = 0x00;
  22:LIN_Frame_Calculations.h **** 	uint8_t result = 0x00;
  23:LIN_Frame_Calculations.h **** 
  24:LIN_Frame_Calculations.h **** 	parity_bit_even = ((data ^ (data>>1))^((data>>2)^(data>>4)));
  39              		.loc 1 24 0
  40 0002 4208     		lsrs	r2, r0, #1
  41 0004 0509     		lsrs	r5, r0, #4
  42 0006 8308     		lsrs	r3, r0, #2
  43 0008 6B40     		eors	r3, r5
  44 000a 0400     		movs	r4, r0
  45 000c 5440     		eors	r4, r2
  46 000e 6340     		eors	r3, r4
  47 0010 1900     		movs	r1, r3
  48              	.LVL2:
  25:LIN_Frame_Calculations.h **** 	parity_bit_odd = (~(((data>>1) ^ (data>>3))^((data>>4)^(data>>5))));
  49              		.loc 1 25 0
  50 0012 C408     		lsrs	r4, r0, #3
  51 0014 6240     		eors	r2, r4
  52 0016 4009     		lsrs	r0, r0, #5
  53              	.LVL3:
  54 0018 6840     		eors	r0, r5
  55 001a 4240     		eors	r2, r0
  56 001c D243     		mvns	r2, r2
  57 001e D3B2     		uxtb	r3, r2
  58              	.LVL4:
  26:LIN_Frame_Calculations.h **** 	result = (parity_bit_odd<<1)|(parity_bit_even);
  59              		.loc 1 26 0
  60 0020 5B00     		lsls	r3, r3, #1
  61              	.LVL5:
  62 0022 0B43     		orrs	r3, r1
  63 0024 D8B2     		uxtb	r0, r3
  64              	.LVL6:
  27:LIN_Frame_Calculations.h **** 	return result;
  28:LIN_Frame_Calculations.h **** }
  65              		.loc 1 28 0
  66              		@ sp needed
  67 0026 30BD     		pop	{r4, r5, pc}
  68              		.cfi_endproc
  69              	.LFE33:
  70              		.size	LIN_ID_Parity_Calculator, .-LIN_ID_Parity_Calculator
  71              		.section	.text.LIN_PID_Calculator,"ax",%progbits
  72              		.align	2
  73              		.global	LIN_PID_Calculator
  74              		.code	16
  75              		.thumb_func
  76              		.type	LIN_PID_Calculator, %function
  77              	LIN_PID_Calculator:
  78              	.LFB34:
  29:LIN_Frame_Calculations.h **** 
  30:LIN_Frame_Calculations.h **** int LIN_PID_Calculator(uint8_t id){
  79              		.loc 1 30 0
  80              		.cfi_startproc
  81              		@ args = 0, pretend = 0, frame = 8
  82              		@ frame_needed = 0, uses_anonymous_args = 0
  83              	.LVL7:
  84 0000 70B5     		push	{r4, r5, r6, lr}
ARM GAS  C:\Users\jagumiel\AppData\Local\Temp\cch6g2lI.s 			page 3


  85              		.cfi_def_cfa_offset 16
  86              		.cfi_offset 4, -16
  87              		.cfi_offset 5, -12
  88              		.cfi_offset 6, -8
  89              		.cfi_offset 14, -4
  90 0002 82B0     		sub	sp, sp, #8
  91              		.cfi_def_cfa_offset 24
  92 0004 0400     		movs	r4, r0
  31:LIN_Frame_Calculations.h **** 	volatile uint8_t pid_tmp=0x00;
  93              		.loc 1 31 0
  94 0006 6B46     		mov	r3, sp
  95 0008 DE1D     		adds	r6, r3, #7
  96 000a 0023     		movs	r3, #0
  97 000c 3370     		strb	r3, [r6]
  32:LIN_Frame_Calculations.h **** 	volatile uint8_t pid=0x00;
  98              		.loc 1 32 0
  99 000e 6A46     		mov	r2, sp
 100 0010 951D     		adds	r5, r2, #6
 101 0012 9371     		strb	r3, [r2, #6]
  33:LIN_Frame_Calculations.h **** 	pid_tmp=(LIN_ID_Parity_Calculator(id));
 102              		.loc 1 33 0
 103 0014 FFF7FEFF 		bl	LIN_ID_Parity_Calculator
 104              	.LVL8:
 105 0018 3070     		strb	r0, [r6]
  34:LIN_Frame_Calculations.h **** 	pid=(uint8_t)((id)|(pid_tmp<<6));
 106              		.loc 1 34 0
 107 001a 3378     		ldrb	r3, [r6]
 108 001c 9B01     		lsls	r3, r3, #6
 109 001e 1C43     		orrs	r4, r3
 110 0020 E4B2     		uxtb	r4, r4
 111 0022 2C70     		strb	r4, [r5]
  35:LIN_Frame_Calculations.h **** 	return pid;
 112              		.loc 1 35 0
 113 0024 2878     		ldrb	r0, [r5]
 114 0026 C0B2     		uxtb	r0, r0
  36:LIN_Frame_Calculations.h **** }
 115              		.loc 1 36 0
 116 0028 02B0     		add	sp, sp, #8
 117              		@ sp needed
 118 002a 70BD     		pop	{r4, r5, r6, pc}
 119              		.cfi_endproc
 120              	.LFE34:
 121              		.size	LIN_PID_Calculator, .-LIN_PID_Calculator
 122              		.section	.text.LIN_Checksum_Calculation,"ax",%progbits
 123              		.align	2
 124              		.global	LIN_Checksum_Calculation
 125              		.code	16
 126              		.thumb_func
 127              		.type	LIN_Checksum_Calculation, %function
 128              	LIN_Checksum_Calculation:
 129              	.LFB35:
  37:LIN_Frame_Calculations.h **** 
  38:LIN_Frame_Calculations.h **** uint8_t LIN_Checksum_Calculation (uint8_t u8Header, uint8_t *packet){
 130              		.loc 1 38 0
 131              		.cfi_startproc
 132              		@ args = 0, pretend = 0, frame = 0
 133              		@ frame_needed = 0, uses_anonymous_args = 0
ARM GAS  C:\Users\jagumiel\AppData\Local\Temp\cch6g2lI.s 			page 4


 134              		@ link register save eliminated.
 135              	.LVL9:
  39:LIN_Frame_Calculations.h **** 	uint16_t u16Checksum_Cal = u8Header;
 136              		.loc 1 39 0
 137 0000 82B2     		uxth	r2, r0
 138              	.LVL10:
  40:LIN_Frame_Calculations.h **** 	uint8_t u8Cnt = 0u;
  41:LIN_Frame_Calculations.h **** 	uint8_t u8Checksum = 0;
  42:LIN_Frame_Calculations.h **** 
  43:LIN_Frame_Calculations.h **** 	for(u8Cnt = 0u; u8Cnt < PACKET_SIZE; u8Cnt++){
 139              		.loc 1 43 0
 140 0002 0023     		movs	r3, #0
 141 0004 04E0     		b	.L4
 142              	.LVL11:
 143              	.L5:
  44:LIN_Frame_Calculations.h **** 		/* Sum of all bytes */
  45:LIN_Frame_Calculations.h **** 		u16Checksum_Cal += *(packet + u8Cnt);
 144              		.loc 1 45 0 discriminator 3
 145 0006 C85C     		ldrb	r0, [r1, r3]
 146 0008 1218     		adds	r2, r2, r0
 147              	.LVL12:
 148 000a 92B2     		uxth	r2, r2
 149              	.LVL13:
  43:LIN_Frame_Calculations.h **** 		/* Sum of all bytes */
 150              		.loc 1 43 0 discriminator 3
 151 000c 0133     		adds	r3, r3, #1
 152              	.LVL14:
 153 000e DBB2     		uxtb	r3, r3
 154              	.LVL15:
 155              	.L4:
  43:LIN_Frame_Calculations.h **** 		/* Sum of all bytes */
 156              		.loc 1 43 0 is_stmt 0 discriminator 1
 157 0010 072B     		cmp	r3, #7
 158 0012 F8D9     		bls	.L5
  46:LIN_Frame_Calculations.h **** 	}
  47:LIN_Frame_Calculations.h **** 
  48:LIN_Frame_Calculations.h **** 	/* Add carry and XOR with FF to invert the bits */
  49:LIN_Frame_Calculations.h **** 	u8Checksum = (0xFF ^ ((u16Checksum_Cal & 0x00FF) + (u16Checksum_Cal >> 8)));
 159              		.loc 1 49 0 is_stmt 1
 160 0014 100A     		lsrs	r0, r2, #8
 161 0016 8218     		adds	r2, r0, r2
 162              	.LVL16:
 163 0018 D043     		mvns	r0, r2
 164 001a C0B2     		uxtb	r0, r0
 165              	.LVL17:
  50:LIN_Frame_Calculations.h **** 	return(u8Checksum);
  51:LIN_Frame_Calculations.h **** }
 166              		.loc 1 51 0
 167              		@ sp needed
 168 001c 7047     		bx	lr
 169              		.cfi_endproc
 170              	.LFE35:
 171              		.size	LIN_Checksum_Calculation, .-LIN_Checksum_Calculation
 172 001e C046     		.section	.text.sendFrame,"ax",%progbits
 173              		.align	2
 174              		.global	sendFrame
 175              		.code	16
ARM GAS  C:\Users\jagumiel\AppData\Local\Temp\cch6g2lI.s 			page 5


 176              		.thumb_func
 177              		.type	sendFrame, %function
 178              	sendFrame:
 179              	.LFB36:
 180              		.file 2 "main.c"
   1:main.c        **** /* ========================================
   2:main.c        ****  * _______________
   3:main.c        ****  * LIN-Master-UART
   4:main.c        ****  * ---------------
   5:main.c        ****  * This is a first approach to send a LIN
   6:main.c        ****  * frame as Master to the Slave. For this
   7:main.c        ****  * porpouse a UART communication is used.
   8:main.c        ****  * A LIN transceiver will be needed for
   9:main.c        ****  * this project.
  10:main.c        ****  *
  11:main.c        ****  * This program just send a prepared frame
  12:main.c        ****  * every second. It is just a test.
  13:main.c        ****  *
  14:main.c        ****  * Cypress CY8CKIT-042 and CY8CKIT-026 are
  15:main.c        ****  * used in this project.
  16:main.c        ****  *
  17:main.c        ****  * ========================================
  18:main.c        **** */
  19:main.c        **** 
  20:main.c        **** #include "project.h"
  21:main.c        **** #include "LIN_Frame_Calculations.h"
  22:main.c        **** #include "ledControl.h"
  23:main.c        **** 
  24:main.c        **** volatile unsigned char Sensor_data[8];
  25:main.c        **** const uint8_t sync = 0x55;
  26:main.c        **** uint8_t id = 0x10;
  27:main.c        **** uint8_t packet[PACKET_SIZE] = {0x00, 0xFF, 0xFF, 0xFF, 0xFF, 0xFF, 0xFF, 0xFF};
  28:main.c        **** uint8_t pid = 0x00;
  29:main.c        **** uint8_t checksum = 0x00;
  30:main.c        **** 
  31:main.c        **** void sendFrame(void){
 181              		.loc 2 31 0
 182              		.cfi_startproc
 183              		@ args = 0, pretend = 0, frame = 0
 184              		@ frame_needed = 0, uses_anonymous_args = 0
 185 0000 70B5     		push	{r4, r5, r6, lr}
 186              		.cfi_def_cfa_offset 16
 187              		.cfi_offset 4, -16
 188              		.cfi_offset 5, -12
 189              		.cfi_offset 6, -8
 190              		.cfi_offset 14, -4
  32:main.c        ****     UART_MASTER_UartSendBreakBlocking(13);                          // Break
 191              		.loc 2 32 0
 192 0002 0D20     		movs	r0, #13
 193 0004 FFF7FEFF 		bl	UART_MASTER_UartSendBreakBlocking
 194              	.LVL18:
  33:main.c        ****     UART_MASTER_UartPutChar(sync);                                  // Sync (0x55)
 195              		.loc 2 33 0
 196 0008 5520     		movs	r0, #85
 197 000a FFF7FEFF 		bl	UART_MASTER_SpiUartWriteTxData
 198              	.LVL19:
  34:main.c        ****     UART_MASTER_UartPutChar(pid);                                   // Protected ID (PID). Se obtie
ARM GAS  C:\Users\jagumiel\AppData\Local\Temp\cch6g2lI.s 			page 6


 199              		.loc 2 34 0
 200 000e 284D     		ldr	r5, .L7
 201 0010 2878     		ldrb	r0, [r5]
 202 0012 FFF7FEFF 		bl	UART_MASTER_SpiUartWriteTxData
 203              	.LVL20:
  35:main.c        ****     UART_MASTER_UartPutChar(packet[0]);                             // Command
 204              		.loc 2 35 0
 205 0016 274C     		ldr	r4, .L7+4
 206 0018 2078     		ldrb	r0, [r4]
 207 001a FFF7FEFF 		bl	UART_MASTER_SpiUartWriteTxData
 208              	.LVL21:
  36:main.c        ****     UART_MASTER_UartPutChar(packet[1]);                             // Fill. Relleno para completar
 209              		.loc 2 36 0
 210 001e 6078     		ldrb	r0, [r4, #1]
 211 0020 FFF7FEFF 		bl	UART_MASTER_SpiUartWriteTxData
 212              	.LVL22:
  37:main.c        ****     UART_MASTER_UartPutChar(packet[2]);
 213              		.loc 2 37 0
 214 0024 A078     		ldrb	r0, [r4, #2]
 215 0026 FFF7FEFF 		bl	UART_MASTER_SpiUartWriteTxData
 216              	.LVL23:
  38:main.c        ****     UART_MASTER_UartPutChar(packet[3]);
 217              		.loc 2 38 0
 218 002a E078     		ldrb	r0, [r4, #3]
 219 002c FFF7FEFF 		bl	UART_MASTER_SpiUartWriteTxData
 220              	.LVL24:
  39:main.c        ****     UART_MASTER_UartPutChar(packet[4]);
 221              		.loc 2 39 0
 222 0030 2079     		ldrb	r0, [r4, #4]
 223 0032 FFF7FEFF 		bl	UART_MASTER_SpiUartWriteTxData
 224              	.LVL25:
  40:main.c        ****     UART_MASTER_UartPutChar(packet[5]);
 225              		.loc 2 40 0
 226 0036 6079     		ldrb	r0, [r4, #5]
 227 0038 FFF7FEFF 		bl	UART_MASTER_SpiUartWriteTxData
 228              	.LVL26:
  41:main.c        ****     UART_MASTER_UartPutChar(packet[6]);
 229              		.loc 2 41 0
 230 003c A079     		ldrb	r0, [r4, #6]
 231 003e FFF7FEFF 		bl	UART_MASTER_SpiUartWriteTxData
 232              	.LVL27:
  42:main.c        ****     UART_MASTER_UartPutChar(packet[7]);
 233              		.loc 2 42 0
 234 0042 E079     		ldrb	r0, [r4, #7]
 235 0044 FFF7FEFF 		bl	UART_MASTER_SpiUartWriteTxData
 236              	.LVL28:
  43:main.c        ****     UART_MASTER_UartPutChar(checksum);                              // Checksum. En LIN 2.2 se obti
 237              		.loc 2 43 0
 238 0048 6878     		ldrb	r0, [r5, #1]
 239 004a FFF7FEFF 		bl	UART_MASTER_SpiUartWriteTxData
 240              	.LVL29:
  44:main.c        ****     
  45:main.c        ****     Sensor_data[0] = UART_MASTER_UartGetChar();                         // 1. Byte
 241              		.loc 2 45 0
 242 004e FFF7FEFF 		bl	UART_MASTER_UartGetChar
 243              	.LVL30:
 244 0052 C0B2     		uxtb	r0, r0
ARM GAS  C:\Users\jagumiel\AppData\Local\Temp\cch6g2lI.s 			page 7


 245 0054 184C     		ldr	r4, .L7+8
 246 0056 2070     		strb	r0, [r4]
  46:main.c        ****     Sensor_data[1] = UART_MASTER_UartGetChar();                         // 2. Byte
 247              		.loc 2 46 0
 248 0058 FFF7FEFF 		bl	UART_MASTER_UartGetChar
 249              	.LVL31:
 250 005c C0B2     		uxtb	r0, r0
 251 005e 6070     		strb	r0, [r4, #1]
  47:main.c        ****     Sensor_data[2] = UART_MASTER_UartGetChar();                         // 3. Byte
 252              		.loc 2 47 0
 253 0060 FFF7FEFF 		bl	UART_MASTER_UartGetChar
 254              	.LVL32:
 255 0064 C0B2     		uxtb	r0, r0
 256 0066 A070     		strb	r0, [r4, #2]
  48:main.c        ****     Sensor_data[3] = UART_MASTER_UartGetChar();                         // 4. Byte
 257              		.loc 2 48 0
 258 0068 FFF7FEFF 		bl	UART_MASTER_UartGetChar
 259              	.LVL33:
 260 006c C0B2     		uxtb	r0, r0
 261 006e E070     		strb	r0, [r4, #3]
  49:main.c        ****     Sensor_data[4] = UART_MASTER_UartGetChar();                         // 5. Byte
 262              		.loc 2 49 0
 263 0070 FFF7FEFF 		bl	UART_MASTER_UartGetChar
 264              	.LVL34:
 265 0074 C0B2     		uxtb	r0, r0
 266 0076 2071     		strb	r0, [r4, #4]
  50:main.c        ****     Sensor_data[5] = UART_MASTER_UartGetChar();                         // 6. Byte
 267              		.loc 2 50 0
 268 0078 FFF7FEFF 		bl	UART_MASTER_UartGetChar
 269              	.LVL35:
 270 007c C0B2     		uxtb	r0, r0
 271 007e 6071     		strb	r0, [r4, #5]
  51:main.c        ****     Sensor_data[6] = UART_MASTER_UartGetChar();                         // 7. Byte
 272              		.loc 2 51 0
 273 0080 FFF7FEFF 		bl	UART_MASTER_UartGetChar
 274              	.LVL36:
 275 0084 C0B2     		uxtb	r0, r0
 276 0086 A071     		strb	r0, [r4, #6]
  52:main.c        ****     Sensor_data[7] = UART_MASTER_UartGetChar();                         // 8. Byte
 277              		.loc 2 52 0
 278 0088 FFF7FEFF 		bl	UART_MASTER_UartGetChar
 279              	.LVL37:
 280 008c C0B2     		uxtb	r0, r0
 281 008e E071     		strb	r0, [r4, #7]
  53:main.c        ****     
  54:main.c        ****     LedRed_Write(1);
 282              		.loc 2 54 0
 283 0090 0120     		movs	r0, #1
 284 0092 FFF7FEFF 		bl	LedRed_Write
 285              	.LVL38:
  55:main.c        ****     CyDelay(500);
 286              		.loc 2 55 0
 287 0096 FA24     		movs	r4, #250
 288 0098 6400     		lsls	r4, r4, #1
 289 009a 2000     		movs	r0, r4
 290 009c FFF7FEFF 		bl	CyDelay
 291              	.LVL39:
ARM GAS  C:\Users\jagumiel\AppData\Local\Temp\cch6g2lI.s 			page 8


  56:main.c        ****     LedRed_Write(0);
 292              		.loc 2 56 0
 293 00a0 0020     		movs	r0, #0
 294 00a2 FFF7FEFF 		bl	LedRed_Write
 295              	.LVL40:
  57:main.c        ****     CyDelay(500);
 296              		.loc 2 57 0
 297 00a6 2000     		movs	r0, r4
 298 00a8 FFF7FEFF 		bl	CyDelay
 299              	.LVL41:
  58:main.c        ****     
  59:main.c        **** }
 300              		.loc 2 59 0
 301              		@ sp needed
 302 00ac 70BD     		pop	{r4, r5, r6, pc}
 303              	.L8:
 304 00ae C046     		.align	2
 305              	.L7:
 306 00b0 00000000 		.word	.LANCHOR0
 307 00b4 00000000 		.word	.LANCHOR1
 308 00b8 00000000 		.word	Sensor_data
 309              		.cfi_endproc
 310              	.LFE36:
 311              		.size	sendFrame, .-sendFrame
 312              		.section	.text.leftDoorEvent,"ax",%progbits
 313              		.align	2
 314              		.global	leftDoorEvent
 315              		.code	16
 316              		.thumb_func
 317              		.type	leftDoorEvent, %function
 318              	leftDoorEvent:
 319              	.LFB37:
  60:main.c        **** 
  61:main.c        **** void leftDoorEvent(){
 320              		.loc 2 61 0
 321              		.cfi_startproc
 322              		@ args = 0, pretend = 0, frame = 0
 323              		@ frame_needed = 0, uses_anonymous_args = 0
 324 0000 70B5     		push	{r4, r5, r6, lr}
 325              		.cfi_def_cfa_offset 16
 326              		.cfi_offset 4, -16
 327              		.cfi_offset 5, -12
 328              		.cfi_offset 6, -8
 329              		.cfi_offset 14, -4
  62:main.c        ****     if(Button_Left_Read()==1){
 330              		.loc 2 62 0
 331 0002 FFF7FEFF 		bl	Button_Left_Read
 332              	.LVL42:
 333 0006 0128     		cmp	r0, #1
 334 0008 03D1     		bne	.L10
  63:main.c        ****         /* Left Door Opened*/
  64:main.c        ****         packet[0]=0x01;
 335              		.loc 2 64 0
 336 000a 0122     		movs	r2, #1
 337 000c 094B     		ldr	r3, .L12
 338 000e 1A70     		strb	r2, [r3]
 339 0010 02E0     		b	.L11
ARM GAS  C:\Users\jagumiel\AppData\Local\Temp\cch6g2lI.s 			page 9


 340              	.L10:
  65:main.c        ****     }else{
  66:main.c        ****         /* Left Door closed*/
  67:main.c        ****         packet[0]=0x00;
 341              		.loc 2 67 0
 342 0012 0022     		movs	r2, #0
 343 0014 074B     		ldr	r3, .L12
 344 0016 1A70     		strb	r2, [r3]
 345              	.L11:
  68:main.c        ****     }
  69:main.c        ****     pid=LIN_PID_Calculator(id);
 346              		.loc 2 69 0
 347 0018 064D     		ldr	r5, .L12
 348 001a 287A     		ldrb	r0, [r5, #8]
 349 001c FFF7FEFF 		bl	LIN_PID_Calculator
 350              	.LVL43:
 351 0020 C0B2     		uxtb	r0, r0
 352 0022 054C     		ldr	r4, .L12+4
 353 0024 2070     		strb	r0, [r4]
  70:main.c        ****     checksum=LIN_Checksum_Calculation(pid, packet);
 354              		.loc 2 70 0
 355 0026 2900     		movs	r1, r5
 356 0028 FFF7FEFF 		bl	LIN_Checksum_Calculation
 357              	.LVL44:
 358 002c 6070     		strb	r0, [r4, #1]
  71:main.c        ****     sendFrame();
 359              		.loc 2 71 0
 360 002e FFF7FEFF 		bl	sendFrame
 361              	.LVL45:
  72:main.c        **** }
 362              		.loc 2 72 0
 363              		@ sp needed
 364 0032 70BD     		pop	{r4, r5, r6, pc}
 365              	.L13:
 366              		.align	2
 367              	.L12:
 368 0034 00000000 		.word	.LANCHOR1
 369 0038 00000000 		.word	.LANCHOR0
 370              		.cfi_endproc
 371              	.LFE37:
 372              		.size	leftDoorEvent, .-leftDoorEvent
 373              		.section	.text.Button_Left_ISR_Handler,"ax",%progbits
 374              		.align	2
 375              		.global	Button_Left_ISR_Handler
 376              		.code	16
 377              		.thumb_func
 378              		.type	Button_Left_ISR_Handler, %function
 379              	Button_Left_ISR_Handler:
 380              	.LFB39:
  73:main.c        **** 
  74:main.c        **** void rightDoorEvent(){
  75:main.c        ****     if(Button_Right_Read()==1){
  76:main.c        ****         /* Right Door Opened*/
  77:main.c        ****         packet[0]=0x11;
  78:main.c        ****     }else{
  79:main.c        ****         /* Right Door Closed*/
  80:main.c        ****         packet[0]=0x10;
ARM GAS  C:\Users\jagumiel\AppData\Local\Temp\cch6g2lI.s 			page 10


  81:main.c        ****     }
  82:main.c        ****     pid=LIN_PID_Calculator(id);
  83:main.c        ****     checksum=LIN_Checksum_Calculation(pid, packet);
  84:main.c        ****     sendFrame();
  85:main.c        **** }
  86:main.c        **** 
  87:main.c        **** 
  88:main.c        **** CY_ISR(Button_Left_ISR_Handler){
 381              		.loc 2 88 0
 382              		.cfi_startproc
 383              		@ args = 0, pretend = 0, frame = 0
 384              		@ frame_needed = 0, uses_anonymous_args = 0
 385 0000 10B5     		push	{r4, lr}
 386              		.cfi_def_cfa_offset 8
 387              		.cfi_offset 4, -8
 388              		.cfi_offset 14, -4
  89:main.c        ****     leftDoorEvent();
 389              		.loc 2 89 0
 390 0002 FFF7FEFF 		bl	leftDoorEvent
 391              	.LVL46:
  90:main.c        ****     Button_Left_ClearInterrupt();
 392              		.loc 2 90 0
 393 0006 FFF7FEFF 		bl	Button_Left_ClearInterrupt
 394              	.LVL47:
  91:main.c        **** }
 395              		.loc 2 91 0
 396              		@ sp needed
 397 000a 10BD     		pop	{r4, pc}
 398              		.cfi_endproc
 399              	.LFE39:
 400              		.size	Button_Left_ISR_Handler, .-Button_Left_ISR_Handler
 401              		.section	.text.rightDoorEvent,"ax",%progbits
 402              		.align	2
 403              		.global	rightDoorEvent
 404              		.code	16
 405              		.thumb_func
 406              		.type	rightDoorEvent, %function
 407              	rightDoorEvent:
 408              	.LFB38:
  74:main.c        ****     if(Button_Right_Read()==1){
 409              		.loc 2 74 0
 410              		.cfi_startproc
 411              		@ args = 0, pretend = 0, frame = 0
 412              		@ frame_needed = 0, uses_anonymous_args = 0
 413 0000 70B5     		push	{r4, r5, r6, lr}
 414              		.cfi_def_cfa_offset 16
 415              		.cfi_offset 4, -16
 416              		.cfi_offset 5, -12
 417              		.cfi_offset 6, -8
 418              		.cfi_offset 14, -4
  75:main.c        ****         /* Right Door Opened*/
 419              		.loc 2 75 0
 420 0002 FFF7FEFF 		bl	Button_Right_Read
 421              	.LVL48:
 422 0006 0128     		cmp	r0, #1
 423 0008 03D1     		bne	.L16
  77:main.c        ****     }else{
ARM GAS  C:\Users\jagumiel\AppData\Local\Temp\cch6g2lI.s 			page 11


 424              		.loc 2 77 0
 425 000a 1122     		movs	r2, #17
 426 000c 094B     		ldr	r3, .L18
 427 000e 1A70     		strb	r2, [r3]
 428 0010 02E0     		b	.L17
 429              	.L16:
  80:main.c        ****     }
 430              		.loc 2 80 0
 431 0012 1022     		movs	r2, #16
 432 0014 074B     		ldr	r3, .L18
 433 0016 1A70     		strb	r2, [r3]
 434              	.L17:
  82:main.c        ****     checksum=LIN_Checksum_Calculation(pid, packet);
 435              		.loc 2 82 0
 436 0018 064D     		ldr	r5, .L18
 437 001a 287A     		ldrb	r0, [r5, #8]
 438 001c FFF7FEFF 		bl	LIN_PID_Calculator
 439              	.LVL49:
 440 0020 C0B2     		uxtb	r0, r0
 441 0022 054C     		ldr	r4, .L18+4
 442 0024 2070     		strb	r0, [r4]
  83:main.c        ****     sendFrame();
 443              		.loc 2 83 0
 444 0026 2900     		movs	r1, r5
 445 0028 FFF7FEFF 		bl	LIN_Checksum_Calculation
 446              	.LVL50:
 447 002c 6070     		strb	r0, [r4, #1]
  84:main.c        **** }
 448              		.loc 2 84 0
 449 002e FFF7FEFF 		bl	sendFrame
 450              	.LVL51:
  85:main.c        **** 
 451              		.loc 2 85 0
 452              		@ sp needed
 453 0032 70BD     		pop	{r4, r5, r6, pc}
 454              	.L19:
 455              		.align	2
 456              	.L18:
 457 0034 00000000 		.word	.LANCHOR1
 458 0038 00000000 		.word	.LANCHOR0
 459              		.cfi_endproc
 460              	.LFE38:
 461              		.size	rightDoorEvent, .-rightDoorEvent
 462              		.section	.text.Button_Right_ISR_Handler,"ax",%progbits
 463              		.align	2
 464              		.global	Button_Right_ISR_Handler
 465              		.code	16
 466              		.thumb_func
 467              		.type	Button_Right_ISR_Handler, %function
 468              	Button_Right_ISR_Handler:
 469              	.LFB40:
  92:main.c        **** 
  93:main.c        **** CY_ISR(Button_Right_ISR_Handler){
 470              		.loc 2 93 0
 471              		.cfi_startproc
 472              		@ args = 0, pretend = 0, frame = 0
 473              		@ frame_needed = 0, uses_anonymous_args = 0
ARM GAS  C:\Users\jagumiel\AppData\Local\Temp\cch6g2lI.s 			page 12


 474 0000 10B5     		push	{r4, lr}
 475              		.cfi_def_cfa_offset 8
 476              		.cfi_offset 4, -8
 477              		.cfi_offset 14, -4
  94:main.c        ****     rightDoorEvent();
 478              		.loc 2 94 0
 479 0002 FFF7FEFF 		bl	rightDoorEvent
 480              	.LVL52:
  95:main.c        ****     Button_Right_ClearInterrupt();
 481              		.loc 2 95 0
 482 0006 FFF7FEFF 		bl	Button_Right_ClearInterrupt
 483              	.LVL53:
  96:main.c        **** }
 484              		.loc 2 96 0
 485              		@ sp needed
 486 000a 10BD     		pop	{r4, pc}
 487              		.cfi_endproc
 488              	.LFE40:
 489              		.size	Button_Right_ISR_Handler, .-Button_Right_ISR_Handler
 490              		.section	.text.main,"ax",%progbits
 491              		.align	2
 492              		.global	main
 493              		.code	16
 494              		.thumb_func
 495              		.type	main, %function
 496              	main:
 497              	.LFB41:
  97:main.c        **** 
  98:main.c        **** 
  99:main.c        **** int main(void){
 498              		.loc 2 99 0
 499              		.cfi_startproc
 500              		@ Volatile: function does not return.
 501              		@ args = 0, pretend = 0, frame = 0
 502              		@ frame_needed = 0, uses_anonymous_args = 0
 503 0000 10B5     		push	{r4, lr}
 504              		.cfi_def_cfa_offset 8
 505              		.cfi_offset 4, -8
 506              		.cfi_offset 14, -4
 100:main.c        ****     
 101:main.c        ****     CyGlobalIntEnable; /* Enable global interrupts. */
 507              		.loc 2 101 0
 508              		.syntax divided
 509              	@ 101 "main.c" 1
 510 0002 62B6     		CPSIE   i
 511              	@ 0 "" 2
 102:main.c        **** 
 103:main.c        ****     /* Start UART/LIN Master */
 104:main.c        ****     UART_MASTER_Start();
 512              		.loc 2 104 0
 513              		.thumb
 514              		.syntax unified
 515 0004 FFF7FEFF 		bl	UART_MASTER_Start
 516              	.LVL54:
 105:main.c        ****     
 106:main.c        ****     /* Start ISRs */
 107:main.c        ****     Button_Left_ISR_StartEx(Button_Left_ISR_Handler);
ARM GAS  C:\Users\jagumiel\AppData\Local\Temp\cch6g2lI.s 			page 13


 517              		.loc 2 107 0
 518 0008 0348     		ldr	r0, .L23
 519 000a FFF7FEFF 		bl	Button_Left_ISR_StartEx
 520              	.LVL55:
 108:main.c        ****     Button_Right_ISR_StartEx(Button_Right_ISR_Handler);
 521              		.loc 2 108 0
 522 000e 0348     		ldr	r0, .L23+4
 523 0010 FFF7FEFF 		bl	Button_Right_ISR_StartEx
 524              	.LVL56:
 525              	.L22:
 526 0014 FEE7     		b	.L22
 527              	.L24:
 528 0016 C046     		.align	2
 529              	.L23:
 530 0018 00000000 		.word	Button_Left_ISR_Handler
 531 001c 00000000 		.word	Button_Right_ISR_Handler
 532              		.cfi_endproc
 533              	.LFE41:
 534              		.size	main, .-main
 535              		.global	checksum
 536              		.global	pid
 537              		.global	packet
 538              		.global	id
 539              		.global	sync
 540              		.comm	Sensor_data,8,4
 541              		.section	.rodata
 542              		.type	sync, %object
 543              		.size	sync, 1
 544              	sync:
 545 0000 55       		.byte	85
 546              		.data
 547              		.align	2
 548              		.set	.LANCHOR1,. + 0
 549              		.type	packet, %object
 550              		.size	packet, 8
 551              	packet:
 552 0000 00       		.byte	0
 553 0001 FF       		.byte	-1
 554 0002 FF       		.byte	-1
 555 0003 FF       		.byte	-1
 556 0004 FF       		.byte	-1
 557 0005 FF       		.byte	-1
 558 0006 FF       		.byte	-1
 559 0007 FF       		.byte	-1
 560              		.type	id, %object
 561              		.size	id, 1
 562              	id:
 563 0008 10       		.byte	16
 564              		.bss
 565              		.set	.LANCHOR0,. + 0
 566              		.type	pid, %object
 567              		.size	pid, 1
 568              	pid:
 569 0000 00       		.space	1
 570              		.type	checksum, %object
 571              		.size	checksum, 1
 572              	checksum:
ARM GAS  C:\Users\jagumiel\AppData\Local\Temp\cch6g2lI.s 			page 14


 573 0001 00       		.space	1
 574              		.text
 575              	.Letext0:
 576              		.file 3 "c:\\program files (x86)\\cypress\\psoc creator\\4.2\\psoc creator\\import\\gnu\\arm\\5.4.
 577              		.file 4 "c:\\program files (x86)\\cypress\\psoc creator\\4.2\\psoc creator\\import\\gnu\\arm\\5.4.
 578              		.file 5 "Generated_Source\\PSoC4/cytypes.h"
 579              		.file 6 "Generated_Source\\PSoC4/UART_MASTER_SPI_UART.h"
 580              		.file 7 "Generated_Source\\PSoC4/LedRed.h"
 581              		.file 8 "Generated_Source\\PSoC4/CyLib.h"
 582              		.file 9 "Generated_Source\\PSoC4/Button_Left.h"
 583              		.file 10 "Generated_Source\\PSoC4/Button_Right.h"
 584              		.file 11 "Generated_Source\\PSoC4/UART_MASTER.h"
 585              		.file 12 "Generated_Source\\PSoC4/Button_Left_ISR.h"
 586              		.file 13 "Generated_Source\\PSoC4/Button_Right_ISR.h"
 587              		.section	.debug_info,"",%progbits
 588              	.Ldebug_info0:
 589 0000 46050000 		.4byte	0x546
 590 0004 0400     		.2byte	0x4
 591 0006 00000000 		.4byte	.Ldebug_abbrev0
 592 000a 04       		.byte	0x4
 593 000b 01       		.uleb128 0x1
 594 000c 2B020000 		.4byte	.LASF52
 595 0010 0C       		.byte	0xc
 596 0011 DF020000 		.4byte	.LASF53
 597 0015 98030000 		.4byte	.LASF54
 598 0019 00000000 		.4byte	.Ldebug_ranges0+0
 599 001d 00000000 		.4byte	0
 600 0021 00000000 		.4byte	.Ldebug_line0
 601 0025 02       		.uleb128 0x2
 602 0026 01       		.byte	0x1
 603 0027 06       		.byte	0x6
 604 0028 1F020000 		.4byte	.LASF0
 605 002c 03       		.uleb128 0x3
 606 002d 1D000000 		.4byte	.LASF3
 607 0031 03       		.byte	0x3
 608 0032 1D       		.byte	0x1d
 609 0033 37000000 		.4byte	0x37
 610 0037 02       		.uleb128 0x2
 611 0038 01       		.byte	0x1
 612 0039 08       		.byte	0x8
 613 003a F4000000 		.4byte	.LASF1
 614 003e 02       		.uleb128 0x2
 615 003f 02       		.byte	0x2
 616 0040 05       		.byte	0x5
 617 0041 81010000 		.4byte	.LASF2
 618 0045 03       		.uleb128 0x3
 619 0046 76010000 		.4byte	.LASF4
 620 004a 03       		.byte	0x3
 621 004b 2B       		.byte	0x2b
 622 004c 50000000 		.4byte	0x50
 623 0050 02       		.uleb128 0x2
 624 0051 02       		.byte	0x2
 625 0052 07       		.byte	0x7
 626 0053 75000000 		.4byte	.LASF5
 627 0057 02       		.uleb128 0x2
 628 0058 04       		.byte	0x4
 629 0059 05       		.byte	0x5
ARM GAS  C:\Users\jagumiel\AppData\Local\Temp\cch6g2lI.s 			page 15


 630 005a 12030000 		.4byte	.LASF6
 631 005e 02       		.uleb128 0x2
 632 005f 04       		.byte	0x4
 633 0060 07       		.byte	0x7
 634 0061 0F010000 		.4byte	.LASF7
 635 0065 02       		.uleb128 0x2
 636 0066 08       		.byte	0x8
 637 0067 05       		.byte	0x5
 638 0068 D1020000 		.4byte	.LASF8
 639 006c 02       		.uleb128 0x2
 640 006d 08       		.byte	0x8
 641 006e 07       		.byte	0x7
 642 006f E9010000 		.4byte	.LASF9
 643 0073 04       		.uleb128 0x4
 644 0074 04       		.byte	0x4
 645 0075 05       		.byte	0x5
 646 0076 696E7400 		.ascii	"int\000"
 647 007a 02       		.uleb128 0x2
 648 007b 04       		.byte	0x4
 649 007c 07       		.byte	0x7
 650 007d DC010000 		.4byte	.LASF10
 651 0081 03       		.uleb128 0x3
 652 0082 00020000 		.4byte	.LASF11
 653 0086 04       		.byte	0x4
 654 0087 18       		.byte	0x18
 655 0088 2C000000 		.4byte	0x2c
 656 008c 03       		.uleb128 0x3
 657 008d 09030000 		.4byte	.LASF12
 658 0091 04       		.byte	0x4
 659 0092 24       		.byte	0x24
 660 0093 45000000 		.4byte	0x45
 661 0097 05       		.uleb128 0x5
 662 0098 C4010000 		.4byte	.LASF13
 663 009c 05       		.byte	0x5
 664 009d E601     		.2byte	0x1e6
 665 009f 5E000000 		.4byte	0x5e
 666 00a3 02       		.uleb128 0x2
 667 00a4 04       		.byte	0x4
 668 00a5 04       		.byte	0x4
 669 00a6 C4000000 		.4byte	.LASF14
 670 00aa 02       		.uleb128 0x2
 671 00ab 08       		.byte	0x8
 672 00ac 04       		.byte	0x4
 673 00ad 6A030000 		.4byte	.LASF15
 674 00b1 02       		.uleb128 0x2
 675 00b2 01       		.byte	0x1
 676 00b3 08       		.byte	0x8
 677 00b4 18000000 		.4byte	.LASF16
 678 00b8 02       		.uleb128 0x2
 679 00b9 08       		.byte	0x8
 680 00ba 04       		.byte	0x4
 681 00bb 4C030000 		.4byte	.LASF17
 682 00bf 02       		.uleb128 0x2
 683 00c0 04       		.byte	0x4
 684 00c1 07       		.byte	0x7
 685 00c2 C3020000 		.4byte	.LASF18
 686 00c6 06       		.uleb128 0x6
ARM GAS  C:\Users\jagumiel\AppData\Local\Temp\cch6g2lI.s 			page 16


 687 00c7 AB010000 		.4byte	.LASF22
 688 00cb 01       		.byte	0x1
 689 00cc 13       		.byte	0x13
 690 00cd 81000000 		.4byte	0x81
 691 00d1 00000000 		.4byte	.LFB33
 692 00d5 28000000 		.4byte	.LFE33-.LFB33
 693 00d9 01       		.uleb128 0x1
 694 00da 9C       		.byte	0x9c
 695 00db 1C010000 		.4byte	0x11c
 696 00df 07       		.uleb128 0x7
 697 00e0 CA000000 		.4byte	.LASF24
 698 00e4 01       		.byte	0x1
 699 00e5 13       		.byte	0x13
 700 00e6 81000000 		.4byte	0x81
 701 00ea 00000000 		.4byte	.LLST0
 702 00ee 08       		.uleb128 0x8
 703 00ef 88000000 		.4byte	.LASF19
 704 00f3 01       		.byte	0x1
 705 00f4 14       		.byte	0x14
 706 00f5 81000000 		.4byte	0x81
 707 00f9 21000000 		.4byte	.LLST1
 708 00fd 08       		.uleb128 0x8
 709 00fe 3F000000 		.4byte	.LASF20
 710 0102 01       		.byte	0x1
 711 0103 15       		.byte	0x15
 712 0104 81000000 		.4byte	0x81
 713 0108 40000000 		.4byte	.LLST2
 714 010c 08       		.uleb128 0x8
 715 010d 08020000 		.4byte	.LASF21
 716 0111 01       		.byte	0x1
 717 0112 16       		.byte	0x16
 718 0113 81000000 		.4byte	0x81
 719 0117 6A000000 		.4byte	.LLST3
 720 011b 00       		.byte	0
 721 011c 06       		.uleb128 0x6
 722 011d D8000000 		.4byte	.LASF23
 723 0121 01       		.byte	0x1
 724 0122 1E       		.byte	0x1e
 725 0123 73000000 		.4byte	0x73
 726 0127 00000000 		.4byte	.LFB34
 727 012b 2C000000 		.4byte	.LFE34-.LFB34
 728 012f 01       		.uleb128 0x1
 729 0130 9C       		.byte	0x9c
 730 0131 70010000 		.4byte	0x170
 731 0135 09       		.uleb128 0x9
 732 0136 696400   		.ascii	"id\000"
 733 0139 01       		.byte	0x1
 734 013a 1E       		.byte	0x1e
 735 013b 81000000 		.4byte	0x81
 736 013f 89000000 		.4byte	.LLST4
 737 0143 0A       		.uleb128 0xa
 738 0144 27010000 		.4byte	.LASF25
 739 0148 01       		.byte	0x1
 740 0149 1F       		.byte	0x1f
 741 014a 70010000 		.4byte	0x170
 742 014e 02       		.uleb128 0x2
 743 014f 91       		.byte	0x91
ARM GAS  C:\Users\jagumiel\AppData\Local\Temp\cch6g2lI.s 			page 17


 744 0150 6F       		.sleb128 -17
 745 0151 0B       		.uleb128 0xb
 746 0152 70696400 		.ascii	"pid\000"
 747 0156 01       		.byte	0x1
 748 0157 20       		.byte	0x20
 749 0158 70010000 		.4byte	0x170
 750 015c 02       		.uleb128 0x2
 751 015d 91       		.byte	0x91
 752 015e 6E       		.sleb128 -18
 753 015f 0C       		.uleb128 0xc
 754 0160 18000000 		.4byte	.LVL8
 755 0164 C6000000 		.4byte	0xc6
 756 0168 0D       		.uleb128 0xd
 757 0169 01       		.uleb128 0x1
 758 016a 50       		.byte	0x50
 759 016b 02       		.uleb128 0x2
 760 016c 74       		.byte	0x74
 761 016d 00       		.sleb128 0
 762 016e 00       		.byte	0
 763 016f 00       		.byte	0
 764 0170 0E       		.uleb128 0xe
 765 0171 81000000 		.4byte	0x81
 766 0175 06       		.uleb128 0x6
 767 0176 9F000000 		.4byte	.LASF26
 768 017a 01       		.byte	0x1
 769 017b 26       		.byte	0x26
 770 017c 81000000 		.4byte	0x81
 771 0180 00000000 		.4byte	.LFB35
 772 0184 1E000000 		.4byte	.LFE35-.LFB35
 773 0188 01       		.uleb128 0x1
 774 0189 9C       		.byte	0x9c
 775 018a D8010000 		.4byte	0x1d8
 776 018e 07       		.uleb128 0x7
 777 018f EB000000 		.4byte	.LASF27
 778 0193 01       		.byte	0x1
 779 0194 26       		.byte	0x26
 780 0195 81000000 		.4byte	0x81
 781 0199 AA000000 		.4byte	.LLST5
 782 019d 0F       		.uleb128 0xf
 783 019e 98000000 		.4byte	.LASF28
 784 01a2 01       		.byte	0x1
 785 01a3 26       		.byte	0x26
 786 01a4 D8010000 		.4byte	0x1d8
 787 01a8 01       		.uleb128 0x1
 788 01a9 51       		.byte	0x51
 789 01aa 08       		.uleb128 0x8
 790 01ab 0F020000 		.4byte	.LASF29
 791 01af 01       		.byte	0x1
 792 01b0 27       		.byte	0x27
 793 01b1 8C000000 		.4byte	0x8c
 794 01b5 CB000000 		.4byte	.LLST6
 795 01b9 08       		.uleb128 0x8
 796 01ba 21010000 		.4byte	.LASF30
 797 01be 01       		.byte	0x1
 798 01bf 28       		.byte	0x28
 799 01c0 81000000 		.4byte	0x81
 800 01c4 E9000000 		.4byte	.LLST7
ARM GAS  C:\Users\jagumiel\AppData\Local\Temp\cch6g2lI.s 			page 18


 801 01c8 08       		.uleb128 0x8
 802 01c9 E6020000 		.4byte	.LASF31
 803 01cd 01       		.byte	0x1
 804 01ce 29       		.byte	0x29
 805 01cf 81000000 		.4byte	0x81
 806 01d3 13010000 		.4byte	.LLST8
 807 01d7 00       		.byte	0
 808 01d8 10       		.uleb128 0x10
 809 01d9 04       		.byte	0x4
 810 01da 81000000 		.4byte	0x81
 811 01de 11       		.uleb128 0x11
 812 01df B9020000 		.4byte	.LASF32
 813 01e3 02       		.byte	0x2
 814 01e4 1F       		.byte	0x1f
 815 01e5 00000000 		.4byte	.LFB36
 816 01e9 BC000000 		.4byte	.LFE36-.LFB36
 817 01ed 01       		.uleb128 0x1
 818 01ee 9C       		.byte	0x9c
 819 01ef 07030000 		.4byte	0x307
 820 01f3 12       		.uleb128 0x12
 821 01f4 08000000 		.4byte	.LVL18
 822 01f8 C2040000 		.4byte	0x4c2
 823 01fc 06020000 		.4byte	0x206
 824 0200 0D       		.uleb128 0xd
 825 0201 01       		.uleb128 0x1
 826 0202 50       		.byte	0x50
 827 0203 01       		.uleb128 0x1
 828 0204 3D       		.byte	0x3d
 829 0205 00       		.byte	0
 830 0206 12       		.uleb128 0x12
 831 0207 0E000000 		.4byte	.LVL19
 832 020b CE040000 		.4byte	0x4ce
 833 020f 1A020000 		.4byte	0x21a
 834 0213 0D       		.uleb128 0xd
 835 0214 01       		.uleb128 0x1
 836 0215 50       		.byte	0x50
 837 0216 02       		.uleb128 0x2
 838 0217 08       		.byte	0x8
 839 0218 55       		.byte	0x55
 840 0219 00       		.byte	0
 841 021a 13       		.uleb128 0x13
 842 021b 16000000 		.4byte	.LVL20
 843 021f CE040000 		.4byte	0x4ce
 844 0223 13       		.uleb128 0x13
 845 0224 1E000000 		.4byte	.LVL21
 846 0228 CE040000 		.4byte	0x4ce
 847 022c 13       		.uleb128 0x13
 848 022d 24000000 		.4byte	.LVL22
 849 0231 CE040000 		.4byte	0x4ce
 850 0235 13       		.uleb128 0x13
 851 0236 2A000000 		.4byte	.LVL23
 852 023a CE040000 		.4byte	0x4ce
 853 023e 13       		.uleb128 0x13
 854 023f 30000000 		.4byte	.LVL24
 855 0243 CE040000 		.4byte	0x4ce
 856 0247 13       		.uleb128 0x13
 857 0248 36000000 		.4byte	.LVL25
ARM GAS  C:\Users\jagumiel\AppData\Local\Temp\cch6g2lI.s 			page 19


 858 024c CE040000 		.4byte	0x4ce
 859 0250 13       		.uleb128 0x13
 860 0251 3C000000 		.4byte	.LVL26
 861 0255 CE040000 		.4byte	0x4ce
 862 0259 13       		.uleb128 0x13
 863 025a 42000000 		.4byte	.LVL27
 864 025e CE040000 		.4byte	0x4ce
 865 0262 13       		.uleb128 0x13
 866 0263 48000000 		.4byte	.LVL28
 867 0267 CE040000 		.4byte	0x4ce
 868 026b 13       		.uleb128 0x13
 869 026c 4E000000 		.4byte	.LVL29
 870 0270 CE040000 		.4byte	0x4ce
 871 0274 13       		.uleb128 0x13
 872 0275 52000000 		.4byte	.LVL30
 873 0279 DA040000 		.4byte	0x4da
 874 027d 13       		.uleb128 0x13
 875 027e 5C000000 		.4byte	.LVL31
 876 0282 DA040000 		.4byte	0x4da
 877 0286 13       		.uleb128 0x13
 878 0287 64000000 		.4byte	.LVL32
 879 028b DA040000 		.4byte	0x4da
 880 028f 13       		.uleb128 0x13
 881 0290 6C000000 		.4byte	.LVL33
 882 0294 DA040000 		.4byte	0x4da
 883 0298 13       		.uleb128 0x13
 884 0299 74000000 		.4byte	.LVL34
 885 029d DA040000 		.4byte	0x4da
 886 02a1 13       		.uleb128 0x13
 887 02a2 7C000000 		.4byte	.LVL35
 888 02a6 DA040000 		.4byte	0x4da
 889 02aa 13       		.uleb128 0x13
 890 02ab 84000000 		.4byte	.LVL36
 891 02af DA040000 		.4byte	0x4da
 892 02b3 13       		.uleb128 0x13
 893 02b4 8C000000 		.4byte	.LVL37
 894 02b8 DA040000 		.4byte	0x4da
 895 02bc 12       		.uleb128 0x12
 896 02bd 96000000 		.4byte	.LVL38
 897 02c1 E6040000 		.4byte	0x4e6
 898 02c5 CF020000 		.4byte	0x2cf
 899 02c9 0D       		.uleb128 0xd
 900 02ca 01       		.uleb128 0x1
 901 02cb 50       		.byte	0x50
 902 02cc 01       		.uleb128 0x1
 903 02cd 31       		.byte	0x31
 904 02ce 00       		.byte	0
 905 02cf 12       		.uleb128 0x12
 906 02d0 A0000000 		.4byte	.LVL39
 907 02d4 F1040000 		.4byte	0x4f1
 908 02d8 E3020000 		.4byte	0x2e3
 909 02dc 0D       		.uleb128 0xd
 910 02dd 01       		.uleb128 0x1
 911 02de 50       		.byte	0x50
 912 02df 02       		.uleb128 0x2
 913 02e0 74       		.byte	0x74
 914 02e1 00       		.sleb128 0
ARM GAS  C:\Users\jagumiel\AppData\Local\Temp\cch6g2lI.s 			page 20


 915 02e2 00       		.byte	0
 916 02e3 12       		.uleb128 0x12
 917 02e4 A6000000 		.4byte	.LVL40
 918 02e8 E6040000 		.4byte	0x4e6
 919 02ec F6020000 		.4byte	0x2f6
 920 02f0 0D       		.uleb128 0xd
 921 02f1 01       		.uleb128 0x1
 922 02f2 50       		.byte	0x50
 923 02f3 01       		.uleb128 0x1
 924 02f4 30       		.byte	0x30
 925 02f5 00       		.byte	0
 926 02f6 0C       		.uleb128 0xc
 927 02f7 AC000000 		.4byte	.LVL41
 928 02fb F1040000 		.4byte	0x4f1
 929 02ff 0D       		.uleb128 0xd
 930 0300 01       		.uleb128 0x1
 931 0301 50       		.byte	0x50
 932 0302 02       		.uleb128 0x2
 933 0303 74       		.byte	0x74
 934 0304 00       		.sleb128 0
 935 0305 00       		.byte	0
 936 0306 00       		.byte	0
 937 0307 14       		.uleb128 0x14
 938 0308 4E000000 		.4byte	.LASF34
 939 030c 02       		.byte	0x2
 940 030d 3D       		.byte	0x3d
 941 030e 00000000 		.4byte	.LFB37
 942 0312 3C000000 		.4byte	.LFE37-.LFB37
 943 0316 01       		.uleb128 0x1
 944 0317 9C       		.byte	0x9c
 945 0318 4C030000 		.4byte	0x34c
 946 031c 13       		.uleb128 0x13
 947 031d 06000000 		.4byte	.LVL42
 948 0321 FC040000 		.4byte	0x4fc
 949 0325 13       		.uleb128 0x13
 950 0326 20000000 		.4byte	.LVL43
 951 032a 1C010000 		.4byte	0x11c
 952 032e 12       		.uleb128 0x12
 953 032f 2C000000 		.4byte	.LVL44
 954 0333 75010000 		.4byte	0x175
 955 0337 42030000 		.4byte	0x342
 956 033b 0D       		.uleb128 0xd
 957 033c 01       		.uleb128 0x1
 958 033d 51       		.byte	0x51
 959 033e 02       		.uleb128 0x2
 960 033f 75       		.byte	0x75
 961 0340 00       		.sleb128 0
 962 0341 00       		.byte	0
 963 0342 13       		.uleb128 0x13
 964 0343 32000000 		.4byte	.LVL45
 965 0347 DE010000 		.4byte	0x1de
 966 034b 00       		.byte	0
 967 034c 11       		.uleb128 0x11
 968 034d 00000000 		.4byte	.LASF33
 969 0351 02       		.byte	0x2
 970 0352 58       		.byte	0x58
 971 0353 00000000 		.4byte	.LFB39
ARM GAS  C:\Users\jagumiel\AppData\Local\Temp\cch6g2lI.s 			page 21


 972 0357 0C000000 		.4byte	.LFE39-.LFB39
 973 035b 01       		.uleb128 0x1
 974 035c 9C       		.byte	0x9c
 975 035d 74030000 		.4byte	0x374
 976 0361 13       		.uleb128 0x13
 977 0362 06000000 		.4byte	.LVL46
 978 0366 07030000 		.4byte	0x307
 979 036a 13       		.uleb128 0x13
 980 036b 0A000000 		.4byte	.LVL47
 981 036f 07050000 		.4byte	0x507
 982 0373 00       		.byte	0
 983 0374 14       		.uleb128 0x14
 984 0375 3D030000 		.4byte	.LASF35
 985 0379 02       		.byte	0x2
 986 037a 4A       		.byte	0x4a
 987 037b 00000000 		.4byte	.LFB38
 988 037f 3C000000 		.4byte	.LFE38-.LFB38
 989 0383 01       		.uleb128 0x1
 990 0384 9C       		.byte	0x9c
 991 0385 B9030000 		.4byte	0x3b9
 992 0389 13       		.uleb128 0x13
 993 038a 06000000 		.4byte	.LVL48
 994 038e 12050000 		.4byte	0x512
 995 0392 13       		.uleb128 0x13
 996 0393 20000000 		.4byte	.LVL49
 997 0397 1C010000 		.4byte	0x11c
 998 039b 12       		.uleb128 0x12
 999 039c 2C000000 		.4byte	.LVL50
 1000 03a0 75010000 		.4byte	0x175
 1001 03a4 AF030000 		.4byte	0x3af
 1002 03a8 0D       		.uleb128 0xd
 1003 03a9 01       		.uleb128 0x1
 1004 03aa 51       		.byte	0x51
 1005 03ab 02       		.uleb128 0x2
 1006 03ac 75       		.byte	0x75
 1007 03ad 00       		.sleb128 0
 1008 03ae 00       		.byte	0
 1009 03af 13       		.uleb128 0x13
 1010 03b0 32000000 		.4byte	.LVL51
 1011 03b4 DE010000 		.4byte	0x1de
 1012 03b8 00       		.byte	0
 1013 03b9 11       		.uleb128 0x11
 1014 03ba 2F010000 		.4byte	.LASF36
 1015 03be 02       		.byte	0x2
 1016 03bf 5D       		.byte	0x5d
 1017 03c0 00000000 		.4byte	.LFB40
 1018 03c4 0C000000 		.4byte	.LFE40-.LFB40
 1019 03c8 01       		.uleb128 0x1
 1020 03c9 9C       		.byte	0x9c
 1021 03ca E1030000 		.4byte	0x3e1
 1022 03ce 13       		.uleb128 0x13
 1023 03cf 06000000 		.4byte	.LVL52
 1024 03d3 74030000 		.4byte	0x374
 1025 03d7 13       		.uleb128 0x13
 1026 03d8 0A000000 		.4byte	.LVL53
 1027 03dc 1D050000 		.4byte	0x51d
 1028 03e0 00       		.byte	0
ARM GAS  C:\Users\jagumiel\AppData\Local\Temp\cch6g2lI.s 			page 22


 1029 03e1 15       		.uleb128 0x15
 1030 03e2 CC020000 		.4byte	.LASF55
 1031 03e6 02       		.byte	0x2
 1032 03e7 63       		.byte	0x63
 1033 03e8 73000000 		.4byte	0x73
 1034 03ec 00000000 		.4byte	.LFB41
 1035 03f0 20000000 		.4byte	.LFE41-.LFB41
 1036 03f4 01       		.uleb128 0x1
 1037 03f5 9C       		.byte	0x9c
 1038 03f6 2E040000 		.4byte	0x42e
 1039 03fa 13       		.uleb128 0x13
 1040 03fb 08000000 		.4byte	.LVL54
 1041 03ff 28050000 		.4byte	0x528
 1042 0403 12       		.uleb128 0x12
 1043 0404 0E000000 		.4byte	.LVL55
 1044 0408 33050000 		.4byte	0x533
 1045 040c 1A040000 		.4byte	0x41a
 1046 0410 0D       		.uleb128 0xd
 1047 0411 01       		.uleb128 0x1
 1048 0412 50       		.byte	0x50
 1049 0413 05       		.uleb128 0x5
 1050 0414 03       		.byte	0x3
 1051 0415 00000000 		.4byte	Button_Left_ISR_Handler
 1052 0419 00       		.byte	0
 1053 041a 0C       		.uleb128 0xc
 1054 041b 14000000 		.4byte	.LVL56
 1055 041f 3E050000 		.4byte	0x53e
 1056 0423 0D       		.uleb128 0xd
 1057 0424 01       		.uleb128 0x1
 1058 0425 50       		.byte	0x50
 1059 0426 05       		.uleb128 0x5
 1060 0427 03       		.byte	0x3
 1061 0428 00000000 		.4byte	Button_Right_ISR_Handler
 1062 042c 00       		.byte	0
 1063 042d 00       		.byte	0
 1064 042e 16       		.uleb128 0x16
 1065 042f 3E040000 		.4byte	0x43e
 1066 0433 3E040000 		.4byte	0x43e
 1067 0437 17       		.uleb128 0x17
 1068 0438 BF000000 		.4byte	0xbf
 1069 043c 07       		.byte	0x7
 1070 043d 00       		.byte	0
 1071 043e 0E       		.uleb128 0xe
 1072 043f 37000000 		.4byte	0x37
 1073 0443 18       		.uleb128 0x18
 1074 0444 B8000000 		.4byte	.LASF37
 1075 0448 02       		.byte	0x2
 1076 0449 18       		.byte	0x18
 1077 044a 54040000 		.4byte	0x454
 1078 044e 05       		.uleb128 0x5
 1079 044f 03       		.byte	0x3
 1080 0450 00000000 		.4byte	Sensor_data
 1081 0454 0E       		.uleb128 0xe
 1082 0455 2E040000 		.4byte	0x42e
 1083 0459 18       		.uleb128 0x18
 1084 045a 8B010000 		.4byte	.LASF38
 1085 045e 02       		.byte	0x2
ARM GAS  C:\Users\jagumiel\AppData\Local\Temp\cch6g2lI.s 			page 23


 1086 045f 19       		.byte	0x19
 1087 0460 6A040000 		.4byte	0x46a
 1088 0464 05       		.uleb128 0x5
 1089 0465 03       		.byte	0x3
 1090 0466 00000000 		.4byte	sync
 1091 046a 19       		.uleb128 0x19
 1092 046b 81000000 		.4byte	0x81
 1093 046f 1A       		.uleb128 0x1a
 1094 0470 696400   		.ascii	"id\000"
 1095 0473 02       		.byte	0x2
 1096 0474 1A       		.byte	0x1a
 1097 0475 81000000 		.4byte	0x81
 1098 0479 05       		.uleb128 0x5
 1099 047a 03       		.byte	0x3
 1100 047b 00000000 		.4byte	id
 1101 047f 16       		.uleb128 0x16
 1102 0480 81000000 		.4byte	0x81
 1103 0484 8F040000 		.4byte	0x48f
 1104 0488 17       		.uleb128 0x17
 1105 0489 BF000000 		.4byte	0xbf
 1106 048d 07       		.byte	0x7
 1107 048e 00       		.byte	0
 1108 048f 18       		.uleb128 0x18
 1109 0490 98000000 		.4byte	.LASF28
 1110 0494 02       		.byte	0x2
 1111 0495 1B       		.byte	0x1b
 1112 0496 7F040000 		.4byte	0x47f
 1113 049a 05       		.uleb128 0x5
 1114 049b 03       		.byte	0x3
 1115 049c 00000000 		.4byte	packet
 1116 04a0 1A       		.uleb128 0x1a
 1117 04a1 70696400 		.ascii	"pid\000"
 1118 04a5 02       		.byte	0x2
 1119 04a6 1C       		.byte	0x1c
 1120 04a7 81000000 		.4byte	0x81
 1121 04ab 05       		.uleb128 0x5
 1122 04ac 03       		.byte	0x3
 1123 04ad 00000000 		.4byte	pid
 1124 04b1 18       		.uleb128 0x18
 1125 04b2 CF000000 		.4byte	.LASF39
 1126 04b6 02       		.byte	0x2
 1127 04b7 1D       		.byte	0x1d
 1128 04b8 81000000 		.4byte	0x81
 1129 04bc 05       		.uleb128 0x5
 1130 04bd 03       		.byte	0x3
 1131 04be 00000000 		.4byte	checksum
 1132 04c2 1B       		.uleb128 0x1b
 1133 04c3 1B030000 		.4byte	.LASF40
 1134 04c7 1B030000 		.4byte	.LASF40
 1135 04cb 06       		.byte	0x6
 1136 04cc 2C03     		.2byte	0x32c
 1137 04ce 1B       		.uleb128 0x1b
 1138 04cf 71030000 		.4byte	.LASF41
 1139 04d3 71030000 		.4byte	.LASF41
 1140 04d7 06       		.byte	0x6
 1141 04d8 4403     		.2byte	0x344
 1142 04da 1B       		.uleb128 0x1b
ARM GAS  C:\Users\jagumiel\AppData\Local\Temp\cch6g2lI.s 			page 24


 1143 04db 27000000 		.4byte	.LASF42
 1144 04df 27000000 		.4byte	.LASF42
 1145 04e3 06       		.byte	0x6
 1146 04e4 0F03     		.2byte	0x30f
 1147 04e6 1C       		.uleb128 0x1c
 1148 04e7 02010000 		.4byte	.LASF43
 1149 04eb 02010000 		.4byte	.LASF43
 1150 04ef 07       		.byte	0x7
 1151 04f0 33       		.byte	0x33
 1152 04f1 1C       		.uleb128 0x1c
 1153 04f2 90030000 		.4byte	.LASF44
 1154 04f6 90030000 		.4byte	.LASF44
 1155 04fa 08       		.byte	0x8
 1156 04fb D9       		.byte	0xd9
 1157 04fc 1C       		.uleb128 0x1c
 1158 04fd CB010000 		.4byte	.LASF45
 1159 0501 CB010000 		.4byte	.LASF45
 1160 0505 09       		.byte	0x9
 1161 0506 32       		.byte	0x32
 1162 0507 1C       		.uleb128 0x1c
 1163 0508 90010000 		.4byte	.LASF46
 1164 050c 90010000 		.4byte	.LASF46
 1165 0510 09       		.byte	0x9
 1166 0511 39       		.byte	0x39
 1167 0512 1C       		.uleb128 0x1c
 1168 0513 58030000 		.4byte	.LASF47
 1169 0517 58030000 		.4byte	.LASF47
 1170 051b 0A       		.byte	0xa
 1171 051c 32       		.byte	0x32
 1172 051d 1C       		.uleb128 0x1c
 1173 051e 48010000 		.4byte	.LASF48
 1174 0522 48010000 		.4byte	.LASF48
 1175 0526 0A       		.byte	0xa
 1176 0527 39       		.byte	0x39
 1177 0528 1C       		.uleb128 0x1c
 1178 0529 64010000 		.4byte	.LASF49
 1179 052d 64010000 		.4byte	.LASF49
 1180 0531 0B       		.byte	0xb
 1181 0532 72       		.byte	0x72
 1182 0533 1C       		.uleb128 0x1c
 1183 0534 F1020000 		.4byte	.LASF50
 1184 0538 F1020000 		.4byte	.LASF50
 1185 053c 0C       		.byte	0xc
 1186 053d 18       		.byte	0x18
 1187 053e 1C       		.uleb128 0x1c
 1188 053f 5C000000 		.4byte	.LASF51
 1189 0543 5C000000 		.4byte	.LASF51
 1190 0547 0D       		.byte	0xd
 1191 0548 18       		.byte	0x18
 1192 0549 00       		.byte	0
 1193              		.section	.debug_abbrev,"",%progbits
 1194              	.Ldebug_abbrev0:
 1195 0000 01       		.uleb128 0x1
 1196 0001 11       		.uleb128 0x11
 1197 0002 01       		.byte	0x1
 1198 0003 25       		.uleb128 0x25
 1199 0004 0E       		.uleb128 0xe
ARM GAS  C:\Users\jagumiel\AppData\Local\Temp\cch6g2lI.s 			page 25


 1200 0005 13       		.uleb128 0x13
 1201 0006 0B       		.uleb128 0xb
 1202 0007 03       		.uleb128 0x3
 1203 0008 0E       		.uleb128 0xe
 1204 0009 1B       		.uleb128 0x1b
 1205 000a 0E       		.uleb128 0xe
 1206 000b 55       		.uleb128 0x55
 1207 000c 17       		.uleb128 0x17
 1208 000d 11       		.uleb128 0x11
 1209 000e 01       		.uleb128 0x1
 1210 000f 10       		.uleb128 0x10
 1211 0010 17       		.uleb128 0x17
 1212 0011 00       		.byte	0
 1213 0012 00       		.byte	0
 1214 0013 02       		.uleb128 0x2
 1215 0014 24       		.uleb128 0x24
 1216 0015 00       		.byte	0
 1217 0016 0B       		.uleb128 0xb
 1218 0017 0B       		.uleb128 0xb
 1219 0018 3E       		.uleb128 0x3e
 1220 0019 0B       		.uleb128 0xb
 1221 001a 03       		.uleb128 0x3
 1222 001b 0E       		.uleb128 0xe
 1223 001c 00       		.byte	0
 1224 001d 00       		.byte	0
 1225 001e 03       		.uleb128 0x3
 1226 001f 16       		.uleb128 0x16
 1227 0020 00       		.byte	0
 1228 0021 03       		.uleb128 0x3
 1229 0022 0E       		.uleb128 0xe
 1230 0023 3A       		.uleb128 0x3a
 1231 0024 0B       		.uleb128 0xb
 1232 0025 3B       		.uleb128 0x3b
 1233 0026 0B       		.uleb128 0xb
 1234 0027 49       		.uleb128 0x49
 1235 0028 13       		.uleb128 0x13
 1236 0029 00       		.byte	0
 1237 002a 00       		.byte	0
 1238 002b 04       		.uleb128 0x4
 1239 002c 24       		.uleb128 0x24
 1240 002d 00       		.byte	0
 1241 002e 0B       		.uleb128 0xb
 1242 002f 0B       		.uleb128 0xb
 1243 0030 3E       		.uleb128 0x3e
 1244 0031 0B       		.uleb128 0xb
 1245 0032 03       		.uleb128 0x3
 1246 0033 08       		.uleb128 0x8
 1247 0034 00       		.byte	0
 1248 0035 00       		.byte	0
 1249 0036 05       		.uleb128 0x5
 1250 0037 16       		.uleb128 0x16
 1251 0038 00       		.byte	0
 1252 0039 03       		.uleb128 0x3
 1253 003a 0E       		.uleb128 0xe
 1254 003b 3A       		.uleb128 0x3a
 1255 003c 0B       		.uleb128 0xb
 1256 003d 3B       		.uleb128 0x3b
ARM GAS  C:\Users\jagumiel\AppData\Local\Temp\cch6g2lI.s 			page 26


 1257 003e 05       		.uleb128 0x5
 1258 003f 49       		.uleb128 0x49
 1259 0040 13       		.uleb128 0x13
 1260 0041 00       		.byte	0
 1261 0042 00       		.byte	0
 1262 0043 06       		.uleb128 0x6
 1263 0044 2E       		.uleb128 0x2e
 1264 0045 01       		.byte	0x1
 1265 0046 3F       		.uleb128 0x3f
 1266 0047 19       		.uleb128 0x19
 1267 0048 03       		.uleb128 0x3
 1268 0049 0E       		.uleb128 0xe
 1269 004a 3A       		.uleb128 0x3a
 1270 004b 0B       		.uleb128 0xb
 1271 004c 3B       		.uleb128 0x3b
 1272 004d 0B       		.uleb128 0xb
 1273 004e 27       		.uleb128 0x27
 1274 004f 19       		.uleb128 0x19
 1275 0050 49       		.uleb128 0x49
 1276 0051 13       		.uleb128 0x13
 1277 0052 11       		.uleb128 0x11
 1278 0053 01       		.uleb128 0x1
 1279 0054 12       		.uleb128 0x12
 1280 0055 06       		.uleb128 0x6
 1281 0056 40       		.uleb128 0x40
 1282 0057 18       		.uleb128 0x18
 1283 0058 9742     		.uleb128 0x2117
 1284 005a 19       		.uleb128 0x19
 1285 005b 01       		.uleb128 0x1
 1286 005c 13       		.uleb128 0x13
 1287 005d 00       		.byte	0
 1288 005e 00       		.byte	0
 1289 005f 07       		.uleb128 0x7
 1290 0060 05       		.uleb128 0x5
 1291 0061 00       		.byte	0
 1292 0062 03       		.uleb128 0x3
 1293 0063 0E       		.uleb128 0xe
 1294 0064 3A       		.uleb128 0x3a
 1295 0065 0B       		.uleb128 0xb
 1296 0066 3B       		.uleb128 0x3b
 1297 0067 0B       		.uleb128 0xb
 1298 0068 49       		.uleb128 0x49
 1299 0069 13       		.uleb128 0x13
 1300 006a 02       		.uleb128 0x2
 1301 006b 17       		.uleb128 0x17
 1302 006c 00       		.byte	0
 1303 006d 00       		.byte	0
 1304 006e 08       		.uleb128 0x8
 1305 006f 34       		.uleb128 0x34
 1306 0070 00       		.byte	0
 1307 0071 03       		.uleb128 0x3
 1308 0072 0E       		.uleb128 0xe
 1309 0073 3A       		.uleb128 0x3a
 1310 0074 0B       		.uleb128 0xb
 1311 0075 3B       		.uleb128 0x3b
 1312 0076 0B       		.uleb128 0xb
 1313 0077 49       		.uleb128 0x49
ARM GAS  C:\Users\jagumiel\AppData\Local\Temp\cch6g2lI.s 			page 27


 1314 0078 13       		.uleb128 0x13
 1315 0079 02       		.uleb128 0x2
 1316 007a 17       		.uleb128 0x17
 1317 007b 00       		.byte	0
 1318 007c 00       		.byte	0
 1319 007d 09       		.uleb128 0x9
 1320 007e 05       		.uleb128 0x5
 1321 007f 00       		.byte	0
 1322 0080 03       		.uleb128 0x3
 1323 0081 08       		.uleb128 0x8
 1324 0082 3A       		.uleb128 0x3a
 1325 0083 0B       		.uleb128 0xb
 1326 0084 3B       		.uleb128 0x3b
 1327 0085 0B       		.uleb128 0xb
 1328 0086 49       		.uleb128 0x49
 1329 0087 13       		.uleb128 0x13
 1330 0088 02       		.uleb128 0x2
 1331 0089 17       		.uleb128 0x17
 1332 008a 00       		.byte	0
 1333 008b 00       		.byte	0
 1334 008c 0A       		.uleb128 0xa
 1335 008d 34       		.uleb128 0x34
 1336 008e 00       		.byte	0
 1337 008f 03       		.uleb128 0x3
 1338 0090 0E       		.uleb128 0xe
 1339 0091 3A       		.uleb128 0x3a
 1340 0092 0B       		.uleb128 0xb
 1341 0093 3B       		.uleb128 0x3b
 1342 0094 0B       		.uleb128 0xb
 1343 0095 49       		.uleb128 0x49
 1344 0096 13       		.uleb128 0x13
 1345 0097 02       		.uleb128 0x2
 1346 0098 18       		.uleb128 0x18
 1347 0099 00       		.byte	0
 1348 009a 00       		.byte	0
 1349 009b 0B       		.uleb128 0xb
 1350 009c 34       		.uleb128 0x34
 1351 009d 00       		.byte	0
 1352 009e 03       		.uleb128 0x3
 1353 009f 08       		.uleb128 0x8
 1354 00a0 3A       		.uleb128 0x3a
 1355 00a1 0B       		.uleb128 0xb
 1356 00a2 3B       		.uleb128 0x3b
 1357 00a3 0B       		.uleb128 0xb
 1358 00a4 49       		.uleb128 0x49
 1359 00a5 13       		.uleb128 0x13
 1360 00a6 02       		.uleb128 0x2
 1361 00a7 18       		.uleb128 0x18
 1362 00a8 00       		.byte	0
 1363 00a9 00       		.byte	0
 1364 00aa 0C       		.uleb128 0xc
 1365 00ab 898201   		.uleb128 0x4109
 1366 00ae 01       		.byte	0x1
 1367 00af 11       		.uleb128 0x11
 1368 00b0 01       		.uleb128 0x1
 1369 00b1 31       		.uleb128 0x31
 1370 00b2 13       		.uleb128 0x13
ARM GAS  C:\Users\jagumiel\AppData\Local\Temp\cch6g2lI.s 			page 28


 1371 00b3 00       		.byte	0
 1372 00b4 00       		.byte	0
 1373 00b5 0D       		.uleb128 0xd
 1374 00b6 8A8201   		.uleb128 0x410a
 1375 00b9 00       		.byte	0
 1376 00ba 02       		.uleb128 0x2
 1377 00bb 18       		.uleb128 0x18
 1378 00bc 9142     		.uleb128 0x2111
 1379 00be 18       		.uleb128 0x18
 1380 00bf 00       		.byte	0
 1381 00c0 00       		.byte	0
 1382 00c1 0E       		.uleb128 0xe
 1383 00c2 35       		.uleb128 0x35
 1384 00c3 00       		.byte	0
 1385 00c4 49       		.uleb128 0x49
 1386 00c5 13       		.uleb128 0x13
 1387 00c6 00       		.byte	0
 1388 00c7 00       		.byte	0
 1389 00c8 0F       		.uleb128 0xf
 1390 00c9 05       		.uleb128 0x5
 1391 00ca 00       		.byte	0
 1392 00cb 03       		.uleb128 0x3
 1393 00cc 0E       		.uleb128 0xe
 1394 00cd 3A       		.uleb128 0x3a
 1395 00ce 0B       		.uleb128 0xb
 1396 00cf 3B       		.uleb128 0x3b
 1397 00d0 0B       		.uleb128 0xb
 1398 00d1 49       		.uleb128 0x49
 1399 00d2 13       		.uleb128 0x13
 1400 00d3 02       		.uleb128 0x2
 1401 00d4 18       		.uleb128 0x18
 1402 00d5 00       		.byte	0
 1403 00d6 00       		.byte	0
 1404 00d7 10       		.uleb128 0x10
 1405 00d8 0F       		.uleb128 0xf
 1406 00d9 00       		.byte	0
 1407 00da 0B       		.uleb128 0xb
 1408 00db 0B       		.uleb128 0xb
 1409 00dc 49       		.uleb128 0x49
 1410 00dd 13       		.uleb128 0x13
 1411 00de 00       		.byte	0
 1412 00df 00       		.byte	0
 1413 00e0 11       		.uleb128 0x11
 1414 00e1 2E       		.uleb128 0x2e
 1415 00e2 01       		.byte	0x1
 1416 00e3 3F       		.uleb128 0x3f
 1417 00e4 19       		.uleb128 0x19
 1418 00e5 03       		.uleb128 0x3
 1419 00e6 0E       		.uleb128 0xe
 1420 00e7 3A       		.uleb128 0x3a
 1421 00e8 0B       		.uleb128 0xb
 1422 00e9 3B       		.uleb128 0x3b
 1423 00ea 0B       		.uleb128 0xb
 1424 00eb 27       		.uleb128 0x27
 1425 00ec 19       		.uleb128 0x19
 1426 00ed 11       		.uleb128 0x11
 1427 00ee 01       		.uleb128 0x1
ARM GAS  C:\Users\jagumiel\AppData\Local\Temp\cch6g2lI.s 			page 29


 1428 00ef 12       		.uleb128 0x12
 1429 00f0 06       		.uleb128 0x6
 1430 00f1 40       		.uleb128 0x40
 1431 00f2 18       		.uleb128 0x18
 1432 00f3 9742     		.uleb128 0x2117
 1433 00f5 19       		.uleb128 0x19
 1434 00f6 01       		.uleb128 0x1
 1435 00f7 13       		.uleb128 0x13
 1436 00f8 00       		.byte	0
 1437 00f9 00       		.byte	0
 1438 00fa 12       		.uleb128 0x12
 1439 00fb 898201   		.uleb128 0x4109
 1440 00fe 01       		.byte	0x1
 1441 00ff 11       		.uleb128 0x11
 1442 0100 01       		.uleb128 0x1
 1443 0101 31       		.uleb128 0x31
 1444 0102 13       		.uleb128 0x13
 1445 0103 01       		.uleb128 0x1
 1446 0104 13       		.uleb128 0x13
 1447 0105 00       		.byte	0
 1448 0106 00       		.byte	0
 1449 0107 13       		.uleb128 0x13
 1450 0108 898201   		.uleb128 0x4109
 1451 010b 00       		.byte	0
 1452 010c 11       		.uleb128 0x11
 1453 010d 01       		.uleb128 0x1
 1454 010e 31       		.uleb128 0x31
 1455 010f 13       		.uleb128 0x13
 1456 0110 00       		.byte	0
 1457 0111 00       		.byte	0
 1458 0112 14       		.uleb128 0x14
 1459 0113 2E       		.uleb128 0x2e
 1460 0114 01       		.byte	0x1
 1461 0115 3F       		.uleb128 0x3f
 1462 0116 19       		.uleb128 0x19
 1463 0117 03       		.uleb128 0x3
 1464 0118 0E       		.uleb128 0xe
 1465 0119 3A       		.uleb128 0x3a
 1466 011a 0B       		.uleb128 0xb
 1467 011b 3B       		.uleb128 0x3b
 1468 011c 0B       		.uleb128 0xb
 1469 011d 11       		.uleb128 0x11
 1470 011e 01       		.uleb128 0x1
 1471 011f 12       		.uleb128 0x12
 1472 0120 06       		.uleb128 0x6
 1473 0121 40       		.uleb128 0x40
 1474 0122 18       		.uleb128 0x18
 1475 0123 9742     		.uleb128 0x2117
 1476 0125 19       		.uleb128 0x19
 1477 0126 01       		.uleb128 0x1
 1478 0127 13       		.uleb128 0x13
 1479 0128 00       		.byte	0
 1480 0129 00       		.byte	0
 1481 012a 15       		.uleb128 0x15
 1482 012b 2E       		.uleb128 0x2e
 1483 012c 01       		.byte	0x1
 1484 012d 3F       		.uleb128 0x3f
ARM GAS  C:\Users\jagumiel\AppData\Local\Temp\cch6g2lI.s 			page 30


 1485 012e 19       		.uleb128 0x19
 1486 012f 03       		.uleb128 0x3
 1487 0130 0E       		.uleb128 0xe
 1488 0131 3A       		.uleb128 0x3a
 1489 0132 0B       		.uleb128 0xb
 1490 0133 3B       		.uleb128 0x3b
 1491 0134 0B       		.uleb128 0xb
 1492 0135 27       		.uleb128 0x27
 1493 0136 19       		.uleb128 0x19
 1494 0137 49       		.uleb128 0x49
 1495 0138 13       		.uleb128 0x13
 1496 0139 8701     		.uleb128 0x87
 1497 013b 19       		.uleb128 0x19
 1498 013c 11       		.uleb128 0x11
 1499 013d 01       		.uleb128 0x1
 1500 013e 12       		.uleb128 0x12
 1501 013f 06       		.uleb128 0x6
 1502 0140 40       		.uleb128 0x40
 1503 0141 18       		.uleb128 0x18
 1504 0142 9742     		.uleb128 0x2117
 1505 0144 19       		.uleb128 0x19
 1506 0145 01       		.uleb128 0x1
 1507 0146 13       		.uleb128 0x13
 1508 0147 00       		.byte	0
 1509 0148 00       		.byte	0
 1510 0149 16       		.uleb128 0x16
 1511 014a 01       		.uleb128 0x1
 1512 014b 01       		.byte	0x1
 1513 014c 49       		.uleb128 0x49
 1514 014d 13       		.uleb128 0x13
 1515 014e 01       		.uleb128 0x1
 1516 014f 13       		.uleb128 0x13
 1517 0150 00       		.byte	0
 1518 0151 00       		.byte	0
 1519 0152 17       		.uleb128 0x17
 1520 0153 21       		.uleb128 0x21
 1521 0154 00       		.byte	0
 1522 0155 49       		.uleb128 0x49
 1523 0156 13       		.uleb128 0x13
 1524 0157 2F       		.uleb128 0x2f
 1525 0158 0B       		.uleb128 0xb
 1526 0159 00       		.byte	0
 1527 015a 00       		.byte	0
 1528 015b 18       		.uleb128 0x18
 1529 015c 34       		.uleb128 0x34
 1530 015d 00       		.byte	0
 1531 015e 03       		.uleb128 0x3
 1532 015f 0E       		.uleb128 0xe
 1533 0160 3A       		.uleb128 0x3a
 1534 0161 0B       		.uleb128 0xb
 1535 0162 3B       		.uleb128 0x3b
 1536 0163 0B       		.uleb128 0xb
 1537 0164 49       		.uleb128 0x49
 1538 0165 13       		.uleb128 0x13
 1539 0166 3F       		.uleb128 0x3f
 1540 0167 19       		.uleb128 0x19
 1541 0168 02       		.uleb128 0x2
ARM GAS  C:\Users\jagumiel\AppData\Local\Temp\cch6g2lI.s 			page 31


 1542 0169 18       		.uleb128 0x18
 1543 016a 00       		.byte	0
 1544 016b 00       		.byte	0
 1545 016c 19       		.uleb128 0x19
 1546 016d 26       		.uleb128 0x26
 1547 016e 00       		.byte	0
 1548 016f 49       		.uleb128 0x49
 1549 0170 13       		.uleb128 0x13
 1550 0171 00       		.byte	0
 1551 0172 00       		.byte	0
 1552 0173 1A       		.uleb128 0x1a
 1553 0174 34       		.uleb128 0x34
 1554 0175 00       		.byte	0
 1555 0176 03       		.uleb128 0x3
 1556 0177 08       		.uleb128 0x8
 1557 0178 3A       		.uleb128 0x3a
 1558 0179 0B       		.uleb128 0xb
 1559 017a 3B       		.uleb128 0x3b
 1560 017b 0B       		.uleb128 0xb
 1561 017c 49       		.uleb128 0x49
 1562 017d 13       		.uleb128 0x13
 1563 017e 3F       		.uleb128 0x3f
 1564 017f 19       		.uleb128 0x19
 1565 0180 02       		.uleb128 0x2
 1566 0181 18       		.uleb128 0x18
 1567 0182 00       		.byte	0
 1568 0183 00       		.byte	0
 1569 0184 1B       		.uleb128 0x1b
 1570 0185 2E       		.uleb128 0x2e
 1571 0186 00       		.byte	0
 1572 0187 3F       		.uleb128 0x3f
 1573 0188 19       		.uleb128 0x19
 1574 0189 3C       		.uleb128 0x3c
 1575 018a 19       		.uleb128 0x19
 1576 018b 6E       		.uleb128 0x6e
 1577 018c 0E       		.uleb128 0xe
 1578 018d 03       		.uleb128 0x3
 1579 018e 0E       		.uleb128 0xe
 1580 018f 3A       		.uleb128 0x3a
 1581 0190 0B       		.uleb128 0xb
 1582 0191 3B       		.uleb128 0x3b
 1583 0192 05       		.uleb128 0x5
 1584 0193 00       		.byte	0
 1585 0194 00       		.byte	0
 1586 0195 1C       		.uleb128 0x1c
 1587 0196 2E       		.uleb128 0x2e
 1588 0197 00       		.byte	0
 1589 0198 3F       		.uleb128 0x3f
 1590 0199 19       		.uleb128 0x19
 1591 019a 3C       		.uleb128 0x3c
 1592 019b 19       		.uleb128 0x19
 1593 019c 6E       		.uleb128 0x6e
 1594 019d 0E       		.uleb128 0xe
 1595 019e 03       		.uleb128 0x3
 1596 019f 0E       		.uleb128 0xe
 1597 01a0 3A       		.uleb128 0x3a
 1598 01a1 0B       		.uleb128 0xb
ARM GAS  C:\Users\jagumiel\AppData\Local\Temp\cch6g2lI.s 			page 32


 1599 01a2 3B       		.uleb128 0x3b
 1600 01a3 0B       		.uleb128 0xb
 1601 01a4 00       		.byte	0
 1602 01a5 00       		.byte	0
 1603 01a6 00       		.byte	0
 1604              		.section	.debug_loc,"",%progbits
 1605              	.Ldebug_loc0:
 1606              	.LLST0:
 1607 0000 00000000 		.4byte	.LVL0
 1608 0004 18000000 		.4byte	.LVL3
 1609 0008 0100     		.2byte	0x1
 1610 000a 50       		.byte	0x50
 1611 000b 18000000 		.4byte	.LVL3
 1612 000f 28000000 		.4byte	.LFE33
 1613 0013 0400     		.2byte	0x4
 1614 0015 F3       		.byte	0xf3
 1615 0016 01       		.uleb128 0x1
 1616 0017 50       		.byte	0x50
 1617 0018 9F       		.byte	0x9f
 1618 0019 00000000 		.4byte	0
 1619 001d 00000000 		.4byte	0
 1620              	.LLST1:
 1621 0021 02000000 		.4byte	.LVL1
 1622 0025 12000000 		.4byte	.LVL2
 1623 0029 0200     		.2byte	0x2
 1624 002b 30       		.byte	0x30
 1625 002c 9F       		.byte	0x9f
 1626 002d 12000000 		.4byte	.LVL2
 1627 0031 28000000 		.4byte	.LFE33
 1628 0035 0100     		.2byte	0x1
 1629 0037 51       		.byte	0x51
 1630 0038 00000000 		.4byte	0
 1631 003c 00000000 		.4byte	0
 1632              	.LLST2:
 1633 0040 02000000 		.4byte	.LVL1
 1634 0044 20000000 		.4byte	.LVL4
 1635 0048 0200     		.2byte	0x2
 1636 004a 30       		.byte	0x30
 1637 004b 9F       		.byte	0x9f
 1638 004c 20000000 		.4byte	.LVL4
 1639 0050 22000000 		.4byte	.LVL5
 1640 0054 0100     		.2byte	0x1
 1641 0056 53       		.byte	0x53
 1642 0057 22000000 		.4byte	.LVL5
 1643 005b 28000000 		.4byte	.LFE33
 1644 005f 0100     		.2byte	0x1
 1645 0061 52       		.byte	0x52
 1646 0062 00000000 		.4byte	0
 1647 0066 00000000 		.4byte	0
 1648              	.LLST3:
 1649 006a 02000000 		.4byte	.LVL1
 1650 006e 26000000 		.4byte	.LVL6
 1651 0072 0200     		.2byte	0x2
 1652 0074 30       		.byte	0x30
 1653 0075 9F       		.byte	0x9f
 1654 0076 26000000 		.4byte	.LVL6
 1655 007a 28000000 		.4byte	.LFE33
ARM GAS  C:\Users\jagumiel\AppData\Local\Temp\cch6g2lI.s 			page 33


 1656 007e 0100     		.2byte	0x1
 1657 0080 50       		.byte	0x50
 1658 0081 00000000 		.4byte	0
 1659 0085 00000000 		.4byte	0
 1660              	.LLST4:
 1661 0089 00000000 		.4byte	.LVL7
 1662 008d 17000000 		.4byte	.LVL8-1
 1663 0091 0100     		.2byte	0x1
 1664 0093 50       		.byte	0x50
 1665 0094 17000000 		.4byte	.LVL8-1
 1666 0098 2C000000 		.4byte	.LFE34
 1667 009c 0400     		.2byte	0x4
 1668 009e F3       		.byte	0xf3
 1669 009f 01       		.uleb128 0x1
 1670 00a0 50       		.byte	0x50
 1671 00a1 9F       		.byte	0x9f
 1672 00a2 00000000 		.4byte	0
 1673 00a6 00000000 		.4byte	0
 1674              	.LLST5:
 1675 00aa 00000000 		.4byte	.LVL9
 1676 00ae 06000000 		.4byte	.LVL11
 1677 00b2 0100     		.2byte	0x1
 1678 00b4 50       		.byte	0x50
 1679 00b5 06000000 		.4byte	.LVL11
 1680 00b9 1E000000 		.4byte	.LFE35
 1681 00bd 0400     		.2byte	0x4
 1682 00bf F3       		.byte	0xf3
 1683 00c0 01       		.uleb128 0x1
 1684 00c1 50       		.byte	0x50
 1685 00c2 9F       		.byte	0x9f
 1686 00c3 00000000 		.4byte	0
 1687 00c7 00000000 		.4byte	0
 1688              	.LLST6:
 1689 00cb 02000000 		.4byte	.LVL10
 1690 00cf 0A000000 		.4byte	.LVL12
 1691 00d3 0100     		.2byte	0x1
 1692 00d5 52       		.byte	0x52
 1693 00d6 0C000000 		.4byte	.LVL13
 1694 00da 18000000 		.4byte	.LVL16
 1695 00de 0100     		.2byte	0x1
 1696 00e0 52       		.byte	0x52
 1697 00e1 00000000 		.4byte	0
 1698 00e5 00000000 		.4byte	0
 1699              	.LLST7:
 1700 00e9 02000000 		.4byte	.LVL10
 1701 00ed 06000000 		.4byte	.LVL11
 1702 00f1 0200     		.2byte	0x2
 1703 00f3 30       		.byte	0x30
 1704 00f4 9F       		.byte	0x9f
 1705 00f5 06000000 		.4byte	.LVL11
 1706 00f9 0E000000 		.4byte	.LVL14
 1707 00fd 0100     		.2byte	0x1
 1708 00ff 53       		.byte	0x53
 1709 0100 10000000 		.4byte	.LVL15
 1710 0104 1E000000 		.4byte	.LFE35
 1711 0108 0100     		.2byte	0x1
 1712 010a 53       		.byte	0x53
ARM GAS  C:\Users\jagumiel\AppData\Local\Temp\cch6g2lI.s 			page 34


 1713 010b 00000000 		.4byte	0
 1714 010f 00000000 		.4byte	0
 1715              	.LLST8:
 1716 0113 02000000 		.4byte	.LVL10
 1717 0117 1C000000 		.4byte	.LVL17
 1718 011b 0200     		.2byte	0x2
 1719 011d 30       		.byte	0x30
 1720 011e 9F       		.byte	0x9f
 1721 011f 1C000000 		.4byte	.LVL17
 1722 0123 1E000000 		.4byte	.LFE35
 1723 0127 0100     		.2byte	0x1
 1724 0129 50       		.byte	0x50
 1725 012a 00000000 		.4byte	0
 1726 012e 00000000 		.4byte	0
 1727              		.section	.debug_aranges,"",%progbits
 1728 0000 5C000000 		.4byte	0x5c
 1729 0004 0200     		.2byte	0x2
 1730 0006 00000000 		.4byte	.Ldebug_info0
 1731 000a 04       		.byte	0x4
 1732 000b 00       		.byte	0
 1733 000c 0000     		.2byte	0
 1734 000e 0000     		.2byte	0
 1735 0010 00000000 		.4byte	.LFB33
 1736 0014 28000000 		.4byte	.LFE33-.LFB33
 1737 0018 00000000 		.4byte	.LFB34
 1738 001c 2C000000 		.4byte	.LFE34-.LFB34
 1739 0020 00000000 		.4byte	.LFB35
 1740 0024 1E000000 		.4byte	.LFE35-.LFB35
 1741 0028 00000000 		.4byte	.LFB36
 1742 002c BC000000 		.4byte	.LFE36-.LFB36
 1743 0030 00000000 		.4byte	.LFB37
 1744 0034 3C000000 		.4byte	.LFE37-.LFB37
 1745 0038 00000000 		.4byte	.LFB39
 1746 003c 0C000000 		.4byte	.LFE39-.LFB39
 1747 0040 00000000 		.4byte	.LFB38
 1748 0044 3C000000 		.4byte	.LFE38-.LFB38
 1749 0048 00000000 		.4byte	.LFB40
 1750 004c 0C000000 		.4byte	.LFE40-.LFB40
 1751 0050 00000000 		.4byte	.LFB41
 1752 0054 20000000 		.4byte	.LFE41-.LFB41
 1753 0058 00000000 		.4byte	0
 1754 005c 00000000 		.4byte	0
 1755              		.section	.debug_ranges,"",%progbits
 1756              	.Ldebug_ranges0:
 1757 0000 00000000 		.4byte	.LFB33
 1758 0004 28000000 		.4byte	.LFE33
 1759 0008 00000000 		.4byte	.LFB34
 1760 000c 2C000000 		.4byte	.LFE34
 1761 0010 00000000 		.4byte	.LFB35
 1762 0014 1E000000 		.4byte	.LFE35
 1763 0018 00000000 		.4byte	.LFB36
 1764 001c BC000000 		.4byte	.LFE36
 1765 0020 00000000 		.4byte	.LFB37
 1766 0024 3C000000 		.4byte	.LFE37
 1767 0028 00000000 		.4byte	.LFB39
 1768 002c 0C000000 		.4byte	.LFE39
 1769 0030 00000000 		.4byte	.LFB38
ARM GAS  C:\Users\jagumiel\AppData\Local\Temp\cch6g2lI.s 			page 35


 1770 0034 3C000000 		.4byte	.LFE38
 1771 0038 00000000 		.4byte	.LFB40
 1772 003c 0C000000 		.4byte	.LFE40
 1773 0040 00000000 		.4byte	.LFB41
 1774 0044 20000000 		.4byte	.LFE41
 1775 0048 00000000 		.4byte	0
 1776 004c 00000000 		.4byte	0
 1777              		.section	.debug_line,"",%progbits
 1778              	.Ldebug_line0:
 1779 0000 D7020000 		.section	.debug_str,"MS",%progbits,1
 1779      0200EA01 
 1779      00000201 
 1779      FB0E0D00 
 1779      01010101 
 1780              	.LASF33:
 1781 0000 42757474 		.ascii	"Button_Left_ISR_Handler\000"
 1781      6F6E5F4C 
 1781      6566745F 
 1781      4953525F 
 1781      48616E64 
 1782              	.LASF16:
 1783 0018 63686172 		.ascii	"char\000"
 1783      00
 1784              	.LASF3:
 1785 001d 5F5F7569 		.ascii	"__uint8_t\000"
 1785      6E74385F 
 1785      7400
 1786              	.LASF42:
 1787 0027 55415254 		.ascii	"UART_MASTER_UartGetChar\000"
 1787      5F4D4153 
 1787      5445525F 
 1787      55617274 
 1787      47657443 
 1788              	.LASF20:
 1789 003f 70617269 		.ascii	"parity_bit_odd\000"
 1789      74795F62 
 1789      69745F6F 
 1789      646400
 1790              	.LASF34:
 1791 004e 6C656674 		.ascii	"leftDoorEvent\000"
 1791      446F6F72 
 1791      4576656E 
 1791      7400
 1792              	.LASF51:
 1793 005c 42757474 		.ascii	"Button_Right_ISR_StartEx\000"
 1793      6F6E5F52 
 1793      69676874 
 1793      5F495352 
 1793      5F537461 
 1794              	.LASF5:
 1795 0075 73686F72 		.ascii	"short unsigned int\000"
 1795      7420756E 
 1795      7369676E 
 1795      65642069 
 1795      6E7400
 1796              	.LASF19:
 1797 0088 70617269 		.ascii	"parity_bit_even\000"
ARM GAS  C:\Users\jagumiel\AppData\Local\Temp\cch6g2lI.s 			page 36


 1797      74795F62 
 1797      69745F65 
 1797      76656E00 
 1798              	.LASF28:
 1799 0098 7061636B 		.ascii	"packet\000"
 1799      657400
 1800              	.LASF26:
 1801 009f 4C494E5F 		.ascii	"LIN_Checksum_Calculation\000"
 1801      43686563 
 1801      6B73756D 
 1801      5F43616C 
 1801      63756C61 
 1802              	.LASF37:
 1803 00b8 53656E73 		.ascii	"Sensor_data\000"
 1803      6F725F64 
 1803      61746100 
 1804              	.LASF14:
 1805 00c4 666C6F61 		.ascii	"float\000"
 1805      7400
 1806              	.LASF24:
 1807 00ca 64617461 		.ascii	"data\000"
 1807      00
 1808              	.LASF39:
 1809 00cf 63686563 		.ascii	"checksum\000"
 1809      6B73756D 
 1809      00
 1810              	.LASF23:
 1811 00d8 4C494E5F 		.ascii	"LIN_PID_Calculator\000"
 1811      5049445F 
 1811      43616C63 
 1811      756C6174 
 1811      6F7200
 1812              	.LASF27:
 1813 00eb 75384865 		.ascii	"u8Header\000"
 1813      61646572 
 1813      00
 1814              	.LASF1:
 1815 00f4 756E7369 		.ascii	"unsigned char\000"
 1815      676E6564 
 1815      20636861 
 1815      7200
 1816              	.LASF43:
 1817 0102 4C656452 		.ascii	"LedRed_Write\000"
 1817      65645F57 
 1817      72697465 
 1817      00
 1818              	.LASF7:
 1819 010f 6C6F6E67 		.ascii	"long unsigned int\000"
 1819      20756E73 
 1819      69676E65 
 1819      6420696E 
 1819      7400
 1820              	.LASF30:
 1821 0121 7538436E 		.ascii	"u8Cnt\000"
 1821      7400
 1822              	.LASF25:
 1823 0127 7069645F 		.ascii	"pid_tmp\000"
ARM GAS  C:\Users\jagumiel\AppData\Local\Temp\cch6g2lI.s 			page 37


 1823      746D7000 
 1824              	.LASF36:
 1825 012f 42757474 		.ascii	"Button_Right_ISR_Handler\000"
 1825      6F6E5F52 
 1825      69676874 
 1825      5F495352 
 1825      5F48616E 
 1826              	.LASF48:
 1827 0148 42757474 		.ascii	"Button_Right_ClearInterrupt\000"
 1827      6F6E5F52 
 1827      69676874 
 1827      5F436C65 
 1827      6172496E 
 1828              	.LASF49:
 1829 0164 55415254 		.ascii	"UART_MASTER_Start\000"
 1829      5F4D4153 
 1829      5445525F 
 1829      53746172 
 1829      7400
 1830              	.LASF4:
 1831 0176 5F5F7569 		.ascii	"__uint16_t\000"
 1831      6E743136 
 1831      5F7400
 1832              	.LASF2:
 1833 0181 73686F72 		.ascii	"short int\000"
 1833      7420696E 
 1833      7400
 1834              	.LASF38:
 1835 018b 73796E63 		.ascii	"sync\000"
 1835      00
 1836              	.LASF46:
 1837 0190 42757474 		.ascii	"Button_Left_ClearInterrupt\000"
 1837      6F6E5F4C 
 1837      6566745F 
 1837      436C6561 
 1837      72496E74 
 1838              	.LASF22:
 1839 01ab 4C494E5F 		.ascii	"LIN_ID_Parity_Calculator\000"
 1839      49445F50 
 1839      61726974 
 1839      795F4361 
 1839      6C63756C 
 1840              	.LASF13:
 1841 01c4 75696E74 		.ascii	"uint32\000"
 1841      333200
 1842              	.LASF45:
 1843 01cb 42757474 		.ascii	"Button_Left_Read\000"
 1843      6F6E5F4C 
 1843      6566745F 
 1843      52656164 
 1843      00
 1844              	.LASF10:
 1845 01dc 756E7369 		.ascii	"unsigned int\000"
 1845      676E6564 
 1845      20696E74 
 1845      00
 1846              	.LASF9:
ARM GAS  C:\Users\jagumiel\AppData\Local\Temp\cch6g2lI.s 			page 38


 1847 01e9 6C6F6E67 		.ascii	"long long unsigned int\000"
 1847      206C6F6E 
 1847      6720756E 
 1847      7369676E 
 1847      65642069 
 1848              	.LASF11:
 1849 0200 75696E74 		.ascii	"uint8_t\000"
 1849      385F7400 
 1850              	.LASF21:
 1851 0208 72657375 		.ascii	"result\000"
 1851      6C7400
 1852              	.LASF29:
 1853 020f 75313643 		.ascii	"u16Checksum_Cal\000"
 1853      6865636B 
 1853      73756D5F 
 1853      43616C00 
 1854              	.LASF0:
 1855 021f 7369676E 		.ascii	"signed char\000"
 1855      65642063 
 1855      68617200 
 1856              	.LASF52:
 1857 022b 474E5520 		.ascii	"GNU C11 5.4.1 20160609 (release) [ARM/embedded-5-br"
 1857      43313120 
 1857      352E342E 
 1857      31203230 
 1857      31363036 
 1858 025e 616E6368 		.ascii	"anch revision 237715] -mcpu=cortex-m0 -mthumb -g -O"
 1858      20726576 
 1858      6973696F 
 1858      6E203233 
 1858      37373135 
 1859 0291 67202D66 		.ascii	"g -ffunction-sections -ffat-lto-objects\000"
 1859      66756E63 
 1859      74696F6E 
 1859      2D736563 
 1859      74696F6E 
 1860              	.LASF32:
 1861 02b9 73656E64 		.ascii	"sendFrame\000"
 1861      4672616D 
 1861      6500
 1862              	.LASF18:
 1863 02c3 73697A65 		.ascii	"sizetype\000"
 1863      74797065 
 1863      00
 1864              	.LASF55:
 1865 02cc 6D61696E 		.ascii	"main\000"
 1865      00
 1866              	.LASF8:
 1867 02d1 6C6F6E67 		.ascii	"long long int\000"
 1867      206C6F6E 
 1867      6720696E 
 1867      7400
 1868              	.LASF53:
 1869 02df 6D61696E 		.ascii	"main.c\000"
 1869      2E6300
 1870              	.LASF31:
 1871 02e6 75384368 		.ascii	"u8Checksum\000"
ARM GAS  C:\Users\jagumiel\AppData\Local\Temp\cch6g2lI.s 			page 39


 1871      65636B73 
 1871      756D00
 1872              	.LASF50:
 1873 02f1 42757474 		.ascii	"Button_Left_ISR_StartEx\000"
 1873      6F6E5F4C 
 1873      6566745F 
 1873      4953525F 
 1873      53746172 
 1874              	.LASF12:
 1875 0309 75696E74 		.ascii	"uint16_t\000"
 1875      31365F74 
 1875      00
 1876              	.LASF6:
 1877 0312 6C6F6E67 		.ascii	"long int\000"
 1877      20696E74 
 1877      00
 1878              	.LASF40:
 1879 031b 55415254 		.ascii	"UART_MASTER_UartSendBreakBlocking\000"
 1879      5F4D4153 
 1879      5445525F 
 1879      55617274 
 1879      53656E64 
 1880              	.LASF35:
 1881 033d 72696768 		.ascii	"rightDoorEvent\000"
 1881      74446F6F 
 1881      72457665 
 1881      6E7400
 1882              	.LASF17:
 1883 034c 6C6F6E67 		.ascii	"long double\000"
 1883      20646F75 
 1883      626C6500 
 1884              	.LASF47:
 1885 0358 42757474 		.ascii	"Button_Right_Read\000"
 1885      6F6E5F52 
 1885      69676874 
 1885      5F526561 
 1885      6400
 1886              	.LASF15:
 1887 036a 646F7562 		.ascii	"double\000"
 1887      6C6500
 1888              	.LASF41:
 1889 0371 55415254 		.ascii	"UART_MASTER_SpiUartWriteTxData\000"
 1889      5F4D4153 
 1889      5445525F 
 1889      53706955 
 1889      61727457 
 1890              	.LASF44:
 1891 0390 43794465 		.ascii	"CyDelay\000"
 1891      6C617900 
 1892              	.LASF54:
 1893 0398 443A5C55 		.ascii	"D:\\Users\\jagumiel\\Documents\\PSoC Creator\\LIN-A"
 1893      73657273 
 1893      5C6A6167 
 1893      756D6965 
 1893      6C5C446F 
 1894 03c6 75746F6D 		.ascii	"utomotive\\3-LIN-Internal-Light-Control\\LIN-Intern"
 1894      6F746976 
ARM GAS  C:\Users\jagumiel\AppData\Local\Temp\cch6g2lI.s 			page 40


 1894      655C332D 
 1894      4C494E2D 
 1894      496E7465 
 1895 03f7 616C5F4C 		.ascii	"al_Light_ECU.cydsn\000"
 1895      69676874 
 1895      5F454355 
 1895      2E637964 
 1895      736E00
 1896              		.ident	"GCC: (GNU Tools for ARM Embedded Processors) 5.4.1 20160609 (release) [ARM/embedded-5-bran
