ARM GAS  C:\Users\jagumiel\AppData\Local\Temp\ccCqCZyx.s 			page 1


   1              		.syntax unified
   2              		.cpu cortex-m0
   3              		.fpu softvfp
   4              		.eabi_attribute 20, 1
   5              		.eabi_attribute 21, 1
   6              		.eabi_attribute 23, 3
   7              		.eabi_attribute 24, 1
   8              		.eabi_attribute 25, 1
   9              		.eabi_attribute 26, 1
  10              		.eabi_attribute 30, 1
  11              		.eabi_attribute 34, 0
  12              		.eabi_attribute 18, 4
  13              		.thumb
  14              		.syntax unified
  15              		.file	"cyfitter_cfg.c"
  16              		.text
  17              	.Ltext0:
  18              		.cfi_sections	.debug_frame
  19              		.section	.text.CYMEMZERO,"ax",%progbits
  20              		.align	2
  21              		.code	16
  22              		.thumb_func
  23              		.type	CYMEMZERO, %function
  24              	CYMEMZERO:
  25              	.LFB0:
  26              		.file 1 "Generated_Source\\PSoC4\\cyfitter_cfg.c"
   1:Generated_Source\PSoC4/cyfitter_cfg.c **** 
   2:Generated_Source\PSoC4/cyfitter_cfg.c **** /*******************************************************************************
   3:Generated_Source\PSoC4/cyfitter_cfg.c **** * File Name: cyfitter_cfg.c
   4:Generated_Source\PSoC4/cyfitter_cfg.c **** * 
   5:Generated_Source\PSoC4/cyfitter_cfg.c **** * PSoC Creator  4.2
   6:Generated_Source\PSoC4/cyfitter_cfg.c **** *
   7:Generated_Source\PSoC4/cyfitter_cfg.c **** * Description:
   8:Generated_Source\PSoC4/cyfitter_cfg.c **** * This file contains device initialization code.
   9:Generated_Source\PSoC4/cyfitter_cfg.c **** * Except for the user defined sections in CyClockStartupError(), this file should not be modified.
  10:Generated_Source\PSoC4/cyfitter_cfg.c **** * This file is automatically generated by PSoC Creator.
  11:Generated_Source\PSoC4/cyfitter_cfg.c **** *
  12:Generated_Source\PSoC4/cyfitter_cfg.c **** ********************************************************************************
  13:Generated_Source\PSoC4/cyfitter_cfg.c **** * Copyright (c) 2007-2018 Cypress Semiconductor.  All rights reserved.
  14:Generated_Source\PSoC4/cyfitter_cfg.c **** * You may use this file only in accordance with the license, terms, conditions, 
  15:Generated_Source\PSoC4/cyfitter_cfg.c **** * disclaimers, and limitations in the end user license agreement accompanying 
  16:Generated_Source\PSoC4/cyfitter_cfg.c **** * the software package with which this file was provided.
  17:Generated_Source\PSoC4/cyfitter_cfg.c **** ********************************************************************************/
  18:Generated_Source\PSoC4/cyfitter_cfg.c **** 
  19:Generated_Source\PSoC4/cyfitter_cfg.c **** #include <string.h>
  20:Generated_Source\PSoC4/cyfitter_cfg.c **** #include "cytypes.h"
  21:Generated_Source\PSoC4/cyfitter_cfg.c **** #include "cydevice_trm.h"
  22:Generated_Source\PSoC4/cyfitter_cfg.c **** #include "cyfitter.h"
  23:Generated_Source\PSoC4/cyfitter_cfg.c **** #include "CyLib.h"
  24:Generated_Source\PSoC4/cyfitter_cfg.c **** #include "CyLFClk.h"
  25:Generated_Source\PSoC4/cyfitter_cfg.c **** #include "cyfitter_cfg.h"
  26:Generated_Source\PSoC4/cyfitter_cfg.c **** #include "cyapicallbacks.h"
  27:Generated_Source\PSoC4/cyfitter_cfg.c **** 
  28:Generated_Source\PSoC4/cyfitter_cfg.c **** 
  29:Generated_Source\PSoC4/cyfitter_cfg.c **** #if defined(__GNUC__) || defined(__ARMCC_VERSION)
  30:Generated_Source\PSoC4/cyfitter_cfg.c ****     #define CYPACKED 
  31:Generated_Source\PSoC4/cyfitter_cfg.c ****     #define CYPACKED_ATTR __attribute__ ((packed))
ARM GAS  C:\Users\jagumiel\AppData\Local\Temp\ccCqCZyx.s 			page 2


  32:Generated_Source\PSoC4/cyfitter_cfg.c ****     #define CYALIGNED __attribute__ ((aligned))
  33:Generated_Source\PSoC4/cyfitter_cfg.c ****     #define CY_CFG_UNUSED __attribute__ ((unused))
  34:Generated_Source\PSoC4/cyfitter_cfg.c ****     #ifndef CY_CFG_SECTION
  35:Generated_Source\PSoC4/cyfitter_cfg.c ****         #define CY_CFG_SECTION __attribute__ ((section(".psocinit")))
  36:Generated_Source\PSoC4/cyfitter_cfg.c ****     #endif
  37:Generated_Source\PSoC4/cyfitter_cfg.c ****     
  38:Generated_Source\PSoC4/cyfitter_cfg.c ****     #if defined(__ARMCC_VERSION)
  39:Generated_Source\PSoC4/cyfitter_cfg.c ****         #define CY_CFG_MEMORY_BARRIER() __memory_changed()
  40:Generated_Source\PSoC4/cyfitter_cfg.c ****     #else
  41:Generated_Source\PSoC4/cyfitter_cfg.c ****         #define CY_CFG_MEMORY_BARRIER() __sync_synchronize()
  42:Generated_Source\PSoC4/cyfitter_cfg.c ****     #endif
  43:Generated_Source\PSoC4/cyfitter_cfg.c ****     
  44:Generated_Source\PSoC4/cyfitter_cfg.c **** #elif defined(__ICCARM__)
  45:Generated_Source\PSoC4/cyfitter_cfg.c ****     #include <intrinsics.h>
  46:Generated_Source\PSoC4/cyfitter_cfg.c **** 
  47:Generated_Source\PSoC4/cyfitter_cfg.c ****     #define CYPACKED __packed
  48:Generated_Source\PSoC4/cyfitter_cfg.c ****     #define CYPACKED_ATTR 
  49:Generated_Source\PSoC4/cyfitter_cfg.c ****     #define CYALIGNED _Pragma("data_alignment=4")
  50:Generated_Source\PSoC4/cyfitter_cfg.c ****     #define CY_CFG_UNUSED _Pragma("diag_suppress=Pe177")
  51:Generated_Source\PSoC4/cyfitter_cfg.c ****     #define CY_CFG_SECTION _Pragma("location=\".psocinit\"")
  52:Generated_Source\PSoC4/cyfitter_cfg.c ****     
  53:Generated_Source\PSoC4/cyfitter_cfg.c ****     #define CY_CFG_MEMORY_BARRIER() __DMB()
  54:Generated_Source\PSoC4/cyfitter_cfg.c ****     
  55:Generated_Source\PSoC4/cyfitter_cfg.c **** #else
  56:Generated_Source\PSoC4/cyfitter_cfg.c ****     #error Unsupported toolchain
  57:Generated_Source\PSoC4/cyfitter_cfg.c **** #endif
  58:Generated_Source\PSoC4/cyfitter_cfg.c **** 
  59:Generated_Source\PSoC4/cyfitter_cfg.c **** #ifndef CYCODE
  60:Generated_Source\PSoC4/cyfitter_cfg.c ****     #define CYCODE
  61:Generated_Source\PSoC4/cyfitter_cfg.c **** #endif
  62:Generated_Source\PSoC4/cyfitter_cfg.c **** #ifndef CYDATA
  63:Generated_Source\PSoC4/cyfitter_cfg.c ****     #define CYDATA
  64:Generated_Source\PSoC4/cyfitter_cfg.c **** #endif
  65:Generated_Source\PSoC4/cyfitter_cfg.c **** #ifndef CYFAR
  66:Generated_Source\PSoC4/cyfitter_cfg.c ****     #define CYFAR
  67:Generated_Source\PSoC4/cyfitter_cfg.c **** #endif
  68:Generated_Source\PSoC4/cyfitter_cfg.c **** #ifndef CYXDATA
  69:Generated_Source\PSoC4/cyfitter_cfg.c ****     #define CYXDATA
  70:Generated_Source\PSoC4/cyfitter_cfg.c **** #endif
  71:Generated_Source\PSoC4/cyfitter_cfg.c **** 
  72:Generated_Source\PSoC4/cyfitter_cfg.c **** 
  73:Generated_Source\PSoC4/cyfitter_cfg.c **** CY_CFG_UNUSED
  74:Generated_Source\PSoC4/cyfitter_cfg.c **** static void CYMEMZERO(void *s, size_t n);
  75:Generated_Source\PSoC4/cyfitter_cfg.c **** CY_CFG_UNUSED
  76:Generated_Source\PSoC4/cyfitter_cfg.c **** static void CYMEMZERO(void *s, size_t n)
  77:Generated_Source\PSoC4/cyfitter_cfg.c **** {
  27              		.loc 1 77 0
  28              		.cfi_startproc
  29              		@ args = 0, pretend = 0, frame = 0
  30              		@ frame_needed = 0, uses_anonymous_args = 0
  31              	.LVL0:
  32 0000 10B5     		push	{r4, lr}
  33              		.cfi_def_cfa_offset 8
  34              		.cfi_offset 4, -8
  35              		.cfi_offset 14, -4
  36 0002 0A00     		movs	r2, r1
  78:Generated_Source\PSoC4/cyfitter_cfg.c **** 	(void)memset(s, 0, n);
ARM GAS  C:\Users\jagumiel\AppData\Local\Temp\ccCqCZyx.s 			page 3


  37              		.loc 1 78 0
  38 0004 0021     		movs	r1, #0
  39              	.LVL1:
  40 0006 FFF7FEFF 		bl	memset
  41              	.LVL2:
  79:Generated_Source\PSoC4/cyfitter_cfg.c **** }
  42              		.loc 1 79 0
  43              		@ sp needed
  44 000a 10BD     		pop	{r4, pc}
  45              		.cfi_endproc
  46              	.LFE0:
  47              		.size	CYMEMZERO, .-CYMEMZERO
  48              		.section	.psocinit,"ax",%progbits
  49              		.align	2
  50              		.code	16
  51              		.thumb_func
  52              		.type	ClockSetup, %function
  53              	ClockSetup:
  54              	.LFB3:
  80:Generated_Source\PSoC4/cyfitter_cfg.c **** CY_CFG_UNUSED
  81:Generated_Source\PSoC4/cyfitter_cfg.c **** static void CYCONFIGCPY(void *dest, const void *src, size_t n);
  82:Generated_Source\PSoC4/cyfitter_cfg.c **** CY_CFG_UNUSED
  83:Generated_Source\PSoC4/cyfitter_cfg.c **** static void CYCONFIGCPY(void *dest, const void *src, size_t n)
  84:Generated_Source\PSoC4/cyfitter_cfg.c **** {
  85:Generated_Source\PSoC4/cyfitter_cfg.c **** 	(void)memcpy(dest, src, n);
  86:Generated_Source\PSoC4/cyfitter_cfg.c **** }
  87:Generated_Source\PSoC4/cyfitter_cfg.c **** CY_CFG_UNUSED
  88:Generated_Source\PSoC4/cyfitter_cfg.c **** static void CYCONFIGCPYCODE(void *dest, const void *src, size_t n);
  89:Generated_Source\PSoC4/cyfitter_cfg.c **** CY_CFG_UNUSED
  90:Generated_Source\PSoC4/cyfitter_cfg.c **** static void CYCONFIGCPYCODE(void *dest, const void *src, size_t n)
  91:Generated_Source\PSoC4/cyfitter_cfg.c **** {
  92:Generated_Source\PSoC4/cyfitter_cfg.c **** 	(void)memcpy(dest, src, n);
  93:Generated_Source\PSoC4/cyfitter_cfg.c **** }
  94:Generated_Source\PSoC4/cyfitter_cfg.c **** 
  95:Generated_Source\PSoC4/cyfitter_cfg.c **** 
  96:Generated_Source\PSoC4/cyfitter_cfg.c **** 
  97:Generated_Source\PSoC4/cyfitter_cfg.c **** 
  98:Generated_Source\PSoC4/cyfitter_cfg.c **** /* Clock startup error codes                                                   */
  99:Generated_Source\PSoC4/cyfitter_cfg.c **** #define CYCLOCKSTART_NO_ERROR    0u
 100:Generated_Source\PSoC4/cyfitter_cfg.c **** #define CYCLOCKSTART_XTAL_ERROR  1u
 101:Generated_Source\PSoC4/cyfitter_cfg.c **** #define CYCLOCKSTART_32KHZ_ERROR 2u
 102:Generated_Source\PSoC4/cyfitter_cfg.c **** #define CYCLOCKSTART_PLL_ERROR   3u
 103:Generated_Source\PSoC4/cyfitter_cfg.c **** #define CYCLOCKSTART_FLL_ERROR   4u
 104:Generated_Source\PSoC4/cyfitter_cfg.c **** #define CYCLOCKSTART_WCO_ERROR   5u
 105:Generated_Source\PSoC4/cyfitter_cfg.c **** 
 106:Generated_Source\PSoC4/cyfitter_cfg.c **** 
 107:Generated_Source\PSoC4/cyfitter_cfg.c **** #ifdef CY_NEED_CYCLOCKSTARTUPERROR
 108:Generated_Source\PSoC4/cyfitter_cfg.c **** /*******************************************************************************
 109:Generated_Source\PSoC4/cyfitter_cfg.c **** * Function Name: CyClockStartupError
 110:Generated_Source\PSoC4/cyfitter_cfg.c **** ********************************************************************************
 111:Generated_Source\PSoC4/cyfitter_cfg.c **** * Summary:
 112:Generated_Source\PSoC4/cyfitter_cfg.c **** *  If an error is encountered during clock configuration (crystal startup error,
 113:Generated_Source\PSoC4/cyfitter_cfg.c **** *  PLL lock error, etc.), the system will end up here.  Unless reimplemented by
 114:Generated_Source\PSoC4/cyfitter_cfg.c **** *  the customer, this function will stop in an infinite loop.
 115:Generated_Source\PSoC4/cyfitter_cfg.c **** *
 116:Generated_Source\PSoC4/cyfitter_cfg.c **** * Parameters:
 117:Generated_Source\PSoC4/cyfitter_cfg.c **** *   void
ARM GAS  C:\Users\jagumiel\AppData\Local\Temp\ccCqCZyx.s 			page 4


 118:Generated_Source\PSoC4/cyfitter_cfg.c **** *
 119:Generated_Source\PSoC4/cyfitter_cfg.c **** * Return:
 120:Generated_Source\PSoC4/cyfitter_cfg.c **** *   void
 121:Generated_Source\PSoC4/cyfitter_cfg.c **** *
 122:Generated_Source\PSoC4/cyfitter_cfg.c **** *******************************************************************************/
 123:Generated_Source\PSoC4/cyfitter_cfg.c **** CY_CFG_UNUSED
 124:Generated_Source\PSoC4/cyfitter_cfg.c **** static void CyClockStartupError(uint8 errorCode);
 125:Generated_Source\PSoC4/cyfitter_cfg.c **** CY_CFG_UNUSED
 126:Generated_Source\PSoC4/cyfitter_cfg.c **** static void CyClockStartupError(uint8 errorCode)
 127:Generated_Source\PSoC4/cyfitter_cfg.c **** {
 128:Generated_Source\PSoC4/cyfitter_cfg.c ****     /* To remove the compiler warning if errorCode not used.                */
 129:Generated_Source\PSoC4/cyfitter_cfg.c ****     errorCode = errorCode;
 130:Generated_Source\PSoC4/cyfitter_cfg.c **** 
 131:Generated_Source\PSoC4/cyfitter_cfg.c ****     /* If we have a clock startup error (bad MHz crystal, PLL lock, etc.),  */
 132:Generated_Source\PSoC4/cyfitter_cfg.c ****     /* we will end up here to allow the customer to implement something to  */
 133:Generated_Source\PSoC4/cyfitter_cfg.c ****     /* deal with the clock condition.                                       */
 134:Generated_Source\PSoC4/cyfitter_cfg.c **** 
 135:Generated_Source\PSoC4/cyfitter_cfg.c **** #ifdef CY_CFG_CLOCK_STARTUP_ERROR_CALLBACK
 136:Generated_Source\PSoC4/cyfitter_cfg.c ****     CY_CFG_Clock_Startup_ErrorCallback();
 137:Generated_Source\PSoC4/cyfitter_cfg.c **** #else
 138:Generated_Source\PSoC4/cyfitter_cfg.c ****     /*  If not using CY_CFG_CLOCK_STARTUP_ERROR_CALLBACK, place your clock startup code here. */
 139:Generated_Source\PSoC4/cyfitter_cfg.c ****     /* `#START CyClockStartupError` */
 140:Generated_Source\PSoC4/cyfitter_cfg.c **** 
 141:Generated_Source\PSoC4/cyfitter_cfg.c **** 
 142:Generated_Source\PSoC4/cyfitter_cfg.c **** 
 143:Generated_Source\PSoC4/cyfitter_cfg.c ****     /* `#END` */
 144:Generated_Source\PSoC4/cyfitter_cfg.c **** 
 145:Generated_Source\PSoC4/cyfitter_cfg.c ****     while(1) {}
 146:Generated_Source\PSoC4/cyfitter_cfg.c **** #endif /* CY_CFG_CLOCK_STARTUP_ERROR_CALLBACK */
 147:Generated_Source\PSoC4/cyfitter_cfg.c **** }
 148:Generated_Source\PSoC4/cyfitter_cfg.c **** #endif
 149:Generated_Source\PSoC4/cyfitter_cfg.c **** 
 150:Generated_Source\PSoC4/cyfitter_cfg.c **** 
 151:Generated_Source\PSoC4/cyfitter_cfg.c **** 
 152:Generated_Source\PSoC4/cyfitter_cfg.c **** /*******************************************************************************
 153:Generated_Source\PSoC4/cyfitter_cfg.c **** * Function Name: ClockSetup
 154:Generated_Source\PSoC4/cyfitter_cfg.c **** ********************************************************************************
 155:Generated_Source\PSoC4/cyfitter_cfg.c **** *
 156:Generated_Source\PSoC4/cyfitter_cfg.c **** * Summary:
 157:Generated_Source\PSoC4/cyfitter_cfg.c **** *   Performs the initialization of all of the clocks in the device based on the
 158:Generated_Source\PSoC4/cyfitter_cfg.c **** *   settings in the Clock tab of the DWR.  This includes enabling the requested
 159:Generated_Source\PSoC4/cyfitter_cfg.c **** *   clocks and setting the necessary dividers to produce the desired frequency. 
 160:Generated_Source\PSoC4/cyfitter_cfg.c **** *
 161:Generated_Source\PSoC4/cyfitter_cfg.c **** * Parameters:
 162:Generated_Source\PSoC4/cyfitter_cfg.c **** *   void
 163:Generated_Source\PSoC4/cyfitter_cfg.c **** *
 164:Generated_Source\PSoC4/cyfitter_cfg.c **** * Return:
 165:Generated_Source\PSoC4/cyfitter_cfg.c **** *   void
 166:Generated_Source\PSoC4/cyfitter_cfg.c **** *
 167:Generated_Source\PSoC4/cyfitter_cfg.c **** *******************************************************************************/
 168:Generated_Source\PSoC4/cyfitter_cfg.c **** static void ClockSetup(void);
 169:Generated_Source\PSoC4/cyfitter_cfg.c **** CY_CFG_SECTION
 170:Generated_Source\PSoC4/cyfitter_cfg.c **** static void ClockSetup(void)
 171:Generated_Source\PSoC4/cyfitter_cfg.c **** {
  55              		.loc 1 171 0
  56              		.cfi_startproc
  57              		@ args = 0, pretend = 0, frame = 0
ARM GAS  C:\Users\jagumiel\AppData\Local\Temp\ccCqCZyx.s 			page 5


  58              		@ frame_needed = 0, uses_anonymous_args = 0
  59 0000 70B5     		push	{r4, r5, r6, lr}
  60              		.cfi_def_cfa_offset 16
  61              		.cfi_offset 4, -16
  62              		.cfi_offset 5, -12
  63              		.cfi_offset 6, -8
  64              		.cfi_offset 14, -4
 172:Generated_Source\PSoC4/cyfitter_cfg.c **** 	/* Enable HALF_EN before trimming for the flash accelerator. */
 173:Generated_Source\PSoC4/cyfitter_cfg.c **** 	CY_SET_REG32((void CYXDATA *)(CYREG_CLK_SELECT), (CY_GET_REG32((void *)CYREG_CLK_SELECT) | 0x00040
  65              		.loc 1 173 0
  66 0002 134C     		ldr	r4, .L3
  67 0004 2368     		ldr	r3, [r4]
  68 0006 8022     		movs	r2, #128
  69 0008 D202     		lsls	r2, r2, #11
  70 000a 1343     		orrs	r3, r2
  71 000c 2360     		str	r3, [r4]
 174:Generated_Source\PSoC4/cyfitter_cfg.c **** 
 175:Generated_Source\PSoC4/cyfitter_cfg.c **** 	/* Setup and trim IMO based on desired frequency. */
 176:Generated_Source\PSoC4/cyfitter_cfg.c **** 	CySysClkWriteImoFreq(24u);
  72              		.loc 1 176 0
  73 000e 1820     		movs	r0, #24
  74 0010 FFF7FEFF 		bl	CySysClkWriteImoFreq
  75              	.LVL3:
 177:Generated_Source\PSoC4/cyfitter_cfg.c **** 
 178:Generated_Source\PSoC4/cyfitter_cfg.c **** 	/* Disable HALF_EN since it is not required at this IMO frequency. */
 179:Generated_Source\PSoC4/cyfitter_cfg.c **** 	CY_SET_REG32((void CYXDATA *)(CYREG_CLK_SELECT), (CY_GET_REG32((void *)CYREG_CLK_SELECT) & 0xFFFBF
  76              		.loc 1 179 0
  77 0014 2268     		ldr	r2, [r4]
  78 0016 0F4B     		ldr	r3, .L3+4
  79 0018 1340     		ands	r3, r2
  80 001a 2360     		str	r3, [r4]
 180:Generated_Source\PSoC4/cyfitter_cfg.c **** 	/* CYDEV_CLK_ILO_CONFIG Starting address: CYDEV_CLK_ILO_CONFIG */
 181:Generated_Source\PSoC4/cyfitter_cfg.c **** 	CY_SET_REG32((void *)(CYREG_CLK_ILO_CONFIG), 0x80000006u);
  81              		.loc 1 181 0
  82 001c 0E4A     		ldr	r2, .L3+8
  83 001e 0F4B     		ldr	r3, .L3+12
  84 0020 1A60     		str	r2, [r3]
 182:Generated_Source\PSoC4/cyfitter_cfg.c **** 
 183:Generated_Source\PSoC4/cyfitter_cfg.c **** 
 184:Generated_Source\PSoC4/cyfitter_cfg.c **** 	/* CYDEV_CLK_SELECT00 Starting address: CYDEV_CLK_SELECT00 */
 185:Generated_Source\PSoC4/cyfitter_cfg.c **** 	CY_SET_REG32((void *)(CYREG_CLK_SELECT03), 0x00000010u);
  85              		.loc 1 185 0
  86 0022 1022     		movs	r2, #16
  87 0024 0E4B     		ldr	r3, .L3+16
  88 0026 1A60     		str	r2, [r3]
 186:Generated_Source\PSoC4/cyfitter_cfg.c **** 
 187:Generated_Source\PSoC4/cyfitter_cfg.c **** 	/* CYDEV_CLK_IMO_CONFIG Starting address: CYDEV_CLK_IMO_CONFIG */
 188:Generated_Source\PSoC4/cyfitter_cfg.c **** 	CY_SET_REG32((void *)(CYREG_CLK_IMO_CONFIG), 0x80000000u);
  89              		.loc 1 188 0
  90 0028 8022     		movs	r2, #128
  91 002a 1206     		lsls	r2, r2, #24
  92 002c 0D4B     		ldr	r3, .L3+20
  93 002e 1A60     		str	r2, [r3]
 189:Generated_Source\PSoC4/cyfitter_cfg.c **** 
 190:Generated_Source\PSoC4/cyfitter_cfg.c **** 	/* CYDEV_CLK_SELECT Starting address: CYDEV_CLK_SELECT */
 191:Generated_Source\PSoC4/cyfitter_cfg.c **** 	CY_SET_REG32((void *)(CYREG_CLK_SELECT), 0x00000000u);
  94              		.loc 1 191 0
ARM GAS  C:\Users\jagumiel\AppData\Local\Temp\ccCqCZyx.s 			page 6


  95 0030 0025     		movs	r5, #0
  96 0032 2560     		str	r5, [r4]
 192:Generated_Source\PSoC4/cyfitter_cfg.c **** 
 193:Generated_Source\PSoC4/cyfitter_cfg.c **** 	/* CYDEV_CLK_DIVIDER_A00 Starting address: CYDEV_CLK_DIVIDER_A00 */
 194:Generated_Source\PSoC4/cyfitter_cfg.c **** 	CY_SET_REG32((void *)(CYREG_CLK_DIVIDER_A00), 0x800000CFu);
  97              		.loc 1 194 0
  98 0034 0C4A     		ldr	r2, .L3+24
  99 0036 0D4B     		ldr	r3, .L3+28
 100 0038 1A60     		str	r2, [r3]
 195:Generated_Source\PSoC4/cyfitter_cfg.c **** 
 196:Generated_Source\PSoC4/cyfitter_cfg.c **** 	(void)CyIntSetVector(9u, &CySysWdtIsr);
 101              		.loc 1 196 0
 102 003a 0D49     		ldr	r1, .L3+32
 103 003c 0920     		movs	r0, #9
 104 003e FFF7FEFF 		bl	CyIntSetVector
 105              	.LVL4:
 197:Generated_Source\PSoC4/cyfitter_cfg.c **** 	CyIntEnable(9u);
 106              		.loc 1 197 0
 107 0042 0920     		movs	r0, #9
 108 0044 FFF7FEFF 		bl	CyIntEnable
 109              	.LVL5:
 198:Generated_Source\PSoC4/cyfitter_cfg.c **** 	CY_SET_REG32((void *)(CYREG_WDT_CONFIG), 0x00000000u);
 110              		.loc 1 198 0
 111 0048 0A4B     		ldr	r3, .L3+36
 112 004a 1D60     		str	r5, [r3]
 199:Generated_Source\PSoC4/cyfitter_cfg.c **** }
 113              		.loc 1 199 0
 114              		@ sp needed
 115 004c 70BD     		pop	{r4, r5, r6, pc}
 116              	.L4:
 117 004e C046     		.align	2
 118              	.L3:
 119 0050 00010B40 		.word	1074462976
 120 0054 FFFFFBFF 		.word	-262145
 121 0058 06000080 		.word	-2147483642
 122 005c 04010B40 		.word	1074462980
 123 0060 0C020240 		.word	1073873420
 124 0064 08010B40 		.word	1074462984
 125 0068 CF000080 		.word	-2147483441
 126 006c 00000240 		.word	1073872896
 127 0070 00000000 		.word	CySysWdtIsr
 128 0074 0C020B40 		.word	1074463244
 129              		.cfi_endproc
 130              	.LFE3:
 131              		.size	ClockSetup, .-ClockSetup
 132              		.align	2
 133              		.global	cyfitter_cfg
 134              		.code	16
 135              		.thumb_func
 136              		.type	cyfitter_cfg, %function
 137              	cyfitter_cfg:
 138              	.LFB5:
 200:Generated_Source\PSoC4/cyfitter_cfg.c **** 
 201:Generated_Source\PSoC4/cyfitter_cfg.c **** 
 202:Generated_Source\PSoC4/cyfitter_cfg.c **** /* Analog API Functions */
 203:Generated_Source\PSoC4/cyfitter_cfg.c **** 
 204:Generated_Source\PSoC4/cyfitter_cfg.c **** 
ARM GAS  C:\Users\jagumiel\AppData\Local\Temp\ccCqCZyx.s 			page 7


 205:Generated_Source\PSoC4/cyfitter_cfg.c **** /*******************************************************************************
 206:Generated_Source\PSoC4/cyfitter_cfg.c **** * Function Name: AnalogSetDefault
 207:Generated_Source\PSoC4/cyfitter_cfg.c **** ********************************************************************************
 208:Generated_Source\PSoC4/cyfitter_cfg.c **** *
 209:Generated_Source\PSoC4/cyfitter_cfg.c **** * Summary:
 210:Generated_Source\PSoC4/cyfitter_cfg.c **** *  Sets up the analog portions of the chip to default values based on chip
 211:Generated_Source\PSoC4/cyfitter_cfg.c **** *  configuration options from the project.
 212:Generated_Source\PSoC4/cyfitter_cfg.c **** *
 213:Generated_Source\PSoC4/cyfitter_cfg.c **** * Parameters:
 214:Generated_Source\PSoC4/cyfitter_cfg.c **** *  void
 215:Generated_Source\PSoC4/cyfitter_cfg.c **** *
 216:Generated_Source\PSoC4/cyfitter_cfg.c **** * Return:
 217:Generated_Source\PSoC4/cyfitter_cfg.c **** *  void
 218:Generated_Source\PSoC4/cyfitter_cfg.c **** *
 219:Generated_Source\PSoC4/cyfitter_cfg.c **** *******************************************************************************/
 220:Generated_Source\PSoC4/cyfitter_cfg.c **** static void AnalogSetDefault(void);
 221:Generated_Source\PSoC4/cyfitter_cfg.c **** static void AnalogSetDefault(void)
 222:Generated_Source\PSoC4/cyfitter_cfg.c **** {
 223:Generated_Source\PSoC4/cyfitter_cfg.c **** }
 224:Generated_Source\PSoC4/cyfitter_cfg.c **** 
 225:Generated_Source\PSoC4/cyfitter_cfg.c **** 
 226:Generated_Source\PSoC4/cyfitter_cfg.c **** 
 227:Generated_Source\PSoC4/cyfitter_cfg.c **** 
 228:Generated_Source\PSoC4/cyfitter_cfg.c **** /*******************************************************************************
 229:Generated_Source\PSoC4/cyfitter_cfg.c **** * Function Name: cyfitter_cfg
 230:Generated_Source\PSoC4/cyfitter_cfg.c **** ********************************************************************************
 231:Generated_Source\PSoC4/cyfitter_cfg.c **** * Summary:
 232:Generated_Source\PSoC4/cyfitter_cfg.c **** *  This function is called by the start-up code for the selected device. It
 233:Generated_Source\PSoC4/cyfitter_cfg.c **** *  performs all of the necessary device configuration based on the design
 234:Generated_Source\PSoC4/cyfitter_cfg.c **** *  settings.  This includes settings from the Design Wide Resources (DWR) such
 235:Generated_Source\PSoC4/cyfitter_cfg.c **** *  as Clocks and Pins as well as any component configuration that is necessary.
 236:Generated_Source\PSoC4/cyfitter_cfg.c **** *
 237:Generated_Source\PSoC4/cyfitter_cfg.c **** * Parameters:
 238:Generated_Source\PSoC4/cyfitter_cfg.c **** *   void
 239:Generated_Source\PSoC4/cyfitter_cfg.c **** *
 240:Generated_Source\PSoC4/cyfitter_cfg.c **** * Return:
 241:Generated_Source\PSoC4/cyfitter_cfg.c **** *   void
 242:Generated_Source\PSoC4/cyfitter_cfg.c **** *
 243:Generated_Source\PSoC4/cyfitter_cfg.c **** *******************************************************************************/
 244:Generated_Source\PSoC4/cyfitter_cfg.c **** CY_CFG_SECTION
 245:Generated_Source\PSoC4/cyfitter_cfg.c **** void cyfitter_cfg(void)
 246:Generated_Source\PSoC4/cyfitter_cfg.c **** {
 139              		.loc 1 246 0
 140              		.cfi_startproc
 141              		@ args = 0, pretend = 0, frame = 0
 142              		@ frame_needed = 0, uses_anonymous_args = 0
 143 0078 10B5     		push	{r4, lr}
 144              		.cfi_def_cfa_offset 8
 145              		.cfi_offset 4, -8
 146              		.cfi_offset 14, -4
 247:Generated_Source\PSoC4/cyfitter_cfg.c **** 	/* Disable interrupts by default. Let user enable if/when they want. */
 248:Generated_Source\PSoC4/cyfitter_cfg.c **** 	CyGlobalIntDisable;
 147              		.loc 1 248 0
 148              		.syntax divided
 149              	@ 248 "Generated_Source\PSoC4\cyfitter_cfg.c" 1
 150 007a 72B6     		CPSID   i
 151              	@ 0 "" 2
ARM GAS  C:\Users\jagumiel\AppData\Local\Temp\ccCqCZyx.s 			page 8


 152              	.LVL6:
 153              		.thumb
 154              		.syntax unified
 155              	.LBB2:
 249:Generated_Source\PSoC4/cyfitter_cfg.c **** 
 250:Generated_Source\PSoC4/cyfitter_cfg.c **** 	{
 251:Generated_Source\PSoC4/cyfitter_cfg.c **** 
 252:Generated_Source\PSoC4/cyfitter_cfg.c **** 		CYPACKED typedef struct {
 253:Generated_Source\PSoC4/cyfitter_cfg.c **** 			void CYFAR *address;
 254:Generated_Source\PSoC4/cyfitter_cfg.c **** 			uint16 size;
 255:Generated_Source\PSoC4/cyfitter_cfg.c **** 		} CYPACKED_ATTR cfg_memset_t;
 256:Generated_Source\PSoC4/cyfitter_cfg.c **** 
 257:Generated_Source\PSoC4/cyfitter_cfg.c **** 		static const cfg_memset_t CYCODE cfg_memset_list[] = {
 258:Generated_Source\PSoC4/cyfitter_cfg.c **** 			/* address, size */
 259:Generated_Source\PSoC4/cyfitter_cfg.c **** 			{(void CYFAR *)(CYDEV_UDB_P0_U0_BASE), 1024u},
 260:Generated_Source\PSoC4/cyfitter_cfg.c **** 			{(void CYFAR *)(CYDEV_UDB_DSI0_BASE), 1024u},
 261:Generated_Source\PSoC4/cyfitter_cfg.c **** 		};
 262:Generated_Source\PSoC4/cyfitter_cfg.c **** 
 263:Generated_Source\PSoC4/cyfitter_cfg.c **** 		uint8 CYDATA i;
 264:Generated_Source\PSoC4/cyfitter_cfg.c **** 
 265:Generated_Source\PSoC4/cyfitter_cfg.c **** 		/* Zero out critical memory blocks before beginning configuration */
 266:Generated_Source\PSoC4/cyfitter_cfg.c **** 		for (i = 0u; i < (sizeof(cfg_memset_list)/sizeof(cfg_memset_list[0])); i++)
 156              		.loc 1 266 0
 157 007c 0024     		movs	r4, #0
 158 007e 0FE0     		b	.L6
 159              	.LVL7:
 160              	.L7:
 161              	.LBB3:
 267:Generated_Source\PSoC4/cyfitter_cfg.c **** 		{
 268:Generated_Source\PSoC4/cyfitter_cfg.c **** 			const cfg_memset_t CYCODE * CYDATA ms = &cfg_memset_list[i];
 269:Generated_Source\PSoC4/cyfitter_cfg.c **** 			CYMEMZERO(ms->address, (size_t)(uint32)(ms->size));
 162              		.loc 1 269 0 discriminator 3
 163 0080 2148     		ldr	r0, .L8
 164 0082 6200     		lsls	r2, r4, #1
 165 0084 1319     		adds	r3, r2, r4
 166 0086 5900     		lsls	r1, r3, #1
 167 0088 0B00     		movs	r3, r1
 168 008a 4118     		adds	r1, r0, r1
 169 008c 8988     		ldrh	r1, [r1, #4]
 170 008e 1A5A     		ldrh	r2, [r3, r0]
 171 0090 C318     		adds	r3, r0, r3
 172 0092 5888     		ldrh	r0, [r3, #2]
 173 0094 0004     		lsls	r0, r0, #16
 174 0096 1043     		orrs	r0, r2
 175 0098 FFF7FEFF 		bl	CYMEMZERO
 176              	.LVL8:
 177              	.LBE3:
 266:Generated_Source\PSoC4/cyfitter_cfg.c **** 		{
 178              		.loc 1 266 0 discriminator 3
 179 009c 0134     		adds	r4, r4, #1
 180              	.LVL9:
 181 009e E4B2     		uxtb	r4, r4
 182              	.LVL10:
 183              	.L6:
 266:Generated_Source\PSoC4/cyfitter_cfg.c **** 		{
 184              		.loc 1 266 0 is_stmt 0 discriminator 1
 185 00a0 012C     		cmp	r4, #1
ARM GAS  C:\Users\jagumiel\AppData\Local\Temp\ccCqCZyx.s 			page 9


 186 00a2 EDD9     		bls	.L7
 270:Generated_Source\PSoC4/cyfitter_cfg.c **** 		}
 271:Generated_Source\PSoC4/cyfitter_cfg.c **** 
 272:Generated_Source\PSoC4/cyfitter_cfg.c **** 		/* HSIOM Starting address: CYDEV_HSIOM_BASE */
 273:Generated_Source\PSoC4/cyfitter_cfg.c **** 		CY_SET_REG32((void *)(CYDEV_HSIOM_BASE), 0x00990000u);
 187              		.loc 1 273 0 is_stmt 1
 188 00a4 9923     		movs	r3, #153
 189 00a6 1B04     		lsls	r3, r3, #16
 190 00a8 184A     		ldr	r2, .L8+4
 191 00aa 1360     		str	r3, [r2]
 274:Generated_Source\PSoC4/cyfitter_cfg.c **** 		CY_SET_REG32((void *)(CYREG_HSIOM_PORT_SEL3), 0x0000EE00u);
 192              		.loc 1 274 0
 193 00ac EE21     		movs	r1, #238
 194 00ae 0902     		lsls	r1, r1, #8
 195 00b0 174A     		ldr	r2, .L8+8
 196 00b2 1160     		str	r1, [r2]
 275:Generated_Source\PSoC4/cyfitter_cfg.c **** 
 276:Generated_Source\PSoC4/cyfitter_cfg.c **** 		/* UDB_PA_0 Starting address: CYDEV_UDB_PA0_BASE */
 277:Generated_Source\PSoC4/cyfitter_cfg.c **** 		CY_SET_REG32((void *)(CYDEV_UDB_PA0_BASE), 0x00990000u);
 197              		.loc 1 277 0
 198 00b4 174A     		ldr	r2, .L8+12
 199 00b6 1360     		str	r3, [r2]
 278:Generated_Source\PSoC4/cyfitter_cfg.c **** 
 279:Generated_Source\PSoC4/cyfitter_cfg.c **** 		/* UDB_PA_1 Starting address: CYDEV_UDB_PA1_BASE */
 280:Generated_Source\PSoC4/cyfitter_cfg.c **** 		CY_SET_REG32((void *)(CYDEV_UDB_PA1_BASE), 0x00990000u);
 200              		.loc 1 280 0
 201 00b8 174A     		ldr	r2, .L8+16
 202 00ba 1360     		str	r3, [r2]
 281:Generated_Source\PSoC4/cyfitter_cfg.c **** 
 282:Generated_Source\PSoC4/cyfitter_cfg.c **** 		/* UDB_PA_2 Starting address: CYDEV_UDB_PA2_BASE */
 283:Generated_Source\PSoC4/cyfitter_cfg.c **** 		CY_SET_REG32((void *)(CYDEV_UDB_PA2_BASE), 0x00990000u);
 203              		.loc 1 283 0
 204 00bc 174A     		ldr	r2, .L8+20
 205 00be 1360     		str	r3, [r2]
 284:Generated_Source\PSoC4/cyfitter_cfg.c **** 
 285:Generated_Source\PSoC4/cyfitter_cfg.c **** 		/* UDB_PA_3 Starting address: CYDEV_UDB_PA3_BASE */
 286:Generated_Source\PSoC4/cyfitter_cfg.c **** 		CY_SET_REG32((void *)(CYDEV_UDB_PA3_BASE), 0x00990000u);
 206              		.loc 1 286 0
 207 00c0 174A     		ldr	r2, .L8+24
 208 00c2 1360     		str	r3, [r2]
 287:Generated_Source\PSoC4/cyfitter_cfg.c **** 
 288:Generated_Source\PSoC4/cyfitter_cfg.c **** 		/* Enable digital routing */
 289:Generated_Source\PSoC4/cyfitter_cfg.c **** 		CY_SET_XTND_REG8((void *)CYREG_UDB_UDBIF_BANK_CTL, (uint8)(CY_GET_XTND_REG8((void *)CYREG_UDB_UDB
 209              		.loc 1 289 0
 210 00c4 174A     		ldr	r2, .L8+28
 211 00c6 1178     		ldrb	r1, [r2]
 212 00c8 0623     		movs	r3, #6
 213 00ca 0B43     		orrs	r3, r1
 214 00cc DBB2     		uxtb	r3, r3
 215 00ce 1370     		strb	r3, [r2]
 216              	.LBE2:
 290:Generated_Source\PSoC4/cyfitter_cfg.c **** 	}
 291:Generated_Source\PSoC4/cyfitter_cfg.c **** 
 292:Generated_Source\PSoC4/cyfitter_cfg.c **** 	/* Perform second pass device configuration. These items must be configured in specific order afte
 293:Generated_Source\PSoC4/cyfitter_cfg.c **** 	/* IOPINS0_0 Starting address: CYDEV_PRT0_BASE */
 294:Generated_Source\PSoC4/cyfitter_cfg.c **** 	CY_SET_REG32((void *)(CYDEV_PRT0_BASE), 0x000000ADu);
 217              		.loc 1 294 0
ARM GAS  C:\Users\jagumiel\AppData\Local\Temp\ccCqCZyx.s 			page 10


 218 00d0 AD22     		movs	r2, #173
 219 00d2 154B     		ldr	r3, .L8+32
 220 00d4 1A60     		str	r2, [r3]
 295:Generated_Source\PSoC4/cyfitter_cfg.c **** 	CY_SET_REG32((void *)(CYREG_PRT0_PC), 0x00431D82u);
 221              		.loc 1 295 0
 222 00d6 154A     		ldr	r2, .L8+36
 223 00d8 154B     		ldr	r3, .L8+40
 224 00da 1A60     		str	r2, [r3]
 296:Generated_Source\PSoC4/cyfitter_cfg.c **** 	CY_SET_REG32((void *)(CYREG_PRT0_PC2), 0x00000020u);
 225              		.loc 1 296 0
 226 00dc 2023     		movs	r3, #32
 227 00de 154A     		ldr	r2, .L8+44
 228 00e0 1360     		str	r3, [r2]
 297:Generated_Source\PSoC4/cyfitter_cfg.c **** 
 298:Generated_Source\PSoC4/cyfitter_cfg.c **** 	/* IOPINS0_1 Starting address: CYDEV_PRT1_BASE */
 299:Generated_Source\PSoC4/cyfitter_cfg.c **** 	CY_SET_REG32((void *)(CYDEV_PRT1_BASE), 0x00000040u);
 229              		.loc 1 299 0
 230 00e2 4021     		movs	r1, #64
 231 00e4 144A     		ldr	r2, .L8+48
 232 00e6 1160     		str	r1, [r2]
 300:Generated_Source\PSoC4/cyfitter_cfg.c **** 	CY_SET_REG32((void *)(CYREG_PRT1_PC), 0x00180000u);
 233              		.loc 1 300 0
 234 00e8 C021     		movs	r1, #192
 235 00ea 4903     		lsls	r1, r1, #13
 236 00ec 134A     		ldr	r2, .L8+52
 237 00ee 1160     		str	r1, [r2]
 301:Generated_Source\PSoC4/cyfitter_cfg.c **** 
 302:Generated_Source\PSoC4/cyfitter_cfg.c **** 	/* IOPINS0_2 Starting address: CYDEV_PRT2_BASE */
 303:Generated_Source\PSoC4/cyfitter_cfg.c **** 	CY_SET_REG32((void *)(CYREG_PRT2_PC), 0x00000180u);
 238              		.loc 1 303 0
 239 00f0 C021     		movs	r1, #192
 240 00f2 4900     		lsls	r1, r1, #1
 241 00f4 124A     		ldr	r2, .L8+56
 242 00f6 1160     		str	r1, [r2]
 304:Generated_Source\PSoC4/cyfitter_cfg.c **** 
 305:Generated_Source\PSoC4/cyfitter_cfg.c **** 	/* IOPINS0_3 Starting address: CYDEV_PRT3_BASE */
 306:Generated_Source\PSoC4/cyfitter_cfg.c **** 	CY_SET_REG32((void *)(CYDEV_PRT3_BASE), 0x00000020u);
 243              		.loc 1 306 0
 244 00f8 124A     		ldr	r2, .L8+60
 245 00fa 1360     		str	r3, [r2]
 307:Generated_Source\PSoC4/cyfitter_cfg.c **** 	CY_SET_REG32((void *)(CYREG_PRT3_PC), 0x00010D80u);
 246              		.loc 1 307 0
 247 00fc 124A     		ldr	r2, .L8+64
 248 00fe 134B     		ldr	r3, .L8+68
 249 0100 1A60     		str	r2, [r3]
 308:Generated_Source\PSoC4/cyfitter_cfg.c **** 
 309:Generated_Source\PSoC4/cyfitter_cfg.c **** 
 310:Generated_Source\PSoC4/cyfitter_cfg.c **** 	/* Setup clocks based on selections from Clock DWR */
 311:Generated_Source\PSoC4/cyfitter_cfg.c **** 	ClockSetup();
 250              		.loc 1 311 0
 251 0102 FFF77DFF 		bl	ClockSetup
 252              	.LVL11:
 312:Generated_Source\PSoC4/cyfitter_cfg.c **** 
 313:Generated_Source\PSoC4/cyfitter_cfg.c **** 	/* Perform basic analog initialization to defaults */
 314:Generated_Source\PSoC4/cyfitter_cfg.c **** 	AnalogSetDefault();
 315:Generated_Source\PSoC4/cyfitter_cfg.c **** 
 316:Generated_Source\PSoC4/cyfitter_cfg.c **** }
ARM GAS  C:\Users\jagumiel\AppData\Local\Temp\ccCqCZyx.s 			page 11


 253              		.loc 1 316 0
 254              		@ sp needed
 255              	.LVL12:
 256 0106 10BD     		pop	{r4, pc}
 257              	.L9:
 258              		.align	2
 259              	.L8:
 260 0108 00000000 		.word	.LANCHOR0
 261 010c 00000140 		.word	1073807360
 262 0110 0C000140 		.word	1073807372
 263 0114 00500F40 		.word	1074745344
 264 0118 10500F40 		.word	1074745360
 265 011c 20500F40 		.word	1074745376
 266 0120 30500F40 		.word	1074745392
 267 0124 00700F40 		.word	1074753536
 268 0128 00000440 		.word	1074003968
 269 012c 821D4300 		.word	4398466
 270 0130 08000440 		.word	1074003976
 271 0134 18000440 		.word	1074003992
 272 0138 00010440 		.word	1074004224
 273 013c 08010440 		.word	1074004232
 274 0140 08020440 		.word	1074004488
 275 0144 00030440 		.word	1074004736
 276 0148 800D0100 		.word	68992
 277 014c 08030440 		.word	1074004744
 278              		.cfi_endproc
 279              	.LFE5:
 280              		.size	cyfitter_cfg, .-cyfitter_cfg
 281              		.section	.rodata
 282              		.align	2
 283              		.set	.LANCHOR0,. + 0
 284              		.type	cfg_memset_list.4847, %object
 285              		.size	cfg_memset_list.4847, 12
 286              	cfg_memset_list.4847:
 287 0000 00300F40 		.word	1074737152
 288 0004 0004     		.short	1024
 289 0006 00400F40 		.4byte	1074741248
 290 000a 0004     		.short	1024
 291              		.text
 292              	.Letext0:
 293              		.file 2 "c:\\program files (x86)\\cypress\\psoc creator\\4.2\\psoc creator\\import\\gnu\\arm\\5.4.
 294              		.file 3 "Generated_Source\\PSoC4\\cytypes.h"
 295              		.file 4 "Generated_Source\\PSoC4\\CyLib.h"
 296              		.section	.debug_info,"",%progbits
 297              	.Ldebug_info0:
 298 0000 75020000 		.4byte	0x275
 299 0004 0400     		.2byte	0x4
 300 0006 00000000 		.4byte	.Ldebug_abbrev0
 301 000a 04       		.byte	0x4
 302 000b 01       		.uleb128 0x1
 303 000c 3E010000 		.4byte	.LASF29
 304 0010 0C       		.byte	0xc
 305 0011 35020000 		.4byte	.LASF30
 306 0015 B2000000 		.4byte	.LASF31
 307 0019 00000000 		.4byte	.Ldebug_ranges0+0
 308 001d 00000000 		.4byte	0
 309 0021 00000000 		.4byte	.Ldebug_line0
ARM GAS  C:\Users\jagumiel\AppData\Local\Temp\ccCqCZyx.s 			page 12


 310 0025 02       		.uleb128 0x2
 311 0026 04       		.byte	0x4
 312 0027 05       		.byte	0x5
 313 0028 696E7400 		.ascii	"int\000"
 314 002c 03       		.uleb128 0x3
 315 002d 06000000 		.4byte	.LASF12
 316 0031 02       		.byte	0x2
 317 0032 D8       		.byte	0xd8
 318 0033 37000000 		.4byte	0x37
 319 0037 04       		.uleb128 0x4
 320 0038 04       		.byte	0x4
 321 0039 07       		.byte	0x7
 322 003a 05010000 		.4byte	.LASF0
 323 003e 04       		.uleb128 0x4
 324 003f 08       		.byte	0x8
 325 0040 05       		.byte	0x5
 326 0041 E2010000 		.4byte	.LASF1
 327 0045 04       		.uleb128 0x4
 328 0046 08       		.byte	0x8
 329 0047 04       		.byte	0x4
 330 0048 1D020000 		.4byte	.LASF2
 331 004c 04       		.uleb128 0x4
 332 004d 01       		.byte	0x1
 333 004e 06       		.byte	0x6
 334 004f 29020000 		.4byte	.LASF3
 335 0053 04       		.uleb128 0x4
 336 0054 01       		.byte	0x1
 337 0055 08       		.byte	0x8
 338 0056 7C000000 		.4byte	.LASF4
 339 005a 04       		.uleb128 0x4
 340 005b 02       		.byte	0x2
 341 005c 05       		.byte	0x5
 342 005d F5010000 		.4byte	.LASF5
 343 0061 04       		.uleb128 0x4
 344 0062 02       		.byte	0x2
 345 0063 07       		.byte	0x7
 346 0064 37000000 		.4byte	.LASF6
 347 0068 04       		.uleb128 0x4
 348 0069 04       		.byte	0x4
 349 006a 05       		.byte	0x5
 350 006b 14020000 		.4byte	.LASF7
 351 006f 04       		.uleb128 0x4
 352 0070 04       		.byte	0x4
 353 0071 07       		.byte	0x7
 354 0072 5A000000 		.4byte	.LASF8
 355 0076 04       		.uleb128 0x4
 356 0077 08       		.byte	0x8
 357 0078 07       		.byte	0x7
 358 0079 27010000 		.4byte	.LASF9
 359 007d 04       		.uleb128 0x4
 360 007e 04       		.byte	0x4
 361 007f 07       		.byte	0x7
 362 0080 D9010000 		.4byte	.LASF10
 363 0084 05       		.uleb128 0x5
 364 0085 04       		.byte	0x4
 365 0086 04       		.uleb128 0x4
 366 0087 01       		.byte	0x1
ARM GAS  C:\Users\jagumiel\AppData\Local\Temp\ccCqCZyx.s 			page 13


 367 0088 08       		.byte	0x8
 368 0089 F0010000 		.4byte	.LASF11
 369 008d 06       		.uleb128 0x6
 370 008e 6C000000 		.4byte	.LASF13
 371 0092 03       		.byte	0x3
 372 0093 E401     		.2byte	0x1e4
 373 0095 53000000 		.4byte	0x53
 374 0099 06       		.uleb128 0x6
 375 009a A4000000 		.4byte	.LASF14
 376 009e 03       		.byte	0x3
 377 009f E501     		.2byte	0x1e5
 378 00a1 61000000 		.4byte	0x61
 379 00a5 06       		.uleb128 0x6
 380 00a6 AB000000 		.4byte	.LASF15
 381 00aa 03       		.byte	0x3
 382 00ab E601     		.2byte	0x1e6
 383 00ad 6F000000 		.4byte	0x6f
 384 00b1 04       		.uleb128 0x4
 385 00b2 04       		.byte	0x4
 386 00b3 04       		.byte	0x4
 387 00b4 4A000000 		.4byte	.LASF16
 388 00b8 04       		.uleb128 0x4
 389 00b9 08       		.byte	0x8
 390 00ba 04       		.byte	0x4
 391 00bb 91000000 		.4byte	.LASF17
 392 00bf 06       		.uleb128 0x6
 393 00c0 55000000 		.4byte	.LASF18
 394 00c4 03       		.byte	0x3
 395 00c5 8E02     		.2byte	0x28e
 396 00c7 CB000000 		.4byte	0xcb
 397 00cb 07       		.uleb128 0x7
 398 00cc 8D000000 		.4byte	0x8d
 399 00d0 06       		.uleb128 0x6
 400 00d1 00000000 		.4byte	.LASF19
 401 00d5 03       		.byte	0x3
 402 00d6 9002     		.2byte	0x290
 403 00d8 DC000000 		.4byte	0xdc
 404 00dc 07       		.uleb128 0x7
 405 00dd A5000000 		.4byte	0xa5
 406 00e1 08       		.uleb128 0x8
 407 00e2 72000000 		.4byte	.LASF20
 408 00e6 01       		.byte	0x1
 409 00e7 4C       		.byte	0x4c
 410 00e8 00000000 		.4byte	.LFB0
 411 00ec 0C000000 		.4byte	.LFE0-.LFB0
 412 00f0 01       		.uleb128 0x1
 413 00f1 9C       		.byte	0x9c
 414 00f2 2E010000 		.4byte	0x12e
 415 00f6 09       		.uleb128 0x9
 416 00f7 7300     		.ascii	"s\000"
 417 00f9 01       		.byte	0x1
 418 00fa 4C       		.byte	0x4c
 419 00fb 84000000 		.4byte	0x84
 420 00ff 00000000 		.4byte	.LLST0
 421 0103 09       		.uleb128 0x9
 422 0104 6E00     		.ascii	"n\000"
 423 0106 01       		.byte	0x1
ARM GAS  C:\Users\jagumiel\AppData\Local\Temp\ccCqCZyx.s 			page 14


 424 0107 4C       		.byte	0x4c
 425 0108 2C000000 		.4byte	0x2c
 426 010c 21000000 		.4byte	.LLST1
 427 0110 0A       		.uleb128 0xa
 428 0111 0A000000 		.4byte	.LVL2
 429 0115 4E020000 		.4byte	0x24e
 430 0119 0B       		.uleb128 0xb
 431 011a 01       		.uleb128 0x1
 432 011b 50       		.byte	0x50
 433 011c 03       		.uleb128 0x3
 434 011d F3       		.byte	0xf3
 435 011e 01       		.uleb128 0x1
 436 011f 50       		.byte	0x50
 437 0120 0B       		.uleb128 0xb
 438 0121 01       		.uleb128 0x1
 439 0122 51       		.byte	0x51
 440 0123 01       		.uleb128 0x1
 441 0124 30       		.byte	0x30
 442 0125 0B       		.uleb128 0xb
 443 0126 01       		.uleb128 0x1
 444 0127 52       		.byte	0x52
 445 0128 03       		.uleb128 0x3
 446 0129 F3       		.byte	0xf3
 447 012a 01       		.uleb128 0x1
 448 012b 51       		.byte	0x51
 449 012c 00       		.byte	0
 450 012d 00       		.byte	0
 451 012e 08       		.uleb128 0x8
 452 012f 2C000000 		.4byte	.LASF21
 453 0133 01       		.byte	0x1
 454 0134 AA       		.byte	0xaa
 455 0135 00000000 		.4byte	.LFB3
 456 0139 78000000 		.4byte	.LFE3-.LFB3
 457 013d 01       		.uleb128 0x1
 458 013e 9C       		.byte	0x9c
 459 013f 79010000 		.4byte	0x179
 460 0143 0C       		.uleb128 0xc
 461 0144 14000000 		.4byte	.LVL3
 462 0148 57020000 		.4byte	0x257
 463 014c 56010000 		.4byte	0x156
 464 0150 0B       		.uleb128 0xb
 465 0151 01       		.uleb128 0x1
 466 0152 50       		.byte	0x50
 467 0153 01       		.uleb128 0x1
 468 0154 48       		.byte	0x48
 469 0155 00       		.byte	0
 470 0156 0C       		.uleb128 0xc
 471 0157 42000000 		.4byte	.LVL4
 472 015b 62020000 		.4byte	0x262
 473 015f 69010000 		.4byte	0x169
 474 0163 0B       		.uleb128 0xb
 475 0164 01       		.uleb128 0x1
 476 0165 50       		.byte	0x50
 477 0166 01       		.uleb128 0x1
 478 0167 39       		.byte	0x39
 479 0168 00       		.byte	0
 480 0169 0A       		.uleb128 0xa
ARM GAS  C:\Users\jagumiel\AppData\Local\Temp\ccCqCZyx.s 			page 15


 481 016a 48000000 		.4byte	.LVL5
 482 016e 6D020000 		.4byte	0x26d
 483 0172 0B       		.uleb128 0xb
 484 0173 01       		.uleb128 0x1
 485 0174 50       		.byte	0x50
 486 0175 01       		.uleb128 0x1
 487 0176 39       		.byte	0x39
 488 0177 00       		.byte	0
 489 0178 00       		.byte	0
 490 0179 0D       		.uleb128 0xd
 491 017a 12010000 		.4byte	.LASF32
 492 017e 01       		.byte	0x1
 493 017f F5       		.byte	0xf5
 494 0180 78000000 		.4byte	.LFB5
 495 0184 D8000000 		.4byte	.LFE5-.LFB5
 496 0188 01       		.uleb128 0x1
 497 0189 9C       		.byte	0x9c
 498 018a 4E020000 		.4byte	0x24e
 499 018e 0E       		.uleb128 0xe
 500 018f 7C000000 		.4byte	.LBB2
 501 0193 54000000 		.4byte	.LBE2-.LBB2
 502 0197 44020000 		.4byte	0x244
 503 019b 0F       		.uleb128 0xf
 504 019c 06       		.byte	0x6
 505 019d 01       		.byte	0x1
 506 019e FC       		.byte	0xfc
 507 019f BC010000 		.4byte	0x1bc
 508 01a3 10       		.uleb128 0x10
 509 01a4 1F010000 		.4byte	.LASF22
 510 01a8 01       		.byte	0x1
 511 01a9 FD       		.byte	0xfd
 512 01aa 84000000 		.4byte	0x84
 513 01ae 00       		.byte	0
 514 01af 10       		.uleb128 0x10
 515 01b0 50000000 		.4byte	.LASF23
 516 01b4 01       		.byte	0x1
 517 01b5 FE       		.byte	0xfe
 518 01b6 99000000 		.4byte	0x99
 519 01ba 04       		.byte	0x4
 520 01bb 00       		.byte	0
 521 01bc 03       		.uleb128 0x3
 522 01bd CC010000 		.4byte	.LASF24
 523 01c1 01       		.byte	0x1
 524 01c2 FF       		.byte	0xff
 525 01c3 9B010000 		.4byte	0x19b
 526 01c7 11       		.uleb128 0x11
 527 01c8 D7010000 		.4byte	0x1d7
 528 01cc D7010000 		.4byte	0x1d7
 529 01d0 12       		.uleb128 0x12
 530 01d1 7D000000 		.4byte	0x7d
 531 01d5 01       		.byte	0x1
 532 01d6 00       		.byte	0
 533 01d7 13       		.uleb128 0x13
 534 01d8 BC010000 		.4byte	0x1bc
 535 01dc 14       		.uleb128 0x14
 536 01dd 1C000000 		.4byte	.LASF25
 537 01e1 01       		.byte	0x1
ARM GAS  C:\Users\jagumiel\AppData\Local\Temp\ccCqCZyx.s 			page 16


 538 01e2 0101     		.2byte	0x101
 539 01e4 EE010000 		.4byte	0x1ee
 540 01e8 05       		.uleb128 0x5
 541 01e9 03       		.byte	0x3
 542 01ea 00000000 		.4byte	cfg_memset_list.4847
 543 01ee 13       		.uleb128 0x13
 544 01ef C7010000 		.4byte	0x1c7
 545 01f3 15       		.uleb128 0x15
 546 01f4 6900     		.ascii	"i\000"
 547 01f6 01       		.byte	0x1
 548 01f7 0701     		.2byte	0x107
 549 01f9 8D000000 		.4byte	0x8d
 550 01fd 4D000000 		.4byte	.LLST2
 551 0201 16       		.uleb128 0x16
 552 0202 80000000 		.4byte	.LBB3
 553 0206 1C000000 		.4byte	.LBE3-.LBB3
 554 020a 15       		.uleb128 0x15
 555 020b 6D7300   		.ascii	"ms\000"
 556 020e 01       		.byte	0x1
 557 020f 0C01     		.2byte	0x10c
 558 0211 19020000 		.4byte	0x219
 559 0215 77000000 		.4byte	.LLST3
 560 0219 17       		.uleb128 0x17
 561 021a 04       		.byte	0x4
 562 021b D7010000 		.4byte	0x1d7
 563 021f 0A       		.uleb128 0xa
 564 0220 9C000000 		.4byte	.LVL8
 565 0224 E1000000 		.4byte	0xe1
 566 0228 0B       		.uleb128 0xb
 567 0229 01       		.uleb128 0x1
 568 022a 51       		.byte	0x51
 569 022b 15       		.uleb128 0x15
 570 022c 74       		.byte	0x74
 571 022d 00       		.sleb128 0
 572 022e 31       		.byte	0x31
 573 022f 24       		.byte	0x24
 574 0230 74       		.byte	0x74
 575 0231 00       		.sleb128 0
 576 0232 22       		.byte	0x22
 577 0233 31       		.byte	0x31
 578 0234 24       		.byte	0x24
 579 0235 03       		.byte	0x3
 580 0236 04000000 		.4byte	.LANCHOR0+4
 581 023a 22       		.byte	0x22
 582 023b 94       		.byte	0x94
 583 023c 02       		.byte	0x2
 584 023d 0A       		.byte	0xa
 585 023e FFFF     		.2byte	0xffff
 586 0240 1A       		.byte	0x1a
 587 0241 00       		.byte	0
 588 0242 00       		.byte	0
 589 0243 00       		.byte	0
 590 0244 18       		.uleb128 0x18
 591 0245 06010000 		.4byte	.LVL11
 592 0249 2E010000 		.4byte	0x12e
 593 024d 00       		.byte	0
 594 024e 19       		.uleb128 0x19
ARM GAS  C:\Users\jagumiel\AppData\Local\Temp\ccCqCZyx.s 			page 17


 595 024f 8A000000 		.4byte	.LASF33
 596 0253 8A000000 		.4byte	.LASF33
 597 0257 1A       		.uleb128 0x1a
 598 0258 FF010000 		.4byte	.LASF26
 599 025c FF010000 		.4byte	.LASF26
 600 0260 04       		.byte	0x4
 601 0261 6C       		.byte	0x6c
 602 0262 1A       		.uleb128 0x1a
 603 0263 0D000000 		.4byte	.LASF27
 604 0267 0D000000 		.4byte	.LASF27
 605 026b 04       		.byte	0x4
 606 026c BD       		.byte	0xbd
 607 026d 1A       		.uleb128 0x1a
 608 026e 98000000 		.4byte	.LASF28
 609 0272 98000000 		.4byte	.LASF28
 610 0276 04       		.byte	0x4
 611 0277 C3       		.byte	0xc3
 612 0278 00       		.byte	0
 613              		.section	.debug_abbrev,"",%progbits
 614              	.Ldebug_abbrev0:
 615 0000 01       		.uleb128 0x1
 616 0001 11       		.uleb128 0x11
 617 0002 01       		.byte	0x1
 618 0003 25       		.uleb128 0x25
 619 0004 0E       		.uleb128 0xe
 620 0005 13       		.uleb128 0x13
 621 0006 0B       		.uleb128 0xb
 622 0007 03       		.uleb128 0x3
 623 0008 0E       		.uleb128 0xe
 624 0009 1B       		.uleb128 0x1b
 625 000a 0E       		.uleb128 0xe
 626 000b 55       		.uleb128 0x55
 627 000c 17       		.uleb128 0x17
 628 000d 11       		.uleb128 0x11
 629 000e 01       		.uleb128 0x1
 630 000f 10       		.uleb128 0x10
 631 0010 17       		.uleb128 0x17
 632 0011 00       		.byte	0
 633 0012 00       		.byte	0
 634 0013 02       		.uleb128 0x2
 635 0014 24       		.uleb128 0x24
 636 0015 00       		.byte	0
 637 0016 0B       		.uleb128 0xb
 638 0017 0B       		.uleb128 0xb
 639 0018 3E       		.uleb128 0x3e
 640 0019 0B       		.uleb128 0xb
 641 001a 03       		.uleb128 0x3
 642 001b 08       		.uleb128 0x8
 643 001c 00       		.byte	0
 644 001d 00       		.byte	0
 645 001e 03       		.uleb128 0x3
 646 001f 16       		.uleb128 0x16
 647 0020 00       		.byte	0
 648 0021 03       		.uleb128 0x3
 649 0022 0E       		.uleb128 0xe
 650 0023 3A       		.uleb128 0x3a
 651 0024 0B       		.uleb128 0xb
ARM GAS  C:\Users\jagumiel\AppData\Local\Temp\ccCqCZyx.s 			page 18


 652 0025 3B       		.uleb128 0x3b
 653 0026 0B       		.uleb128 0xb
 654 0027 49       		.uleb128 0x49
 655 0028 13       		.uleb128 0x13
 656 0029 00       		.byte	0
 657 002a 00       		.byte	0
 658 002b 04       		.uleb128 0x4
 659 002c 24       		.uleb128 0x24
 660 002d 00       		.byte	0
 661 002e 0B       		.uleb128 0xb
 662 002f 0B       		.uleb128 0xb
 663 0030 3E       		.uleb128 0x3e
 664 0031 0B       		.uleb128 0xb
 665 0032 03       		.uleb128 0x3
 666 0033 0E       		.uleb128 0xe
 667 0034 00       		.byte	0
 668 0035 00       		.byte	0
 669 0036 05       		.uleb128 0x5
 670 0037 0F       		.uleb128 0xf
 671 0038 00       		.byte	0
 672 0039 0B       		.uleb128 0xb
 673 003a 0B       		.uleb128 0xb
 674 003b 00       		.byte	0
 675 003c 00       		.byte	0
 676 003d 06       		.uleb128 0x6
 677 003e 16       		.uleb128 0x16
 678 003f 00       		.byte	0
 679 0040 03       		.uleb128 0x3
 680 0041 0E       		.uleb128 0xe
 681 0042 3A       		.uleb128 0x3a
 682 0043 0B       		.uleb128 0xb
 683 0044 3B       		.uleb128 0x3b
 684 0045 05       		.uleb128 0x5
 685 0046 49       		.uleb128 0x49
 686 0047 13       		.uleb128 0x13
 687 0048 00       		.byte	0
 688 0049 00       		.byte	0
 689 004a 07       		.uleb128 0x7
 690 004b 35       		.uleb128 0x35
 691 004c 00       		.byte	0
 692 004d 49       		.uleb128 0x49
 693 004e 13       		.uleb128 0x13
 694 004f 00       		.byte	0
 695 0050 00       		.byte	0
 696 0051 08       		.uleb128 0x8
 697 0052 2E       		.uleb128 0x2e
 698 0053 01       		.byte	0x1
 699 0054 03       		.uleb128 0x3
 700 0055 0E       		.uleb128 0xe
 701 0056 3A       		.uleb128 0x3a
 702 0057 0B       		.uleb128 0xb
 703 0058 3B       		.uleb128 0x3b
 704 0059 0B       		.uleb128 0xb
 705 005a 27       		.uleb128 0x27
 706 005b 19       		.uleb128 0x19
 707 005c 11       		.uleb128 0x11
 708 005d 01       		.uleb128 0x1
ARM GAS  C:\Users\jagumiel\AppData\Local\Temp\ccCqCZyx.s 			page 19


 709 005e 12       		.uleb128 0x12
 710 005f 06       		.uleb128 0x6
 711 0060 40       		.uleb128 0x40
 712 0061 18       		.uleb128 0x18
 713 0062 9742     		.uleb128 0x2117
 714 0064 19       		.uleb128 0x19
 715 0065 01       		.uleb128 0x1
 716 0066 13       		.uleb128 0x13
 717 0067 00       		.byte	0
 718 0068 00       		.byte	0
 719 0069 09       		.uleb128 0x9
 720 006a 05       		.uleb128 0x5
 721 006b 00       		.byte	0
 722 006c 03       		.uleb128 0x3
 723 006d 08       		.uleb128 0x8
 724 006e 3A       		.uleb128 0x3a
 725 006f 0B       		.uleb128 0xb
 726 0070 3B       		.uleb128 0x3b
 727 0071 0B       		.uleb128 0xb
 728 0072 49       		.uleb128 0x49
 729 0073 13       		.uleb128 0x13
 730 0074 02       		.uleb128 0x2
 731 0075 17       		.uleb128 0x17
 732 0076 00       		.byte	0
 733 0077 00       		.byte	0
 734 0078 0A       		.uleb128 0xa
 735 0079 898201   		.uleb128 0x4109
 736 007c 01       		.byte	0x1
 737 007d 11       		.uleb128 0x11
 738 007e 01       		.uleb128 0x1
 739 007f 31       		.uleb128 0x31
 740 0080 13       		.uleb128 0x13
 741 0081 00       		.byte	0
 742 0082 00       		.byte	0
 743 0083 0B       		.uleb128 0xb
 744 0084 8A8201   		.uleb128 0x410a
 745 0087 00       		.byte	0
 746 0088 02       		.uleb128 0x2
 747 0089 18       		.uleb128 0x18
 748 008a 9142     		.uleb128 0x2111
 749 008c 18       		.uleb128 0x18
 750 008d 00       		.byte	0
 751 008e 00       		.byte	0
 752 008f 0C       		.uleb128 0xc
 753 0090 898201   		.uleb128 0x4109
 754 0093 01       		.byte	0x1
 755 0094 11       		.uleb128 0x11
 756 0095 01       		.uleb128 0x1
 757 0096 31       		.uleb128 0x31
 758 0097 13       		.uleb128 0x13
 759 0098 01       		.uleb128 0x1
 760 0099 13       		.uleb128 0x13
 761 009a 00       		.byte	0
 762 009b 00       		.byte	0
 763 009c 0D       		.uleb128 0xd
 764 009d 2E       		.uleb128 0x2e
 765 009e 01       		.byte	0x1
ARM GAS  C:\Users\jagumiel\AppData\Local\Temp\ccCqCZyx.s 			page 20


 766 009f 3F       		.uleb128 0x3f
 767 00a0 19       		.uleb128 0x19
 768 00a1 03       		.uleb128 0x3
 769 00a2 0E       		.uleb128 0xe
 770 00a3 3A       		.uleb128 0x3a
 771 00a4 0B       		.uleb128 0xb
 772 00a5 3B       		.uleb128 0x3b
 773 00a6 0B       		.uleb128 0xb
 774 00a7 27       		.uleb128 0x27
 775 00a8 19       		.uleb128 0x19
 776 00a9 11       		.uleb128 0x11
 777 00aa 01       		.uleb128 0x1
 778 00ab 12       		.uleb128 0x12
 779 00ac 06       		.uleb128 0x6
 780 00ad 40       		.uleb128 0x40
 781 00ae 18       		.uleb128 0x18
 782 00af 9742     		.uleb128 0x2117
 783 00b1 19       		.uleb128 0x19
 784 00b2 01       		.uleb128 0x1
 785 00b3 13       		.uleb128 0x13
 786 00b4 00       		.byte	0
 787 00b5 00       		.byte	0
 788 00b6 0E       		.uleb128 0xe
 789 00b7 0B       		.uleb128 0xb
 790 00b8 01       		.byte	0x1
 791 00b9 11       		.uleb128 0x11
 792 00ba 01       		.uleb128 0x1
 793 00bb 12       		.uleb128 0x12
 794 00bc 06       		.uleb128 0x6
 795 00bd 01       		.uleb128 0x1
 796 00be 13       		.uleb128 0x13
 797 00bf 00       		.byte	0
 798 00c0 00       		.byte	0
 799 00c1 0F       		.uleb128 0xf
 800 00c2 13       		.uleb128 0x13
 801 00c3 01       		.byte	0x1
 802 00c4 0B       		.uleb128 0xb
 803 00c5 0B       		.uleb128 0xb
 804 00c6 3A       		.uleb128 0x3a
 805 00c7 0B       		.uleb128 0xb
 806 00c8 3B       		.uleb128 0x3b
 807 00c9 0B       		.uleb128 0xb
 808 00ca 01       		.uleb128 0x1
 809 00cb 13       		.uleb128 0x13
 810 00cc 00       		.byte	0
 811 00cd 00       		.byte	0
 812 00ce 10       		.uleb128 0x10
 813 00cf 0D       		.uleb128 0xd
 814 00d0 00       		.byte	0
 815 00d1 03       		.uleb128 0x3
 816 00d2 0E       		.uleb128 0xe
 817 00d3 3A       		.uleb128 0x3a
 818 00d4 0B       		.uleb128 0xb
 819 00d5 3B       		.uleb128 0x3b
 820 00d6 0B       		.uleb128 0xb
 821 00d7 49       		.uleb128 0x49
 822 00d8 13       		.uleb128 0x13
ARM GAS  C:\Users\jagumiel\AppData\Local\Temp\ccCqCZyx.s 			page 21


 823 00d9 38       		.uleb128 0x38
 824 00da 0B       		.uleb128 0xb
 825 00db 00       		.byte	0
 826 00dc 00       		.byte	0
 827 00dd 11       		.uleb128 0x11
 828 00de 01       		.uleb128 0x1
 829 00df 01       		.byte	0x1
 830 00e0 49       		.uleb128 0x49
 831 00e1 13       		.uleb128 0x13
 832 00e2 01       		.uleb128 0x1
 833 00e3 13       		.uleb128 0x13
 834 00e4 00       		.byte	0
 835 00e5 00       		.byte	0
 836 00e6 12       		.uleb128 0x12
 837 00e7 21       		.uleb128 0x21
 838 00e8 00       		.byte	0
 839 00e9 49       		.uleb128 0x49
 840 00ea 13       		.uleb128 0x13
 841 00eb 2F       		.uleb128 0x2f
 842 00ec 0B       		.uleb128 0xb
 843 00ed 00       		.byte	0
 844 00ee 00       		.byte	0
 845 00ef 13       		.uleb128 0x13
 846 00f0 26       		.uleb128 0x26
 847 00f1 00       		.byte	0
 848 00f2 49       		.uleb128 0x49
 849 00f3 13       		.uleb128 0x13
 850 00f4 00       		.byte	0
 851 00f5 00       		.byte	0
 852 00f6 14       		.uleb128 0x14
 853 00f7 34       		.uleb128 0x34
 854 00f8 00       		.byte	0
 855 00f9 03       		.uleb128 0x3
 856 00fa 0E       		.uleb128 0xe
 857 00fb 3A       		.uleb128 0x3a
 858 00fc 0B       		.uleb128 0xb
 859 00fd 3B       		.uleb128 0x3b
 860 00fe 05       		.uleb128 0x5
 861 00ff 49       		.uleb128 0x49
 862 0100 13       		.uleb128 0x13
 863 0101 02       		.uleb128 0x2
 864 0102 18       		.uleb128 0x18
 865 0103 00       		.byte	0
 866 0104 00       		.byte	0
 867 0105 15       		.uleb128 0x15
 868 0106 34       		.uleb128 0x34
 869 0107 00       		.byte	0
 870 0108 03       		.uleb128 0x3
 871 0109 08       		.uleb128 0x8
 872 010a 3A       		.uleb128 0x3a
 873 010b 0B       		.uleb128 0xb
 874 010c 3B       		.uleb128 0x3b
 875 010d 05       		.uleb128 0x5
 876 010e 49       		.uleb128 0x49
 877 010f 13       		.uleb128 0x13
 878 0110 02       		.uleb128 0x2
 879 0111 17       		.uleb128 0x17
ARM GAS  C:\Users\jagumiel\AppData\Local\Temp\ccCqCZyx.s 			page 22


 880 0112 00       		.byte	0
 881 0113 00       		.byte	0
 882 0114 16       		.uleb128 0x16
 883 0115 0B       		.uleb128 0xb
 884 0116 01       		.byte	0x1
 885 0117 11       		.uleb128 0x11
 886 0118 01       		.uleb128 0x1
 887 0119 12       		.uleb128 0x12
 888 011a 06       		.uleb128 0x6
 889 011b 00       		.byte	0
 890 011c 00       		.byte	0
 891 011d 17       		.uleb128 0x17
 892 011e 0F       		.uleb128 0xf
 893 011f 00       		.byte	0
 894 0120 0B       		.uleb128 0xb
 895 0121 0B       		.uleb128 0xb
 896 0122 49       		.uleb128 0x49
 897 0123 13       		.uleb128 0x13
 898 0124 00       		.byte	0
 899 0125 00       		.byte	0
 900 0126 18       		.uleb128 0x18
 901 0127 898201   		.uleb128 0x4109
 902 012a 00       		.byte	0
 903 012b 11       		.uleb128 0x11
 904 012c 01       		.uleb128 0x1
 905 012d 31       		.uleb128 0x31
 906 012e 13       		.uleb128 0x13
 907 012f 00       		.byte	0
 908 0130 00       		.byte	0
 909 0131 19       		.uleb128 0x19
 910 0132 2E       		.uleb128 0x2e
 911 0133 00       		.byte	0
 912 0134 3F       		.uleb128 0x3f
 913 0135 19       		.uleb128 0x19
 914 0136 3C       		.uleb128 0x3c
 915 0137 19       		.uleb128 0x19
 916 0138 6E       		.uleb128 0x6e
 917 0139 0E       		.uleb128 0xe
 918 013a 03       		.uleb128 0x3
 919 013b 0E       		.uleb128 0xe
 920 013c 00       		.byte	0
 921 013d 00       		.byte	0
 922 013e 1A       		.uleb128 0x1a
 923 013f 2E       		.uleb128 0x2e
 924 0140 00       		.byte	0
 925 0141 3F       		.uleb128 0x3f
 926 0142 19       		.uleb128 0x19
 927 0143 3C       		.uleb128 0x3c
 928 0144 19       		.uleb128 0x19
 929 0145 6E       		.uleb128 0x6e
 930 0146 0E       		.uleb128 0xe
 931 0147 03       		.uleb128 0x3
 932 0148 0E       		.uleb128 0xe
 933 0149 3A       		.uleb128 0x3a
 934 014a 0B       		.uleb128 0xb
 935 014b 3B       		.uleb128 0x3b
 936 014c 0B       		.uleb128 0xb
ARM GAS  C:\Users\jagumiel\AppData\Local\Temp\ccCqCZyx.s 			page 23


 937 014d 00       		.byte	0
 938 014e 00       		.byte	0
 939 014f 00       		.byte	0
 940              		.section	.debug_loc,"",%progbits
 941              	.Ldebug_loc0:
 942              	.LLST0:
 943 0000 00000000 		.4byte	.LVL0
 944 0004 09000000 		.4byte	.LVL2-1
 945 0008 0100     		.2byte	0x1
 946 000a 50       		.byte	0x50
 947 000b 09000000 		.4byte	.LVL2-1
 948 000f 0C000000 		.4byte	.LFE0
 949 0013 0400     		.2byte	0x4
 950 0015 F3       		.byte	0xf3
 951 0016 01       		.uleb128 0x1
 952 0017 50       		.byte	0x50
 953 0018 9F       		.byte	0x9f
 954 0019 00000000 		.4byte	0
 955 001d 00000000 		.4byte	0
 956              	.LLST1:
 957 0021 00000000 		.4byte	.LVL0
 958 0025 06000000 		.4byte	.LVL1
 959 0029 0100     		.2byte	0x1
 960 002b 51       		.byte	0x51
 961 002c 06000000 		.4byte	.LVL1
 962 0030 09000000 		.4byte	.LVL2-1
 963 0034 0100     		.2byte	0x1
 964 0036 52       		.byte	0x52
 965 0037 09000000 		.4byte	.LVL2-1
 966 003b 0C000000 		.4byte	.LFE0
 967 003f 0400     		.2byte	0x4
 968 0041 F3       		.byte	0xf3
 969 0042 01       		.uleb128 0x1
 970 0043 51       		.byte	0x51
 971 0044 9F       		.byte	0x9f
 972 0045 00000000 		.4byte	0
 973 0049 00000000 		.4byte	0
 974              	.LLST2:
 975 004d 7C000000 		.4byte	.LVL6
 976 0051 80000000 		.4byte	.LVL7
 977 0055 0200     		.2byte	0x2
 978 0057 30       		.byte	0x30
 979 0058 9F       		.byte	0x9f
 980 0059 80000000 		.4byte	.LVL7
 981 005d 9E000000 		.4byte	.LVL9
 982 0061 0100     		.2byte	0x1
 983 0063 54       		.byte	0x54
 984 0064 A0000000 		.4byte	.LVL10
 985 0068 06010000 		.4byte	.LVL12
 986 006c 0100     		.2byte	0x1
 987 006e 54       		.byte	0x54
 988 006f 00000000 		.4byte	0
 989 0073 00000000 		.4byte	0
 990              	.LLST3:
 991 0077 80000000 		.4byte	.LVL7
 992 007b 9E000000 		.4byte	.LVL9
 993 007f 0B00     		.2byte	0xb
ARM GAS  C:\Users\jagumiel\AppData\Local\Temp\ccCqCZyx.s 			page 24


 994 0081 74       		.byte	0x74
 995 0082 00       		.sleb128 0
 996 0083 36       		.byte	0x36
 997 0084 1E       		.byte	0x1e
 998 0085 03       		.byte	0x3
 999 0086 00000000 		.4byte	cfg_memset_list.4847
 1000 008a 22       		.byte	0x22
 1001 008b 9F       		.byte	0x9f
 1002 008c 9E000000 		.4byte	.LVL9
 1003 0090 A0000000 		.4byte	.LVL10
 1004 0094 0B00     		.2byte	0xb
 1005 0096 74       		.byte	0x74
 1006 0097 7F       		.sleb128 -1
 1007 0098 36       		.byte	0x36
 1008 0099 1E       		.byte	0x1e
 1009 009a 03       		.byte	0x3
 1010 009b 00000000 		.4byte	cfg_memset_list.4847
 1011 009f 22       		.byte	0x22
 1012 00a0 9F       		.byte	0x9f
 1013 00a1 00000000 		.4byte	0
 1014 00a5 00000000 		.4byte	0
 1015              		.section	.debug_aranges,"",%progbits
 1016 0000 2C000000 		.4byte	0x2c
 1017 0004 0200     		.2byte	0x2
 1018 0006 00000000 		.4byte	.Ldebug_info0
 1019 000a 04       		.byte	0x4
 1020 000b 00       		.byte	0
 1021 000c 0000     		.2byte	0
 1022 000e 0000     		.2byte	0
 1023 0010 00000000 		.4byte	.LFB0
 1024 0014 0C000000 		.4byte	.LFE0-.LFB0
 1025 0018 00000000 		.4byte	.LFB3
 1026 001c 78000000 		.4byte	.LFE3-.LFB3
 1027 0020 78000000 		.4byte	.LFB5
 1028 0024 D8000000 		.4byte	.LFE5-.LFB5
 1029 0028 00000000 		.4byte	0
 1030 002c 00000000 		.4byte	0
 1031              		.section	.debug_ranges,"",%progbits
 1032              	.Ldebug_ranges0:
 1033 0000 00000000 		.4byte	.LFB0
 1034 0004 0C000000 		.4byte	.LFE0
 1035 0008 00000000 		.4byte	.LFB3
 1036 000c 78000000 		.4byte	.LFE3
 1037 0010 78000000 		.4byte	.LFB5
 1038 0014 50010000 		.4byte	.LFE5
 1039 0018 00000000 		.4byte	0
 1040 001c 00000000 		.4byte	0
 1041              		.section	.debug_line,"",%progbits
 1042              	.Ldebug_line0:
 1043 0000 34010000 		.section	.debug_str,"MS",%progbits,1
 1043      0200D600 
 1043      00000201 
 1043      FB0E0D00 
 1043      01010101 
 1044              	.LASF19:
 1045 0000 72656733 		.ascii	"reg32\000"
 1045      3200
ARM GAS  C:\Users\jagumiel\AppData\Local\Temp\ccCqCZyx.s 			page 25


 1046              	.LASF12:
 1047 0006 73697A65 		.ascii	"size_t\000"
 1047      5F7400
 1048              	.LASF27:
 1049 000d 4379496E 		.ascii	"CyIntSetVector\000"
 1049      74536574 
 1049      56656374 
 1049      6F7200
 1050              	.LASF25:
 1051 001c 6366675F 		.ascii	"cfg_memset_list\000"
 1051      6D656D73 
 1051      65745F6C 
 1051      69737400 
 1052              	.LASF21:
 1053 002c 436C6F63 		.ascii	"ClockSetup\000"
 1053      6B536574 
 1053      757000
 1054              	.LASF6:
 1055 0037 73686F72 		.ascii	"short unsigned int\000"
 1055      7420756E 
 1055      7369676E 
 1055      65642069 
 1055      6E7400
 1056              	.LASF16:
 1057 004a 666C6F61 		.ascii	"float\000"
 1057      7400
 1058              	.LASF23:
 1059 0050 73697A65 		.ascii	"size\000"
 1059      00
 1060              	.LASF18:
 1061 0055 72656738 		.ascii	"reg8\000"
 1061      00
 1062              	.LASF8:
 1063 005a 6C6F6E67 		.ascii	"long unsigned int\000"
 1063      20756E73 
 1063      69676E65 
 1063      6420696E 
 1063      7400
 1064              	.LASF13:
 1065 006c 75696E74 		.ascii	"uint8\000"
 1065      3800
 1066              	.LASF20:
 1067 0072 43594D45 		.ascii	"CYMEMZERO\000"
 1067      4D5A4552 
 1067      4F00
 1068              	.LASF4:
 1069 007c 756E7369 		.ascii	"unsigned char\000"
 1069      676E6564 
 1069      20636861 
 1069      7200
 1070              	.LASF33:
 1071 008a 6D656D73 		.ascii	"memset\000"
 1071      657400
 1072              	.LASF17:
 1073 0091 646F7562 		.ascii	"double\000"
 1073      6C6500
 1074              	.LASF28:
ARM GAS  C:\Users\jagumiel\AppData\Local\Temp\ccCqCZyx.s 			page 26


 1075 0098 4379496E 		.ascii	"CyIntEnable\000"
 1075      74456E61 
 1075      626C6500 
 1076              	.LASF14:
 1077 00a4 75696E74 		.ascii	"uint16\000"
 1077      313600
 1078              	.LASF15:
 1079 00ab 75696E74 		.ascii	"uint32\000"
 1079      333200
 1080              	.LASF31:
 1081 00b2 443A5C55 		.ascii	"D:\\Users\\jagumiel\\Documents\\PSoC Creator\\LIN-M"
 1081      73657273 
 1081      5C6A6167 
 1081      756D6965 
 1081      6C5C446F 
 1082 00e0 61737465 		.ascii	"aster-Orders\\LIN-Master-Orders.cydsn\000"
 1082      722D4F72 
 1082      64657273 
 1082      5C4C494E 
 1082      2D4D6173 
 1083              	.LASF0:
 1084 0105 756E7369 		.ascii	"unsigned int\000"
 1084      676E6564 
 1084      20696E74 
 1084      00
 1085              	.LASF32:
 1086 0112 63796669 		.ascii	"cyfitter_cfg\000"
 1086      74746572 
 1086      5F636667 
 1086      00
 1087              	.LASF22:
 1088 011f 61646472 		.ascii	"address\000"
 1088      65737300 
 1089              	.LASF9:
 1090 0127 6C6F6E67 		.ascii	"long long unsigned int\000"
 1090      206C6F6E 
 1090      6720756E 
 1090      7369676E 
 1090      65642069 
 1091              	.LASF29:
 1092 013e 474E5520 		.ascii	"GNU C11 5.4.1 20160609 (release) [ARM/embedded-5-br"
 1092      43313120 
 1092      352E342E 
 1092      31203230 
 1092      31363036 
 1093 0171 616E6368 		.ascii	"anch revision 237715] -mcpu=cortex-m0 -mthumb -g -O"
 1093      20726576 
 1093      6973696F 
 1093      6E203233 
 1093      37373135 
 1094 01a4 67202D66 		.ascii	"g -ffunction-sections -ffat-lto-objects\000"
 1094      66756E63 
 1094      74696F6E 
 1094      2D736563 
 1094      74696F6E 
 1095              	.LASF24:
 1096 01cc 6366675F 		.ascii	"cfg_memset_t\000"
ARM GAS  C:\Users\jagumiel\AppData\Local\Temp\ccCqCZyx.s 			page 27


 1096      6D656D73 
 1096      65745F74 
 1096      00
 1097              	.LASF10:
 1098 01d9 73697A65 		.ascii	"sizetype\000"
 1098      74797065 
 1098      00
 1099              	.LASF1:
 1100 01e2 6C6F6E67 		.ascii	"long long int\000"
 1100      206C6F6E 
 1100      6720696E 
 1100      7400
 1101              	.LASF11:
 1102 01f0 63686172 		.ascii	"char\000"
 1102      00
 1103              	.LASF5:
 1104 01f5 73686F72 		.ascii	"short int\000"
 1104      7420696E 
 1104      7400
 1105              	.LASF26:
 1106 01ff 43795379 		.ascii	"CySysClkWriteImoFreq\000"
 1106      73436C6B 
 1106      57726974 
 1106      65496D6F 
 1106      46726571 
 1107              	.LASF7:
 1108 0214 6C6F6E67 		.ascii	"long int\000"
 1108      20696E74 
 1108      00
 1109              	.LASF2:
 1110 021d 6C6F6E67 		.ascii	"long double\000"
 1110      20646F75 
 1110      626C6500 
 1111              	.LASF3:
 1112 0229 7369676E 		.ascii	"signed char\000"
 1112      65642063 
 1112      68617200 
 1113              	.LASF30:
 1114 0235 47656E65 		.ascii	"Generated_Source\\PSoC4\\cyfitter_cfg.c\000"
 1114      72617465 
 1114      645F536F 
 1114      75726365 
 1114      5C50536F 
 1115              		.ident	"GCC: (GNU Tools for ARM Embedded Processors) 5.4.1 20160609 (release) [ARM/embedded-5-bran
