ARM GAS  C:\Users\jagumiel\AppData\Local\Temp\ccw7GGLa.s 			page 1


   1              		.syntax unified
   2              		.cpu cortex-m0
   3              		.fpu softvfp
   4              		.eabi_attribute 20, 1
   5              		.eabi_attribute 21, 1
   6              		.eabi_attribute 23, 3
   7              		.eabi_attribute 24, 1
   8              		.eabi_attribute 25, 1
   9              		.eabi_attribute 26, 1
  10              		.eabi_attribute 30, 1
  11              		.eabi_attribute 34, 0
  12              		.eabi_attribute 18, 4
  13              		.thumb
  14              		.syntax unified
  15              		.file	"cyfitter_cfg.c"
  16              		.text
  17              	.Ltext0:
  18              		.cfi_sections	.debug_frame
  19              		.section	.text.CYMEMZERO,"ax",%progbits
  20              		.align	2
  21              		.code	16
  22              		.thumb_func
  23              		.type	CYMEMZERO, %function
  24              	CYMEMZERO:
  25              	.LFB0:
  26              		.file 1 "Generated_Source\\PSoC4\\cyfitter_cfg.c"
   1:Generated_Source\PSoC4/cyfitter_cfg.c **** 
   2:Generated_Source\PSoC4/cyfitter_cfg.c **** /*******************************************************************************
   3:Generated_Source\PSoC4/cyfitter_cfg.c **** * File Name: cyfitter_cfg.c
   4:Generated_Source\PSoC4/cyfitter_cfg.c **** * 
   5:Generated_Source\PSoC4/cyfitter_cfg.c **** * PSoC Creator  4.2
   6:Generated_Source\PSoC4/cyfitter_cfg.c **** *
   7:Generated_Source\PSoC4/cyfitter_cfg.c **** * Description:
   8:Generated_Source\PSoC4/cyfitter_cfg.c **** * This file contains device initialization code.
   9:Generated_Source\PSoC4/cyfitter_cfg.c **** * Except for the user defined sections in CyClockStartupError(), this file should not be modified.
  10:Generated_Source\PSoC4/cyfitter_cfg.c **** * This file is automatically generated by PSoC Creator.
  11:Generated_Source\PSoC4/cyfitter_cfg.c **** *
  12:Generated_Source\PSoC4/cyfitter_cfg.c **** ********************************************************************************
  13:Generated_Source\PSoC4/cyfitter_cfg.c **** * Copyright (c) 2007-2018 Cypress Semiconductor.  All rights reserved.
  14:Generated_Source\PSoC4/cyfitter_cfg.c **** * You may use this file only in accordance with the license, terms, conditions, 
  15:Generated_Source\PSoC4/cyfitter_cfg.c **** * disclaimers, and limitations in the end user license agreement accompanying 
  16:Generated_Source\PSoC4/cyfitter_cfg.c **** * the software package with which this file was provided.
  17:Generated_Source\PSoC4/cyfitter_cfg.c **** ********************************************************************************/
  18:Generated_Source\PSoC4/cyfitter_cfg.c **** 
  19:Generated_Source\PSoC4/cyfitter_cfg.c **** #include <string.h>
  20:Generated_Source\PSoC4/cyfitter_cfg.c **** #include "cytypes.h"
  21:Generated_Source\PSoC4/cyfitter_cfg.c **** #include "cydevice_trm.h"
  22:Generated_Source\PSoC4/cyfitter_cfg.c **** #include "cyfitter.h"
  23:Generated_Source\PSoC4/cyfitter_cfg.c **** #include "CyLib.h"
  24:Generated_Source\PSoC4/cyfitter_cfg.c **** #include "CyLFClk.h"
  25:Generated_Source\PSoC4/cyfitter_cfg.c **** #include "cyfitter_cfg.h"
  26:Generated_Source\PSoC4/cyfitter_cfg.c **** #include "cyapicallbacks.h"
  27:Generated_Source\PSoC4/cyfitter_cfg.c **** 
  28:Generated_Source\PSoC4/cyfitter_cfg.c **** 
  29:Generated_Source\PSoC4/cyfitter_cfg.c **** #if defined(__GNUC__) || defined(__ARMCC_VERSION)
  30:Generated_Source\PSoC4/cyfitter_cfg.c ****     #define CYPACKED 
  31:Generated_Source\PSoC4/cyfitter_cfg.c ****     #define CYPACKED_ATTR __attribute__ ((packed))
ARM GAS  C:\Users\jagumiel\AppData\Local\Temp\ccw7GGLa.s 			page 2


  32:Generated_Source\PSoC4/cyfitter_cfg.c ****     #define CYALIGNED __attribute__ ((aligned))
  33:Generated_Source\PSoC4/cyfitter_cfg.c ****     #define CY_CFG_UNUSED __attribute__ ((unused))
  34:Generated_Source\PSoC4/cyfitter_cfg.c ****     #ifndef CY_CFG_SECTION
  35:Generated_Source\PSoC4/cyfitter_cfg.c ****         #define CY_CFG_SECTION __attribute__ ((section(".psocinit")))
  36:Generated_Source\PSoC4/cyfitter_cfg.c ****     #endif
  37:Generated_Source\PSoC4/cyfitter_cfg.c ****     
  38:Generated_Source\PSoC4/cyfitter_cfg.c ****     #if defined(__ARMCC_VERSION)
  39:Generated_Source\PSoC4/cyfitter_cfg.c ****         #define CY_CFG_MEMORY_BARRIER() __memory_changed()
  40:Generated_Source\PSoC4/cyfitter_cfg.c ****     #else
  41:Generated_Source\PSoC4/cyfitter_cfg.c ****         #define CY_CFG_MEMORY_BARRIER() __sync_synchronize()
  42:Generated_Source\PSoC4/cyfitter_cfg.c ****     #endif
  43:Generated_Source\PSoC4/cyfitter_cfg.c ****     
  44:Generated_Source\PSoC4/cyfitter_cfg.c **** #elif defined(__ICCARM__)
  45:Generated_Source\PSoC4/cyfitter_cfg.c ****     #include <intrinsics.h>
  46:Generated_Source\PSoC4/cyfitter_cfg.c **** 
  47:Generated_Source\PSoC4/cyfitter_cfg.c ****     #define CYPACKED __packed
  48:Generated_Source\PSoC4/cyfitter_cfg.c ****     #define CYPACKED_ATTR 
  49:Generated_Source\PSoC4/cyfitter_cfg.c ****     #define CYALIGNED _Pragma("data_alignment=4")
  50:Generated_Source\PSoC4/cyfitter_cfg.c ****     #define CY_CFG_UNUSED _Pragma("diag_suppress=Pe177")
  51:Generated_Source\PSoC4/cyfitter_cfg.c ****     #define CY_CFG_SECTION _Pragma("location=\".psocinit\"")
  52:Generated_Source\PSoC4/cyfitter_cfg.c ****     
  53:Generated_Source\PSoC4/cyfitter_cfg.c ****     #define CY_CFG_MEMORY_BARRIER() __DMB()
  54:Generated_Source\PSoC4/cyfitter_cfg.c ****     
  55:Generated_Source\PSoC4/cyfitter_cfg.c **** #else
  56:Generated_Source\PSoC4/cyfitter_cfg.c ****     #error Unsupported toolchain
  57:Generated_Source\PSoC4/cyfitter_cfg.c **** #endif
  58:Generated_Source\PSoC4/cyfitter_cfg.c **** 
  59:Generated_Source\PSoC4/cyfitter_cfg.c **** #ifndef CYCODE
  60:Generated_Source\PSoC4/cyfitter_cfg.c ****     #define CYCODE
  61:Generated_Source\PSoC4/cyfitter_cfg.c **** #endif
  62:Generated_Source\PSoC4/cyfitter_cfg.c **** #ifndef CYDATA
  63:Generated_Source\PSoC4/cyfitter_cfg.c ****     #define CYDATA
  64:Generated_Source\PSoC4/cyfitter_cfg.c **** #endif
  65:Generated_Source\PSoC4/cyfitter_cfg.c **** #ifndef CYFAR
  66:Generated_Source\PSoC4/cyfitter_cfg.c ****     #define CYFAR
  67:Generated_Source\PSoC4/cyfitter_cfg.c **** #endif
  68:Generated_Source\PSoC4/cyfitter_cfg.c **** #ifndef CYXDATA
  69:Generated_Source\PSoC4/cyfitter_cfg.c ****     #define CYXDATA
  70:Generated_Source\PSoC4/cyfitter_cfg.c **** #endif
  71:Generated_Source\PSoC4/cyfitter_cfg.c **** 
  72:Generated_Source\PSoC4/cyfitter_cfg.c **** 
  73:Generated_Source\PSoC4/cyfitter_cfg.c **** CY_CFG_UNUSED
  74:Generated_Source\PSoC4/cyfitter_cfg.c **** static void CYMEMZERO(void *s, size_t n);
  75:Generated_Source\PSoC4/cyfitter_cfg.c **** CY_CFG_UNUSED
  76:Generated_Source\PSoC4/cyfitter_cfg.c **** static void CYMEMZERO(void *s, size_t n)
  77:Generated_Source\PSoC4/cyfitter_cfg.c **** {
  27              		.loc 1 77 0
  28              		.cfi_startproc
  29              		@ args = 0, pretend = 0, frame = 0
  30              		@ frame_needed = 0, uses_anonymous_args = 0
  31              	.LVL0:
  32 0000 10B5     		push	{r4, lr}
  33              		.cfi_def_cfa_offset 8
  34              		.cfi_offset 4, -8
  35              		.cfi_offset 14, -4
  36 0002 0A00     		movs	r2, r1
  78:Generated_Source\PSoC4/cyfitter_cfg.c **** 	(void)memset(s, 0, n);
ARM GAS  C:\Users\jagumiel\AppData\Local\Temp\ccw7GGLa.s 			page 3


  37              		.loc 1 78 0
  38 0004 0021     		movs	r1, #0
  39              	.LVL1:
  40 0006 FFF7FEFF 		bl	memset
  41              	.LVL2:
  79:Generated_Source\PSoC4/cyfitter_cfg.c **** }
  42              		.loc 1 79 0
  43              		@ sp needed
  44 000a 10BD     		pop	{r4, pc}
  45              		.cfi_endproc
  46              	.LFE0:
  47              		.size	CYMEMZERO, .-CYMEMZERO
  48              		.section	.psocinit,"ax",%progbits
  49              		.align	2
  50              		.code	16
  51              		.thumb_func
  52              		.type	ClockSetup, %function
  53              	ClockSetup:
  54              	.LFB3:
  80:Generated_Source\PSoC4/cyfitter_cfg.c **** CY_CFG_UNUSED
  81:Generated_Source\PSoC4/cyfitter_cfg.c **** static void CYCONFIGCPY(void *dest, const void *src, size_t n);
  82:Generated_Source\PSoC4/cyfitter_cfg.c **** CY_CFG_UNUSED
  83:Generated_Source\PSoC4/cyfitter_cfg.c **** static void CYCONFIGCPY(void *dest, const void *src, size_t n)
  84:Generated_Source\PSoC4/cyfitter_cfg.c **** {
  85:Generated_Source\PSoC4/cyfitter_cfg.c **** 	(void)memcpy(dest, src, n);
  86:Generated_Source\PSoC4/cyfitter_cfg.c **** }
  87:Generated_Source\PSoC4/cyfitter_cfg.c **** CY_CFG_UNUSED
  88:Generated_Source\PSoC4/cyfitter_cfg.c **** static void CYCONFIGCPYCODE(void *dest, const void *src, size_t n);
  89:Generated_Source\PSoC4/cyfitter_cfg.c **** CY_CFG_UNUSED
  90:Generated_Source\PSoC4/cyfitter_cfg.c **** static void CYCONFIGCPYCODE(void *dest, const void *src, size_t n)
  91:Generated_Source\PSoC4/cyfitter_cfg.c **** {
  92:Generated_Source\PSoC4/cyfitter_cfg.c **** 	(void)memcpy(dest, src, n);
  93:Generated_Source\PSoC4/cyfitter_cfg.c **** }
  94:Generated_Source\PSoC4/cyfitter_cfg.c **** 
  95:Generated_Source\PSoC4/cyfitter_cfg.c **** 
  96:Generated_Source\PSoC4/cyfitter_cfg.c **** 
  97:Generated_Source\PSoC4/cyfitter_cfg.c **** 
  98:Generated_Source\PSoC4/cyfitter_cfg.c **** /* Clock startup error codes                                                   */
  99:Generated_Source\PSoC4/cyfitter_cfg.c **** #define CYCLOCKSTART_NO_ERROR    0u
 100:Generated_Source\PSoC4/cyfitter_cfg.c **** #define CYCLOCKSTART_XTAL_ERROR  1u
 101:Generated_Source\PSoC4/cyfitter_cfg.c **** #define CYCLOCKSTART_32KHZ_ERROR 2u
 102:Generated_Source\PSoC4/cyfitter_cfg.c **** #define CYCLOCKSTART_PLL_ERROR   3u
 103:Generated_Source\PSoC4/cyfitter_cfg.c **** #define CYCLOCKSTART_FLL_ERROR   4u
 104:Generated_Source\PSoC4/cyfitter_cfg.c **** #define CYCLOCKSTART_WCO_ERROR   5u
 105:Generated_Source\PSoC4/cyfitter_cfg.c **** 
 106:Generated_Source\PSoC4/cyfitter_cfg.c **** 
 107:Generated_Source\PSoC4/cyfitter_cfg.c **** #ifdef CY_NEED_CYCLOCKSTARTUPERROR
 108:Generated_Source\PSoC4/cyfitter_cfg.c **** /*******************************************************************************
 109:Generated_Source\PSoC4/cyfitter_cfg.c **** * Function Name: CyClockStartupError
 110:Generated_Source\PSoC4/cyfitter_cfg.c **** ********************************************************************************
 111:Generated_Source\PSoC4/cyfitter_cfg.c **** * Summary:
 112:Generated_Source\PSoC4/cyfitter_cfg.c **** *  If an error is encountered during clock configuration (crystal startup error,
 113:Generated_Source\PSoC4/cyfitter_cfg.c **** *  PLL lock error, etc.), the system will end up here.  Unless reimplemented by
 114:Generated_Source\PSoC4/cyfitter_cfg.c **** *  the customer, this function will stop in an infinite loop.
 115:Generated_Source\PSoC4/cyfitter_cfg.c **** *
 116:Generated_Source\PSoC4/cyfitter_cfg.c **** * Parameters:
 117:Generated_Source\PSoC4/cyfitter_cfg.c **** *   void
ARM GAS  C:\Users\jagumiel\AppData\Local\Temp\ccw7GGLa.s 			page 4


 118:Generated_Source\PSoC4/cyfitter_cfg.c **** *
 119:Generated_Source\PSoC4/cyfitter_cfg.c **** * Return:
 120:Generated_Source\PSoC4/cyfitter_cfg.c **** *   void
 121:Generated_Source\PSoC4/cyfitter_cfg.c **** *
 122:Generated_Source\PSoC4/cyfitter_cfg.c **** *******************************************************************************/
 123:Generated_Source\PSoC4/cyfitter_cfg.c **** CY_CFG_UNUSED
 124:Generated_Source\PSoC4/cyfitter_cfg.c **** static void CyClockStartupError(uint8 errorCode);
 125:Generated_Source\PSoC4/cyfitter_cfg.c **** CY_CFG_UNUSED
 126:Generated_Source\PSoC4/cyfitter_cfg.c **** static void CyClockStartupError(uint8 errorCode)
 127:Generated_Source\PSoC4/cyfitter_cfg.c **** {
 128:Generated_Source\PSoC4/cyfitter_cfg.c ****     /* To remove the compiler warning if errorCode not used.                */
 129:Generated_Source\PSoC4/cyfitter_cfg.c ****     errorCode = errorCode;
 130:Generated_Source\PSoC4/cyfitter_cfg.c **** 
 131:Generated_Source\PSoC4/cyfitter_cfg.c ****     /* If we have a clock startup error (bad MHz crystal, PLL lock, etc.),  */
 132:Generated_Source\PSoC4/cyfitter_cfg.c ****     /* we will end up here to allow the customer to implement something to  */
 133:Generated_Source\PSoC4/cyfitter_cfg.c ****     /* deal with the clock condition.                                       */
 134:Generated_Source\PSoC4/cyfitter_cfg.c **** 
 135:Generated_Source\PSoC4/cyfitter_cfg.c **** #ifdef CY_CFG_CLOCK_STARTUP_ERROR_CALLBACK
 136:Generated_Source\PSoC4/cyfitter_cfg.c ****     CY_CFG_Clock_Startup_ErrorCallback();
 137:Generated_Source\PSoC4/cyfitter_cfg.c **** #else
 138:Generated_Source\PSoC4/cyfitter_cfg.c ****     /*  If not using CY_CFG_CLOCK_STARTUP_ERROR_CALLBACK, place your clock startup code here. */
 139:Generated_Source\PSoC4/cyfitter_cfg.c ****     /* `#START CyClockStartupError` */
 140:Generated_Source\PSoC4/cyfitter_cfg.c **** 
 141:Generated_Source\PSoC4/cyfitter_cfg.c **** 
 142:Generated_Source\PSoC4/cyfitter_cfg.c **** 
 143:Generated_Source\PSoC4/cyfitter_cfg.c ****     /* `#END` */
 144:Generated_Source\PSoC4/cyfitter_cfg.c **** 
 145:Generated_Source\PSoC4/cyfitter_cfg.c ****     while(1) {}
 146:Generated_Source\PSoC4/cyfitter_cfg.c **** #endif /* CY_CFG_CLOCK_STARTUP_ERROR_CALLBACK */
 147:Generated_Source\PSoC4/cyfitter_cfg.c **** }
 148:Generated_Source\PSoC4/cyfitter_cfg.c **** #endif
 149:Generated_Source\PSoC4/cyfitter_cfg.c **** 
 150:Generated_Source\PSoC4/cyfitter_cfg.c **** 
 151:Generated_Source\PSoC4/cyfitter_cfg.c **** 
 152:Generated_Source\PSoC4/cyfitter_cfg.c **** /*******************************************************************************
 153:Generated_Source\PSoC4/cyfitter_cfg.c **** * Function Name: ClockSetup
 154:Generated_Source\PSoC4/cyfitter_cfg.c **** ********************************************************************************
 155:Generated_Source\PSoC4/cyfitter_cfg.c **** *
 156:Generated_Source\PSoC4/cyfitter_cfg.c **** * Summary:
 157:Generated_Source\PSoC4/cyfitter_cfg.c **** *   Performs the initialization of all of the clocks in the device based on the
 158:Generated_Source\PSoC4/cyfitter_cfg.c **** *   settings in the Clock tab of the DWR.  This includes enabling the requested
 159:Generated_Source\PSoC4/cyfitter_cfg.c **** *   clocks and setting the necessary dividers to produce the desired frequency. 
 160:Generated_Source\PSoC4/cyfitter_cfg.c **** *
 161:Generated_Source\PSoC4/cyfitter_cfg.c **** * Parameters:
 162:Generated_Source\PSoC4/cyfitter_cfg.c **** *   void
 163:Generated_Source\PSoC4/cyfitter_cfg.c **** *
 164:Generated_Source\PSoC4/cyfitter_cfg.c **** * Return:
 165:Generated_Source\PSoC4/cyfitter_cfg.c **** *   void
 166:Generated_Source\PSoC4/cyfitter_cfg.c **** *
 167:Generated_Source\PSoC4/cyfitter_cfg.c **** *******************************************************************************/
 168:Generated_Source\PSoC4/cyfitter_cfg.c **** static void ClockSetup(void);
 169:Generated_Source\PSoC4/cyfitter_cfg.c **** CY_CFG_SECTION
 170:Generated_Source\PSoC4/cyfitter_cfg.c **** static void ClockSetup(void)
 171:Generated_Source\PSoC4/cyfitter_cfg.c **** {
  55              		.loc 1 171 0
  56              		.cfi_startproc
  57              		@ args = 0, pretend = 0, frame = 0
ARM GAS  C:\Users\jagumiel\AppData\Local\Temp\ccw7GGLa.s 			page 5


  58              		@ frame_needed = 0, uses_anonymous_args = 0
  59 0000 70B5     		push	{r4, r5, r6, lr}
  60              		.cfi_def_cfa_offset 16
  61              		.cfi_offset 4, -16
  62              		.cfi_offset 5, -12
  63              		.cfi_offset 6, -8
  64              		.cfi_offset 14, -4
 172:Generated_Source\PSoC4/cyfitter_cfg.c **** 	/* Enable HALF_EN before trimming for the flash accelerator. */
 173:Generated_Source\PSoC4/cyfitter_cfg.c **** 	CY_SET_REG32((void CYXDATA *)(CYREG_CLK_SELECT), (CY_GET_REG32((void *)CYREG_CLK_SELECT) | 0x00040
  65              		.loc 1 173 0
  66 0002 144C     		ldr	r4, .L3
  67 0004 2368     		ldr	r3, [r4]
  68 0006 8025     		movs	r5, #128
  69 0008 ED02     		lsls	r5, r5, #11
  70 000a 2B43     		orrs	r3, r5
  71 000c 2360     		str	r3, [r4]
 174:Generated_Source\PSoC4/cyfitter_cfg.c **** 
 175:Generated_Source\PSoC4/cyfitter_cfg.c **** 	/* Setup and trim IMO based on desired frequency. */
 176:Generated_Source\PSoC4/cyfitter_cfg.c **** 	CySysClkWriteImoFreq(48u);
  72              		.loc 1 176 0
  73 000e 3020     		movs	r0, #48
  74 0010 FFF7FEFF 		bl	CySysClkWriteImoFreq
  75              	.LVL3:
 177:Generated_Source\PSoC4/cyfitter_cfg.c **** 	/* CYDEV_CLK_ILO_CONFIG Starting address: CYDEV_CLK_ILO_CONFIG */
 178:Generated_Source\PSoC4/cyfitter_cfg.c **** 	CY_SET_REG32((void *)(CYREG_CLK_ILO_CONFIG), 0x80000006u);
  76              		.loc 1 178 0
  77 0014 104A     		ldr	r2, .L3+4
  78 0016 114B     		ldr	r3, .L3+8
  79 0018 1A60     		str	r2, [r3]
 179:Generated_Source\PSoC4/cyfitter_cfg.c **** 
 180:Generated_Source\PSoC4/cyfitter_cfg.c **** 
 181:Generated_Source\PSoC4/cyfitter_cfg.c **** 	/* CYDEV_CLK_SELECT00 Starting address: CYDEV_CLK_SELECT00 */
 182:Generated_Source\PSoC4/cyfitter_cfg.c **** 	CY_SET_REG32((void *)(CYREG_CLK_SELECT02), 0x00000010u);
  80              		.loc 1 182 0
  81 001a 1022     		movs	r2, #16
  82 001c 104B     		ldr	r3, .L3+12
  83 001e 1A60     		str	r2, [r3]
 183:Generated_Source\PSoC4/cyfitter_cfg.c **** 	CY_SET_REG32((void *)(CYREG_CLK_SELECT03), 0x00000020u);
  84              		.loc 1 183 0
  85 0020 1032     		adds	r2, r2, #16
  86 0022 104B     		ldr	r3, .L3+16
  87 0024 1A60     		str	r2, [r3]
 184:Generated_Source\PSoC4/cyfitter_cfg.c **** 
 185:Generated_Source\PSoC4/cyfitter_cfg.c **** 	/* CYDEV_CLK_IMO_CONFIG Starting address: CYDEV_CLK_IMO_CONFIG */
 186:Generated_Source\PSoC4/cyfitter_cfg.c **** 	CY_SET_REG32((void *)(CYREG_CLK_IMO_CONFIG), 0x80000000u);
  88              		.loc 1 186 0
  89 0026 8022     		movs	r2, #128
  90 0028 1206     		lsls	r2, r2, #24
  91 002a 0F4B     		ldr	r3, .L3+20
  92 002c 1A60     		str	r2, [r3]
 187:Generated_Source\PSoC4/cyfitter_cfg.c **** 
 188:Generated_Source\PSoC4/cyfitter_cfg.c **** 	/* CYDEV_CLK_SELECT Starting address: CYDEV_CLK_SELECT */
 189:Generated_Source\PSoC4/cyfitter_cfg.c **** 	CY_SET_REG32((void *)(CYREG_CLK_SELECT), 0x00040000u);
  93              		.loc 1 189 0
  94 002e 2560     		str	r5, [r4]
 190:Generated_Source\PSoC4/cyfitter_cfg.c **** 
 191:Generated_Source\PSoC4/cyfitter_cfg.c **** 	/* CYDEV_CLK_DIVIDER_A00 Starting address: CYDEV_CLK_DIVIDER_A00 */
ARM GAS  C:\Users\jagumiel\AppData\Local\Temp\ccw7GGLa.s 			page 6


 192:Generated_Source\PSoC4/cyfitter_cfg.c **** 	CY_SET_REG32((void *)(CYREG_CLK_DIVIDER_A00), 0x80000022u);
  95              		.loc 1 192 0
  96 0030 0E4A     		ldr	r2, .L3+24
  97 0032 0F4B     		ldr	r3, .L3+28
  98 0034 1A60     		str	r2, [r3]
 193:Generated_Source\PSoC4/cyfitter_cfg.c **** 
 194:Generated_Source\PSoC4/cyfitter_cfg.c **** 	/* CYDEV_CLK_DIVIDER_B00 Starting address: CYDEV_CLK_DIVIDER_B00 */
 195:Generated_Source\PSoC4/cyfitter_cfg.c **** 	CY_SET_REG32((void *)(CYREG_CLK_DIVIDER_B00), 0x800000CFu);
  99              		.loc 1 195 0
 100 0036 0F4A     		ldr	r2, .L3+32
 101 0038 0F4B     		ldr	r3, .L3+36
 102 003a 1A60     		str	r2, [r3]
 196:Generated_Source\PSoC4/cyfitter_cfg.c **** 
 197:Generated_Source\PSoC4/cyfitter_cfg.c **** 	(void)CyIntSetVector(9u, &CySysWdtIsr);
 103              		.loc 1 197 0
 104 003c 0F49     		ldr	r1, .L3+40
 105 003e 0920     		movs	r0, #9
 106 0040 FFF7FEFF 		bl	CyIntSetVector
 107              	.LVL4:
 198:Generated_Source\PSoC4/cyfitter_cfg.c **** 	CyIntEnable(9u);
 108              		.loc 1 198 0
 109 0044 0920     		movs	r0, #9
 110 0046 FFF7FEFF 		bl	CyIntEnable
 111              	.LVL5:
 199:Generated_Source\PSoC4/cyfitter_cfg.c **** 	CY_SET_REG32((void *)(CYREG_WDT_CONFIG), 0x00000000u);
 112              		.loc 1 199 0
 113 004a 0022     		movs	r2, #0
 114 004c 0C4B     		ldr	r3, .L3+44
 115 004e 1A60     		str	r2, [r3]
 200:Generated_Source\PSoC4/cyfitter_cfg.c **** }
 116              		.loc 1 200 0
 117              		@ sp needed
 118 0050 70BD     		pop	{r4, r5, r6, pc}
 119              	.L4:
 120 0052 C046     		.align	2
 121              	.L3:
 122 0054 00010B40 		.word	1074462976
 123 0058 06000080 		.word	-2147483642
 124 005c 04010B40 		.word	1074462980
 125 0060 08020240 		.word	1073873416
 126 0064 0C020240 		.word	1073873420
 127 0068 08010B40 		.word	1074462984
 128 006c 22000080 		.word	-2147483614
 129 0070 00000240 		.word	1073872896
 130 0074 CF000080 		.word	-2147483441
 131 0078 40000240 		.word	1073872960
 132 007c 00000000 		.word	CySysWdtIsr
 133 0080 0C020B40 		.word	1074463244
 134              		.cfi_endproc
 135              	.LFE3:
 136              		.size	ClockSetup, .-ClockSetup
 137              		.align	2
 138              		.global	cyfitter_cfg
 139              		.code	16
 140              		.thumb_func
 141              		.type	cyfitter_cfg, %function
 142              	cyfitter_cfg:
ARM GAS  C:\Users\jagumiel\AppData\Local\Temp\ccw7GGLa.s 			page 7


 143              	.LFB5:
 201:Generated_Source\PSoC4/cyfitter_cfg.c **** 
 202:Generated_Source\PSoC4/cyfitter_cfg.c **** 
 203:Generated_Source\PSoC4/cyfitter_cfg.c **** /* Analog API Functions */
 204:Generated_Source\PSoC4/cyfitter_cfg.c **** 
 205:Generated_Source\PSoC4/cyfitter_cfg.c **** 
 206:Generated_Source\PSoC4/cyfitter_cfg.c **** /*******************************************************************************
 207:Generated_Source\PSoC4/cyfitter_cfg.c **** * Function Name: AnalogSetDefault
 208:Generated_Source\PSoC4/cyfitter_cfg.c **** ********************************************************************************
 209:Generated_Source\PSoC4/cyfitter_cfg.c **** *
 210:Generated_Source\PSoC4/cyfitter_cfg.c **** * Summary:
 211:Generated_Source\PSoC4/cyfitter_cfg.c **** *  Sets up the analog portions of the chip to default values based on chip
 212:Generated_Source\PSoC4/cyfitter_cfg.c **** *  configuration options from the project.
 213:Generated_Source\PSoC4/cyfitter_cfg.c **** *
 214:Generated_Source\PSoC4/cyfitter_cfg.c **** * Parameters:
 215:Generated_Source\PSoC4/cyfitter_cfg.c **** *  void
 216:Generated_Source\PSoC4/cyfitter_cfg.c **** *
 217:Generated_Source\PSoC4/cyfitter_cfg.c **** * Return:
 218:Generated_Source\PSoC4/cyfitter_cfg.c **** *  void
 219:Generated_Source\PSoC4/cyfitter_cfg.c **** *
 220:Generated_Source\PSoC4/cyfitter_cfg.c **** *******************************************************************************/
 221:Generated_Source\PSoC4/cyfitter_cfg.c **** static void AnalogSetDefault(void);
 222:Generated_Source\PSoC4/cyfitter_cfg.c **** static void AnalogSetDefault(void)
 223:Generated_Source\PSoC4/cyfitter_cfg.c **** {
 224:Generated_Source\PSoC4/cyfitter_cfg.c **** }
 225:Generated_Source\PSoC4/cyfitter_cfg.c **** 
 226:Generated_Source\PSoC4/cyfitter_cfg.c **** 
 227:Generated_Source\PSoC4/cyfitter_cfg.c **** 
 228:Generated_Source\PSoC4/cyfitter_cfg.c **** 
 229:Generated_Source\PSoC4/cyfitter_cfg.c **** /*******************************************************************************
 230:Generated_Source\PSoC4/cyfitter_cfg.c **** * Function Name: cyfitter_cfg
 231:Generated_Source\PSoC4/cyfitter_cfg.c **** ********************************************************************************
 232:Generated_Source\PSoC4/cyfitter_cfg.c **** * Summary:
 233:Generated_Source\PSoC4/cyfitter_cfg.c **** *  This function is called by the start-up code for the selected device. It
 234:Generated_Source\PSoC4/cyfitter_cfg.c **** *  performs all of the necessary device configuration based on the design
 235:Generated_Source\PSoC4/cyfitter_cfg.c **** *  settings.  This includes settings from the Design Wide Resources (DWR) such
 236:Generated_Source\PSoC4/cyfitter_cfg.c **** *  as Clocks and Pins as well as any component configuration that is necessary.
 237:Generated_Source\PSoC4/cyfitter_cfg.c **** *
 238:Generated_Source\PSoC4/cyfitter_cfg.c **** * Parameters:
 239:Generated_Source\PSoC4/cyfitter_cfg.c **** *   void
 240:Generated_Source\PSoC4/cyfitter_cfg.c **** *
 241:Generated_Source\PSoC4/cyfitter_cfg.c **** * Return:
 242:Generated_Source\PSoC4/cyfitter_cfg.c **** *   void
 243:Generated_Source\PSoC4/cyfitter_cfg.c **** *
 244:Generated_Source\PSoC4/cyfitter_cfg.c **** *******************************************************************************/
 245:Generated_Source\PSoC4/cyfitter_cfg.c **** CY_CFG_SECTION
 246:Generated_Source\PSoC4/cyfitter_cfg.c **** void cyfitter_cfg(void)
 247:Generated_Source\PSoC4/cyfitter_cfg.c **** {
 144              		.loc 1 247 0
 145              		.cfi_startproc
 146              		@ args = 0, pretend = 0, frame = 0
 147              		@ frame_needed = 0, uses_anonymous_args = 0
 148 0084 10B5     		push	{r4, lr}
 149              		.cfi_def_cfa_offset 8
 150              		.cfi_offset 4, -8
 151              		.cfi_offset 14, -4
 248:Generated_Source\PSoC4/cyfitter_cfg.c **** 	/* Disable interrupts by default. Let user enable if/when they want. */
ARM GAS  C:\Users\jagumiel\AppData\Local\Temp\ccw7GGLa.s 			page 8


 249:Generated_Source\PSoC4/cyfitter_cfg.c **** 	CyGlobalIntDisable;
 152              		.loc 1 249 0
 153              		.syntax divided
 154              	@ 249 "Generated_Source\PSoC4\cyfitter_cfg.c" 1
 155 0086 72B6     		CPSID   i
 156              	@ 0 "" 2
 157              	.LVL6:
 158              		.thumb
 159              		.syntax unified
 160              	.LBB2:
 250:Generated_Source\PSoC4/cyfitter_cfg.c **** 
 251:Generated_Source\PSoC4/cyfitter_cfg.c **** 	{
 252:Generated_Source\PSoC4/cyfitter_cfg.c **** 
 253:Generated_Source\PSoC4/cyfitter_cfg.c **** 		CYPACKED typedef struct {
 254:Generated_Source\PSoC4/cyfitter_cfg.c **** 			void CYFAR *address;
 255:Generated_Source\PSoC4/cyfitter_cfg.c **** 			uint16 size;
 256:Generated_Source\PSoC4/cyfitter_cfg.c **** 		} CYPACKED_ATTR cfg_memset_t;
 257:Generated_Source\PSoC4/cyfitter_cfg.c **** 
 258:Generated_Source\PSoC4/cyfitter_cfg.c **** 		static const cfg_memset_t CYCODE cfg_memset_list[] = {
 259:Generated_Source\PSoC4/cyfitter_cfg.c **** 			/* address, size */
 260:Generated_Source\PSoC4/cyfitter_cfg.c **** 			{(void CYFAR *)(CYDEV_UDB_P0_U0_BASE), 1024u},
 261:Generated_Source\PSoC4/cyfitter_cfg.c **** 			{(void CYFAR *)(CYDEV_UDB_DSI0_BASE), 1024u},
 262:Generated_Source\PSoC4/cyfitter_cfg.c **** 		};
 263:Generated_Source\PSoC4/cyfitter_cfg.c **** 
 264:Generated_Source\PSoC4/cyfitter_cfg.c **** 		uint8 CYDATA i;
 265:Generated_Source\PSoC4/cyfitter_cfg.c **** 
 266:Generated_Source\PSoC4/cyfitter_cfg.c **** 		/* Zero out critical memory blocks before beginning configuration */
 267:Generated_Source\PSoC4/cyfitter_cfg.c **** 		for (i = 0u; i < (sizeof(cfg_memset_list)/sizeof(cfg_memset_list[0])); i++)
 161              		.loc 1 267 0
 162 0088 0024     		movs	r4, #0
 163 008a 0FE0     		b	.L6
 164              	.LVL7:
 165              	.L7:
 166              	.LBB3:
 268:Generated_Source\PSoC4/cyfitter_cfg.c **** 		{
 269:Generated_Source\PSoC4/cyfitter_cfg.c **** 			const cfg_memset_t CYCODE * CYDATA ms = &cfg_memset_list[i];
 270:Generated_Source\PSoC4/cyfitter_cfg.c **** 			CYMEMZERO(ms->address, (size_t)(uint32)(ms->size));
 167              		.loc 1 270 0 discriminator 3
 168 008c 2248     		ldr	r0, .L8
 169 008e 6200     		lsls	r2, r4, #1
 170 0090 1319     		adds	r3, r2, r4
 171 0092 5900     		lsls	r1, r3, #1
 172 0094 0B00     		movs	r3, r1
 173 0096 4118     		adds	r1, r0, r1
 174 0098 8988     		ldrh	r1, [r1, #4]
 175 009a 1A5A     		ldrh	r2, [r3, r0]
 176 009c C318     		adds	r3, r0, r3
 177 009e 5888     		ldrh	r0, [r3, #2]
 178 00a0 0004     		lsls	r0, r0, #16
 179 00a2 1043     		orrs	r0, r2
 180 00a4 FFF7FEFF 		bl	CYMEMZERO
 181              	.LVL8:
 182              	.LBE3:
 267:Generated_Source\PSoC4/cyfitter_cfg.c **** 		{
 183              		.loc 1 267 0 discriminator 3
 184 00a8 0134     		adds	r4, r4, #1
 185              	.LVL9:
ARM GAS  C:\Users\jagumiel\AppData\Local\Temp\ccw7GGLa.s 			page 9


 186 00aa E4B2     		uxtb	r4, r4
 187              	.LVL10:
 188              	.L6:
 267:Generated_Source\PSoC4/cyfitter_cfg.c **** 		{
 189              		.loc 1 267 0 is_stmt 0 discriminator 1
 190 00ac 012C     		cmp	r4, #1
 191 00ae EDD9     		bls	.L7
 271:Generated_Source\PSoC4/cyfitter_cfg.c **** 		}
 272:Generated_Source\PSoC4/cyfitter_cfg.c **** 
 273:Generated_Source\PSoC4/cyfitter_cfg.c **** 		/* HSIOM Starting address: CYDEV_HSIOM_BASE */
 274:Generated_Source\PSoC4/cyfitter_cfg.c **** 		CY_SET_REG32((void *)(CYDEV_HSIOM_BASE), 0x00990000u);
 192              		.loc 1 274 0 is_stmt 1
 193 00b0 9923     		movs	r3, #153
 194 00b2 1B04     		lsls	r3, r3, #16
 195 00b4 194A     		ldr	r2, .L8+4
 196 00b6 1360     		str	r3, [r2]
 275:Generated_Source\PSoC4/cyfitter_cfg.c **** 		CY_SET_REG32((void *)(CYREG_HSIOM_PORT_SEL3), 0x0000EE00u);
 197              		.loc 1 275 0
 198 00b8 EE21     		movs	r1, #238
 199 00ba 0902     		lsls	r1, r1, #8
 200 00bc 184A     		ldr	r2, .L8+8
 201 00be 1160     		str	r1, [r2]
 276:Generated_Source\PSoC4/cyfitter_cfg.c **** 		CY_SET_REG32((void *)(CYREG_HSIOM_PORT_SEL4), 0x00000099u);
 202              		.loc 1 276 0
 203 00c0 9921     		movs	r1, #153
 204 00c2 184A     		ldr	r2, .L8+12
 205 00c4 1160     		str	r1, [r2]
 277:Generated_Source\PSoC4/cyfitter_cfg.c **** 
 278:Generated_Source\PSoC4/cyfitter_cfg.c **** 		/* UDB_PA_0 Starting address: CYDEV_UDB_PA0_BASE */
 279:Generated_Source\PSoC4/cyfitter_cfg.c **** 		CY_SET_REG32((void *)(CYDEV_UDB_PA0_BASE), 0x00990000u);
 206              		.loc 1 279 0
 207 00c6 184A     		ldr	r2, .L8+16
 208 00c8 1360     		str	r3, [r2]
 280:Generated_Source\PSoC4/cyfitter_cfg.c **** 
 281:Generated_Source\PSoC4/cyfitter_cfg.c **** 		/* UDB_PA_1 Starting address: CYDEV_UDB_PA1_BASE */
 282:Generated_Source\PSoC4/cyfitter_cfg.c **** 		CY_SET_REG32((void *)(CYDEV_UDB_PA1_BASE), 0x00990000u);
 209              		.loc 1 282 0
 210 00ca 184A     		ldr	r2, .L8+20
 211 00cc 1360     		str	r3, [r2]
 283:Generated_Source\PSoC4/cyfitter_cfg.c **** 
 284:Generated_Source\PSoC4/cyfitter_cfg.c **** 		/* UDB_PA_3 Starting address: CYDEV_UDB_PA3_BASE */
 285:Generated_Source\PSoC4/cyfitter_cfg.c **** 		CY_SET_REG32((void *)(CYDEV_UDB_PA3_BASE), 0x00990000u);
 212              		.loc 1 285 0
 213 00ce 184A     		ldr	r2, .L8+24
 214 00d0 1360     		str	r3, [r2]
 286:Generated_Source\PSoC4/cyfitter_cfg.c **** 
 287:Generated_Source\PSoC4/cyfitter_cfg.c **** 		/* Enable digital routing */
 288:Generated_Source\PSoC4/cyfitter_cfg.c **** 		CY_SET_XTND_REG8((void *)CYREG_UDB_UDBIF_BANK_CTL, (uint8)(CY_GET_XTND_REG8((void *)CYREG_UDB_UDB
 215              		.loc 1 288 0
 216 00d2 184A     		ldr	r2, .L8+28
 217 00d4 1178     		ldrb	r1, [r2]
 218 00d6 0623     		movs	r3, #6
 219 00d8 0B43     		orrs	r3, r1
 220 00da DBB2     		uxtb	r3, r3
 221 00dc 1370     		strb	r3, [r2]
 222              	.LBE2:
 289:Generated_Source\PSoC4/cyfitter_cfg.c **** 	}
ARM GAS  C:\Users\jagumiel\AppData\Local\Temp\ccw7GGLa.s 			page 10


 290:Generated_Source\PSoC4/cyfitter_cfg.c **** 
 291:Generated_Source\PSoC4/cyfitter_cfg.c **** 	/* Perform second pass device configuration. These items must be configured in specific order afte
 292:Generated_Source\PSoC4/cyfitter_cfg.c **** 	/* IOPINS0_0 Starting address: CYDEV_PRT0_BASE */
 293:Generated_Source\PSoC4/cyfitter_cfg.c **** 	CY_SET_REG32((void *)(CYDEV_PRT0_BASE), 0x00000020u);
 223              		.loc 1 293 0
 224 00de 2023     		movs	r3, #32
 225 00e0 154A     		ldr	r2, .L8+32
 226 00e2 1360     		str	r3, [r2]
 294:Generated_Source\PSoC4/cyfitter_cfg.c **** 	CY_SET_REG32((void *)(CYREG_PRT0_PC), 0x00031000u);
 227              		.loc 1 294 0
 228 00e4 C421     		movs	r1, #196
 229 00e6 8902     		lsls	r1, r1, #10
 230 00e8 144A     		ldr	r2, .L8+36
 231 00ea 1160     		str	r1, [r2]
 295:Generated_Source\PSoC4/cyfitter_cfg.c **** 	CY_SET_REG32((void *)(CYREG_PRT0_PC2), 0x00000020u);
 232              		.loc 1 295 0
 233 00ec 144A     		ldr	r2, .L8+40
 234 00ee 1360     		str	r3, [r2]
 296:Generated_Source\PSoC4/cyfitter_cfg.c **** 
 297:Generated_Source\PSoC4/cyfitter_cfg.c **** 	/* IOPINS0_1 Starting address: CYDEV_PRT1_BASE */
 298:Generated_Source\PSoC4/cyfitter_cfg.c **** 	CY_SET_REG32((void *)(CYREG_PRT1_PC), 0x00180000u);
 235              		.loc 1 298 0
 236 00f0 C022     		movs	r2, #192
 237 00f2 5203     		lsls	r2, r2, #13
 238 00f4 134B     		ldr	r3, .L8+44
 239 00f6 1A60     		str	r2, [r3]
 299:Generated_Source\PSoC4/cyfitter_cfg.c **** 
 300:Generated_Source\PSoC4/cyfitter_cfg.c **** 	/* IOPINS0_3 Starting address: CYDEV_PRT3_BASE */
 301:Generated_Source\PSoC4/cyfitter_cfg.c **** 	CY_SET_REG32((void *)(CYREG_PRT3_PC), 0x00000D80u);
 240              		.loc 1 301 0
 241 00f8 D822     		movs	r2, #216
 242 00fa 1201     		lsls	r2, r2, #4
 243 00fc 124B     		ldr	r3, .L8+48
 244 00fe 1A60     		str	r2, [r3]
 302:Generated_Source\PSoC4/cyfitter_cfg.c **** 
 303:Generated_Source\PSoC4/cyfitter_cfg.c **** 	/* IOPINS0_4 Starting address: CYDEV_PRT4_BASE */
 304:Generated_Source\PSoC4/cyfitter_cfg.c **** 	CY_SET_REG32((void *)(CYDEV_PRT4_BASE), 0x00000002u);
 245              		.loc 1 304 0
 246 0100 0223     		movs	r3, #2
 247 0102 124A     		ldr	r2, .L8+52
 248 0104 1360     		str	r3, [r2]
 305:Generated_Source\PSoC4/cyfitter_cfg.c **** 	CY_SET_REG32((void *)(CYREG_PRT4_PC), 0x00000031u);
 249              		.loc 1 305 0
 250 0106 3121     		movs	r1, #49
 251 0108 114A     		ldr	r2, .L8+56
 252 010a 1160     		str	r1, [r2]
 306:Generated_Source\PSoC4/cyfitter_cfg.c **** 	CY_SET_REG32((void *)(CYREG_PRT4_PC2), 0x00000002u);
 253              		.loc 1 306 0
 254 010c 114A     		ldr	r2, .L8+60
 255 010e 1360     		str	r3, [r2]
 307:Generated_Source\PSoC4/cyfitter_cfg.c **** 
 308:Generated_Source\PSoC4/cyfitter_cfg.c **** 
 309:Generated_Source\PSoC4/cyfitter_cfg.c **** 	/* Setup clocks based on selections from Clock DWR */
 310:Generated_Source\PSoC4/cyfitter_cfg.c **** 	ClockSetup();
 256              		.loc 1 310 0
 257 0110 FFF776FF 		bl	ClockSetup
 258              	.LVL11:
ARM GAS  C:\Users\jagumiel\AppData\Local\Temp\ccw7GGLa.s 			page 11


 311:Generated_Source\PSoC4/cyfitter_cfg.c **** 
 312:Generated_Source\PSoC4/cyfitter_cfg.c **** 	/* Perform basic analog initialization to defaults */
 313:Generated_Source\PSoC4/cyfitter_cfg.c **** 	AnalogSetDefault();
 314:Generated_Source\PSoC4/cyfitter_cfg.c **** 
 315:Generated_Source\PSoC4/cyfitter_cfg.c **** }
 259              		.loc 1 315 0
 260              		@ sp needed
 261              	.LVL12:
 262 0114 10BD     		pop	{r4, pc}
 263              	.L9:
 264 0116 C046     		.align	2
 265              	.L8:
 266 0118 00000000 		.word	.LANCHOR0
 267 011c 00000140 		.word	1073807360
 268 0120 0C000140 		.word	1073807372
 269 0124 10000140 		.word	1073807376
 270 0128 00500F40 		.word	1074745344
 271 012c 10500F40 		.word	1074745360
 272 0130 30500F40 		.word	1074745392
 273 0134 00700F40 		.word	1074753536
 274 0138 00000440 		.word	1074003968
 275 013c 08000440 		.word	1074003976
 276 0140 18000440 		.word	1074003992
 277 0144 08010440 		.word	1074004232
 278 0148 08030440 		.word	1074004744
 279 014c 00040440 		.word	1074004992
 280 0150 08040440 		.word	1074005000
 281 0154 18040440 		.word	1074005016
 282              		.cfi_endproc
 283              	.LFE5:
 284              		.size	cyfitter_cfg, .-cyfitter_cfg
 285              		.section	.rodata
 286              		.align	2
 287              		.set	.LANCHOR0,. + 0
 288              		.type	cfg_memset_list.4847, %object
 289              		.size	cfg_memset_list.4847, 12
 290              	cfg_memset_list.4847:
 291 0000 00300F40 		.word	1074737152
 292 0004 0004     		.short	1024
 293 0006 00400F40 		.4byte	1074741248
 294 000a 0004     		.short	1024
 295              		.text
 296              	.Letext0:
 297              		.file 2 "c:\\program files (x86)\\cypress\\psoc creator\\4.2\\psoc creator\\import\\gnu\\arm\\5.4.
 298              		.file 3 "Generated_Source\\PSoC4\\cytypes.h"
 299              		.file 4 "Generated_Source\\PSoC4\\CyLib.h"
 300              		.section	.debug_info,"",%progbits
 301              	.Ldebug_info0:
 302 0000 77020000 		.4byte	0x277
 303 0004 0400     		.2byte	0x4
 304 0006 00000000 		.4byte	.Ldebug_abbrev0
 305 000a 04       		.byte	0x4
 306 000b 01       		.uleb128 0x1
 307 000c EB000000 		.4byte	.LASF29
 308 0010 0C       		.byte	0xc
 309 0011 4F020000 		.4byte	.LASF30
 310 0015 C1010000 		.4byte	.LASF31
ARM GAS  C:\Users\jagumiel\AppData\Local\Temp\ccw7GGLa.s 			page 12


 311 0019 00000000 		.4byte	.Ldebug_ranges0+0
 312 001d 00000000 		.4byte	0
 313 0021 00000000 		.4byte	.Ldebug_line0
 314 0025 02       		.uleb128 0x2
 315 0026 04       		.byte	0x4
 316 0027 05       		.byte	0x5
 317 0028 696E7400 		.ascii	"int\000"
 318 002c 03       		.uleb128 0x3
 319 002d 06000000 		.4byte	.LASF12
 320 0031 02       		.byte	0x2
 321 0032 D8       		.byte	0xd8
 322 0033 37000000 		.4byte	0x37
 323 0037 04       		.uleb128 0x4
 324 0038 04       		.byte	0x4
 325 0039 07       		.byte	0x7
 326 003a B2000000 		.4byte	.LASF0
 327 003e 04       		.uleb128 0x4
 328 003f 08       		.byte	0x8
 329 0040 05       		.byte	0x5
 330 0041 8F010000 		.4byte	.LASF1
 331 0045 04       		.uleb128 0x4
 332 0046 08       		.byte	0x8
 333 0047 04       		.byte	0x4
 334 0048 37020000 		.4byte	.LASF2
 335 004c 04       		.uleb128 0x4
 336 004d 01       		.byte	0x1
 337 004e 06       		.byte	0x6
 338 004f 43020000 		.4byte	.LASF3
 339 0053 04       		.uleb128 0x4
 340 0054 01       		.byte	0x1
 341 0055 08       		.byte	0x8
 342 0056 7C000000 		.4byte	.LASF4
 343 005a 04       		.uleb128 0x4
 344 005b 02       		.byte	0x2
 345 005c 05       		.byte	0x5
 346 005d A2010000 		.4byte	.LASF5
 347 0061 04       		.uleb128 0x4
 348 0062 02       		.byte	0x2
 349 0063 07       		.byte	0x7
 350 0064 37000000 		.4byte	.LASF6
 351 0068 04       		.uleb128 0x4
 352 0069 04       		.byte	0x4
 353 006a 05       		.byte	0x5
 354 006b 2E020000 		.4byte	.LASF7
 355 006f 04       		.uleb128 0x4
 356 0070 04       		.byte	0x4
 357 0071 07       		.byte	0x7
 358 0072 5A000000 		.4byte	.LASF8
 359 0076 04       		.uleb128 0x4
 360 0077 08       		.byte	0x8
 361 0078 07       		.byte	0x7
 362 0079 D4000000 		.4byte	.LASF9
 363 007d 04       		.uleb128 0x4
 364 007e 04       		.byte	0x4
 365 007f 07       		.byte	0x7
 366 0080 86010000 		.4byte	.LASF10
 367 0084 05       		.uleb128 0x5
ARM GAS  C:\Users\jagumiel\AppData\Local\Temp\ccw7GGLa.s 			page 13


 368 0085 04       		.byte	0x4
 369 0086 04       		.uleb128 0x4
 370 0087 01       		.byte	0x1
 371 0088 08       		.byte	0x8
 372 0089 9D010000 		.4byte	.LASF11
 373 008d 06       		.uleb128 0x6
 374 008e 6C000000 		.4byte	.LASF13
 375 0092 03       		.byte	0x3
 376 0093 E401     		.2byte	0x1e4
 377 0095 53000000 		.4byte	0x53
 378 0099 06       		.uleb128 0x6
 379 009a A4000000 		.4byte	.LASF14
 380 009e 03       		.byte	0x3
 381 009f E501     		.2byte	0x1e5
 382 00a1 61000000 		.4byte	0x61
 383 00a5 06       		.uleb128 0x6
 384 00a6 AB000000 		.4byte	.LASF15
 385 00aa 03       		.byte	0x3
 386 00ab E601     		.2byte	0x1e6
 387 00ad 6F000000 		.4byte	0x6f
 388 00b1 04       		.uleb128 0x4
 389 00b2 04       		.byte	0x4
 390 00b3 04       		.byte	0x4
 391 00b4 4A000000 		.4byte	.LASF16
 392 00b8 04       		.uleb128 0x4
 393 00b9 08       		.byte	0x8
 394 00ba 04       		.byte	0x4
 395 00bb 91000000 		.4byte	.LASF17
 396 00bf 06       		.uleb128 0x6
 397 00c0 55000000 		.4byte	.LASF18
 398 00c4 03       		.byte	0x3
 399 00c5 8E02     		.2byte	0x28e
 400 00c7 CB000000 		.4byte	0xcb
 401 00cb 07       		.uleb128 0x7
 402 00cc 8D000000 		.4byte	0x8d
 403 00d0 06       		.uleb128 0x6
 404 00d1 00000000 		.4byte	.LASF19
 405 00d5 03       		.byte	0x3
 406 00d6 9002     		.2byte	0x290
 407 00d8 DC000000 		.4byte	0xdc
 408 00dc 07       		.uleb128 0x7
 409 00dd A5000000 		.4byte	0xa5
 410 00e1 08       		.uleb128 0x8
 411 00e2 72000000 		.4byte	.LASF20
 412 00e6 01       		.byte	0x1
 413 00e7 4C       		.byte	0x4c
 414 00e8 00000000 		.4byte	.LFB0
 415 00ec 0C000000 		.4byte	.LFE0-.LFB0
 416 00f0 01       		.uleb128 0x1
 417 00f1 9C       		.byte	0x9c
 418 00f2 2E010000 		.4byte	0x12e
 419 00f6 09       		.uleb128 0x9
 420 00f7 7300     		.ascii	"s\000"
 421 00f9 01       		.byte	0x1
 422 00fa 4C       		.byte	0x4c
 423 00fb 84000000 		.4byte	0x84
 424 00ff 00000000 		.4byte	.LLST0
ARM GAS  C:\Users\jagumiel\AppData\Local\Temp\ccw7GGLa.s 			page 14


 425 0103 09       		.uleb128 0x9
 426 0104 6E00     		.ascii	"n\000"
 427 0106 01       		.byte	0x1
 428 0107 4C       		.byte	0x4c
 429 0108 2C000000 		.4byte	0x2c
 430 010c 21000000 		.4byte	.LLST1
 431 0110 0A       		.uleb128 0xa
 432 0111 0A000000 		.4byte	.LVL2
 433 0115 50020000 		.4byte	0x250
 434 0119 0B       		.uleb128 0xb
 435 011a 01       		.uleb128 0x1
 436 011b 50       		.byte	0x50
 437 011c 03       		.uleb128 0x3
 438 011d F3       		.byte	0xf3
 439 011e 01       		.uleb128 0x1
 440 011f 50       		.byte	0x50
 441 0120 0B       		.uleb128 0xb
 442 0121 01       		.uleb128 0x1
 443 0122 51       		.byte	0x51
 444 0123 01       		.uleb128 0x1
 445 0124 30       		.byte	0x30
 446 0125 0B       		.uleb128 0xb
 447 0126 01       		.uleb128 0x1
 448 0127 52       		.byte	0x52
 449 0128 03       		.uleb128 0x3
 450 0129 F3       		.byte	0xf3
 451 012a 01       		.uleb128 0x1
 452 012b 51       		.byte	0x51
 453 012c 00       		.byte	0
 454 012d 00       		.byte	0
 455 012e 08       		.uleb128 0x8
 456 012f 2C000000 		.4byte	.LASF21
 457 0133 01       		.byte	0x1
 458 0134 AA       		.byte	0xaa
 459 0135 00000000 		.4byte	.LFB3
 460 0139 84000000 		.4byte	.LFE3-.LFB3
 461 013d 01       		.uleb128 0x1
 462 013e 9C       		.byte	0x9c
 463 013f 7A010000 		.4byte	0x17a
 464 0143 0C       		.uleb128 0xc
 465 0144 14000000 		.4byte	.LVL3
 466 0148 59020000 		.4byte	0x259
 467 014c 57010000 		.4byte	0x157
 468 0150 0B       		.uleb128 0xb
 469 0151 01       		.uleb128 0x1
 470 0152 50       		.byte	0x50
 471 0153 02       		.uleb128 0x2
 472 0154 08       		.byte	0x8
 473 0155 30       		.byte	0x30
 474 0156 00       		.byte	0
 475 0157 0C       		.uleb128 0xc
 476 0158 44000000 		.4byte	.LVL4
 477 015c 64020000 		.4byte	0x264
 478 0160 6A010000 		.4byte	0x16a
 479 0164 0B       		.uleb128 0xb
 480 0165 01       		.uleb128 0x1
 481 0166 50       		.byte	0x50
ARM GAS  C:\Users\jagumiel\AppData\Local\Temp\ccw7GGLa.s 			page 15


 482 0167 01       		.uleb128 0x1
 483 0168 39       		.byte	0x39
 484 0169 00       		.byte	0
 485 016a 0A       		.uleb128 0xa
 486 016b 4A000000 		.4byte	.LVL5
 487 016f 6F020000 		.4byte	0x26f
 488 0173 0B       		.uleb128 0xb
 489 0174 01       		.uleb128 0x1
 490 0175 50       		.byte	0x50
 491 0176 01       		.uleb128 0x1
 492 0177 39       		.byte	0x39
 493 0178 00       		.byte	0
 494 0179 00       		.byte	0
 495 017a 0D       		.uleb128 0xd
 496 017b BF000000 		.4byte	.LASF32
 497 017f 01       		.byte	0x1
 498 0180 F6       		.byte	0xf6
 499 0181 84000000 		.4byte	.LFB5
 500 0185 D4000000 		.4byte	.LFE5-.LFB5
 501 0189 01       		.uleb128 0x1
 502 018a 9C       		.byte	0x9c
 503 018b 50020000 		.4byte	0x250
 504 018f 0E       		.uleb128 0xe
 505 0190 88000000 		.4byte	.LBB2
 506 0194 56000000 		.4byte	.LBE2-.LBB2
 507 0198 46020000 		.4byte	0x246
 508 019c 0F       		.uleb128 0xf
 509 019d 06       		.byte	0x6
 510 019e 01       		.byte	0x1
 511 019f FD       		.byte	0xfd
 512 01a0 BD010000 		.4byte	0x1bd
 513 01a4 10       		.uleb128 0x10
 514 01a5 CC000000 		.4byte	.LASF22
 515 01a9 01       		.byte	0x1
 516 01aa FE       		.byte	0xfe
 517 01ab 84000000 		.4byte	0x84
 518 01af 00       		.byte	0
 519 01b0 10       		.uleb128 0x10
 520 01b1 50000000 		.4byte	.LASF23
 521 01b5 01       		.byte	0x1
 522 01b6 FF       		.byte	0xff
 523 01b7 99000000 		.4byte	0x99
 524 01bb 04       		.byte	0x4
 525 01bc 00       		.byte	0
 526 01bd 06       		.uleb128 0x6
 527 01be 79010000 		.4byte	.LASF24
 528 01c2 01       		.byte	0x1
 529 01c3 0001     		.2byte	0x100
 530 01c5 9C010000 		.4byte	0x19c
 531 01c9 11       		.uleb128 0x11
 532 01ca D9010000 		.4byte	0x1d9
 533 01ce D9010000 		.4byte	0x1d9
 534 01d2 12       		.uleb128 0x12
 535 01d3 7D000000 		.4byte	0x7d
 536 01d7 01       		.byte	0x1
 537 01d8 00       		.byte	0
 538 01d9 13       		.uleb128 0x13
ARM GAS  C:\Users\jagumiel\AppData\Local\Temp\ccw7GGLa.s 			page 16


 539 01da BD010000 		.4byte	0x1bd
 540 01de 14       		.uleb128 0x14
 541 01df 1C000000 		.4byte	.LASF25
 542 01e3 01       		.byte	0x1
 543 01e4 0201     		.2byte	0x102
 544 01e6 F0010000 		.4byte	0x1f0
 545 01ea 05       		.uleb128 0x5
 546 01eb 03       		.byte	0x3
 547 01ec 00000000 		.4byte	cfg_memset_list.4847
 548 01f0 13       		.uleb128 0x13
 549 01f1 C9010000 		.4byte	0x1c9
 550 01f5 15       		.uleb128 0x15
 551 01f6 6900     		.ascii	"i\000"
 552 01f8 01       		.byte	0x1
 553 01f9 0801     		.2byte	0x108
 554 01fb 8D000000 		.4byte	0x8d
 555 01ff 4D000000 		.4byte	.LLST2
 556 0203 16       		.uleb128 0x16
 557 0204 8C000000 		.4byte	.LBB3
 558 0208 1C000000 		.4byte	.LBE3-.LBB3
 559 020c 15       		.uleb128 0x15
 560 020d 6D7300   		.ascii	"ms\000"
 561 0210 01       		.byte	0x1
 562 0211 0D01     		.2byte	0x10d
 563 0213 1B020000 		.4byte	0x21b
 564 0217 77000000 		.4byte	.LLST3
 565 021b 17       		.uleb128 0x17
 566 021c 04       		.byte	0x4
 567 021d D9010000 		.4byte	0x1d9
 568 0221 0A       		.uleb128 0xa
 569 0222 A8000000 		.4byte	.LVL8
 570 0226 E1000000 		.4byte	0xe1
 571 022a 0B       		.uleb128 0xb
 572 022b 01       		.uleb128 0x1
 573 022c 51       		.byte	0x51
 574 022d 15       		.uleb128 0x15
 575 022e 74       		.byte	0x74
 576 022f 00       		.sleb128 0
 577 0230 31       		.byte	0x31
 578 0231 24       		.byte	0x24
 579 0232 74       		.byte	0x74
 580 0233 00       		.sleb128 0
 581 0234 22       		.byte	0x22
 582 0235 31       		.byte	0x31
 583 0236 24       		.byte	0x24
 584 0237 03       		.byte	0x3
 585 0238 04000000 		.4byte	.LANCHOR0+4
 586 023c 22       		.byte	0x22
 587 023d 94       		.byte	0x94
 588 023e 02       		.byte	0x2
 589 023f 0A       		.byte	0xa
 590 0240 FFFF     		.2byte	0xffff
 591 0242 1A       		.byte	0x1a
 592 0243 00       		.byte	0
 593 0244 00       		.byte	0
 594 0245 00       		.byte	0
 595 0246 18       		.uleb128 0x18
ARM GAS  C:\Users\jagumiel\AppData\Local\Temp\ccw7GGLa.s 			page 17


 596 0247 14010000 		.4byte	.LVL11
 597 024b 2E010000 		.4byte	0x12e
 598 024f 00       		.byte	0
 599 0250 19       		.uleb128 0x19
 600 0251 8A000000 		.4byte	.LASF33
 601 0255 8A000000 		.4byte	.LASF33
 602 0259 1A       		.uleb128 0x1a
 603 025a AC010000 		.4byte	.LASF26
 604 025e AC010000 		.4byte	.LASF26
 605 0262 04       		.byte	0x4
 606 0263 6C       		.byte	0x6c
 607 0264 1A       		.uleb128 0x1a
 608 0265 0D000000 		.4byte	.LASF27
 609 0269 0D000000 		.4byte	.LASF27
 610 026d 04       		.byte	0x4
 611 026e BD       		.byte	0xbd
 612 026f 1A       		.uleb128 0x1a
 613 0270 98000000 		.4byte	.LASF28
 614 0274 98000000 		.4byte	.LASF28
 615 0278 04       		.byte	0x4
 616 0279 C3       		.byte	0xc3
 617 027a 00       		.byte	0
 618              		.section	.debug_abbrev,"",%progbits
 619              	.Ldebug_abbrev0:
 620 0000 01       		.uleb128 0x1
 621 0001 11       		.uleb128 0x11
 622 0002 01       		.byte	0x1
 623 0003 25       		.uleb128 0x25
 624 0004 0E       		.uleb128 0xe
 625 0005 13       		.uleb128 0x13
 626 0006 0B       		.uleb128 0xb
 627 0007 03       		.uleb128 0x3
 628 0008 0E       		.uleb128 0xe
 629 0009 1B       		.uleb128 0x1b
 630 000a 0E       		.uleb128 0xe
 631 000b 55       		.uleb128 0x55
 632 000c 17       		.uleb128 0x17
 633 000d 11       		.uleb128 0x11
 634 000e 01       		.uleb128 0x1
 635 000f 10       		.uleb128 0x10
 636 0010 17       		.uleb128 0x17
 637 0011 00       		.byte	0
 638 0012 00       		.byte	0
 639 0013 02       		.uleb128 0x2
 640 0014 24       		.uleb128 0x24
 641 0015 00       		.byte	0
 642 0016 0B       		.uleb128 0xb
 643 0017 0B       		.uleb128 0xb
 644 0018 3E       		.uleb128 0x3e
 645 0019 0B       		.uleb128 0xb
 646 001a 03       		.uleb128 0x3
 647 001b 08       		.uleb128 0x8
 648 001c 00       		.byte	0
 649 001d 00       		.byte	0
 650 001e 03       		.uleb128 0x3
 651 001f 16       		.uleb128 0x16
 652 0020 00       		.byte	0
ARM GAS  C:\Users\jagumiel\AppData\Local\Temp\ccw7GGLa.s 			page 18


 653 0021 03       		.uleb128 0x3
 654 0022 0E       		.uleb128 0xe
 655 0023 3A       		.uleb128 0x3a
 656 0024 0B       		.uleb128 0xb
 657 0025 3B       		.uleb128 0x3b
 658 0026 0B       		.uleb128 0xb
 659 0027 49       		.uleb128 0x49
 660 0028 13       		.uleb128 0x13
 661 0029 00       		.byte	0
 662 002a 00       		.byte	0
 663 002b 04       		.uleb128 0x4
 664 002c 24       		.uleb128 0x24
 665 002d 00       		.byte	0
 666 002e 0B       		.uleb128 0xb
 667 002f 0B       		.uleb128 0xb
 668 0030 3E       		.uleb128 0x3e
 669 0031 0B       		.uleb128 0xb
 670 0032 03       		.uleb128 0x3
 671 0033 0E       		.uleb128 0xe
 672 0034 00       		.byte	0
 673 0035 00       		.byte	0
 674 0036 05       		.uleb128 0x5
 675 0037 0F       		.uleb128 0xf
 676 0038 00       		.byte	0
 677 0039 0B       		.uleb128 0xb
 678 003a 0B       		.uleb128 0xb
 679 003b 00       		.byte	0
 680 003c 00       		.byte	0
 681 003d 06       		.uleb128 0x6
 682 003e 16       		.uleb128 0x16
 683 003f 00       		.byte	0
 684 0040 03       		.uleb128 0x3
 685 0041 0E       		.uleb128 0xe
 686 0042 3A       		.uleb128 0x3a
 687 0043 0B       		.uleb128 0xb
 688 0044 3B       		.uleb128 0x3b
 689 0045 05       		.uleb128 0x5
 690 0046 49       		.uleb128 0x49
 691 0047 13       		.uleb128 0x13
 692 0048 00       		.byte	0
 693 0049 00       		.byte	0
 694 004a 07       		.uleb128 0x7
 695 004b 35       		.uleb128 0x35
 696 004c 00       		.byte	0
 697 004d 49       		.uleb128 0x49
 698 004e 13       		.uleb128 0x13
 699 004f 00       		.byte	0
 700 0050 00       		.byte	0
 701 0051 08       		.uleb128 0x8
 702 0052 2E       		.uleb128 0x2e
 703 0053 01       		.byte	0x1
 704 0054 03       		.uleb128 0x3
 705 0055 0E       		.uleb128 0xe
 706 0056 3A       		.uleb128 0x3a
 707 0057 0B       		.uleb128 0xb
 708 0058 3B       		.uleb128 0x3b
 709 0059 0B       		.uleb128 0xb
ARM GAS  C:\Users\jagumiel\AppData\Local\Temp\ccw7GGLa.s 			page 19


 710 005a 27       		.uleb128 0x27
 711 005b 19       		.uleb128 0x19
 712 005c 11       		.uleb128 0x11
 713 005d 01       		.uleb128 0x1
 714 005e 12       		.uleb128 0x12
 715 005f 06       		.uleb128 0x6
 716 0060 40       		.uleb128 0x40
 717 0061 18       		.uleb128 0x18
 718 0062 9742     		.uleb128 0x2117
 719 0064 19       		.uleb128 0x19
 720 0065 01       		.uleb128 0x1
 721 0066 13       		.uleb128 0x13
 722 0067 00       		.byte	0
 723 0068 00       		.byte	0
 724 0069 09       		.uleb128 0x9
 725 006a 05       		.uleb128 0x5
 726 006b 00       		.byte	0
 727 006c 03       		.uleb128 0x3
 728 006d 08       		.uleb128 0x8
 729 006e 3A       		.uleb128 0x3a
 730 006f 0B       		.uleb128 0xb
 731 0070 3B       		.uleb128 0x3b
 732 0071 0B       		.uleb128 0xb
 733 0072 49       		.uleb128 0x49
 734 0073 13       		.uleb128 0x13
 735 0074 02       		.uleb128 0x2
 736 0075 17       		.uleb128 0x17
 737 0076 00       		.byte	0
 738 0077 00       		.byte	0
 739 0078 0A       		.uleb128 0xa
 740 0079 898201   		.uleb128 0x4109
 741 007c 01       		.byte	0x1
 742 007d 11       		.uleb128 0x11
 743 007e 01       		.uleb128 0x1
 744 007f 31       		.uleb128 0x31
 745 0080 13       		.uleb128 0x13
 746 0081 00       		.byte	0
 747 0082 00       		.byte	0
 748 0083 0B       		.uleb128 0xb
 749 0084 8A8201   		.uleb128 0x410a
 750 0087 00       		.byte	0
 751 0088 02       		.uleb128 0x2
 752 0089 18       		.uleb128 0x18
 753 008a 9142     		.uleb128 0x2111
 754 008c 18       		.uleb128 0x18
 755 008d 00       		.byte	0
 756 008e 00       		.byte	0
 757 008f 0C       		.uleb128 0xc
 758 0090 898201   		.uleb128 0x4109
 759 0093 01       		.byte	0x1
 760 0094 11       		.uleb128 0x11
 761 0095 01       		.uleb128 0x1
 762 0096 31       		.uleb128 0x31
 763 0097 13       		.uleb128 0x13
 764 0098 01       		.uleb128 0x1
 765 0099 13       		.uleb128 0x13
 766 009a 00       		.byte	0
ARM GAS  C:\Users\jagumiel\AppData\Local\Temp\ccw7GGLa.s 			page 20


 767 009b 00       		.byte	0
 768 009c 0D       		.uleb128 0xd
 769 009d 2E       		.uleb128 0x2e
 770 009e 01       		.byte	0x1
 771 009f 3F       		.uleb128 0x3f
 772 00a0 19       		.uleb128 0x19
 773 00a1 03       		.uleb128 0x3
 774 00a2 0E       		.uleb128 0xe
 775 00a3 3A       		.uleb128 0x3a
 776 00a4 0B       		.uleb128 0xb
 777 00a5 3B       		.uleb128 0x3b
 778 00a6 0B       		.uleb128 0xb
 779 00a7 27       		.uleb128 0x27
 780 00a8 19       		.uleb128 0x19
 781 00a9 11       		.uleb128 0x11
 782 00aa 01       		.uleb128 0x1
 783 00ab 12       		.uleb128 0x12
 784 00ac 06       		.uleb128 0x6
 785 00ad 40       		.uleb128 0x40
 786 00ae 18       		.uleb128 0x18
 787 00af 9742     		.uleb128 0x2117
 788 00b1 19       		.uleb128 0x19
 789 00b2 01       		.uleb128 0x1
 790 00b3 13       		.uleb128 0x13
 791 00b4 00       		.byte	0
 792 00b5 00       		.byte	0
 793 00b6 0E       		.uleb128 0xe
 794 00b7 0B       		.uleb128 0xb
 795 00b8 01       		.byte	0x1
 796 00b9 11       		.uleb128 0x11
 797 00ba 01       		.uleb128 0x1
 798 00bb 12       		.uleb128 0x12
 799 00bc 06       		.uleb128 0x6
 800 00bd 01       		.uleb128 0x1
 801 00be 13       		.uleb128 0x13
 802 00bf 00       		.byte	0
 803 00c0 00       		.byte	0
 804 00c1 0F       		.uleb128 0xf
 805 00c2 13       		.uleb128 0x13
 806 00c3 01       		.byte	0x1
 807 00c4 0B       		.uleb128 0xb
 808 00c5 0B       		.uleb128 0xb
 809 00c6 3A       		.uleb128 0x3a
 810 00c7 0B       		.uleb128 0xb
 811 00c8 3B       		.uleb128 0x3b
 812 00c9 0B       		.uleb128 0xb
 813 00ca 01       		.uleb128 0x1
 814 00cb 13       		.uleb128 0x13
 815 00cc 00       		.byte	0
 816 00cd 00       		.byte	0
 817 00ce 10       		.uleb128 0x10
 818 00cf 0D       		.uleb128 0xd
 819 00d0 00       		.byte	0
 820 00d1 03       		.uleb128 0x3
 821 00d2 0E       		.uleb128 0xe
 822 00d3 3A       		.uleb128 0x3a
 823 00d4 0B       		.uleb128 0xb
ARM GAS  C:\Users\jagumiel\AppData\Local\Temp\ccw7GGLa.s 			page 21


 824 00d5 3B       		.uleb128 0x3b
 825 00d6 0B       		.uleb128 0xb
 826 00d7 49       		.uleb128 0x49
 827 00d8 13       		.uleb128 0x13
 828 00d9 38       		.uleb128 0x38
 829 00da 0B       		.uleb128 0xb
 830 00db 00       		.byte	0
 831 00dc 00       		.byte	0
 832 00dd 11       		.uleb128 0x11
 833 00de 01       		.uleb128 0x1
 834 00df 01       		.byte	0x1
 835 00e0 49       		.uleb128 0x49
 836 00e1 13       		.uleb128 0x13
 837 00e2 01       		.uleb128 0x1
 838 00e3 13       		.uleb128 0x13
 839 00e4 00       		.byte	0
 840 00e5 00       		.byte	0
 841 00e6 12       		.uleb128 0x12
 842 00e7 21       		.uleb128 0x21
 843 00e8 00       		.byte	0
 844 00e9 49       		.uleb128 0x49
 845 00ea 13       		.uleb128 0x13
 846 00eb 2F       		.uleb128 0x2f
 847 00ec 0B       		.uleb128 0xb
 848 00ed 00       		.byte	0
 849 00ee 00       		.byte	0
 850 00ef 13       		.uleb128 0x13
 851 00f0 26       		.uleb128 0x26
 852 00f1 00       		.byte	0
 853 00f2 49       		.uleb128 0x49
 854 00f3 13       		.uleb128 0x13
 855 00f4 00       		.byte	0
 856 00f5 00       		.byte	0
 857 00f6 14       		.uleb128 0x14
 858 00f7 34       		.uleb128 0x34
 859 00f8 00       		.byte	0
 860 00f9 03       		.uleb128 0x3
 861 00fa 0E       		.uleb128 0xe
 862 00fb 3A       		.uleb128 0x3a
 863 00fc 0B       		.uleb128 0xb
 864 00fd 3B       		.uleb128 0x3b
 865 00fe 05       		.uleb128 0x5
 866 00ff 49       		.uleb128 0x49
 867 0100 13       		.uleb128 0x13
 868 0101 02       		.uleb128 0x2
 869 0102 18       		.uleb128 0x18
 870 0103 00       		.byte	0
 871 0104 00       		.byte	0
 872 0105 15       		.uleb128 0x15
 873 0106 34       		.uleb128 0x34
 874 0107 00       		.byte	0
 875 0108 03       		.uleb128 0x3
 876 0109 08       		.uleb128 0x8
 877 010a 3A       		.uleb128 0x3a
 878 010b 0B       		.uleb128 0xb
 879 010c 3B       		.uleb128 0x3b
 880 010d 05       		.uleb128 0x5
ARM GAS  C:\Users\jagumiel\AppData\Local\Temp\ccw7GGLa.s 			page 22


 881 010e 49       		.uleb128 0x49
 882 010f 13       		.uleb128 0x13
 883 0110 02       		.uleb128 0x2
 884 0111 17       		.uleb128 0x17
 885 0112 00       		.byte	0
 886 0113 00       		.byte	0
 887 0114 16       		.uleb128 0x16
 888 0115 0B       		.uleb128 0xb
 889 0116 01       		.byte	0x1
 890 0117 11       		.uleb128 0x11
 891 0118 01       		.uleb128 0x1
 892 0119 12       		.uleb128 0x12
 893 011a 06       		.uleb128 0x6
 894 011b 00       		.byte	0
 895 011c 00       		.byte	0
 896 011d 17       		.uleb128 0x17
 897 011e 0F       		.uleb128 0xf
 898 011f 00       		.byte	0
 899 0120 0B       		.uleb128 0xb
 900 0121 0B       		.uleb128 0xb
 901 0122 49       		.uleb128 0x49
 902 0123 13       		.uleb128 0x13
 903 0124 00       		.byte	0
 904 0125 00       		.byte	0
 905 0126 18       		.uleb128 0x18
 906 0127 898201   		.uleb128 0x4109
 907 012a 00       		.byte	0
 908 012b 11       		.uleb128 0x11
 909 012c 01       		.uleb128 0x1
 910 012d 31       		.uleb128 0x31
 911 012e 13       		.uleb128 0x13
 912 012f 00       		.byte	0
 913 0130 00       		.byte	0
 914 0131 19       		.uleb128 0x19
 915 0132 2E       		.uleb128 0x2e
 916 0133 00       		.byte	0
 917 0134 3F       		.uleb128 0x3f
 918 0135 19       		.uleb128 0x19
 919 0136 3C       		.uleb128 0x3c
 920 0137 19       		.uleb128 0x19
 921 0138 6E       		.uleb128 0x6e
 922 0139 0E       		.uleb128 0xe
 923 013a 03       		.uleb128 0x3
 924 013b 0E       		.uleb128 0xe
 925 013c 00       		.byte	0
 926 013d 00       		.byte	0
 927 013e 1A       		.uleb128 0x1a
 928 013f 2E       		.uleb128 0x2e
 929 0140 00       		.byte	0
 930 0141 3F       		.uleb128 0x3f
 931 0142 19       		.uleb128 0x19
 932 0143 3C       		.uleb128 0x3c
 933 0144 19       		.uleb128 0x19
 934 0145 6E       		.uleb128 0x6e
 935 0146 0E       		.uleb128 0xe
 936 0147 03       		.uleb128 0x3
 937 0148 0E       		.uleb128 0xe
ARM GAS  C:\Users\jagumiel\AppData\Local\Temp\ccw7GGLa.s 			page 23


 938 0149 3A       		.uleb128 0x3a
 939 014a 0B       		.uleb128 0xb
 940 014b 3B       		.uleb128 0x3b
 941 014c 0B       		.uleb128 0xb
 942 014d 00       		.byte	0
 943 014e 00       		.byte	0
 944 014f 00       		.byte	0
 945              		.section	.debug_loc,"",%progbits
 946              	.Ldebug_loc0:
 947              	.LLST0:
 948 0000 00000000 		.4byte	.LVL0
 949 0004 09000000 		.4byte	.LVL2-1
 950 0008 0100     		.2byte	0x1
 951 000a 50       		.byte	0x50
 952 000b 09000000 		.4byte	.LVL2-1
 953 000f 0C000000 		.4byte	.LFE0
 954 0013 0400     		.2byte	0x4
 955 0015 F3       		.byte	0xf3
 956 0016 01       		.uleb128 0x1
 957 0017 50       		.byte	0x50
 958 0018 9F       		.byte	0x9f
 959 0019 00000000 		.4byte	0
 960 001d 00000000 		.4byte	0
 961              	.LLST1:
 962 0021 00000000 		.4byte	.LVL0
 963 0025 06000000 		.4byte	.LVL1
 964 0029 0100     		.2byte	0x1
 965 002b 51       		.byte	0x51
 966 002c 06000000 		.4byte	.LVL1
 967 0030 09000000 		.4byte	.LVL2-1
 968 0034 0100     		.2byte	0x1
 969 0036 52       		.byte	0x52
 970 0037 09000000 		.4byte	.LVL2-1
 971 003b 0C000000 		.4byte	.LFE0
 972 003f 0400     		.2byte	0x4
 973 0041 F3       		.byte	0xf3
 974 0042 01       		.uleb128 0x1
 975 0043 51       		.byte	0x51
 976 0044 9F       		.byte	0x9f
 977 0045 00000000 		.4byte	0
 978 0049 00000000 		.4byte	0
 979              	.LLST2:
 980 004d 88000000 		.4byte	.LVL6
 981 0051 8C000000 		.4byte	.LVL7
 982 0055 0200     		.2byte	0x2
 983 0057 30       		.byte	0x30
 984 0058 9F       		.byte	0x9f
 985 0059 8C000000 		.4byte	.LVL7
 986 005d AA000000 		.4byte	.LVL9
 987 0061 0100     		.2byte	0x1
 988 0063 54       		.byte	0x54
 989 0064 AC000000 		.4byte	.LVL10
 990 0068 14010000 		.4byte	.LVL12
 991 006c 0100     		.2byte	0x1
 992 006e 54       		.byte	0x54
 993 006f 00000000 		.4byte	0
 994 0073 00000000 		.4byte	0
ARM GAS  C:\Users\jagumiel\AppData\Local\Temp\ccw7GGLa.s 			page 24


 995              	.LLST3:
 996 0077 8C000000 		.4byte	.LVL7
 997 007b AA000000 		.4byte	.LVL9
 998 007f 0B00     		.2byte	0xb
 999 0081 74       		.byte	0x74
 1000 0082 00       		.sleb128 0
 1001 0083 36       		.byte	0x36
 1002 0084 1E       		.byte	0x1e
 1003 0085 03       		.byte	0x3
 1004 0086 00000000 		.4byte	cfg_memset_list.4847
 1005 008a 22       		.byte	0x22
 1006 008b 9F       		.byte	0x9f
 1007 008c AA000000 		.4byte	.LVL9
 1008 0090 AC000000 		.4byte	.LVL10
 1009 0094 0B00     		.2byte	0xb
 1010 0096 74       		.byte	0x74
 1011 0097 7F       		.sleb128 -1
 1012 0098 36       		.byte	0x36
 1013 0099 1E       		.byte	0x1e
 1014 009a 03       		.byte	0x3
 1015 009b 00000000 		.4byte	cfg_memset_list.4847
 1016 009f 22       		.byte	0x22
 1017 00a0 9F       		.byte	0x9f
 1018 00a1 00000000 		.4byte	0
 1019 00a5 00000000 		.4byte	0
 1020              		.section	.debug_aranges,"",%progbits
 1021 0000 2C000000 		.4byte	0x2c
 1022 0004 0200     		.2byte	0x2
 1023 0006 00000000 		.4byte	.Ldebug_info0
 1024 000a 04       		.byte	0x4
 1025 000b 00       		.byte	0
 1026 000c 0000     		.2byte	0
 1027 000e 0000     		.2byte	0
 1028 0010 00000000 		.4byte	.LFB0
 1029 0014 0C000000 		.4byte	.LFE0-.LFB0
 1030 0018 00000000 		.4byte	.LFB3
 1031 001c 84000000 		.4byte	.LFE3-.LFB3
 1032 0020 84000000 		.4byte	.LFB5
 1033 0024 D4000000 		.4byte	.LFE5-.LFB5
 1034 0028 00000000 		.4byte	0
 1035 002c 00000000 		.4byte	0
 1036              		.section	.debug_ranges,"",%progbits
 1037              	.Ldebug_ranges0:
 1038 0000 00000000 		.4byte	.LFB0
 1039 0004 0C000000 		.4byte	.LFE0
 1040 0008 00000000 		.4byte	.LFB3
 1041 000c 84000000 		.4byte	.LFE3
 1042 0010 84000000 		.4byte	.LFB5
 1043 0014 58010000 		.4byte	.LFE5
 1044 0018 00000000 		.4byte	0
 1045 001c 00000000 		.4byte	0
 1046              		.section	.debug_line,"",%progbits
 1047              	.Ldebug_line0:
 1048 0000 35010000 		.section	.debug_str,"MS",%progbits,1
 1048      0200D600 
 1048      00000201 
 1048      FB0E0D00 
ARM GAS  C:\Users\jagumiel\AppData\Local\Temp\ccw7GGLa.s 			page 25


 1048      01010101 
 1049              	.LASF19:
 1050 0000 72656733 		.ascii	"reg32\000"
 1050      3200
 1051              	.LASF12:
 1052 0006 73697A65 		.ascii	"size_t\000"
 1052      5F7400
 1053              	.LASF27:
 1054 000d 4379496E 		.ascii	"CyIntSetVector\000"
 1054      74536574 
 1054      56656374 
 1054      6F7200
 1055              	.LASF25:
 1056 001c 6366675F 		.ascii	"cfg_memset_list\000"
 1056      6D656D73 
 1056      65745F6C 
 1056      69737400 
 1057              	.LASF21:
 1058 002c 436C6F63 		.ascii	"ClockSetup\000"
 1058      6B536574 
 1058      757000
 1059              	.LASF6:
 1060 0037 73686F72 		.ascii	"short unsigned int\000"
 1060      7420756E 
 1060      7369676E 
 1060      65642069 
 1060      6E7400
 1061              	.LASF16:
 1062 004a 666C6F61 		.ascii	"float\000"
 1062      7400
 1063              	.LASF23:
 1064 0050 73697A65 		.ascii	"size\000"
 1064      00
 1065              	.LASF18:
 1066 0055 72656738 		.ascii	"reg8\000"
 1066      00
 1067              	.LASF8:
 1068 005a 6C6F6E67 		.ascii	"long unsigned int\000"
 1068      20756E73 
 1068      69676E65 
 1068      6420696E 
 1068      7400
 1069              	.LASF13:
 1070 006c 75696E74 		.ascii	"uint8\000"
 1070      3800
 1071              	.LASF20:
 1072 0072 43594D45 		.ascii	"CYMEMZERO\000"
 1072      4D5A4552 
 1072      4F00
 1073              	.LASF4:
 1074 007c 756E7369 		.ascii	"unsigned char\000"
 1074      676E6564 
 1074      20636861 
 1074      7200
 1075              	.LASF33:
 1076 008a 6D656D73 		.ascii	"memset\000"
 1076      657400
ARM GAS  C:\Users\jagumiel\AppData\Local\Temp\ccw7GGLa.s 			page 26


 1077              	.LASF17:
 1078 0091 646F7562 		.ascii	"double\000"
 1078      6C6500
 1079              	.LASF28:
 1080 0098 4379496E 		.ascii	"CyIntEnable\000"
 1080      74456E61 
 1080      626C6500 
 1081              	.LASF14:
 1082 00a4 75696E74 		.ascii	"uint16\000"
 1082      313600
 1083              	.LASF15:
 1084 00ab 75696E74 		.ascii	"uint32\000"
 1084      333200
 1085              	.LASF0:
 1086 00b2 756E7369 		.ascii	"unsigned int\000"
 1086      676E6564 
 1086      20696E74 
 1086      00
 1087              	.LASF32:
 1088 00bf 63796669 		.ascii	"cyfitter_cfg\000"
 1088      74746572 
 1088      5F636667 
 1088      00
 1089              	.LASF22:
 1090 00cc 61646472 		.ascii	"address\000"
 1090      65737300 
 1091              	.LASF9:
 1092 00d4 6C6F6E67 		.ascii	"long long unsigned int\000"
 1092      206C6F6E 
 1092      6720756E 
 1092      7369676E 
 1092      65642069 
 1093              	.LASF29:
 1094 00eb 474E5520 		.ascii	"GNU C11 5.4.1 20160609 (release) [ARM/embedded-5-br"
 1094      43313120 
 1094      352E342E 
 1094      31203230 
 1094      31363036 
 1095 011e 616E6368 		.ascii	"anch revision 237715] -mcpu=cortex-m0 -mthumb -g -O"
 1095      20726576 
 1095      6973696F 
 1095      6E203233 
 1095      37373135 
 1096 0151 67202D66 		.ascii	"g -ffunction-sections -ffat-lto-objects\000"
 1096      66756E63 
 1096      74696F6E 
 1096      2D736563 
 1096      74696F6E 
 1097              	.LASF24:
 1098 0179 6366675F 		.ascii	"cfg_memset_t\000"
 1098      6D656D73 
 1098      65745F74 
 1098      00
 1099              	.LASF10:
 1100 0186 73697A65 		.ascii	"sizetype\000"
 1100      74797065 
 1100      00
ARM GAS  C:\Users\jagumiel\AppData\Local\Temp\ccw7GGLa.s 			page 27


 1101              	.LASF1:
 1102 018f 6C6F6E67 		.ascii	"long long int\000"
 1102      206C6F6E 
 1102      6720696E 
 1102      7400
 1103              	.LASF11:
 1104 019d 63686172 		.ascii	"char\000"
 1104      00
 1105              	.LASF5:
 1106 01a2 73686F72 		.ascii	"short int\000"
 1106      7420696E 
 1106      7400
 1107              	.LASF26:
 1108 01ac 43795379 		.ascii	"CySysClkWriteImoFreq\000"
 1108      73436C6B 
 1108      57726974 
 1108      65496D6F 
 1108      46726571 
 1109              	.LASF31:
 1110 01c1 443A5C55 		.ascii	"D:\\Users\\jagumiel\\Documents\\PSoC Creator\\LIN-A"
 1110      73657273 
 1110      5C6A6167 
 1110      756D6965 
 1110      6C5C446F 
 1111 01ef 75746F6D 		.ascii	"utomotive\\4-LIN-RGB_Multiple_Data\\ECU-RGB_Command"
 1111      6F746976 
 1111      655C342D 
 1111      4C494E2D 
 1111      5247425F 
 1112 0220 5F53656E 		.ascii	"_Sender.cydsn\000"
 1112      6465722E 
 1112      63796473 
 1112      6E00
 1113              	.LASF7:
 1114 022e 6C6F6E67 		.ascii	"long int\000"
 1114      20696E74 
 1114      00
 1115              	.LASF2:
 1116 0237 6C6F6E67 		.ascii	"long double\000"
 1116      20646F75 
 1116      626C6500 
 1117              	.LASF3:
 1118 0243 7369676E 		.ascii	"signed char\000"
 1118      65642063 
 1118      68617200 
 1119              	.LASF30:
 1120 024f 47656E65 		.ascii	"Generated_Source\\PSoC4\\cyfitter_cfg.c\000"
 1120      72617465 
 1120      645F536F 
 1120      75726365 
 1120      5C50536F 
 1121              		.ident	"GCC: (GNU Tools for ARM Embedded Processors) 5.4.1 20160609 (release) [ARM/embedded-5-bran
