ARM GAS  C:\Users\jagumiel\AppData\Local\Temp\ccfQ5Sj1.s 			page 1


   1              		.syntax unified
   2              		.cpu cortex-m0
   3              		.fpu softvfp
   4              		.eabi_attribute 20, 1
   5              		.eabi_attribute 21, 1
   6              		.eabi_attribute 23, 3
   7              		.eabi_attribute 24, 1
   8              		.eabi_attribute 25, 1
   9              		.eabi_attribute 26, 1
  10              		.eabi_attribute 30, 1
  11              		.eabi_attribute 34, 0
  12              		.eabi_attribute 18, 4
  13              		.thumb
  14              		.syntax unified
  15              		.file	"main.c"
  16              		.text
  17              	.Ltext0:
  18              		.cfi_sections	.debug_frame
  19              		.section	.text.LIN_ID_Parity_Calculator,"ax",%progbits
  20              		.align	2
  21              		.global	LIN_ID_Parity_Calculator
  22              		.code	16
  23              		.thumb_func
  24              		.type	LIN_ID_Parity_Calculator, %function
  25              	LIN_ID_Parity_Calculator:
  26              	.LFB33:
  27              		.file 1 "LIN_Frame_Calculations.h"
   1:LIN_Frame_Calculations.h **** /* ========================================
   2:LIN_Frame_Calculations.h ****  *
   3:LIN_Frame_Calculations.h ****  * Copyright YOUR COMPANY, THE YEAR
   4:LIN_Frame_Calculations.h ****  * All Rights Reserved
   5:LIN_Frame_Calculations.h ****  * UNPUBLISHED, LICENSED SOFTWARE.
   6:LIN_Frame_Calculations.h ****  *
   7:LIN_Frame_Calculations.h ****  * CONFIDENTIAL AND PROPRIETARY INFORMATION
   8:LIN_Frame_Calculations.h ****  * WHICH IS THE PROPERTY OF your company.
   9:LIN_Frame_Calculations.h ****  *
  10:LIN_Frame_Calculations.h ****  * ========================================
  11:LIN_Frame_Calculations.h **** */
  12:LIN_Frame_Calculations.h **** 
  13:LIN_Frame_Calculations.h **** #include <stdint.h>
  14:LIN_Frame_Calculations.h **** #include <stdio.h>
  15:LIN_Frame_Calculations.h **** 
  16:LIN_Frame_Calculations.h **** #define PACKET_SIZE 8u
  17:LIN_Frame_Calculations.h **** 
  18:LIN_Frame_Calculations.h **** 
  19:LIN_Frame_Calculations.h **** uint8_t LIN_ID_Parity_Calculator(uint8_t data){
  28              		.loc 1 19 0
  29              		.cfi_startproc
  30              		@ args = 0, pretend = 0, frame = 0
  31              		@ frame_needed = 0, uses_anonymous_args = 0
  32              	.LVL0:
  33 0000 30B5     		push	{r4, r5, lr}
  34              		.cfi_def_cfa_offset 12
  35              		.cfi_offset 4, -12
  36              		.cfi_offset 5, -8
  37              		.cfi_offset 14, -4
  38              	.LVL1:
ARM GAS  C:\Users\jagumiel\AppData\Local\Temp\ccfQ5Sj1.s 			page 2


  20:LIN_Frame_Calculations.h **** 	uint8_t parity_bit_even = 0x00;
  21:LIN_Frame_Calculations.h **** 	uint8_t parity_bit_odd = 0x00;
  22:LIN_Frame_Calculations.h **** 	uint8_t result = 0x00;
  23:LIN_Frame_Calculations.h **** 
  24:LIN_Frame_Calculations.h **** 	parity_bit_even = ((data ^ (data>>1))^((data>>2)^(data>>4)));
  39              		.loc 1 24 0
  40 0002 4208     		lsrs	r2, r0, #1
  41 0004 0509     		lsrs	r5, r0, #4
  42 0006 8308     		lsrs	r3, r0, #2
  43 0008 6B40     		eors	r3, r5
  44 000a 0400     		movs	r4, r0
  45 000c 5440     		eors	r4, r2
  46 000e 6340     		eors	r3, r4
  47 0010 1900     		movs	r1, r3
  48              	.LVL2:
  25:LIN_Frame_Calculations.h **** 	parity_bit_odd = (~(((data>>1) ^ (data>>3))^((data>>4)^(data>>5))));
  49              		.loc 1 25 0
  50 0012 C408     		lsrs	r4, r0, #3
  51 0014 6240     		eors	r2, r4
  52 0016 4009     		lsrs	r0, r0, #5
  53              	.LVL3:
  54 0018 6840     		eors	r0, r5
  55 001a 4240     		eors	r2, r0
  56 001c D243     		mvns	r2, r2
  57 001e D3B2     		uxtb	r3, r2
  58              	.LVL4:
  26:LIN_Frame_Calculations.h **** 	result = (parity_bit_odd<<1)|(parity_bit_even);
  59              		.loc 1 26 0
  60 0020 5B00     		lsls	r3, r3, #1
  61              	.LVL5:
  62 0022 0B43     		orrs	r3, r1
  63 0024 D8B2     		uxtb	r0, r3
  64              	.LVL6:
  27:LIN_Frame_Calculations.h **** 	return result;
  28:LIN_Frame_Calculations.h **** }
  65              		.loc 1 28 0
  66              		@ sp needed
  67 0026 30BD     		pop	{r4, r5, pc}
  68              		.cfi_endproc
  69              	.LFE33:
  70              		.size	LIN_ID_Parity_Calculator, .-LIN_ID_Parity_Calculator
  71              		.section	.text.LIN_PID_Calculator,"ax",%progbits
  72              		.align	2
  73              		.global	LIN_PID_Calculator
  74              		.code	16
  75              		.thumb_func
  76              		.type	LIN_PID_Calculator, %function
  77              	LIN_PID_Calculator:
  78              	.LFB34:
  29:LIN_Frame_Calculations.h **** 
  30:LIN_Frame_Calculations.h **** int LIN_PID_Calculator(uint8_t id){
  79              		.loc 1 30 0
  80              		.cfi_startproc
  81              		@ args = 0, pretend = 0, frame = 8
  82              		@ frame_needed = 0, uses_anonymous_args = 0
  83              	.LVL7:
  84 0000 70B5     		push	{r4, r5, r6, lr}
ARM GAS  C:\Users\jagumiel\AppData\Local\Temp\ccfQ5Sj1.s 			page 3


  85              		.cfi_def_cfa_offset 16
  86              		.cfi_offset 4, -16
  87              		.cfi_offset 5, -12
  88              		.cfi_offset 6, -8
  89              		.cfi_offset 14, -4
  90 0002 82B0     		sub	sp, sp, #8
  91              		.cfi_def_cfa_offset 24
  92 0004 0400     		movs	r4, r0
  31:LIN_Frame_Calculations.h **** 	volatile uint8_t pid_tmp=0x00;
  93              		.loc 1 31 0
  94 0006 6B46     		mov	r3, sp
  95 0008 DE1D     		adds	r6, r3, #7
  96 000a 0023     		movs	r3, #0
  97 000c 3370     		strb	r3, [r6]
  32:LIN_Frame_Calculations.h **** 	volatile uint8_t pid=0x00;
  98              		.loc 1 32 0
  99 000e 6A46     		mov	r2, sp
 100 0010 951D     		adds	r5, r2, #6
 101 0012 9371     		strb	r3, [r2, #6]
  33:LIN_Frame_Calculations.h **** 	pid_tmp=(LIN_ID_Parity_Calculator(id));
 102              		.loc 1 33 0
 103 0014 FFF7FEFF 		bl	LIN_ID_Parity_Calculator
 104              	.LVL8:
 105 0018 3070     		strb	r0, [r6]
  34:LIN_Frame_Calculations.h **** 	pid=(uint8_t)((id)|(pid_tmp<<6));
 106              		.loc 1 34 0
 107 001a 3378     		ldrb	r3, [r6]
 108 001c 9B01     		lsls	r3, r3, #6
 109 001e 1C43     		orrs	r4, r3
 110 0020 E4B2     		uxtb	r4, r4
 111 0022 2C70     		strb	r4, [r5]
  35:LIN_Frame_Calculations.h **** 	return pid;
 112              		.loc 1 35 0
 113 0024 2878     		ldrb	r0, [r5]
 114 0026 C0B2     		uxtb	r0, r0
  36:LIN_Frame_Calculations.h **** }
 115              		.loc 1 36 0
 116 0028 02B0     		add	sp, sp, #8
 117              		@ sp needed
 118 002a 70BD     		pop	{r4, r5, r6, pc}
 119              		.cfi_endproc
 120              	.LFE34:
 121              		.size	LIN_PID_Calculator, .-LIN_PID_Calculator
 122              		.section	.text.LIN_Checksum_Calculation,"ax",%progbits
 123              		.align	2
 124              		.global	LIN_Checksum_Calculation
 125              		.code	16
 126              		.thumb_func
 127              		.type	LIN_Checksum_Calculation, %function
 128              	LIN_Checksum_Calculation:
 129              	.LFB35:
  37:LIN_Frame_Calculations.h **** 
  38:LIN_Frame_Calculations.h **** uint8_t LIN_Checksum_Calculation (uint8_t u8Header, uint8_t *packet){
 130              		.loc 1 38 0
 131              		.cfi_startproc
 132              		@ args = 0, pretend = 0, frame = 0
 133              		@ frame_needed = 0, uses_anonymous_args = 0
ARM GAS  C:\Users\jagumiel\AppData\Local\Temp\ccfQ5Sj1.s 			page 4


 134              		@ link register save eliminated.
 135              	.LVL9:
  39:LIN_Frame_Calculations.h **** 	uint16_t u16Checksum_Cal = u8Header;
 136              		.loc 1 39 0
 137 0000 82B2     		uxth	r2, r0
 138              	.LVL10:
  40:LIN_Frame_Calculations.h **** 	uint8_t u8Cnt = 0u;
  41:LIN_Frame_Calculations.h **** 	uint8_t u8Checksum = 0;
  42:LIN_Frame_Calculations.h **** 
  43:LIN_Frame_Calculations.h **** 	for(u8Cnt = 0u; u8Cnt < PACKET_SIZE; u8Cnt++){
 139              		.loc 1 43 0
 140 0002 0023     		movs	r3, #0
 141 0004 04E0     		b	.L4
 142              	.LVL11:
 143              	.L5:
  44:LIN_Frame_Calculations.h **** 		/* Sum of all bytes */
  45:LIN_Frame_Calculations.h **** 		u16Checksum_Cal += *(packet + u8Cnt);
 144              		.loc 1 45 0 discriminator 3
 145 0006 C85C     		ldrb	r0, [r1, r3]
 146 0008 1218     		adds	r2, r2, r0
 147              	.LVL12:
 148 000a 92B2     		uxth	r2, r2
 149              	.LVL13:
  43:LIN_Frame_Calculations.h **** 		/* Sum of all bytes */
 150              		.loc 1 43 0 discriminator 3
 151 000c 0133     		adds	r3, r3, #1
 152              	.LVL14:
 153 000e DBB2     		uxtb	r3, r3
 154              	.LVL15:
 155              	.L4:
  43:LIN_Frame_Calculations.h **** 		/* Sum of all bytes */
 156              		.loc 1 43 0 is_stmt 0 discriminator 1
 157 0010 072B     		cmp	r3, #7
 158 0012 F8D9     		bls	.L5
  46:LIN_Frame_Calculations.h **** 	}
  47:LIN_Frame_Calculations.h **** 
  48:LIN_Frame_Calculations.h **** 	/* Add carry and XOR with FF to invert the bits */
  49:LIN_Frame_Calculations.h **** 	u8Checksum = (0xFF ^ ((u16Checksum_Cal & 0x00FF) + (u16Checksum_Cal >> 8)));
 159              		.loc 1 49 0 is_stmt 1
 160 0014 100A     		lsrs	r0, r2, #8
 161 0016 8218     		adds	r2, r0, r2
 162              	.LVL16:
 163 0018 D043     		mvns	r0, r2
 164 001a C0B2     		uxtb	r0, r0
 165              	.LVL17:
  50:LIN_Frame_Calculations.h **** 	return(u8Checksum);
  51:LIN_Frame_Calculations.h **** }
 166              		.loc 1 51 0
 167              		@ sp needed
 168 001c 7047     		bx	lr
 169              		.cfi_endproc
 170              	.LFE35:
 171              		.size	LIN_Checksum_Calculation, .-LIN_Checksum_Calculation
 172 001e C046     		.section	.text.getResults,"ax",%progbits
 173              		.align	2
 174              		.global	getResults
 175              		.code	16
ARM GAS  C:\Users\jagumiel\AppData\Local\Temp\ccfQ5Sj1.s 			page 5


 176              		.thumb_func
 177              		.type	getResults, %function
 178              	getResults:
 179              	.LFB36:
 180              		.file 2 "main.c"
   1:main.c        **** /* ===========================================
   2:main.c        ****  * ___________________________________________
   3:main.c        ****  *          LIN: RGB Command Sender
   4:main.c        ****  * -------------------------------------------
   5:main.c        ****  * In this project a command will be readed
   6:main.c        ****  * from a PC using UART communication. User
   7:main.c        ****  * will introduce the desired values for the
   8:main.c        ****  * RGB LEDs. The Master will analyse the data
   9:main.c        ****  * and will send it to the LIN Slave. In this
  10:main.c        ****  * example 3 consecutive bytes of data will be
  11:main.c        ****  * sent.
  12:main.c        ****  *
  13:main.c        ****  * A LIN transceiver will be needed for
  14:main.c        ****  * this project.
  15:main.c        ****  *
  16:main.c        ****  * Cypress CY8CKIT-042 and CY8CKIT-026 are
  17:main.c        ****  * used in this project.
  18:main.c        ****  *
  19:main.c        ****  * ===========================================
  20:main.c        **** */
  21:main.c        **** 
  22:main.c        **** #include <stdlib.h> /* Needed for "atoi()" function */
  23:main.c        **** #include "project.h"
  24:main.c        **** #include "LIN_Frame_Calculations.h"
  25:main.c        **** 
  26:main.c        **** volatile unsigned char Sensor_data[8];
  27:main.c        **** const uint8_t sync = 0x55;
  28:main.c        **** uint8_t id = 0x10;
  29:main.c        **** uint8_t packet[PACKET_SIZE] = {0x89, 0x00, 0x00, 0x00, 0xFF, 0xFF, 0xFF, 0xFF};
  30:main.c        **** uint8_t pid = 0x00;
  31:main.c        **** uint8_t checksum = 0x00;
  32:main.c        **** 
  33:main.c        **** void getResults(char ledValue[]){
 181              		.loc 2 33 0
 182              		.cfi_startproc
 183              		@ args = 0, pretend = 0, frame = 8
 184              		@ frame_needed = 0, uses_anonymous_args = 0
 185              	.LVL18:
 186 0000 30B5     		push	{r4, r5, lr}
 187              		.cfi_def_cfa_offset 12
 188              		.cfi_offset 4, -12
 189              		.cfi_offset 5, -8
 190              		.cfi_offset 14, -4
 191 0002 83B0     		sub	sp, sp, #12
 192              		.cfi_def_cfa_offset 24
 193 0004 0500     		movs	r5, r0
 194              	.LVL19:
 195              	.LBB2:
  34:main.c        ****     /* Gets the scratch buffer data (string of chars) and places it into color variables (as intege
  35:main.c        ****     char singleValAux[3];
  36:main.c        ****     int i=0;
  37:main.c        ****     for(int j=0; j<3; j++){
ARM GAS  C:\Users\jagumiel\AppData\Local\Temp\ccfQ5Sj1.s 			page 6


 196              		.loc 2 37 0
 197 0006 0023     		movs	r3, #0
 198              	.LBE2:
  36:main.c        ****     for(int j=0; j<3; j++){
 199              		.loc 2 36 0
 200 0008 0024     		movs	r4, #0
 201              	.LBB3:
 202              		.loc 2 37 0
 203 000a 04E0     		b	.L7
 204              	.LVL20:
 205              	.L8:
  38:main.c        ****         singleValAux[j]=ledValue[i];
 206              		.loc 2 38 0 discriminator 3
 207 000c 295D     		ldrb	r1, [r5, r4]
 208 000e 01AA     		add	r2, sp, #4
 209 0010 D154     		strb	r1, [r2, r3]
  39:main.c        ****         i++;
 210              		.loc 2 39 0 discriminator 3
 211 0012 0134     		adds	r4, r4, #1
 212              	.LVL21:
  37:main.c        ****         singleValAux[j]=ledValue[i];
 213              		.loc 2 37 0 discriminator 3
 214 0014 0133     		adds	r3, r3, #1
 215              	.LVL22:
 216              	.L7:
  37:main.c        ****         singleValAux[j]=ledValue[i];
 217              		.loc 2 37 0 is_stmt 0 discriminator 1
 218 0016 022B     		cmp	r3, #2
 219 0018 F8DD     		ble	.L8
 220              	.LBE3:
  40:main.c        ****     }
  41:main.c        ****     packet[1] = atoi(singleValAux);
 221              		.loc 2 41 0 is_stmt 1
 222 001a 01A8     		add	r0, sp, #4
 223              	.LVL23:
 224 001c FFF7FEFF 		bl	atoi
 225              	.LVL24:
 226 0020 0F4B     		ldr	r3, .L13
 227 0022 5870     		strb	r0, [r3, #1]
 228              	.LVL25:
 229              	.LBB4:
  42:main.c        ****     for(int j=0; j<3; j++){
 230              		.loc 2 42 0
 231 0024 0023     		movs	r3, #0
 232 0026 04E0     		b	.L9
 233              	.LVL26:
 234              	.L10:
  43:main.c        ****         singleValAux[j]=ledValue[i];
 235              		.loc 2 43 0 discriminator 3
 236 0028 295D     		ldrb	r1, [r5, r4]
 237 002a 01AA     		add	r2, sp, #4
 238 002c D154     		strb	r1, [r2, r3]
  44:main.c        ****         i++;
 239              		.loc 2 44 0 discriminator 3
 240 002e 0134     		adds	r4, r4, #1
 241              	.LVL27:
  42:main.c        ****     for(int j=0; j<3; j++){
ARM GAS  C:\Users\jagumiel\AppData\Local\Temp\ccfQ5Sj1.s 			page 7


 242              		.loc 2 42 0 discriminator 3
 243 0030 0133     		adds	r3, r3, #1
 244              	.LVL28:
 245              	.L9:
  42:main.c        ****     for(int j=0; j<3; j++){
 246              		.loc 2 42 0 is_stmt 0 discriminator 1
 247 0032 022B     		cmp	r3, #2
 248 0034 F8DD     		ble	.L10
 249              	.LBE4:
  45:main.c        ****     }
  46:main.c        ****     packet[2] = atoi(singleValAux);
 250              		.loc 2 46 0 is_stmt 1
 251 0036 01A8     		add	r0, sp, #4
 252 0038 FFF7FEFF 		bl	atoi
 253              	.LVL29:
 254 003c 084B     		ldr	r3, .L13
 255 003e 9870     		strb	r0, [r3, #2]
 256              	.LVL30:
 257              	.LBB5:
  47:main.c        ****     for(int j=0; j<3; j++){
 258              		.loc 2 47 0
 259 0040 0023     		movs	r3, #0
 260 0042 04E0     		b	.L11
 261              	.LVL31:
 262              	.L12:
  48:main.c        ****         singleValAux[j]=ledValue[i];
 263              		.loc 2 48 0 discriminator 3
 264 0044 295D     		ldrb	r1, [r5, r4]
 265 0046 01AA     		add	r2, sp, #4
 266 0048 D154     		strb	r1, [r2, r3]
  49:main.c        ****         i++;
 267              		.loc 2 49 0 discriminator 3
 268 004a 0134     		adds	r4, r4, #1
 269              	.LVL32:
  47:main.c        ****     for(int j=0; j<3; j++){
 270              		.loc 2 47 0 discriminator 3
 271 004c 0133     		adds	r3, r3, #1
 272              	.LVL33:
 273              	.L11:
  47:main.c        ****     for(int j=0; j<3; j++){
 274              		.loc 2 47 0 is_stmt 0 discriminator 1
 275 004e 022B     		cmp	r3, #2
 276 0050 F8DD     		ble	.L12
 277              	.LBE5:
  50:main.c        ****     }
  51:main.c        ****     packet[3] = atoi(singleValAux);
 278              		.loc 2 51 0 is_stmt 1
 279 0052 01A8     		add	r0, sp, #4
 280 0054 FFF7FEFF 		bl	atoi
 281              	.LVL34:
 282 0058 014B     		ldr	r3, .L13
 283 005a D870     		strb	r0, [r3, #3]
  52:main.c        ****     
  53:main.c        ****     /*Numbers must be comprehended between 0-255. If they are greater than 255 are setted to the ma
  54:main.c        ****     if (packet[1] > 255) packet[0] = 255;
  55:main.c        ****     if (packet[2] > 255) packet[1] = 255;
  56:main.c        ****     if (packet[3] > 255) packet[2] = 255;
ARM GAS  C:\Users\jagumiel\AppData\Local\Temp\ccfQ5Sj1.s 			page 8


  57:main.c        **** }
 284              		.loc 2 57 0
 285 005c 03B0     		add	sp, sp, #12
 286              		@ sp needed
 287              	.LVL35:
 288              	.LVL36:
 289 005e 30BD     		pop	{r4, r5, pc}
 290              	.L14:
 291              		.align	2
 292              	.L13:
 293 0060 00000000 		.word	.LANCHOR0
 294              		.cfi_endproc
 295              	.LFE36:
 296              		.size	getResults, .-getResults
 297              		.section	.text.sendFrame,"ax",%progbits
 298              		.align	2
 299              		.global	sendFrame
 300              		.code	16
 301              		.thumb_func
 302              		.type	sendFrame, %function
 303              	sendFrame:
 304              	.LFB37:
  58:main.c        **** 
  59:main.c        **** void sendFrame(void){
 305              		.loc 2 59 0
 306              		.cfi_startproc
 307              		@ args = 0, pretend = 0, frame = 0
 308              		@ frame_needed = 0, uses_anonymous_args = 0
 309 0000 10B5     		push	{r4, lr}
 310              		.cfi_def_cfa_offset 8
 311              		.cfi_offset 4, -8
 312              		.cfi_offset 14, -4
  60:main.c        ****     UART_MASTER_UartSendBreakBlocking(13);                          // Break
 313              		.loc 2 60 0
 314 0002 0D20     		movs	r0, #13
 315 0004 FFF7FEFF 		bl	UART_MASTER_UartSendBreakBlocking
 316              	.LVL37:
  61:main.c        ****     UART_MASTER_UartPutChar(sync);                                  // Sync (0x55)
 317              		.loc 2 61 0
 318 0008 5520     		movs	r0, #85
 319 000a FFF7FEFF 		bl	UART_MASTER_SpiUartWriteTxData
 320              	.LVL38:
  62:main.c        ****     UART_MASTER_UartPutChar(pid);                                   // Protected ID (PID). Se obtie
 321              		.loc 2 62 0
 322 000e 094B     		ldr	r3, .L18
 323 0010 1878     		ldrb	r0, [r3]
 324 0012 FFF7FEFF 		bl	UART_MASTER_SpiUartWriteTxData
 325              	.LVL39:
 326              	.LBB6:
  63:main.c        ****     for(int i=0; i<8; i++){
 327              		.loc 2 63 0
 328 0016 0024     		movs	r4, #0
 329 0018 04E0     		b	.L16
 330              	.LVL40:
 331              	.L17:
  64:main.c        ****         UART_MASTER_UartPutChar(packet[i]);                         // Command Frame
 332              		.loc 2 64 0 discriminator 3
ARM GAS  C:\Users\jagumiel\AppData\Local\Temp\ccfQ5Sj1.s 			page 9


 333 001a 074B     		ldr	r3, .L18+4
 334 001c 185D     		ldrb	r0, [r3, r4]
 335 001e FFF7FEFF 		bl	UART_MASTER_SpiUartWriteTxData
 336              	.LVL41:
  63:main.c        ****     for(int i=0; i<8; i++){
 337              		.loc 2 63 0 discriminator 3
 338 0022 0134     		adds	r4, r4, #1
 339              	.LVL42:
 340              	.L16:
  63:main.c        ****     for(int i=0; i<8; i++){
 341              		.loc 2 63 0 is_stmt 0 discriminator 1
 342 0024 072C     		cmp	r4, #7
 343 0026 F8DD     		ble	.L17
 344              	.LBE6:
  65:main.c        ****     }
  66:main.c        ****     UART_MASTER_UartPutChar(checksum);                              // Checksum. En LIN 2.2 se obti
 345              		.loc 2 66 0 is_stmt 1
 346 0028 024B     		ldr	r3, .L18
 347 002a 5878     		ldrb	r0, [r3, #1]
 348 002c FFF7FEFF 		bl	UART_MASTER_SpiUartWriteTxData
 349              	.LVL43:
  67:main.c        **** }
 350              		.loc 2 67 0
 351              		@ sp needed
 352              	.LVL44:
 353 0030 10BD     		pop	{r4, pc}
 354              	.L19:
 355 0032 C046     		.align	2
 356              	.L18:
 357 0034 00000000 		.word	.LANCHOR1
 358 0038 00000000 		.word	.LANCHOR0
 359              		.cfi_endproc
 360              	.LFE37:
 361              		.size	sendFrame, .-sendFrame
 362              		.section	.text.main,"ax",%progbits
 363              		.align	2
 364              		.global	main
 365              		.code	16
 366              		.thumb_func
 367              		.type	main, %function
 368              	main:
 369              	.LFB38:
  68:main.c        **** 
  69:main.c        **** 
  70:main.c        **** int main(void){
 370              		.loc 2 70 0
 371              		.cfi_startproc
 372              		@ args = 0, pretend = 0, frame = 16
 373              		@ frame_needed = 0, uses_anonymous_args = 0
 374 0000 70B5     		push	{r4, r5, r6, lr}
 375              		.cfi_def_cfa_offset 16
 376              		.cfi_offset 4, -16
 377              		.cfi_offset 5, -12
 378              		.cfi_offset 6, -8
 379              		.cfi_offset 14, -4
 380 0002 84B0     		sub	sp, sp, #16
 381              		.cfi_def_cfa_offset 32
ARM GAS  C:\Users\jagumiel\AppData\Local\Temp\ccfQ5Sj1.s 			page 10


  71:main.c        ****     
  72:main.c        ****     char ch;
  73:main.c        ****     char ch1;
  74:main.c        ****     char cop;
  75:main.c        ****     char buffer[9];
  76:main.c        ****     int8 tic;
  77:main.c        ****     
  78:main.c        ****     /* Enable global interrupts. */
  79:main.c        ****     CyGlobalIntEnable;
 382              		.loc 2 79 0
 383              		.syntax divided
 384              	@ 79 "main.c" 1
 385 0004 62B6     		CPSIE   i
 386              	@ 0 "" 2
  80:main.c        **** 
  81:main.c        ****     /* Start UART/LIN Master */
  82:main.c        ****     UART_MASTER_Start();
 387              		.loc 2 82 0
 388              		.thumb
 389              		.syntax unified
 390 0006 FFF7FEFF 		bl	UART_MASTER_Start
 391              	.LVL45:
  83:main.c        ****     UART_PC_Start();
 392              		.loc 2 83 0
 393 000a FFF7FEFF 		bl	UART_PC_Start
 394              	.LVL46:
  84:main.c        **** 
  85:main.c        ****     /* Turn off the led */
  86:main.c        ****     LedRed_Write(1);
 395              		.loc 2 86 0
 396 000e 0120     		movs	r0, #1
 397 0010 FFF7FEFF 		bl	LedRed_Write
 398              	.LVL47:
  87:main.c        ****     
  88:main.c        ****     UART_PC_UartPutString("Introduce the values for the RGB colors using this pattern: Wrrrgggbbb.\
 399              		.loc 2 88 0
 400 0014 2048     		ldr	r0, .L30
 401 0016 FFF7FEFF 		bl	UART_PC_UartPutString
 402              	.LVL48:
 403              	.L22:
  89:main.c        **** 
  90:main.c        ****     for (;;){
  91:main.c        ****         ch = UART_PC_UartGetChar();    // this command Gets then clears to 0u
 404              		.loc 2 91 0
 405 001a FFF7FEFF 		bl	UART_PC_UartGetChar
 406              	.LVL49:
 407 001e C0B2     		uxtb	r0, r0
 408              	.LVL50:
  92:main.c        ****         tic = 0;
  93:main.c        ****         
  94:main.c        ****         if (ch == 'W'){             //'W': Write.
 409              		.loc 2 94 0
 410 0020 5728     		cmp	r0, #87
 411 0022 FAD1     		bne	.L22
 412 0024 32E0     		b	.L29
 413              	.LVL51:
 414              	.L27:
ARM GAS  C:\Users\jagumiel\AppData\Local\Temp\ccfQ5Sj1.s 			page 11


  95:main.c        **** 			cop = 'Y';
  96:main.c        ****             while (cop != 'X'){
  97:main.c        **** 				ch1 = UART_PC_UartGetChar();
 415              		.loc 2 97 0
 416 0026 FFF7FEFF 		bl	UART_PC_UartGetChar
 417              	.LVL52:
 418 002a C0B2     		uxtb	r0, r0
 419              	.LVL53:
  98:main.c        **** 				if ((ch1 != 0u)){
 420              		.loc 2 98 0
 421 002c 0028     		cmp	r0, #0
 422 002e 08D0     		beq	.L23
  99:main.c        ****                     /* Only digits will be processed. Any other char will be omitted. */
 100:main.c        ****                     if( ch1 >= '0' && ch1 <= '9' ){
 423              		.loc 2 100 0
 424 0030 0300     		movs	r3, r0
 425 0032 303B     		subs	r3, r3, #48
 426 0034 DBB2     		uxtb	r3, r3
 427 0036 092B     		cmp	r3, #9
 428 0038 03D8     		bhi	.L23
 101:main.c        ****     					buffer[tic] = ch1;
 429              		.loc 2 101 0
 430 003a 01AB     		add	r3, sp, #4
 431 003c 1855     		strb	r0, [r3, r4]
 102:main.c        ****     					tic++;
 432              		.loc 2 102 0
 433 003e 0134     		adds	r4, r4, #1
 434              	.LVL54:
 435 0040 64B2     		sxtb	r4, r4
 436              	.LVL55:
 437              	.L23:
 103:main.c        ****                     }
 104:main.c        **** 				}
 105:main.c        ****                 /* If the array is completed, then the introduced value us printed on screen and th
 106:main.c        ****                 if (tic==9){
 438              		.loc 2 106 0
 439 0042 092C     		cmp	r4, #9
 440 0044 24D1     		bne	.L21
 107:main.c        ****                     UART_PC_UartPutString(buffer);
 441              		.loc 2 107 0
 442 0046 01A8     		add	r0, sp, #4
 443              	.LVL56:
 444 0048 FFF7FEFF 		bl	UART_PC_UartPutString
 445              	.LVL57:
 108:main.c        ****                     UART_PC_UartPutChar('\r');
 446              		.loc 2 108 0
 447 004c 0D20     		movs	r0, #13
 448 004e FFF7FEFF 		bl	UART_PC_SpiUartWriteTxData
 449              	.LVL58:
 109:main.c        ****                     UART_PC_UartPutChar('\n');
 450              		.loc 2 109 0
 451 0052 0A20     		movs	r0, #10
 452 0054 FFF7FEFF 		bl	UART_PC_SpiUartWriteTxData
 453              	.LVL59:
 110:main.c        ****                     /* Prepare the command and obtain the PID and checksum before sending the frame
 111:main.c        ****                     getResults(buffer);
 454              		.loc 2 111 0
ARM GAS  C:\Users\jagumiel\AppData\Local\Temp\ccfQ5Sj1.s 			page 12


 455 0058 01A8     		add	r0, sp, #4
 456 005a FFF7FEFF 		bl	getResults
 457              	.LVL60:
 112:main.c        ****                     pid=LIN_PID_Calculator(id);
 458              		.loc 2 112 0
 459 005e 0F4E     		ldr	r6, .L30+4
 460 0060 307A     		ldrb	r0, [r6, #8]
 461 0062 FFF7FEFF 		bl	LIN_PID_Calculator
 462              	.LVL61:
 463 0066 C0B2     		uxtb	r0, r0
 464 0068 0D4D     		ldr	r5, .L30+8
 465              	.LVL62:
 466 006a 2870     		strb	r0, [r5]
 113:main.c        ****                     checksum=LIN_Checksum_Calculation(pid, packet);
 467              		.loc 2 113 0
 468 006c 3100     		movs	r1, r6
 469 006e FFF7FEFF 		bl	LIN_Checksum_Calculation
 470              	.LVL63:
 471 0072 6870     		strb	r0, [r5, #1]
 114:main.c        ****                     sendFrame();
 472              		.loc 2 114 0
 473 0074 FFF7FEFF 		bl	sendFrame
 474              	.LVL64:
 475              	.LBB7:
 115:main.c        ****                     /******************************************************************************
 116:main.c        ****                     for(int i=0; i<9; i++)
 476              		.loc 2 116 0
 477 0078 0023     		movs	r3, #0
 478 007a 03E0     		b	.L25
 479              	.LVL65:
 480              	.L26:
 117:main.c        **** 					    buffer[i] = 0u;
 481              		.loc 2 117 0 discriminator 3
 482 007c 0021     		movs	r1, #0
 483 007e 01AA     		add	r2, sp, #4
 484 0080 D154     		strb	r1, [r2, r3]
 116:main.c        **** 					    buffer[i] = 0u;
 485              		.loc 2 116 0 discriminator 3
 486 0082 0133     		adds	r3, r3, #1
 487              	.LVL66:
 488              	.L25:
 116:main.c        **** 					    buffer[i] = 0u;
 489              		.loc 2 116 0 is_stmt 0 discriminator 1
 490 0084 082B     		cmp	r3, #8
 491 0086 F9DD     		ble	.L26
 492              	.LBE7:
 118:main.c        **** 					cop = 'X';
 493              		.loc 2 118 0 is_stmt 1
 494 0088 5825     		movs	r5, #88
 495 008a 01E0     		b	.L21
 496              	.LVL67:
 497              	.L29:
 498 008c 0024     		movs	r4, #0
 499 008e 5925     		movs	r5, #89
 500              	.LVL68:
 501              	.L21:
  96:main.c        **** 				ch1 = UART_PC_UartGetChar();
ARM GAS  C:\Users\jagumiel\AppData\Local\Temp\ccfQ5Sj1.s 			page 13


 502              		.loc 2 96 0
 503 0090 582D     		cmp	r5, #88
 504 0092 C8D1     		bne	.L27
 505 0094 C1E7     		b	.L22
 506              	.L31:
 507 0096 C046     		.align	2
 508              	.L30:
 509 0098 00000000 		.word	.LC3
 510 009c 00000000 		.word	.LANCHOR0
 511 00a0 00000000 		.word	.LANCHOR1
 512              		.cfi_endproc
 513              	.LFE38:
 514              		.size	main, .-main
 515              		.global	checksum
 516              		.global	pid
 517              		.global	packet
 518              		.global	id
 519              		.global	sync
 520              		.comm	Sensor_data,8,4
 521              		.section	.rodata
 522              		.type	sync, %object
 523              		.size	sync, 1
 524              	sync:
 525 0000 55       		.byte	85
 526              		.data
 527              		.align	2
 528              		.set	.LANCHOR0,. + 0
 529              		.type	packet, %object
 530              		.size	packet, 8
 531              	packet:
 532 0000 89       		.byte	-119
 533 0001 00       		.byte	0
 534 0002 00       		.byte	0
 535 0003 00       		.byte	0
 536 0004 FF       		.byte	-1
 537 0005 FF       		.byte	-1
 538 0006 FF       		.byte	-1
 539 0007 FF       		.byte	-1
 540              		.type	id, %object
 541              		.size	id, 1
 542              	id:
 543 0008 10       		.byte	16
 544              		.section	.rodata.str1.4,"aMS",%progbits,1
 545              		.align	2
 546              	.LC3:
 547 0000 496E7472 		.ascii	"Introduce the values for the RGB colors using this "
 547      6F647563 
 547      65207468 
 547      65207661 
 547      6C756573 
 548 0033 70617474 		.ascii	"pattern: Wrrrgggbbb.\012\015 Example: W255090030\012"
 548      65726E3A 
 548      20577272 
 548      72676767 
 548      6262622E 
 549 005e 0D00     		.ascii	"\015\000"
 550              		.bss
ARM GAS  C:\Users\jagumiel\AppData\Local\Temp\ccfQ5Sj1.s 			page 14


 551              		.set	.LANCHOR1,. + 0
 552              		.type	pid, %object
 553              		.size	pid, 1
 554              	pid:
 555 0000 00       		.space	1
 556              		.type	checksum, %object
 557              		.size	checksum, 1
 558              	checksum:
 559 0001 00       		.space	1
 560              		.text
 561              	.Letext0:
 562              		.file 3 "c:\\program files (x86)\\cypress\\psoc creator\\4.2\\psoc creator\\import\\gnu\\arm\\5.4.
 563              		.file 4 "c:\\program files (x86)\\cypress\\psoc creator\\4.2\\psoc creator\\import\\gnu\\arm\\5.4.
 564              		.file 5 "Generated_Source\\PSoC4/cytypes.h"
 565              		.file 6 "c:\\program files (x86)\\cypress\\psoc creator\\4.2\\psoc creator\\import\\gnu\\arm\\5.4.
 566              		.file 7 "Generated_Source\\PSoC4/UART_MASTER_SPI_UART.h"
 567              		.file 8 "Generated_Source\\PSoC4/UART_MASTER.h"
 568              		.file 9 "Generated_Source\\PSoC4/UART_PC.h"
 569              		.file 10 "Generated_Source\\PSoC4/LedRed.h"
 570              		.file 11 "Generated_Source\\PSoC4/UART_PC_SPI_UART.h"
 571              		.section	.debug_info,"",%progbits
 572              	.Ldebug_info0:
 573 0000 81050000 		.4byte	0x581
 574 0004 0400     		.2byte	0x4
 575 0006 00000000 		.4byte	.Ldebug_abbrev0
 576 000a 04       		.byte	0x4
 577 000b 01       		.uleb128 0x1
 578 000c 10010000 		.4byte	.LASF50
 579 0010 0C       		.byte	0xc
 580 0011 E5020000 		.4byte	.LASF51
 581 0015 1A000000 		.4byte	.LASF52
 582 0019 18000000 		.4byte	.Ldebug_ranges0+0x18
 583 001d 00000000 		.4byte	0
 584 0021 00000000 		.4byte	.Ldebug_line0
 585 0025 02       		.uleb128 0x2
 586 0026 04       		.byte	0x4
 587 0027 07       		.byte	0x7
 588 0028 70020000 		.4byte	.LASF0
 589 002c 03       		.uleb128 0x3
 590 002d 04       		.byte	0x4
 591 002e 05       		.byte	0x5
 592 002f 696E7400 		.ascii	"int\000"
 593 0033 02       		.uleb128 0x2
 594 0034 08       		.byte	0x8
 595 0035 05       		.byte	0x5
 596 0036 D7020000 		.4byte	.LASF1
 597 003a 02       		.uleb128 0x2
 598 003b 08       		.byte	0x8
 599 003c 04       		.byte	0x4
 600 003d 37030000 		.4byte	.LASF2
 601 0041 02       		.uleb128 0x2
 602 0042 01       		.byte	0x1
 603 0043 06       		.byte	0x6
 604 0044 B8020000 		.4byte	.LASF3
 605 0048 04       		.uleb128 0x4
 606 0049 10000000 		.4byte	.LASF6
 607 004d 03       		.byte	0x3
ARM GAS  C:\Users\jagumiel\AppData\Local\Temp\ccfQ5Sj1.s 			page 15


 608 004e 1D       		.byte	0x1d
 609 004f 53000000 		.4byte	0x53
 610 0053 02       		.uleb128 0x2
 611 0054 01       		.byte	0x1
 612 0055 08       		.byte	0x8
 613 0056 CE010000 		.4byte	.LASF4
 614 005a 02       		.uleb128 0x2
 615 005b 02       		.byte	0x2
 616 005c 05       		.byte	0x5
 617 005d 26020000 		.4byte	.LASF5
 618 0061 04       		.uleb128 0x4
 619 0062 1B020000 		.4byte	.LASF7
 620 0066 03       		.byte	0x3
 621 0067 2B       		.byte	0x2b
 622 0068 6C000000 		.4byte	0x6c
 623 006c 02       		.uleb128 0x2
 624 006d 02       		.byte	0x2
 625 006e 07       		.byte	0x7
 626 006f 96000000 		.4byte	.LASF8
 627 0073 02       		.uleb128 0x2
 628 0074 04       		.byte	0x4
 629 0075 05       		.byte	0x5
 630 0076 0C030000 		.4byte	.LASF9
 631 007a 02       		.uleb128 0x2
 632 007b 04       		.byte	0x4
 633 007c 07       		.byte	0x7
 634 007d E9010000 		.4byte	.LASF10
 635 0081 02       		.uleb128 0x2
 636 0082 08       		.byte	0x8
 637 0083 07       		.byte	0x7
 638 0084 7D020000 		.4byte	.LASF11
 639 0088 02       		.uleb128 0x2
 640 0089 04       		.byte	0x4
 641 008a 07       		.byte	0x7
 642 008b CE020000 		.4byte	.LASF12
 643 008f 05       		.uleb128 0x5
 644 0090 04       		.byte	0x4
 645 0091 95000000 		.4byte	0x95
 646 0095 02       		.uleb128 0x2
 647 0096 01       		.byte	0x1
 648 0097 08       		.byte	0x8
 649 0098 0B000000 		.4byte	.LASF13
 650 009c 04       		.uleb128 0x4
 651 009d 94020000 		.4byte	.LASF14
 652 00a1 04       		.byte	0x4
 653 00a2 18       		.byte	0x18
 654 00a3 48000000 		.4byte	0x48
 655 00a7 04       		.uleb128 0x4
 656 00a8 03030000 		.4byte	.LASF15
 657 00ac 04       		.byte	0x4
 658 00ad 24       		.byte	0x24
 659 00ae 61000000 		.4byte	0x61
 660 00b2 06       		.uleb128 0x6
 661 00b3 53020000 		.4byte	.LASF16
 662 00b7 05       		.byte	0x5
 663 00b8 E601     		.2byte	0x1e6
 664 00ba 7A000000 		.4byte	0x7a
ARM GAS  C:\Users\jagumiel\AppData\Local\Temp\ccfQ5Sj1.s 			page 16


 665 00be 06       		.uleb128 0x6
 666 00bf 35020000 		.4byte	.LASF17
 667 00c3 05       		.byte	0x5
 668 00c4 E701     		.2byte	0x1e7
 669 00c6 41000000 		.4byte	0x41
 670 00ca 02       		.uleb128 0x2
 671 00cb 04       		.byte	0x4
 672 00cc 04       		.byte	0x4
 673 00cd 9E010000 		.4byte	.LASF18
 674 00d1 02       		.uleb128 0x2
 675 00d2 08       		.byte	0x8
 676 00d3 04       		.byte	0x4
 677 00d4 5E030000 		.4byte	.LASF19
 678 00d8 07       		.uleb128 0x7
 679 00d9 3A020000 		.4byte	.LASF23
 680 00dd 01       		.byte	0x1
 681 00de 13       		.byte	0x13
 682 00df 9C000000 		.4byte	0x9c
 683 00e3 00000000 		.4byte	.LFB33
 684 00e7 28000000 		.4byte	.LFE33-.LFB33
 685 00eb 01       		.uleb128 0x1
 686 00ec 9C       		.byte	0x9c
 687 00ed 2E010000 		.4byte	0x12e
 688 00f1 08       		.uleb128 0x8
 689 00f2 A4010000 		.4byte	.LASF25
 690 00f6 01       		.byte	0x1
 691 00f7 13       		.byte	0x13
 692 00f8 9C000000 		.4byte	0x9c
 693 00fc 00000000 		.4byte	.LLST0
 694 0100 09       		.uleb128 0x9
 695 0101 A9000000 		.4byte	.LASF20
 696 0105 01       		.byte	0x1
 697 0106 14       		.byte	0x14
 698 0107 9C000000 		.4byte	0x9c
 699 010b 21000000 		.4byte	.LLST1
 700 010f 09       		.uleb128 0x9
 701 0110 87000000 		.4byte	.LASF21
 702 0114 01       		.byte	0x1
 703 0115 15       		.byte	0x15
 704 0116 9C000000 		.4byte	0x9c
 705 011a 40000000 		.4byte	.LLST2
 706 011e 09       		.uleb128 0x9
 707 011f 9C020000 		.4byte	.LASF22
 708 0123 01       		.byte	0x1
 709 0124 16       		.byte	0x16
 710 0125 9C000000 		.4byte	0x9c
 711 0129 6A000000 		.4byte	.LLST3
 712 012d 00       		.byte	0
 713 012e 07       		.uleb128 0x7
 714 012f B2010000 		.4byte	.LASF24
 715 0133 01       		.byte	0x1
 716 0134 1E       		.byte	0x1e
 717 0135 2C000000 		.4byte	0x2c
 718 0139 00000000 		.4byte	.LFB34
 719 013d 2C000000 		.4byte	.LFE34-.LFB34
 720 0141 01       		.uleb128 0x1
 721 0142 9C       		.byte	0x9c
ARM GAS  C:\Users\jagumiel\AppData\Local\Temp\ccfQ5Sj1.s 			page 17


 722 0143 82010000 		.4byte	0x182
 723 0147 0A       		.uleb128 0xa
 724 0148 696400   		.ascii	"id\000"
 725 014b 01       		.byte	0x1
 726 014c 1E       		.byte	0x1e
 727 014d 9C000000 		.4byte	0x9c
 728 0151 89000000 		.4byte	.LLST4
 729 0155 0B       		.uleb128 0xb
 730 0156 01020000 		.4byte	.LASF26
 731 015a 01       		.byte	0x1
 732 015b 1F       		.byte	0x1f
 733 015c 82010000 		.4byte	0x182
 734 0160 02       		.uleb128 0x2
 735 0161 91       		.byte	0x91
 736 0162 6F       		.sleb128 -17
 737 0163 0C       		.uleb128 0xc
 738 0164 70696400 		.ascii	"pid\000"
 739 0168 01       		.byte	0x1
 740 0169 20       		.byte	0x20
 741 016a 82010000 		.4byte	0x182
 742 016e 02       		.uleb128 0x2
 743 016f 91       		.byte	0x91
 744 0170 6E       		.sleb128 -18
 745 0171 0D       		.uleb128 0xd
 746 0172 18000000 		.4byte	.LVL8
 747 0176 D8000000 		.4byte	0xd8
 748 017a 0E       		.uleb128 0xe
 749 017b 01       		.uleb128 0x1
 750 017c 50       		.byte	0x50
 751 017d 02       		.uleb128 0x2
 752 017e 74       		.byte	0x74
 753 017f 00       		.sleb128 0
 754 0180 00       		.byte	0
 755 0181 00       		.byte	0
 756 0182 0F       		.uleb128 0xf
 757 0183 9C000000 		.4byte	0x9c
 758 0187 07       		.uleb128 0x7
 759 0188 DD000000 		.4byte	.LASF27
 760 018c 01       		.byte	0x1
 761 018d 26       		.byte	0x26
 762 018e 9C000000 		.4byte	0x9c
 763 0192 00000000 		.4byte	.LFB35
 764 0196 1E000000 		.4byte	.LFE35-.LFB35
 765 019a 01       		.uleb128 0x1
 766 019b 9C       		.byte	0x9c
 767 019c EA010000 		.4byte	0x1ea
 768 01a0 08       		.uleb128 0x8
 769 01a1 C5010000 		.4byte	.LASF28
 770 01a5 01       		.byte	0x1
 771 01a6 26       		.byte	0x26
 772 01a7 9C000000 		.4byte	0x9c
 773 01ab AA000000 		.4byte	.LLST5
 774 01af 10       		.uleb128 0x10
 775 01b0 D6000000 		.4byte	.LASF29
 776 01b4 01       		.byte	0x1
 777 01b5 26       		.byte	0x26
 778 01b6 EA010000 		.4byte	0x1ea
ARM GAS  C:\Users\jagumiel\AppData\Local\Temp\ccfQ5Sj1.s 			page 18


 779 01ba 01       		.uleb128 0x1
 780 01bb 51       		.byte	0x51
 781 01bc 09       		.uleb128 0x9
 782 01bd A3020000 		.4byte	.LASF30
 783 01c1 01       		.byte	0x1
 784 01c2 27       		.byte	0x27
 785 01c3 A7000000 		.4byte	0xa7
 786 01c7 CB000000 		.4byte	.LLST6
 787 01cb 09       		.uleb128 0x9
 788 01cc FB010000 		.4byte	.LASF31
 789 01d0 01       		.byte	0x1
 790 01d1 28       		.byte	0x28
 791 01d2 9C000000 		.4byte	0x9c
 792 01d6 E9000000 		.4byte	.LLST7
 793 01da 09       		.uleb128 0x9
 794 01db EC020000 		.4byte	.LASF32
 795 01df 01       		.byte	0x1
 796 01e0 29       		.byte	0x29
 797 01e1 9C000000 		.4byte	0x9c
 798 01e5 13010000 		.4byte	.LLST8
 799 01e9 00       		.byte	0
 800 01ea 05       		.uleb128 0x5
 801 01eb 04       		.byte	0x4
 802 01ec 9C000000 		.4byte	0x9c
 803 01f0 11       		.uleb128 0x11
 804 01f1 00000000 		.4byte	.LASF35
 805 01f5 02       		.byte	0x2
 806 01f6 21       		.byte	0x21
 807 01f7 00000000 		.4byte	.LFB36
 808 01fb 64000000 		.4byte	.LFE36-.LFB36
 809 01ff 01       		.uleb128 0x1
 810 0200 9C       		.byte	0x9c
 811 0201 B5020000 		.4byte	0x2b5
 812 0205 08       		.uleb128 0x8
 813 0206 CD000000 		.4byte	.LASF33
 814 020a 02       		.byte	0x2
 815 020b 21       		.byte	0x21
 816 020c 8F000000 		.4byte	0x8f
 817 0210 32010000 		.4byte	.LLST9
 818 0214 0B       		.uleb128 0xb
 819 0215 84030000 		.4byte	.LASF34
 820 0219 02       		.byte	0x2
 821 021a 23       		.byte	0x23
 822 021b B5020000 		.4byte	0x2b5
 823 021f 02       		.uleb128 0x2
 824 0220 91       		.byte	0x91
 825 0221 6C       		.sleb128 -20
 826 0222 12       		.uleb128 0x12
 827 0223 6900     		.ascii	"i\000"
 828 0225 02       		.byte	0x2
 829 0226 24       		.byte	0x24
 830 0227 2C000000 		.4byte	0x2c
 831 022b 5E010000 		.4byte	.LLST10
 832 022f 13       		.uleb128 0x13
 833 0230 00000000 		.4byte	.Ldebug_ranges0+0
 834 0234 46020000 		.4byte	0x246
 835 0238 12       		.uleb128 0x12
ARM GAS  C:\Users\jagumiel\AppData\Local\Temp\ccfQ5Sj1.s 			page 19


 836 0239 6A00     		.ascii	"j\000"
 837 023b 02       		.byte	0x2
 838 023c 25       		.byte	0x25
 839 023d 2C000000 		.4byte	0x2c
 840 0241 7D010000 		.4byte	.LLST11
 841 0245 00       		.byte	0
 842 0246 14       		.uleb128 0x14
 843 0247 24000000 		.4byte	.LBB4
 844 024b 12000000 		.4byte	.LBE4-.LBB4
 845 024f 61020000 		.4byte	0x261
 846 0253 12       		.uleb128 0x12
 847 0254 6A00     		.ascii	"j\000"
 848 0256 02       		.byte	0x2
 849 0257 2A       		.byte	0x2a
 850 0258 2C000000 		.4byte	0x2c
 851 025c 9C010000 		.4byte	.LLST12
 852 0260 00       		.byte	0
 853 0261 14       		.uleb128 0x14
 854 0262 40000000 		.4byte	.LBB5
 855 0266 12000000 		.4byte	.LBE5-.LBB5
 856 026a 7C020000 		.4byte	0x27c
 857 026e 12       		.uleb128 0x12
 858 026f 6A00     		.ascii	"j\000"
 859 0271 02       		.byte	0x2
 860 0272 2F       		.byte	0x2f
 861 0273 2C000000 		.4byte	0x2c
 862 0277 BB010000 		.4byte	.LLST13
 863 027b 00       		.byte	0
 864 027c 15       		.uleb128 0x15
 865 027d 20000000 		.4byte	.LVL24
 866 0281 1C050000 		.4byte	0x51c
 867 0285 90020000 		.4byte	0x290
 868 0289 0E       		.uleb128 0xe
 869 028a 01       		.uleb128 0x1
 870 028b 50       		.byte	0x50
 871 028c 02       		.uleb128 0x2
 872 028d 91       		.byte	0x91
 873 028e 6C       		.sleb128 -20
 874 028f 00       		.byte	0
 875 0290 15       		.uleb128 0x15
 876 0291 3C000000 		.4byte	.LVL29
 877 0295 1C050000 		.4byte	0x51c
 878 0299 A4020000 		.4byte	0x2a4
 879 029d 0E       		.uleb128 0xe
 880 029e 01       		.uleb128 0x1
 881 029f 50       		.byte	0x50
 882 02a0 02       		.uleb128 0x2
 883 02a1 91       		.byte	0x91
 884 02a2 6C       		.sleb128 -20
 885 02a3 00       		.byte	0
 886 02a4 0D       		.uleb128 0xd
 887 02a5 58000000 		.4byte	.LVL34
 888 02a9 1C050000 		.4byte	0x51c
 889 02ad 0E       		.uleb128 0xe
 890 02ae 01       		.uleb128 0x1
 891 02af 50       		.byte	0x50
 892 02b0 02       		.uleb128 0x2
ARM GAS  C:\Users\jagumiel\AppData\Local\Temp\ccfQ5Sj1.s 			page 20


 893 02b1 91       		.byte	0x91
 894 02b2 6C       		.sleb128 -20
 895 02b3 00       		.byte	0
 896 02b4 00       		.byte	0
 897 02b5 16       		.uleb128 0x16
 898 02b6 95000000 		.4byte	0x95
 899 02ba C5020000 		.4byte	0x2c5
 900 02be 17       		.uleb128 0x17
 901 02bf 88000000 		.4byte	0x88
 902 02c3 02       		.byte	0x2
 903 02c4 00       		.byte	0
 904 02c5 11       		.uleb128 0x11
 905 02c6 C4020000 		.4byte	.LASF36
 906 02ca 02       		.byte	0x2
 907 02cb 3B       		.byte	0x3b
 908 02cc 00000000 		.4byte	.LFB37
 909 02d0 3C000000 		.4byte	.LFE37-.LFB37
 910 02d4 01       		.uleb128 0x1
 911 02d5 9C       		.byte	0x9c
 912 02d6 38030000 		.4byte	0x338
 913 02da 14       		.uleb128 0x14
 914 02db 16000000 		.4byte	.LBB6
 915 02df 12000000 		.4byte	.LBE6-.LBB6
 916 02e3 FE020000 		.4byte	0x2fe
 917 02e7 12       		.uleb128 0x12
 918 02e8 6900     		.ascii	"i\000"
 919 02ea 02       		.byte	0x2
 920 02eb 3F       		.byte	0x3f
 921 02ec 2C000000 		.4byte	0x2c
 922 02f0 DA010000 		.4byte	.LLST14
 923 02f4 18       		.uleb128 0x18
 924 02f5 22000000 		.4byte	.LVL41
 925 02f9 27050000 		.4byte	0x527
 926 02fd 00       		.byte	0
 927 02fe 15       		.uleb128 0x15
 928 02ff 08000000 		.4byte	.LVL37
 929 0303 33050000 		.4byte	0x533
 930 0307 11030000 		.4byte	0x311
 931 030b 0E       		.uleb128 0xe
 932 030c 01       		.uleb128 0x1
 933 030d 50       		.byte	0x50
 934 030e 01       		.uleb128 0x1
 935 030f 3D       		.byte	0x3d
 936 0310 00       		.byte	0
 937 0311 15       		.uleb128 0x15
 938 0312 0E000000 		.4byte	.LVL38
 939 0316 27050000 		.4byte	0x527
 940 031a 25030000 		.4byte	0x325
 941 031e 0E       		.uleb128 0xe
 942 031f 01       		.uleb128 0x1
 943 0320 50       		.byte	0x50
 944 0321 02       		.uleb128 0x2
 945 0322 08       		.byte	0x8
 946 0323 55       		.byte	0x55
 947 0324 00       		.byte	0
 948 0325 18       		.uleb128 0x18
 949 0326 16000000 		.4byte	.LVL39
ARM GAS  C:\Users\jagumiel\AppData\Local\Temp\ccfQ5Sj1.s 			page 21


 950 032a 27050000 		.4byte	0x527
 951 032e 18       		.uleb128 0x18
 952 032f 30000000 		.4byte	.LVL43
 953 0333 27050000 		.4byte	0x527
 954 0337 00       		.byte	0
 955 0338 19       		.uleb128 0x19
 956 0339 F7020000 		.4byte	.LASF53
 957 033d 02       		.byte	0x2
 958 033e 46       		.byte	0x46
 959 033f 2C000000 		.4byte	0x2c
 960 0343 00000000 		.4byte	.LFB38
 961 0347 A4000000 		.4byte	.LFE38-.LFB38
 962 034b 01       		.uleb128 0x1
 963 034c 9C       		.byte	0x9c
 964 034d 78040000 		.4byte	0x478
 965 0351 12       		.uleb128 0x12
 966 0352 636800   		.ascii	"ch\000"
 967 0355 02       		.byte	0x2
 968 0356 48       		.byte	0x48
 969 0357 95000000 		.4byte	0x95
 970 035b F9010000 		.4byte	.LLST15
 971 035f 12       		.uleb128 0x12
 972 0360 63683100 		.ascii	"ch1\000"
 973 0364 02       		.byte	0x2
 974 0365 49       		.byte	0x49
 975 0366 95000000 		.4byte	0x95
 976 036a 17020000 		.4byte	.LLST16
 977 036e 12       		.uleb128 0x12
 978 036f 636F7000 		.ascii	"cop\000"
 979 0373 02       		.byte	0x2
 980 0374 4A       		.byte	0x4a
 981 0375 95000000 		.4byte	0x95
 982 0379 2A020000 		.4byte	.LLST17
 983 037d 0B       		.uleb128 0xb
 984 037e FC020000 		.4byte	.LASF37
 985 0382 02       		.byte	0x2
 986 0383 4B       		.byte	0x4b
 987 0384 78040000 		.4byte	0x478
 988 0388 02       		.uleb128 0x2
 989 0389 91       		.byte	0x91
 990 038a 64       		.sleb128 -28
 991 038b 12       		.uleb128 0x12
 992 038c 74696300 		.ascii	"tic\000"
 993 0390 02       		.byte	0x2
 994 0391 4C       		.byte	0x4c
 995 0392 BE000000 		.4byte	0xbe
 996 0396 48020000 		.4byte	.LLST18
 997 039a 14       		.uleb128 0x14
 998 039b 78000000 		.4byte	.LBB7
 999 039f 10000000 		.4byte	.LBE7-.LBB7
 1000 03a3 B5030000 		.4byte	0x3b5
 1001 03a7 12       		.uleb128 0x12
 1002 03a8 6900     		.ascii	"i\000"
 1003 03aa 02       		.byte	0x2
 1004 03ab 74       		.byte	0x74
 1005 03ac 2C000000 		.4byte	0x2c
 1006 03b0 89020000 		.4byte	.LLST19
ARM GAS  C:\Users\jagumiel\AppData\Local\Temp\ccfQ5Sj1.s 			page 22


 1007 03b4 00       		.byte	0
 1008 03b5 18       		.uleb128 0x18
 1009 03b6 0A000000 		.4byte	.LVL45
 1010 03ba 3F050000 		.4byte	0x53f
 1011 03be 18       		.uleb128 0x18
 1012 03bf 0E000000 		.4byte	.LVL46
 1013 03c3 4A050000 		.4byte	0x54a
 1014 03c7 15       		.uleb128 0x15
 1015 03c8 14000000 		.4byte	.LVL47
 1016 03cc 55050000 		.4byte	0x555
 1017 03d0 DA030000 		.4byte	0x3da
 1018 03d4 0E       		.uleb128 0xe
 1019 03d5 01       		.uleb128 0x1
 1020 03d6 50       		.byte	0x50
 1021 03d7 01       		.uleb128 0x1
 1022 03d8 31       		.byte	0x31
 1023 03d9 00       		.byte	0
 1024 03da 15       		.uleb128 0x15
 1025 03db 1A000000 		.4byte	.LVL48
 1026 03df 60050000 		.4byte	0x560
 1027 03e3 F1030000 		.4byte	0x3f1
 1028 03e7 0E       		.uleb128 0xe
 1029 03e8 01       		.uleb128 0x1
 1030 03e9 50       		.byte	0x50
 1031 03ea 05       		.uleb128 0x5
 1032 03eb 03       		.byte	0x3
 1033 03ec 00000000 		.4byte	.LC3
 1034 03f0 00       		.byte	0
 1035 03f1 18       		.uleb128 0x18
 1036 03f2 1E000000 		.4byte	.LVL49
 1037 03f6 6C050000 		.4byte	0x56c
 1038 03fa 18       		.uleb128 0x18
 1039 03fb 2A000000 		.4byte	.LVL52
 1040 03ff 6C050000 		.4byte	0x56c
 1041 0403 15       		.uleb128 0x15
 1042 0404 4C000000 		.4byte	.LVL57
 1043 0408 60050000 		.4byte	0x560
 1044 040c 17040000 		.4byte	0x417
 1045 0410 0E       		.uleb128 0xe
 1046 0411 01       		.uleb128 0x1
 1047 0412 50       		.byte	0x50
 1048 0413 02       		.uleb128 0x2
 1049 0414 91       		.byte	0x91
 1050 0415 64       		.sleb128 -28
 1051 0416 00       		.byte	0
 1052 0417 15       		.uleb128 0x15
 1053 0418 52000000 		.4byte	.LVL58
 1054 041c 78050000 		.4byte	0x578
 1055 0420 2A040000 		.4byte	0x42a
 1056 0424 0E       		.uleb128 0xe
 1057 0425 01       		.uleb128 0x1
 1058 0426 50       		.byte	0x50
 1059 0427 01       		.uleb128 0x1
 1060 0428 3D       		.byte	0x3d
 1061 0429 00       		.byte	0
 1062 042a 15       		.uleb128 0x15
 1063 042b 58000000 		.4byte	.LVL59
ARM GAS  C:\Users\jagumiel\AppData\Local\Temp\ccfQ5Sj1.s 			page 23


 1064 042f 78050000 		.4byte	0x578
 1065 0433 3D040000 		.4byte	0x43d
 1066 0437 0E       		.uleb128 0xe
 1067 0438 01       		.uleb128 0x1
 1068 0439 50       		.byte	0x50
 1069 043a 01       		.uleb128 0x1
 1070 043b 3A       		.byte	0x3a
 1071 043c 00       		.byte	0
 1072 043d 15       		.uleb128 0x15
 1073 043e 5E000000 		.4byte	.LVL60
 1074 0442 F0010000 		.4byte	0x1f0
 1075 0446 51040000 		.4byte	0x451
 1076 044a 0E       		.uleb128 0xe
 1077 044b 01       		.uleb128 0x1
 1078 044c 50       		.byte	0x50
 1079 044d 02       		.uleb128 0x2
 1080 044e 91       		.byte	0x91
 1081 044f 64       		.sleb128 -28
 1082 0450 00       		.byte	0
 1083 0451 18       		.uleb128 0x18
 1084 0452 66000000 		.4byte	.LVL61
 1085 0456 2E010000 		.4byte	0x12e
 1086 045a 15       		.uleb128 0x15
 1087 045b 72000000 		.4byte	.LVL63
 1088 045f 87010000 		.4byte	0x187
 1089 0463 6E040000 		.4byte	0x46e
 1090 0467 0E       		.uleb128 0xe
 1091 0468 01       		.uleb128 0x1
 1092 0469 51       		.byte	0x51
 1093 046a 02       		.uleb128 0x2
 1094 046b 76       		.byte	0x76
 1095 046c 00       		.sleb128 0
 1096 046d 00       		.byte	0
 1097 046e 18       		.uleb128 0x18
 1098 046f 78000000 		.4byte	.LVL64
 1099 0473 C5020000 		.4byte	0x2c5
 1100 0477 00       		.byte	0
 1101 0478 16       		.uleb128 0x16
 1102 0479 95000000 		.4byte	0x95
 1103 047d 88040000 		.4byte	0x488
 1104 0481 17       		.uleb128 0x17
 1105 0482 88000000 		.4byte	0x88
 1106 0486 08       		.byte	0x8
 1107 0487 00       		.byte	0
 1108 0488 16       		.uleb128 0x16
 1109 0489 98040000 		.4byte	0x498
 1110 048d 98040000 		.4byte	0x498
 1111 0491 17       		.uleb128 0x17
 1112 0492 88000000 		.4byte	0x88
 1113 0496 07       		.byte	0x7
 1114 0497 00       		.byte	0
 1115 0498 0F       		.uleb128 0xf
 1116 0499 53000000 		.4byte	0x53
 1117 049d 1A       		.uleb128 0x1a
 1118 049e 04010000 		.4byte	.LASF38
 1119 04a2 02       		.byte	0x2
 1120 04a3 1A       		.byte	0x1a
ARM GAS  C:\Users\jagumiel\AppData\Local\Temp\ccfQ5Sj1.s 			page 24


 1121 04a4 AE040000 		.4byte	0x4ae
 1122 04a8 05       		.uleb128 0x5
 1123 04a9 03       		.byte	0x3
 1124 04aa 00000000 		.4byte	Sensor_data
 1125 04ae 0F       		.uleb128 0xf
 1126 04af 88040000 		.4byte	0x488
 1127 04b3 1A       		.uleb128 0x1a
 1128 04b4 30020000 		.4byte	.LASF39
 1129 04b8 02       		.byte	0x2
 1130 04b9 1B       		.byte	0x1b
 1131 04ba C4040000 		.4byte	0x4c4
 1132 04be 05       		.uleb128 0x5
 1133 04bf 03       		.byte	0x3
 1134 04c0 00000000 		.4byte	sync
 1135 04c4 1B       		.uleb128 0x1b
 1136 04c5 9C000000 		.4byte	0x9c
 1137 04c9 1C       		.uleb128 0x1c
 1138 04ca 696400   		.ascii	"id\000"
 1139 04cd 02       		.byte	0x2
 1140 04ce 1C       		.byte	0x1c
 1141 04cf 9C000000 		.4byte	0x9c
 1142 04d3 05       		.uleb128 0x5
 1143 04d4 03       		.byte	0x3
 1144 04d5 00000000 		.4byte	id
 1145 04d9 16       		.uleb128 0x16
 1146 04da 9C000000 		.4byte	0x9c
 1147 04de E9040000 		.4byte	0x4e9
 1148 04e2 17       		.uleb128 0x17
 1149 04e3 88000000 		.4byte	0x88
 1150 04e7 07       		.byte	0x7
 1151 04e8 00       		.byte	0
 1152 04e9 1A       		.uleb128 0x1a
 1153 04ea D6000000 		.4byte	.LASF29
 1154 04ee 02       		.byte	0x2
 1155 04ef 1D       		.byte	0x1d
 1156 04f0 D9040000 		.4byte	0x4d9
 1157 04f4 05       		.uleb128 0x5
 1158 04f5 03       		.byte	0x3
 1159 04f6 00000000 		.4byte	packet
 1160 04fa 1C       		.uleb128 0x1c
 1161 04fb 70696400 		.ascii	"pid\000"
 1162 04ff 02       		.byte	0x2
 1163 0500 1E       		.byte	0x1e
 1164 0501 9C000000 		.4byte	0x9c
 1165 0505 05       		.uleb128 0x5
 1166 0506 03       		.byte	0x3
 1167 0507 00000000 		.4byte	pid
 1168 050b 1A       		.uleb128 0x1a
 1169 050c A9010000 		.4byte	.LASF40
 1170 0510 02       		.byte	0x2
 1171 0511 1F       		.byte	0x1f
 1172 0512 9C000000 		.4byte	0x9c
 1173 0516 05       		.uleb128 0x5
 1174 0517 03       		.byte	0x3
 1175 0518 00000000 		.4byte	checksum
 1176 051c 1D       		.uleb128 0x1d
 1177 051d B3020000 		.4byte	.LASF41
ARM GAS  C:\Users\jagumiel\AppData\Local\Temp\ccfQ5Sj1.s 			page 25


 1178 0521 B3020000 		.4byte	.LASF41
 1179 0525 06       		.byte	0x6
 1180 0526 4D       		.byte	0x4d
 1181 0527 1E       		.uleb128 0x1e
 1182 0528 65030000 		.4byte	.LASF42
 1183 052c 65030000 		.4byte	.LASF42
 1184 0530 07       		.byte	0x7
 1185 0531 4403     		.2byte	0x344
 1186 0533 1E       		.uleb128 0x1e
 1187 0534 15030000 		.4byte	.LASF43
 1188 0538 15030000 		.4byte	.LASF43
 1189 053c 07       		.byte	0x7
 1190 053d 2C03     		.2byte	0x32c
 1191 053f 1D       		.uleb128 0x1d
 1192 0540 09020000 		.4byte	.LASF44
 1193 0544 09020000 		.4byte	.LASF44
 1194 0548 08       		.byte	0x8
 1195 0549 72       		.byte	0x72
 1196 054a 1D       		.uleb128 0x1d
 1197 054b F6000000 		.4byte	.LASF45
 1198 054f F6000000 		.4byte	.LASF45
 1199 0553 09       		.byte	0x9
 1200 0554 72       		.byte	0x72
 1201 0555 1D       		.uleb128 0x1d
 1202 0556 DC010000 		.4byte	.LASF46
 1203 055a DC010000 		.4byte	.LASF46
 1204 055e 0A       		.byte	0xa
 1205 055f 33       		.byte	0x33
 1206 0560 1E       		.uleb128 0x1e
 1207 0561 5A020000 		.4byte	.LASF47
 1208 0565 5A020000 		.4byte	.LASF47
 1209 0569 0B       		.byte	0xb
 1210 056a 2A03     		.2byte	0x32a
 1211 056c 1E       		.uleb128 0x1e
 1212 056d B9000000 		.4byte	.LASF48
 1213 0571 B9000000 		.4byte	.LASF48
 1214 0575 0B       		.byte	0xb
 1215 0576 0F03     		.2byte	0x30f
 1216 0578 1E       		.uleb128 0x1e
 1217 0579 43030000 		.4byte	.LASF49
 1218 057d 43030000 		.4byte	.LASF49
 1219 0581 0B       		.byte	0xb
 1220 0582 4403     		.2byte	0x344
 1221 0584 00       		.byte	0
 1222              		.section	.debug_abbrev,"",%progbits
 1223              	.Ldebug_abbrev0:
 1224 0000 01       		.uleb128 0x1
 1225 0001 11       		.uleb128 0x11
 1226 0002 01       		.byte	0x1
 1227 0003 25       		.uleb128 0x25
 1228 0004 0E       		.uleb128 0xe
 1229 0005 13       		.uleb128 0x13
 1230 0006 0B       		.uleb128 0xb
 1231 0007 03       		.uleb128 0x3
 1232 0008 0E       		.uleb128 0xe
 1233 0009 1B       		.uleb128 0x1b
 1234 000a 0E       		.uleb128 0xe
ARM GAS  C:\Users\jagumiel\AppData\Local\Temp\ccfQ5Sj1.s 			page 26


 1235 000b 55       		.uleb128 0x55
 1236 000c 17       		.uleb128 0x17
 1237 000d 11       		.uleb128 0x11
 1238 000e 01       		.uleb128 0x1
 1239 000f 10       		.uleb128 0x10
 1240 0010 17       		.uleb128 0x17
 1241 0011 00       		.byte	0
 1242 0012 00       		.byte	0
 1243 0013 02       		.uleb128 0x2
 1244 0014 24       		.uleb128 0x24
 1245 0015 00       		.byte	0
 1246 0016 0B       		.uleb128 0xb
 1247 0017 0B       		.uleb128 0xb
 1248 0018 3E       		.uleb128 0x3e
 1249 0019 0B       		.uleb128 0xb
 1250 001a 03       		.uleb128 0x3
 1251 001b 0E       		.uleb128 0xe
 1252 001c 00       		.byte	0
 1253 001d 00       		.byte	0
 1254 001e 03       		.uleb128 0x3
 1255 001f 24       		.uleb128 0x24
 1256 0020 00       		.byte	0
 1257 0021 0B       		.uleb128 0xb
 1258 0022 0B       		.uleb128 0xb
 1259 0023 3E       		.uleb128 0x3e
 1260 0024 0B       		.uleb128 0xb
 1261 0025 03       		.uleb128 0x3
 1262 0026 08       		.uleb128 0x8
 1263 0027 00       		.byte	0
 1264 0028 00       		.byte	0
 1265 0029 04       		.uleb128 0x4
 1266 002a 16       		.uleb128 0x16
 1267 002b 00       		.byte	0
 1268 002c 03       		.uleb128 0x3
 1269 002d 0E       		.uleb128 0xe
 1270 002e 3A       		.uleb128 0x3a
 1271 002f 0B       		.uleb128 0xb
 1272 0030 3B       		.uleb128 0x3b
 1273 0031 0B       		.uleb128 0xb
 1274 0032 49       		.uleb128 0x49
 1275 0033 13       		.uleb128 0x13
 1276 0034 00       		.byte	0
 1277 0035 00       		.byte	0
 1278 0036 05       		.uleb128 0x5
 1279 0037 0F       		.uleb128 0xf
 1280 0038 00       		.byte	0
 1281 0039 0B       		.uleb128 0xb
 1282 003a 0B       		.uleb128 0xb
 1283 003b 49       		.uleb128 0x49
 1284 003c 13       		.uleb128 0x13
 1285 003d 00       		.byte	0
 1286 003e 00       		.byte	0
 1287 003f 06       		.uleb128 0x6
 1288 0040 16       		.uleb128 0x16
 1289 0041 00       		.byte	0
 1290 0042 03       		.uleb128 0x3
 1291 0043 0E       		.uleb128 0xe
ARM GAS  C:\Users\jagumiel\AppData\Local\Temp\ccfQ5Sj1.s 			page 27


 1292 0044 3A       		.uleb128 0x3a
 1293 0045 0B       		.uleb128 0xb
 1294 0046 3B       		.uleb128 0x3b
 1295 0047 05       		.uleb128 0x5
 1296 0048 49       		.uleb128 0x49
 1297 0049 13       		.uleb128 0x13
 1298 004a 00       		.byte	0
 1299 004b 00       		.byte	0
 1300 004c 07       		.uleb128 0x7
 1301 004d 2E       		.uleb128 0x2e
 1302 004e 01       		.byte	0x1
 1303 004f 3F       		.uleb128 0x3f
 1304 0050 19       		.uleb128 0x19
 1305 0051 03       		.uleb128 0x3
 1306 0052 0E       		.uleb128 0xe
 1307 0053 3A       		.uleb128 0x3a
 1308 0054 0B       		.uleb128 0xb
 1309 0055 3B       		.uleb128 0x3b
 1310 0056 0B       		.uleb128 0xb
 1311 0057 27       		.uleb128 0x27
 1312 0058 19       		.uleb128 0x19
 1313 0059 49       		.uleb128 0x49
 1314 005a 13       		.uleb128 0x13
 1315 005b 11       		.uleb128 0x11
 1316 005c 01       		.uleb128 0x1
 1317 005d 12       		.uleb128 0x12
 1318 005e 06       		.uleb128 0x6
 1319 005f 40       		.uleb128 0x40
 1320 0060 18       		.uleb128 0x18
 1321 0061 9742     		.uleb128 0x2117
 1322 0063 19       		.uleb128 0x19
 1323 0064 01       		.uleb128 0x1
 1324 0065 13       		.uleb128 0x13
 1325 0066 00       		.byte	0
 1326 0067 00       		.byte	0
 1327 0068 08       		.uleb128 0x8
 1328 0069 05       		.uleb128 0x5
 1329 006a 00       		.byte	0
 1330 006b 03       		.uleb128 0x3
 1331 006c 0E       		.uleb128 0xe
 1332 006d 3A       		.uleb128 0x3a
 1333 006e 0B       		.uleb128 0xb
 1334 006f 3B       		.uleb128 0x3b
 1335 0070 0B       		.uleb128 0xb
 1336 0071 49       		.uleb128 0x49
 1337 0072 13       		.uleb128 0x13
 1338 0073 02       		.uleb128 0x2
 1339 0074 17       		.uleb128 0x17
 1340 0075 00       		.byte	0
 1341 0076 00       		.byte	0
 1342 0077 09       		.uleb128 0x9
 1343 0078 34       		.uleb128 0x34
 1344 0079 00       		.byte	0
 1345 007a 03       		.uleb128 0x3
 1346 007b 0E       		.uleb128 0xe
 1347 007c 3A       		.uleb128 0x3a
 1348 007d 0B       		.uleb128 0xb
ARM GAS  C:\Users\jagumiel\AppData\Local\Temp\ccfQ5Sj1.s 			page 28


 1349 007e 3B       		.uleb128 0x3b
 1350 007f 0B       		.uleb128 0xb
 1351 0080 49       		.uleb128 0x49
 1352 0081 13       		.uleb128 0x13
 1353 0082 02       		.uleb128 0x2
 1354 0083 17       		.uleb128 0x17
 1355 0084 00       		.byte	0
 1356 0085 00       		.byte	0
 1357 0086 0A       		.uleb128 0xa
 1358 0087 05       		.uleb128 0x5
 1359 0088 00       		.byte	0
 1360 0089 03       		.uleb128 0x3
 1361 008a 08       		.uleb128 0x8
 1362 008b 3A       		.uleb128 0x3a
 1363 008c 0B       		.uleb128 0xb
 1364 008d 3B       		.uleb128 0x3b
 1365 008e 0B       		.uleb128 0xb
 1366 008f 49       		.uleb128 0x49
 1367 0090 13       		.uleb128 0x13
 1368 0091 02       		.uleb128 0x2
 1369 0092 17       		.uleb128 0x17
 1370 0093 00       		.byte	0
 1371 0094 00       		.byte	0
 1372 0095 0B       		.uleb128 0xb
 1373 0096 34       		.uleb128 0x34
 1374 0097 00       		.byte	0
 1375 0098 03       		.uleb128 0x3
 1376 0099 0E       		.uleb128 0xe
 1377 009a 3A       		.uleb128 0x3a
 1378 009b 0B       		.uleb128 0xb
 1379 009c 3B       		.uleb128 0x3b
 1380 009d 0B       		.uleb128 0xb
 1381 009e 49       		.uleb128 0x49
 1382 009f 13       		.uleb128 0x13
 1383 00a0 02       		.uleb128 0x2
 1384 00a1 18       		.uleb128 0x18
 1385 00a2 00       		.byte	0
 1386 00a3 00       		.byte	0
 1387 00a4 0C       		.uleb128 0xc
 1388 00a5 34       		.uleb128 0x34
 1389 00a6 00       		.byte	0
 1390 00a7 03       		.uleb128 0x3
 1391 00a8 08       		.uleb128 0x8
 1392 00a9 3A       		.uleb128 0x3a
 1393 00aa 0B       		.uleb128 0xb
 1394 00ab 3B       		.uleb128 0x3b
 1395 00ac 0B       		.uleb128 0xb
 1396 00ad 49       		.uleb128 0x49
 1397 00ae 13       		.uleb128 0x13
 1398 00af 02       		.uleb128 0x2
 1399 00b0 18       		.uleb128 0x18
 1400 00b1 00       		.byte	0
 1401 00b2 00       		.byte	0
 1402 00b3 0D       		.uleb128 0xd
 1403 00b4 898201   		.uleb128 0x4109
 1404 00b7 01       		.byte	0x1
 1405 00b8 11       		.uleb128 0x11
ARM GAS  C:\Users\jagumiel\AppData\Local\Temp\ccfQ5Sj1.s 			page 29


 1406 00b9 01       		.uleb128 0x1
 1407 00ba 31       		.uleb128 0x31
 1408 00bb 13       		.uleb128 0x13
 1409 00bc 00       		.byte	0
 1410 00bd 00       		.byte	0
 1411 00be 0E       		.uleb128 0xe
 1412 00bf 8A8201   		.uleb128 0x410a
 1413 00c2 00       		.byte	0
 1414 00c3 02       		.uleb128 0x2
 1415 00c4 18       		.uleb128 0x18
 1416 00c5 9142     		.uleb128 0x2111
 1417 00c7 18       		.uleb128 0x18
 1418 00c8 00       		.byte	0
 1419 00c9 00       		.byte	0
 1420 00ca 0F       		.uleb128 0xf
 1421 00cb 35       		.uleb128 0x35
 1422 00cc 00       		.byte	0
 1423 00cd 49       		.uleb128 0x49
 1424 00ce 13       		.uleb128 0x13
 1425 00cf 00       		.byte	0
 1426 00d0 00       		.byte	0
 1427 00d1 10       		.uleb128 0x10
 1428 00d2 05       		.uleb128 0x5
 1429 00d3 00       		.byte	0
 1430 00d4 03       		.uleb128 0x3
 1431 00d5 0E       		.uleb128 0xe
 1432 00d6 3A       		.uleb128 0x3a
 1433 00d7 0B       		.uleb128 0xb
 1434 00d8 3B       		.uleb128 0x3b
 1435 00d9 0B       		.uleb128 0xb
 1436 00da 49       		.uleb128 0x49
 1437 00db 13       		.uleb128 0x13
 1438 00dc 02       		.uleb128 0x2
 1439 00dd 18       		.uleb128 0x18
 1440 00de 00       		.byte	0
 1441 00df 00       		.byte	0
 1442 00e0 11       		.uleb128 0x11
 1443 00e1 2E       		.uleb128 0x2e
 1444 00e2 01       		.byte	0x1
 1445 00e3 3F       		.uleb128 0x3f
 1446 00e4 19       		.uleb128 0x19
 1447 00e5 03       		.uleb128 0x3
 1448 00e6 0E       		.uleb128 0xe
 1449 00e7 3A       		.uleb128 0x3a
 1450 00e8 0B       		.uleb128 0xb
 1451 00e9 3B       		.uleb128 0x3b
 1452 00ea 0B       		.uleb128 0xb
 1453 00eb 27       		.uleb128 0x27
 1454 00ec 19       		.uleb128 0x19
 1455 00ed 11       		.uleb128 0x11
 1456 00ee 01       		.uleb128 0x1
 1457 00ef 12       		.uleb128 0x12
 1458 00f0 06       		.uleb128 0x6
 1459 00f1 40       		.uleb128 0x40
 1460 00f2 18       		.uleb128 0x18
 1461 00f3 9742     		.uleb128 0x2117
 1462 00f5 19       		.uleb128 0x19
ARM GAS  C:\Users\jagumiel\AppData\Local\Temp\ccfQ5Sj1.s 			page 30


 1463 00f6 01       		.uleb128 0x1
 1464 00f7 13       		.uleb128 0x13
 1465 00f8 00       		.byte	0
 1466 00f9 00       		.byte	0
 1467 00fa 12       		.uleb128 0x12
 1468 00fb 34       		.uleb128 0x34
 1469 00fc 00       		.byte	0
 1470 00fd 03       		.uleb128 0x3
 1471 00fe 08       		.uleb128 0x8
 1472 00ff 3A       		.uleb128 0x3a
 1473 0100 0B       		.uleb128 0xb
 1474 0101 3B       		.uleb128 0x3b
 1475 0102 0B       		.uleb128 0xb
 1476 0103 49       		.uleb128 0x49
 1477 0104 13       		.uleb128 0x13
 1478 0105 02       		.uleb128 0x2
 1479 0106 17       		.uleb128 0x17
 1480 0107 00       		.byte	0
 1481 0108 00       		.byte	0
 1482 0109 13       		.uleb128 0x13
 1483 010a 0B       		.uleb128 0xb
 1484 010b 01       		.byte	0x1
 1485 010c 55       		.uleb128 0x55
 1486 010d 17       		.uleb128 0x17
 1487 010e 01       		.uleb128 0x1
 1488 010f 13       		.uleb128 0x13
 1489 0110 00       		.byte	0
 1490 0111 00       		.byte	0
 1491 0112 14       		.uleb128 0x14
 1492 0113 0B       		.uleb128 0xb
 1493 0114 01       		.byte	0x1
 1494 0115 11       		.uleb128 0x11
 1495 0116 01       		.uleb128 0x1
 1496 0117 12       		.uleb128 0x12
 1497 0118 06       		.uleb128 0x6
 1498 0119 01       		.uleb128 0x1
 1499 011a 13       		.uleb128 0x13
 1500 011b 00       		.byte	0
 1501 011c 00       		.byte	0
 1502 011d 15       		.uleb128 0x15
 1503 011e 898201   		.uleb128 0x4109
 1504 0121 01       		.byte	0x1
 1505 0122 11       		.uleb128 0x11
 1506 0123 01       		.uleb128 0x1
 1507 0124 31       		.uleb128 0x31
 1508 0125 13       		.uleb128 0x13
 1509 0126 01       		.uleb128 0x1
 1510 0127 13       		.uleb128 0x13
 1511 0128 00       		.byte	0
 1512 0129 00       		.byte	0
 1513 012a 16       		.uleb128 0x16
 1514 012b 01       		.uleb128 0x1
 1515 012c 01       		.byte	0x1
 1516 012d 49       		.uleb128 0x49
 1517 012e 13       		.uleb128 0x13
 1518 012f 01       		.uleb128 0x1
 1519 0130 13       		.uleb128 0x13
ARM GAS  C:\Users\jagumiel\AppData\Local\Temp\ccfQ5Sj1.s 			page 31


 1520 0131 00       		.byte	0
 1521 0132 00       		.byte	0
 1522 0133 17       		.uleb128 0x17
 1523 0134 21       		.uleb128 0x21
 1524 0135 00       		.byte	0
 1525 0136 49       		.uleb128 0x49
 1526 0137 13       		.uleb128 0x13
 1527 0138 2F       		.uleb128 0x2f
 1528 0139 0B       		.uleb128 0xb
 1529 013a 00       		.byte	0
 1530 013b 00       		.byte	0
 1531 013c 18       		.uleb128 0x18
 1532 013d 898201   		.uleb128 0x4109
 1533 0140 00       		.byte	0
 1534 0141 11       		.uleb128 0x11
 1535 0142 01       		.uleb128 0x1
 1536 0143 31       		.uleb128 0x31
 1537 0144 13       		.uleb128 0x13
 1538 0145 00       		.byte	0
 1539 0146 00       		.byte	0
 1540 0147 19       		.uleb128 0x19
 1541 0148 2E       		.uleb128 0x2e
 1542 0149 01       		.byte	0x1
 1543 014a 3F       		.uleb128 0x3f
 1544 014b 19       		.uleb128 0x19
 1545 014c 03       		.uleb128 0x3
 1546 014d 0E       		.uleb128 0xe
 1547 014e 3A       		.uleb128 0x3a
 1548 014f 0B       		.uleb128 0xb
 1549 0150 3B       		.uleb128 0x3b
 1550 0151 0B       		.uleb128 0xb
 1551 0152 27       		.uleb128 0x27
 1552 0153 19       		.uleb128 0x19
 1553 0154 49       		.uleb128 0x49
 1554 0155 13       		.uleb128 0x13
 1555 0156 8701     		.uleb128 0x87
 1556 0158 19       		.uleb128 0x19
 1557 0159 11       		.uleb128 0x11
 1558 015a 01       		.uleb128 0x1
 1559 015b 12       		.uleb128 0x12
 1560 015c 06       		.uleb128 0x6
 1561 015d 40       		.uleb128 0x40
 1562 015e 18       		.uleb128 0x18
 1563 015f 9742     		.uleb128 0x2117
 1564 0161 19       		.uleb128 0x19
 1565 0162 01       		.uleb128 0x1
 1566 0163 13       		.uleb128 0x13
 1567 0164 00       		.byte	0
 1568 0165 00       		.byte	0
 1569 0166 1A       		.uleb128 0x1a
 1570 0167 34       		.uleb128 0x34
 1571 0168 00       		.byte	0
 1572 0169 03       		.uleb128 0x3
 1573 016a 0E       		.uleb128 0xe
 1574 016b 3A       		.uleb128 0x3a
 1575 016c 0B       		.uleb128 0xb
 1576 016d 3B       		.uleb128 0x3b
ARM GAS  C:\Users\jagumiel\AppData\Local\Temp\ccfQ5Sj1.s 			page 32


 1577 016e 0B       		.uleb128 0xb
 1578 016f 49       		.uleb128 0x49
 1579 0170 13       		.uleb128 0x13
 1580 0171 3F       		.uleb128 0x3f
 1581 0172 19       		.uleb128 0x19
 1582 0173 02       		.uleb128 0x2
 1583 0174 18       		.uleb128 0x18
 1584 0175 00       		.byte	0
 1585 0176 00       		.byte	0
 1586 0177 1B       		.uleb128 0x1b
 1587 0178 26       		.uleb128 0x26
 1588 0179 00       		.byte	0
 1589 017a 49       		.uleb128 0x49
 1590 017b 13       		.uleb128 0x13
 1591 017c 00       		.byte	0
 1592 017d 00       		.byte	0
 1593 017e 1C       		.uleb128 0x1c
 1594 017f 34       		.uleb128 0x34
 1595 0180 00       		.byte	0
 1596 0181 03       		.uleb128 0x3
 1597 0182 08       		.uleb128 0x8
 1598 0183 3A       		.uleb128 0x3a
 1599 0184 0B       		.uleb128 0xb
 1600 0185 3B       		.uleb128 0x3b
 1601 0186 0B       		.uleb128 0xb
 1602 0187 49       		.uleb128 0x49
 1603 0188 13       		.uleb128 0x13
 1604 0189 3F       		.uleb128 0x3f
 1605 018a 19       		.uleb128 0x19
 1606 018b 02       		.uleb128 0x2
 1607 018c 18       		.uleb128 0x18
 1608 018d 00       		.byte	0
 1609 018e 00       		.byte	0
 1610 018f 1D       		.uleb128 0x1d
 1611 0190 2E       		.uleb128 0x2e
 1612 0191 00       		.byte	0
 1613 0192 3F       		.uleb128 0x3f
 1614 0193 19       		.uleb128 0x19
 1615 0194 3C       		.uleb128 0x3c
 1616 0195 19       		.uleb128 0x19
 1617 0196 6E       		.uleb128 0x6e
 1618 0197 0E       		.uleb128 0xe
 1619 0198 03       		.uleb128 0x3
 1620 0199 0E       		.uleb128 0xe
 1621 019a 3A       		.uleb128 0x3a
 1622 019b 0B       		.uleb128 0xb
 1623 019c 3B       		.uleb128 0x3b
 1624 019d 0B       		.uleb128 0xb
 1625 019e 00       		.byte	0
 1626 019f 00       		.byte	0
 1627 01a0 1E       		.uleb128 0x1e
 1628 01a1 2E       		.uleb128 0x2e
 1629 01a2 00       		.byte	0
 1630 01a3 3F       		.uleb128 0x3f
 1631 01a4 19       		.uleb128 0x19
 1632 01a5 3C       		.uleb128 0x3c
 1633 01a6 19       		.uleb128 0x19
ARM GAS  C:\Users\jagumiel\AppData\Local\Temp\ccfQ5Sj1.s 			page 33


 1634 01a7 6E       		.uleb128 0x6e
 1635 01a8 0E       		.uleb128 0xe
 1636 01a9 03       		.uleb128 0x3
 1637 01aa 0E       		.uleb128 0xe
 1638 01ab 3A       		.uleb128 0x3a
 1639 01ac 0B       		.uleb128 0xb
 1640 01ad 3B       		.uleb128 0x3b
 1641 01ae 05       		.uleb128 0x5
 1642 01af 00       		.byte	0
 1643 01b0 00       		.byte	0
 1644 01b1 00       		.byte	0
 1645              		.section	.debug_loc,"",%progbits
 1646              	.Ldebug_loc0:
 1647              	.LLST0:
 1648 0000 00000000 		.4byte	.LVL0
 1649 0004 18000000 		.4byte	.LVL3
 1650 0008 0100     		.2byte	0x1
 1651 000a 50       		.byte	0x50
 1652 000b 18000000 		.4byte	.LVL3
 1653 000f 28000000 		.4byte	.LFE33
 1654 0013 0400     		.2byte	0x4
 1655 0015 F3       		.byte	0xf3
 1656 0016 01       		.uleb128 0x1
 1657 0017 50       		.byte	0x50
 1658 0018 9F       		.byte	0x9f
 1659 0019 00000000 		.4byte	0
 1660 001d 00000000 		.4byte	0
 1661              	.LLST1:
 1662 0021 02000000 		.4byte	.LVL1
 1663 0025 12000000 		.4byte	.LVL2
 1664 0029 0200     		.2byte	0x2
 1665 002b 30       		.byte	0x30
 1666 002c 9F       		.byte	0x9f
 1667 002d 12000000 		.4byte	.LVL2
 1668 0031 28000000 		.4byte	.LFE33
 1669 0035 0100     		.2byte	0x1
 1670 0037 51       		.byte	0x51
 1671 0038 00000000 		.4byte	0
 1672 003c 00000000 		.4byte	0
 1673              	.LLST2:
 1674 0040 02000000 		.4byte	.LVL1
 1675 0044 20000000 		.4byte	.LVL4
 1676 0048 0200     		.2byte	0x2
 1677 004a 30       		.byte	0x30
 1678 004b 9F       		.byte	0x9f
 1679 004c 20000000 		.4byte	.LVL4
 1680 0050 22000000 		.4byte	.LVL5
 1681 0054 0100     		.2byte	0x1
 1682 0056 53       		.byte	0x53
 1683 0057 22000000 		.4byte	.LVL5
 1684 005b 28000000 		.4byte	.LFE33
 1685 005f 0100     		.2byte	0x1
 1686 0061 52       		.byte	0x52
 1687 0062 00000000 		.4byte	0
 1688 0066 00000000 		.4byte	0
 1689              	.LLST3:
 1690 006a 02000000 		.4byte	.LVL1
ARM GAS  C:\Users\jagumiel\AppData\Local\Temp\ccfQ5Sj1.s 			page 34


 1691 006e 26000000 		.4byte	.LVL6
 1692 0072 0200     		.2byte	0x2
 1693 0074 30       		.byte	0x30
 1694 0075 9F       		.byte	0x9f
 1695 0076 26000000 		.4byte	.LVL6
 1696 007a 28000000 		.4byte	.LFE33
 1697 007e 0100     		.2byte	0x1
 1698 0080 50       		.byte	0x50
 1699 0081 00000000 		.4byte	0
 1700 0085 00000000 		.4byte	0
 1701              	.LLST4:
 1702 0089 00000000 		.4byte	.LVL7
 1703 008d 17000000 		.4byte	.LVL8-1
 1704 0091 0100     		.2byte	0x1
 1705 0093 50       		.byte	0x50
 1706 0094 17000000 		.4byte	.LVL8-1
 1707 0098 2C000000 		.4byte	.LFE34
 1708 009c 0400     		.2byte	0x4
 1709 009e F3       		.byte	0xf3
 1710 009f 01       		.uleb128 0x1
 1711 00a0 50       		.byte	0x50
 1712 00a1 9F       		.byte	0x9f
 1713 00a2 00000000 		.4byte	0
 1714 00a6 00000000 		.4byte	0
 1715              	.LLST5:
 1716 00aa 00000000 		.4byte	.LVL9
 1717 00ae 06000000 		.4byte	.LVL11
 1718 00b2 0100     		.2byte	0x1
 1719 00b4 50       		.byte	0x50
 1720 00b5 06000000 		.4byte	.LVL11
 1721 00b9 1E000000 		.4byte	.LFE35
 1722 00bd 0400     		.2byte	0x4
 1723 00bf F3       		.byte	0xf3
 1724 00c0 01       		.uleb128 0x1
 1725 00c1 50       		.byte	0x50
 1726 00c2 9F       		.byte	0x9f
 1727 00c3 00000000 		.4byte	0
 1728 00c7 00000000 		.4byte	0
 1729              	.LLST6:
 1730 00cb 02000000 		.4byte	.LVL10
 1731 00cf 0A000000 		.4byte	.LVL12
 1732 00d3 0100     		.2byte	0x1
 1733 00d5 52       		.byte	0x52
 1734 00d6 0C000000 		.4byte	.LVL13
 1735 00da 18000000 		.4byte	.LVL16
 1736 00de 0100     		.2byte	0x1
 1737 00e0 52       		.byte	0x52
 1738 00e1 00000000 		.4byte	0
 1739 00e5 00000000 		.4byte	0
 1740              	.LLST7:
 1741 00e9 02000000 		.4byte	.LVL10
 1742 00ed 06000000 		.4byte	.LVL11
 1743 00f1 0200     		.2byte	0x2
 1744 00f3 30       		.byte	0x30
 1745 00f4 9F       		.byte	0x9f
 1746 00f5 06000000 		.4byte	.LVL11
 1747 00f9 0E000000 		.4byte	.LVL14
ARM GAS  C:\Users\jagumiel\AppData\Local\Temp\ccfQ5Sj1.s 			page 35


 1748 00fd 0100     		.2byte	0x1
 1749 00ff 53       		.byte	0x53
 1750 0100 10000000 		.4byte	.LVL15
 1751 0104 1E000000 		.4byte	.LFE35
 1752 0108 0100     		.2byte	0x1
 1753 010a 53       		.byte	0x53
 1754 010b 00000000 		.4byte	0
 1755 010f 00000000 		.4byte	0
 1756              	.LLST8:
 1757 0113 02000000 		.4byte	.LVL10
 1758 0117 1C000000 		.4byte	.LVL17
 1759 011b 0200     		.2byte	0x2
 1760 011d 30       		.byte	0x30
 1761 011e 9F       		.byte	0x9f
 1762 011f 1C000000 		.4byte	.LVL17
 1763 0123 1E000000 		.4byte	.LFE35
 1764 0127 0100     		.2byte	0x1
 1765 0129 50       		.byte	0x50
 1766 012a 00000000 		.4byte	0
 1767 012e 00000000 		.4byte	0
 1768              	.LLST9:
 1769 0132 00000000 		.4byte	.LVL18
 1770 0136 1C000000 		.4byte	.LVL23
 1771 013a 0100     		.2byte	0x1
 1772 013c 50       		.byte	0x50
 1773 013d 1C000000 		.4byte	.LVL23
 1774 0141 5E000000 		.4byte	.LVL36
 1775 0145 0100     		.2byte	0x1
 1776 0147 55       		.byte	0x55
 1777 0148 5E000000 		.4byte	.LVL36
 1778 014c 64000000 		.4byte	.LFE36
 1779 0150 0400     		.2byte	0x4
 1780 0152 F3       		.byte	0xf3
 1781 0153 01       		.uleb128 0x1
 1782 0154 50       		.byte	0x50
 1783 0155 9F       		.byte	0x9f
 1784 0156 00000000 		.4byte	0
 1785 015a 00000000 		.4byte	0
 1786              	.LLST10:
 1787 015e 06000000 		.4byte	.LVL19
 1788 0162 0C000000 		.4byte	.LVL20
 1789 0166 0200     		.2byte	0x2
 1790 0168 30       		.byte	0x30
 1791 0169 9F       		.byte	0x9f
 1792 016a 0C000000 		.4byte	.LVL20
 1793 016e 5E000000 		.4byte	.LVL35
 1794 0172 0100     		.2byte	0x1
 1795 0174 54       		.byte	0x54
 1796 0175 00000000 		.4byte	0
 1797 0179 00000000 		.4byte	0
 1798              	.LLST11:
 1799 017d 06000000 		.4byte	.LVL19
 1800 0181 0C000000 		.4byte	.LVL20
 1801 0185 0200     		.2byte	0x2
 1802 0187 30       		.byte	0x30
 1803 0188 9F       		.byte	0x9f
 1804 0189 0C000000 		.4byte	.LVL20
ARM GAS  C:\Users\jagumiel\AppData\Local\Temp\ccfQ5Sj1.s 			page 36


 1805 018d 1F000000 		.4byte	.LVL24-1
 1806 0191 0100     		.2byte	0x1
 1807 0193 53       		.byte	0x53
 1808 0194 00000000 		.4byte	0
 1809 0198 00000000 		.4byte	0
 1810              	.LLST12:
 1811 019c 24000000 		.4byte	.LVL25
 1812 01a0 28000000 		.4byte	.LVL26
 1813 01a4 0200     		.2byte	0x2
 1814 01a6 30       		.byte	0x30
 1815 01a7 9F       		.byte	0x9f
 1816 01a8 28000000 		.4byte	.LVL26
 1817 01ac 3B000000 		.4byte	.LVL29-1
 1818 01b0 0100     		.2byte	0x1
 1819 01b2 53       		.byte	0x53
 1820 01b3 00000000 		.4byte	0
 1821 01b7 00000000 		.4byte	0
 1822              	.LLST13:
 1823 01bb 40000000 		.4byte	.LVL30
 1824 01bf 44000000 		.4byte	.LVL31
 1825 01c3 0200     		.2byte	0x2
 1826 01c5 30       		.byte	0x30
 1827 01c6 9F       		.byte	0x9f
 1828 01c7 44000000 		.4byte	.LVL31
 1829 01cb 57000000 		.4byte	.LVL34-1
 1830 01cf 0100     		.2byte	0x1
 1831 01d1 53       		.byte	0x53
 1832 01d2 00000000 		.4byte	0
 1833 01d6 00000000 		.4byte	0
 1834              	.LLST14:
 1835 01da 16000000 		.4byte	.LVL39
 1836 01de 1A000000 		.4byte	.LVL40
 1837 01e2 0200     		.2byte	0x2
 1838 01e4 30       		.byte	0x30
 1839 01e5 9F       		.byte	0x9f
 1840 01e6 1A000000 		.4byte	.LVL40
 1841 01ea 30000000 		.4byte	.LVL44
 1842 01ee 0100     		.2byte	0x1
 1843 01f0 54       		.byte	0x54
 1844 01f1 00000000 		.4byte	0
 1845 01f5 00000000 		.4byte	0
 1846              	.LLST15:
 1847 01f9 20000000 		.4byte	.LVL50
 1848 01fd 26000000 		.4byte	.LVL51
 1849 0201 0100     		.2byte	0x1
 1850 0203 50       		.byte	0x50
 1851 0204 8C000000 		.4byte	.LVL67
 1852 0208 90000000 		.4byte	.LVL68
 1853 020c 0100     		.2byte	0x1
 1854 020e 50       		.byte	0x50
 1855 020f 00000000 		.4byte	0
 1856 0213 00000000 		.4byte	0
 1857              	.LLST16:
 1858 0217 2C000000 		.4byte	.LVL53
 1859 021b 48000000 		.4byte	.LVL56
 1860 021f 0100     		.2byte	0x1
 1861 0221 50       		.byte	0x50
ARM GAS  C:\Users\jagumiel\AppData\Local\Temp\ccfQ5Sj1.s 			page 37


 1862 0222 00000000 		.4byte	0
 1863 0226 00000000 		.4byte	0
 1864              	.LLST17:
 1865 022a 26000000 		.4byte	.LVL51
 1866 022e 6A000000 		.4byte	.LVL62
 1867 0232 0100     		.2byte	0x1
 1868 0234 55       		.byte	0x55
 1869 0235 90000000 		.4byte	.LVL68
 1870 0239 A4000000 		.4byte	.LFE38
 1871 023d 0100     		.2byte	0x1
 1872 023f 55       		.byte	0x55
 1873 0240 00000000 		.4byte	0
 1874 0244 00000000 		.4byte	0
 1875              	.LLST18:
 1876 0248 20000000 		.4byte	.LVL50
 1877 024c 26000000 		.4byte	.LVL51
 1878 0250 0200     		.2byte	0x2
 1879 0252 30       		.byte	0x30
 1880 0253 9F       		.byte	0x9f
 1881 0254 26000000 		.4byte	.LVL51
 1882 0258 40000000 		.4byte	.LVL54
 1883 025c 0100     		.2byte	0x1
 1884 025e 54       		.byte	0x54
 1885 025f 42000000 		.4byte	.LVL55
 1886 0263 8C000000 		.4byte	.LVL67
 1887 0267 0100     		.2byte	0x1
 1888 0269 54       		.byte	0x54
 1889 026a 8C000000 		.4byte	.LVL67
 1890 026e 90000000 		.4byte	.LVL68
 1891 0272 0200     		.2byte	0x2
 1892 0274 30       		.byte	0x30
 1893 0275 9F       		.byte	0x9f
 1894 0276 90000000 		.4byte	.LVL68
 1895 027a A4000000 		.4byte	.LFE38
 1896 027e 0100     		.2byte	0x1
 1897 0280 54       		.byte	0x54
 1898 0281 00000000 		.4byte	0
 1899 0285 00000000 		.4byte	0
 1900              	.LLST19:
 1901 0289 78000000 		.4byte	.LVL64
 1902 028d 7C000000 		.4byte	.LVL65
 1903 0291 0200     		.2byte	0x2
 1904 0293 30       		.byte	0x30
 1905 0294 9F       		.byte	0x9f
 1906 0295 7C000000 		.4byte	.LVL65
 1907 0299 8C000000 		.4byte	.LVL67
 1908 029d 0100     		.2byte	0x1
 1909 029f 53       		.byte	0x53
 1910 02a0 00000000 		.4byte	0
 1911 02a4 00000000 		.4byte	0
 1912              		.section	.debug_aranges,"",%progbits
 1913 0000 44000000 		.4byte	0x44
 1914 0004 0200     		.2byte	0x2
 1915 0006 00000000 		.4byte	.Ldebug_info0
 1916 000a 04       		.byte	0x4
 1917 000b 00       		.byte	0
 1918 000c 0000     		.2byte	0
ARM GAS  C:\Users\jagumiel\AppData\Local\Temp\ccfQ5Sj1.s 			page 38


 1919 000e 0000     		.2byte	0
 1920 0010 00000000 		.4byte	.LFB33
 1921 0014 28000000 		.4byte	.LFE33-.LFB33
 1922 0018 00000000 		.4byte	.LFB34
 1923 001c 2C000000 		.4byte	.LFE34-.LFB34
 1924 0020 00000000 		.4byte	.LFB35
 1925 0024 1E000000 		.4byte	.LFE35-.LFB35
 1926 0028 00000000 		.4byte	.LFB36
 1927 002c 64000000 		.4byte	.LFE36-.LFB36
 1928 0030 00000000 		.4byte	.LFB37
 1929 0034 3C000000 		.4byte	.LFE37-.LFB37
 1930 0038 00000000 		.4byte	.LFB38
 1931 003c A4000000 		.4byte	.LFE38-.LFB38
 1932 0040 00000000 		.4byte	0
 1933 0044 00000000 		.4byte	0
 1934              		.section	.debug_ranges,"",%progbits
 1935              	.Ldebug_ranges0:
 1936 0000 06000000 		.4byte	.LBB2
 1937 0004 08000000 		.4byte	.LBE2
 1938 0008 0A000000 		.4byte	.LBB3
 1939 000c 1A000000 		.4byte	.LBE3
 1940 0010 00000000 		.4byte	0
 1941 0014 00000000 		.4byte	0
 1942 0018 00000000 		.4byte	.LFB33
 1943 001c 28000000 		.4byte	.LFE33
 1944 0020 00000000 		.4byte	.LFB34
 1945 0024 2C000000 		.4byte	.LFE34
 1946 0028 00000000 		.4byte	.LFB35
 1947 002c 1E000000 		.4byte	.LFE35
 1948 0030 00000000 		.4byte	.LFB36
 1949 0034 64000000 		.4byte	.LFE36
 1950 0038 00000000 		.4byte	.LFB37
 1951 003c 3C000000 		.4byte	.LFE37
 1952 0040 00000000 		.4byte	.LFB38
 1953 0044 A4000000 		.4byte	.LFE38
 1954 0048 00000000 		.4byte	0
 1955 004c 00000000 		.4byte	0
 1956              		.section	.debug_line,"",%progbits
 1957              	.Ldebug_line0:
 1958 0000 3C030000 		.section	.debug_str,"MS",%progbits,1
 1958      02002802 
 1958      00000201 
 1958      FB0E0D00 
 1958      01010101 
 1959              	.LASF35:
 1960 0000 67657452 		.ascii	"getResults\000"
 1960      6573756C 
 1960      747300
 1961              	.LASF13:
 1962 000b 63686172 		.ascii	"char\000"
 1962      00
 1963              	.LASF6:
 1964 0010 5F5F7569 		.ascii	"__uint8_t\000"
 1964      6E74385F 
 1964      7400
 1965              	.LASF52:
 1966 001a 443A5C55 		.ascii	"D:\\Users\\jagumiel\\Documents\\PSoC Creator\\LIN-A"
ARM GAS  C:\Users\jagumiel\AppData\Local\Temp\ccfQ5Sj1.s 			page 39


 1966      73657273 
 1966      5C6A6167 
 1966      756D6965 
 1966      6C5C446F 
 1967 0048 75746F6D 		.ascii	"utomotive\\4-LIN-RGB_Multiple_Data\\ECU-RGB_Command"
 1967      6F746976 
 1967      655C342D 
 1967      4C494E2D 
 1967      5247425F 
 1968 0079 5F53656E 		.ascii	"_Sender.cydsn\000"
 1968      6465722E 
 1968      63796473 
 1968      6E00
 1969              	.LASF21:
 1970 0087 70617269 		.ascii	"parity_bit_odd\000"
 1970      74795F62 
 1970      69745F6F 
 1970      646400
 1971              	.LASF8:
 1972 0096 73686F72 		.ascii	"short unsigned int\000"
 1972      7420756E 
 1972      7369676E 
 1972      65642069 
 1972      6E7400
 1973              	.LASF20:
 1974 00a9 70617269 		.ascii	"parity_bit_even\000"
 1974      74795F62 
 1974      69745F65 
 1974      76656E00 
 1975              	.LASF48:
 1976 00b9 55415254 		.ascii	"UART_PC_UartGetChar\000"
 1976      5F50435F 
 1976      55617274 
 1976      47657443 
 1976      68617200 
 1977              	.LASF33:
 1978 00cd 6C656456 		.ascii	"ledValue\000"
 1978      616C7565 
 1978      00
 1979              	.LASF29:
 1980 00d6 7061636B 		.ascii	"packet\000"
 1980      657400
 1981              	.LASF27:
 1982 00dd 4C494E5F 		.ascii	"LIN_Checksum_Calculation\000"
 1982      43686563 
 1982      6B73756D 
 1982      5F43616C 
 1982      63756C61 
 1983              	.LASF45:
 1984 00f6 55415254 		.ascii	"UART_PC_Start\000"
 1984      5F50435F 
 1984      53746172 
 1984      7400
 1985              	.LASF38:
 1986 0104 53656E73 		.ascii	"Sensor_data\000"
 1986      6F725F64 
 1986      61746100 
ARM GAS  C:\Users\jagumiel\AppData\Local\Temp\ccfQ5Sj1.s 			page 40


 1987              	.LASF50:
 1988 0110 474E5520 		.ascii	"GNU C11 5.4.1 20160609 (release) [ARM/embedded-5-br"
 1988      43313120 
 1988      352E342E 
 1988      31203230 
 1988      31363036 
 1989 0143 616E6368 		.ascii	"anch revision 237715] -mcpu=cortex-m0 -mthumb -g -O"
 1989      20726576 
 1989      6973696F 
 1989      6E203233 
 1989      37373135 
 1990 0176 67202D66 		.ascii	"g -ffunction-sections -ffat-lto-objects\000"
 1990      66756E63 
 1990      74696F6E 
 1990      2D736563 
 1990      74696F6E 
 1991              	.LASF18:
 1992 019e 666C6F61 		.ascii	"float\000"
 1992      7400
 1993              	.LASF25:
 1994 01a4 64617461 		.ascii	"data\000"
 1994      00
 1995              	.LASF40:
 1996 01a9 63686563 		.ascii	"checksum\000"
 1996      6B73756D 
 1996      00
 1997              	.LASF24:
 1998 01b2 4C494E5F 		.ascii	"LIN_PID_Calculator\000"
 1998      5049445F 
 1998      43616C63 
 1998      756C6174 
 1998      6F7200
 1999              	.LASF28:
 2000 01c5 75384865 		.ascii	"u8Header\000"
 2000      61646572 
 2000      00
 2001              	.LASF4:
 2002 01ce 756E7369 		.ascii	"unsigned char\000"
 2002      676E6564 
 2002      20636861 
 2002      7200
 2003              	.LASF46:
 2004 01dc 4C656452 		.ascii	"LedRed_Write\000"
 2004      65645F57 
 2004      72697465 
 2004      00
 2005              	.LASF10:
 2006 01e9 6C6F6E67 		.ascii	"long unsigned int\000"
 2006      20756E73 
 2006      69676E65 
 2006      6420696E 
 2006      7400
 2007              	.LASF31:
 2008 01fb 7538436E 		.ascii	"u8Cnt\000"
 2008      7400
 2009              	.LASF26:
 2010 0201 7069645F 		.ascii	"pid_tmp\000"
ARM GAS  C:\Users\jagumiel\AppData\Local\Temp\ccfQ5Sj1.s 			page 41


 2010      746D7000 
 2011              	.LASF44:
 2012 0209 55415254 		.ascii	"UART_MASTER_Start\000"
 2012      5F4D4153 
 2012      5445525F 
 2012      53746172 
 2012      7400
 2013              	.LASF7:
 2014 021b 5F5F7569 		.ascii	"__uint16_t\000"
 2014      6E743136 
 2014      5F7400
 2015              	.LASF5:
 2016 0226 73686F72 		.ascii	"short int\000"
 2016      7420696E 
 2016      7400
 2017              	.LASF39:
 2018 0230 73796E63 		.ascii	"sync\000"
 2018      00
 2019              	.LASF17:
 2020 0235 696E7438 		.ascii	"int8\000"
 2020      00
 2021              	.LASF23:
 2022 023a 4C494E5F 		.ascii	"LIN_ID_Parity_Calculator\000"
 2022      49445F50 
 2022      61726974 
 2022      795F4361 
 2022      6C63756C 
 2023              	.LASF16:
 2024 0253 75696E74 		.ascii	"uint32\000"
 2024      333200
 2025              	.LASF47:
 2026 025a 55415254 		.ascii	"UART_PC_UartPutString\000"
 2026      5F50435F 
 2026      55617274 
 2026      50757453 
 2026      7472696E 
 2027              	.LASF0:
 2028 0270 756E7369 		.ascii	"unsigned int\000"
 2028      676E6564 
 2028      20696E74 
 2028      00
 2029              	.LASF11:
 2030 027d 6C6F6E67 		.ascii	"long long unsigned int\000"
 2030      206C6F6E 
 2030      6720756E 
 2030      7369676E 
 2030      65642069 
 2031              	.LASF14:
 2032 0294 75696E74 		.ascii	"uint8_t\000"
 2032      385F7400 
 2033              	.LASF22:
 2034 029c 72657375 		.ascii	"result\000"
 2034      6C7400
 2035              	.LASF30:
 2036 02a3 75313643 		.ascii	"u16Checksum_Cal\000"
 2036      6865636B 
 2036      73756D5F 
ARM GAS  C:\Users\jagumiel\AppData\Local\Temp\ccfQ5Sj1.s 			page 42


 2036      43616C00 
 2037              	.LASF41:
 2038 02b3 61746F69 		.ascii	"atoi\000"
 2038      00
 2039              	.LASF3:
 2040 02b8 7369676E 		.ascii	"signed char\000"
 2040      65642063 
 2040      68617200 
 2041              	.LASF36:
 2042 02c4 73656E64 		.ascii	"sendFrame\000"
 2042      4672616D 
 2042      6500
 2043              	.LASF12:
 2044 02ce 73697A65 		.ascii	"sizetype\000"
 2044      74797065 
 2044      00
 2045              	.LASF1:
 2046 02d7 6C6F6E67 		.ascii	"long long int\000"
 2046      206C6F6E 
 2046      6720696E 
 2046      7400
 2047              	.LASF51:
 2048 02e5 6D61696E 		.ascii	"main.c\000"
 2048      2E6300
 2049              	.LASF32:
 2050 02ec 75384368 		.ascii	"u8Checksum\000"
 2050      65636B73 
 2050      756D00
 2051              	.LASF53:
 2052 02f7 6D61696E 		.ascii	"main\000"
 2052      00
 2053              	.LASF37:
 2054 02fc 62756666 		.ascii	"buffer\000"
 2054      657200
 2055              	.LASF15:
 2056 0303 75696E74 		.ascii	"uint16_t\000"
 2056      31365F74 
 2056      00
 2057              	.LASF9:
 2058 030c 6C6F6E67 		.ascii	"long int\000"
 2058      20696E74 
 2058      00
 2059              	.LASF43:
 2060 0315 55415254 		.ascii	"UART_MASTER_UartSendBreakBlocking\000"
 2060      5F4D4153 
 2060      5445525F 
 2060      55617274 
 2060      53656E64 
 2061              	.LASF2:
 2062 0337 6C6F6E67 		.ascii	"long double\000"
 2062      20646F75 
 2062      626C6500 
 2063              	.LASF49:
 2064 0343 55415254 		.ascii	"UART_PC_SpiUartWriteTxData\000"
 2064      5F50435F 
 2064      53706955 
 2064      61727457 
ARM GAS  C:\Users\jagumiel\AppData\Local\Temp\ccfQ5Sj1.s 			page 43


 2064      72697465 
 2065              	.LASF19:
 2066 035e 646F7562 		.ascii	"double\000"
 2066      6C6500
 2067              	.LASF42:
 2068 0365 55415254 		.ascii	"UART_MASTER_SpiUartWriteTxData\000"
 2068      5F4D4153 
 2068      5445525F 
 2068      53706955 
 2068      61727457 
 2069              	.LASF34:
 2070 0384 73696E67 		.ascii	"singleValAux\000"
 2070      6C655661 
 2070      6C417578 
 2070      00
 2071              		.ident	"GCC: (GNU Tools for ARM Embedded Processors) 5.4.1 20160609 (release) [ARM/embedded-5-bran
