ARM GAS  C:\Users\jagumiel\AppData\Local\Temp\cc5rrVAX.s 			page 1


   1              		.syntax unified
   2              		.cpu cortex-m0
   3              		.fpu softvfp
   4              		.eabi_attribute 20, 1
   5              		.eabi_attribute 21, 1
   6              		.eabi_attribute 23, 3
   7              		.eabi_attribute 24, 1
   8              		.eabi_attribute 25, 1
   9              		.eabi_attribute 26, 1
  10              		.eabi_attribute 30, 1
  11              		.eabi_attribute 34, 0
  12              		.eabi_attribute 18, 4
  13              		.thumb
  14              		.syntax unified
  15              		.file	"LINS_INT.c"
  16              		.text
  17              	.Ltext0:
  18              		.cfi_sections	.debug_frame
  19              		.section	.text.LINS_UART_ISR,"ax",%progbits
  20              		.align	2
  21              		.global	LINS_UART_ISR
  22              		.code	16
  23              		.thumb_func
  24              		.type	LINS_UART_ISR, %function
  25              	LINS_UART_ISR:
  26              	.LFB0:
  27              		.file 1 "Generated_Source\\PSoC4\\LINS_INT.c"
   1:Generated_Source\PSoC4/LINS_INT.c **** /*******************************************************************************
   2:Generated_Source\PSoC4/LINS_INT.c **** * File Name: LINS_INT.c
   3:Generated_Source\PSoC4/LINS_INT.c **** * Version 5.0
   4:Generated_Source\PSoC4/LINS_INT.c **** *
   5:Generated_Source\PSoC4/LINS_INT.c **** * Description:
   6:Generated_Source\PSoC4/LINS_INT.c **** *  This file provides the source code to the Interrupt Service Routine for
   7:Generated_Source\PSoC4/LINS_INT.c **** *  the LIN Slave component.
   8:Generated_Source\PSoC4/LINS_INT.c **** *
   9:Generated_Source\PSoC4/LINS_INT.c **** ********************************************************************************
  10:Generated_Source\PSoC4/LINS_INT.c **** * Copyright 2011-2018, Cypress Semiconductor Corporation.  All rights reserved.
  11:Generated_Source\PSoC4/LINS_INT.c **** * You may use this file only in accordance with the license, terms, conditions,
  12:Generated_Source\PSoC4/LINS_INT.c **** * disclaimers, and limitations in the end user license agreement accompanying
  13:Generated_Source\PSoC4/LINS_INT.c **** * the software package with which this file was provided.
  14:Generated_Source\PSoC4/LINS_INT.c **** *******************************************************************************/
  15:Generated_Source\PSoC4/LINS_INT.c **** 
  16:Generated_Source\PSoC4/LINS_INT.c **** 
  17:Generated_Source\PSoC4/LINS_INT.c **** #include "LINS.h"
  18:Generated_Source\PSoC4/LINS_INT.c **** #include "LIN_Dynamic.h"
  19:Generated_Source\PSoC4/LINS_INT.c **** 
  20:Generated_Source\PSoC4/LINS_INT.c **** 
  21:Generated_Source\PSoC4/LINS_INT.c **** CY_ISR(LINS_UART_ISR)
  22:Generated_Source\PSoC4/LINS_INT.c **** {
  28              		.loc 1 22 0
  29              		.cfi_startproc
  30              		@ args = 0, pretend = 0, frame = 0
  31              		@ frame_needed = 0, uses_anonymous_args = 0
  32 0000 10B5     		push	{r4, lr}
  33              		.cfi_def_cfa_offset 8
  34              		.cfi_offset 4, -8
  35              		.cfi_offset 14, -4
ARM GAS  C:\Users\jagumiel\AppData\Local\Temp\cc5rrVAX.s 			page 2


  23:Generated_Source\PSoC4/LINS_INT.c ****     #ifdef LINS_UART_ISR_ENTRY_CALLBACK
  24:Generated_Source\PSoC4/LINS_INT.c ****         LINS_UART_ISR_EntryCallback();
  25:Generated_Source\PSoC4/LINS_INT.c ****     #endif /* LINS_UART_ISR_ENTRY_CALLBACK */
  26:Generated_Source\PSoC4/LINS_INT.c **** 
  27:Generated_Source\PSoC4/LINS_INT.c ****     l_ifc_rx_LINS();
  36              		.loc 1 27 0
  37 0002 FFF7FEFF 		bl	l_ifc_rx_LINS
  38              	.LVL0:
  28:Generated_Source\PSoC4/LINS_INT.c **** 
  29:Generated_Source\PSoC4/LINS_INT.c ****     #ifdef LINS_UART_ISR_EXIT_CALLBACK
  30:Generated_Source\PSoC4/LINS_INT.c ****         LINS_UART_ISR_ExitCallback();
  31:Generated_Source\PSoC4/LINS_INT.c ****     #endif /* LINS_UART_ISR_EXIT_CALLBACK */
  32:Generated_Source\PSoC4/LINS_INT.c **** }
  39              		.loc 1 32 0
  40              		@ sp needed
  41 0006 10BD     		pop	{r4, pc}
  42              		.cfi_endproc
  43              	.LFE0:
  44              		.size	LINS_UART_ISR, .-LINS_UART_ISR
  45              		.text
  46              	.Letext0:
  47              		.file 2 "Generated_Source\\PSoC4\\LINS.h"
  48              		.section	.debug_info,"",%progbits
  49              	.Ldebug_info0:
  50 0000 B6000000 		.4byte	0xb6
  51 0004 0400     		.2byte	0x4
  52 0006 00000000 		.4byte	.Ldebug_abbrev0
  53 000a 04       		.byte	0x4
  54 000b 01       		.uleb128 0x1
  55 000c 21010000 		.4byte	.LASF14
  56 0010 0C       		.byte	0xc
  57 0011 66000000 		.4byte	.LASF15
  58 0015 88000000 		.4byte	.LASF16
  59 0019 00000000 		.4byte	.Ldebug_ranges0+0
  60 001d 00000000 		.4byte	0
  61 0021 00000000 		.4byte	.Ldebug_line0
  62 0025 02       		.uleb128 0x2
  63 0026 01       		.byte	0x1
  64 0027 06       		.byte	0x6
  65 0028 C2010000 		.4byte	.LASF0
  66 002c 02       		.uleb128 0x2
  67 002d 01       		.byte	0x1
  68 002e 08       		.byte	0x8
  69 002f FE000000 		.4byte	.LASF1
  70 0033 02       		.uleb128 0x2
  71 0034 02       		.byte	0x2
  72 0035 05       		.byte	0x5
  73 0036 DA010000 		.4byte	.LASF2
  74 003a 02       		.uleb128 0x2
  75 003b 02       		.byte	0x2
  76 003c 07       		.byte	0x7
  77 003d AF010000 		.4byte	.LASF3
  78 0041 02       		.uleb128 0x2
  79 0042 04       		.byte	0x4
  80 0043 05       		.byte	0x5
  81 0044 11010000 		.4byte	.LASF4
  82 0048 02       		.uleb128 0x2
ARM GAS  C:\Users\jagumiel\AppData\Local\Temp\cc5rrVAX.s 			page 3


  83 0049 04       		.byte	0x4
  84 004a 07       		.byte	0x7
  85 004b 37000000 		.4byte	.LASF5
  86 004f 02       		.uleb128 0x2
  87 0050 08       		.byte	0x8
  88 0051 05       		.byte	0x5
  89 0052 00000000 		.4byte	.LASF6
  90 0056 02       		.uleb128 0x2
  91 0057 08       		.byte	0x8
  92 0058 07       		.byte	0x7
  93 0059 49000000 		.4byte	.LASF7
  94 005d 03       		.uleb128 0x3
  95 005e 04       		.byte	0x4
  96 005f 05       		.byte	0x5
  97 0060 696E7400 		.ascii	"int\000"
  98 0064 02       		.uleb128 0x2
  99 0065 04       		.byte	0x4
 100 0066 07       		.byte	0x7
 101 0067 1C000000 		.4byte	.LASF8
 102 006b 02       		.uleb128 0x2
 103 006c 04       		.byte	0x4
 104 006d 04       		.byte	0x4
 105 006e 60000000 		.4byte	.LASF9
 106 0072 02       		.uleb128 0x2
 107 0073 08       		.byte	0x8
 108 0074 04       		.byte	0x4
 109 0075 1A010000 		.4byte	.LASF10
 110 0079 02       		.uleb128 0x2
 111 007a 01       		.byte	0x1
 112 007b 08       		.byte	0x8
 113 007c 0C010000 		.4byte	.LASF11
 114 0080 02       		.uleb128 0x2
 115 0081 08       		.byte	0x8
 116 0082 04       		.byte	0x4
 117 0083 CE010000 		.4byte	.LASF12
 118 0087 02       		.uleb128 0x2
 119 0088 04       		.byte	0x4
 120 0089 07       		.byte	0x7
 121 008a E4010000 		.4byte	.LASF13
 122 008e 04       		.uleb128 0x4
 123 008f 29000000 		.4byte	.LASF17
 124 0093 01       		.byte	0x1
 125 0094 15       		.byte	0x15
 126 0095 00000000 		.4byte	.LFB0
 127 0099 08000000 		.4byte	.LFE0-.LFB0
 128 009d 01       		.uleb128 0x1
 129 009e 9C       		.byte	0x9c
 130 009f AD000000 		.4byte	0xad
 131 00a3 05       		.uleb128 0x5
 132 00a4 06000000 		.4byte	.LVL0
 133 00a8 AD000000 		.4byte	0xad
 134 00ac 00       		.byte	0
 135 00ad 06       		.uleb128 0x6
 136 00ae 0E000000 		.4byte	.LASF18
 137 00b2 0E000000 		.4byte	.LASF18
 138 00b6 02       		.byte	0x2
 139 00b7 2C01     		.2byte	0x12c
ARM GAS  C:\Users\jagumiel\AppData\Local\Temp\cc5rrVAX.s 			page 4


 140 00b9 00       		.byte	0
 141              		.section	.debug_abbrev,"",%progbits
 142              	.Ldebug_abbrev0:
 143 0000 01       		.uleb128 0x1
 144 0001 11       		.uleb128 0x11
 145 0002 01       		.byte	0x1
 146 0003 25       		.uleb128 0x25
 147 0004 0E       		.uleb128 0xe
 148 0005 13       		.uleb128 0x13
 149 0006 0B       		.uleb128 0xb
 150 0007 03       		.uleb128 0x3
 151 0008 0E       		.uleb128 0xe
 152 0009 1B       		.uleb128 0x1b
 153 000a 0E       		.uleb128 0xe
 154 000b 55       		.uleb128 0x55
 155 000c 17       		.uleb128 0x17
 156 000d 11       		.uleb128 0x11
 157 000e 01       		.uleb128 0x1
 158 000f 10       		.uleb128 0x10
 159 0010 17       		.uleb128 0x17
 160 0011 00       		.byte	0
 161 0012 00       		.byte	0
 162 0013 02       		.uleb128 0x2
 163 0014 24       		.uleb128 0x24
 164 0015 00       		.byte	0
 165 0016 0B       		.uleb128 0xb
 166 0017 0B       		.uleb128 0xb
 167 0018 3E       		.uleb128 0x3e
 168 0019 0B       		.uleb128 0xb
 169 001a 03       		.uleb128 0x3
 170 001b 0E       		.uleb128 0xe
 171 001c 00       		.byte	0
 172 001d 00       		.byte	0
 173 001e 03       		.uleb128 0x3
 174 001f 24       		.uleb128 0x24
 175 0020 00       		.byte	0
 176 0021 0B       		.uleb128 0xb
 177 0022 0B       		.uleb128 0xb
 178 0023 3E       		.uleb128 0x3e
 179 0024 0B       		.uleb128 0xb
 180 0025 03       		.uleb128 0x3
 181 0026 08       		.uleb128 0x8
 182 0027 00       		.byte	0
 183 0028 00       		.byte	0
 184 0029 04       		.uleb128 0x4
 185 002a 2E       		.uleb128 0x2e
 186 002b 01       		.byte	0x1
 187 002c 3F       		.uleb128 0x3f
 188 002d 19       		.uleb128 0x19
 189 002e 03       		.uleb128 0x3
 190 002f 0E       		.uleb128 0xe
 191 0030 3A       		.uleb128 0x3a
 192 0031 0B       		.uleb128 0xb
 193 0032 3B       		.uleb128 0x3b
 194 0033 0B       		.uleb128 0xb
 195 0034 27       		.uleb128 0x27
 196 0035 19       		.uleb128 0x19
ARM GAS  C:\Users\jagumiel\AppData\Local\Temp\cc5rrVAX.s 			page 5


 197 0036 11       		.uleb128 0x11
 198 0037 01       		.uleb128 0x1
 199 0038 12       		.uleb128 0x12
 200 0039 06       		.uleb128 0x6
 201 003a 40       		.uleb128 0x40
 202 003b 18       		.uleb128 0x18
 203 003c 9742     		.uleb128 0x2117
 204 003e 19       		.uleb128 0x19
 205 003f 01       		.uleb128 0x1
 206 0040 13       		.uleb128 0x13
 207 0041 00       		.byte	0
 208 0042 00       		.byte	0
 209 0043 05       		.uleb128 0x5
 210 0044 898201   		.uleb128 0x4109
 211 0047 00       		.byte	0
 212 0048 11       		.uleb128 0x11
 213 0049 01       		.uleb128 0x1
 214 004a 31       		.uleb128 0x31
 215 004b 13       		.uleb128 0x13
 216 004c 00       		.byte	0
 217 004d 00       		.byte	0
 218 004e 06       		.uleb128 0x6
 219 004f 2E       		.uleb128 0x2e
 220 0050 00       		.byte	0
 221 0051 3F       		.uleb128 0x3f
 222 0052 19       		.uleb128 0x19
 223 0053 3C       		.uleb128 0x3c
 224 0054 19       		.uleb128 0x19
 225 0055 6E       		.uleb128 0x6e
 226 0056 0E       		.uleb128 0xe
 227 0057 03       		.uleb128 0x3
 228 0058 0E       		.uleb128 0xe
 229 0059 3A       		.uleb128 0x3a
 230 005a 0B       		.uleb128 0xb
 231 005b 3B       		.uleb128 0x3b
 232 005c 05       		.uleb128 0x5
 233 005d 00       		.byte	0
 234 005e 00       		.byte	0
 235 005f 00       		.byte	0
 236              		.section	.debug_aranges,"",%progbits
 237 0000 1C000000 		.4byte	0x1c
 238 0004 0200     		.2byte	0x2
 239 0006 00000000 		.4byte	.Ldebug_info0
 240 000a 04       		.byte	0x4
 241 000b 00       		.byte	0
 242 000c 0000     		.2byte	0
 243 000e 0000     		.2byte	0
 244 0010 00000000 		.4byte	.LFB0
 245 0014 08000000 		.4byte	.LFE0-.LFB0
 246 0018 00000000 		.4byte	0
 247 001c 00000000 		.4byte	0
 248              		.section	.debug_ranges,"",%progbits
 249              	.Ldebug_ranges0:
 250 0000 00000000 		.4byte	.LFB0
 251 0004 08000000 		.4byte	.LFE0
 252 0008 00000000 		.4byte	0
 253 000c 00000000 		.4byte	0
ARM GAS  C:\Users\jagumiel\AppData\Local\Temp\cc5rrVAX.s 			page 6


 254              		.section	.debug_line,"",%progbits
 255              	.Ldebug_line0:
 256 0000 59000000 		.section	.debug_str,"MS",%progbits,1
 256      02004200 
 256      00000201 
 256      FB0E0D00 
 256      01010101 
 257              	.LASF6:
 258 0000 6C6F6E67 		.ascii	"long long int\000"
 258      206C6F6E 
 258      6720696E 
 258      7400
 259              	.LASF18:
 260 000e 6C5F6966 		.ascii	"l_ifc_rx_LINS\000"
 260      635F7278 
 260      5F4C494E 
 260      5300
 261              	.LASF8:
 262 001c 756E7369 		.ascii	"unsigned int\000"
 262      676E6564 
 262      20696E74 
 262      00
 263              	.LASF17:
 264 0029 4C494E53 		.ascii	"LINS_UART_ISR\000"
 264      5F554152 
 264      545F4953 
 264      5200
 265              	.LASF5:
 266 0037 6C6F6E67 		.ascii	"long unsigned int\000"
 266      20756E73 
 266      69676E65 
 266      6420696E 
 266      7400
 267              	.LASF7:
 268 0049 6C6F6E67 		.ascii	"long long unsigned int\000"
 268      206C6F6E 
 268      6720756E 
 268      7369676E 
 268      65642069 
 269              	.LASF9:
 270 0060 666C6F61 		.ascii	"float\000"
 270      7400
 271              	.LASF15:
 272 0066 47656E65 		.ascii	"Generated_Source\\PSoC4\\LINS_INT.c\000"
 272      72617465 
 272      645F536F 
 272      75726365 
 272      5C50536F 
 273              	.LASF16:
 274 0088 443A5C55 		.ascii	"D:\\Users\\jagumiel\\Documents\\PSoC Creator\\LIN-A"
 274      73657273 
 274      5C6A6167 
 274      756D6965 
 274      6C5C446F 
 275 00b6 75746F6D 		.ascii	"utomotive\\4-LIN-RGB_Multiple_Data\\LIN_Slave-RGB_C"
 275      6F746976 
 275      655C342D 
ARM GAS  C:\Users\jagumiel\AppData\Local\Temp\cc5rrVAX.s 			page 7


 275      4C494E2D 
 275      5247425F 
 276 00e7 4D445F52 		.ascii	"MD_Reader_Setter.cydsn\000"
 276      65616465 
 276      725F5365 
 276      74746572 
 276      2E637964 
 277              	.LASF1:
 278 00fe 756E7369 		.ascii	"unsigned char\000"
 278      676E6564 
 278      20636861 
 278      7200
 279              	.LASF11:
 280 010c 63686172 		.ascii	"char\000"
 280      00
 281              	.LASF4:
 282 0111 6C6F6E67 		.ascii	"long int\000"
 282      20696E74 
 282      00
 283              	.LASF10:
 284 011a 646F7562 		.ascii	"double\000"
 284      6C6500
 285              	.LASF14:
 286 0121 474E5520 		.ascii	"GNU C11 5.4.1 20160609 (release) [ARM/embedded-5-br"
 286      43313120 
 286      352E342E 
 286      31203230 
 286      31363036 
 287 0154 616E6368 		.ascii	"anch revision 237715] -mcpu=cortex-m0 -mthumb -g -O"
 287      20726576 
 287      6973696F 
 287      6E203233 
 287      37373135 
 288 0187 67202D66 		.ascii	"g -ffunction-sections -ffat-lto-objects\000"
 288      66756E63 
 288      74696F6E 
 288      2D736563 
 288      74696F6E 
 289              	.LASF3:
 290 01af 73686F72 		.ascii	"short unsigned int\000"
 290      7420756E 
 290      7369676E 
 290      65642069 
 290      6E7400
 291              	.LASF0:
 292 01c2 7369676E 		.ascii	"signed char\000"
 292      65642063 
 292      68617200 
 293              	.LASF12:
 294 01ce 6C6F6E67 		.ascii	"long double\000"
 294      20646F75 
 294      626C6500 
 295              	.LASF2:
 296 01da 73686F72 		.ascii	"short int\000"
 296      7420696E 
 296      7400
 297              	.LASF13:
ARM GAS  C:\Users\jagumiel\AppData\Local\Temp\cc5rrVAX.s 			page 8


 298 01e4 73697A65 		.ascii	"sizetype\000"
 298      74797065 
 298      00
 299              		.ident	"GCC: (GNU Tools for ARM Embedded Processors) 5.4.1 20160609 (release) [ARM/embedded-5-bran
