ARM GAS  C:\Users\jagumiel\AppData\Local\Temp\ccfwmjsI.s 			page 1


   1              		.syntax unified
   2              		.cpu cortex-m0
   3              		.fpu softvfp
   4              		.eabi_attribute 20, 1
   5              		.eabi_attribute 21, 1
   6              		.eabi_attribute 23, 3
   7              		.eabi_attribute 24, 1
   8              		.eabi_attribute 25, 1
   9              		.eabi_attribute 26, 1
  10              		.eabi_attribute 30, 1
  11              		.eabi_attribute 34, 0
  12              		.eabi_attribute 18, 4
  13              		.thumb
  14              		.syntax unified
  15              		.file	"cyfitter_cfg.c"
  16              		.text
  17              	.Ltext0:
  18              		.cfi_sections	.debug_frame
  19              		.section	.text.cfg_write_bytes32,"ax",%progbits
  20              		.align	2
  21              		.code	16
  22              		.thumb_func
  23              		.type	cfg_write_bytes32, %function
  24              	cfg_write_bytes32:
  25              	.LFB3:
  26              		.file 1 "Generated_Source\\PSoC4\\cyfitter_cfg.c"
   1:Generated_Source\PSoC4/cyfitter_cfg.c **** 
   2:Generated_Source\PSoC4/cyfitter_cfg.c **** /*******************************************************************************
   3:Generated_Source\PSoC4/cyfitter_cfg.c **** * File Name: cyfitter_cfg.c
   4:Generated_Source\PSoC4/cyfitter_cfg.c **** * 
   5:Generated_Source\PSoC4/cyfitter_cfg.c **** * PSoC Creator  4.2
   6:Generated_Source\PSoC4/cyfitter_cfg.c **** *
   7:Generated_Source\PSoC4/cyfitter_cfg.c **** * Description:
   8:Generated_Source\PSoC4/cyfitter_cfg.c **** * This file contains device initialization code.
   9:Generated_Source\PSoC4/cyfitter_cfg.c **** * Except for the user defined sections in CyClockStartupError(), this file should not be modified.
  10:Generated_Source\PSoC4/cyfitter_cfg.c **** * This file is automatically generated by PSoC Creator.
  11:Generated_Source\PSoC4/cyfitter_cfg.c **** *
  12:Generated_Source\PSoC4/cyfitter_cfg.c **** ********************************************************************************
  13:Generated_Source\PSoC4/cyfitter_cfg.c **** * Copyright (c) 2007-2018 Cypress Semiconductor.  All rights reserved.
  14:Generated_Source\PSoC4/cyfitter_cfg.c **** * You may use this file only in accordance with the license, terms, conditions, 
  15:Generated_Source\PSoC4/cyfitter_cfg.c **** * disclaimers, and limitations in the end user license agreement accompanying 
  16:Generated_Source\PSoC4/cyfitter_cfg.c **** * the software package with which this file was provided.
  17:Generated_Source\PSoC4/cyfitter_cfg.c **** ********************************************************************************/
  18:Generated_Source\PSoC4/cyfitter_cfg.c **** 
  19:Generated_Source\PSoC4/cyfitter_cfg.c **** #include <string.h>
  20:Generated_Source\PSoC4/cyfitter_cfg.c **** #include "cytypes.h"
  21:Generated_Source\PSoC4/cyfitter_cfg.c **** #include "cydevice_trm.h"
  22:Generated_Source\PSoC4/cyfitter_cfg.c **** #include "cyfitter.h"
  23:Generated_Source\PSoC4/cyfitter_cfg.c **** #include "CyLib.h"
  24:Generated_Source\PSoC4/cyfitter_cfg.c **** #include "CyLFClk.h"
  25:Generated_Source\PSoC4/cyfitter_cfg.c **** #include "cyfitter_cfg.h"
  26:Generated_Source\PSoC4/cyfitter_cfg.c **** 
  27:Generated_Source\PSoC4/cyfitter_cfg.c **** 
  28:Generated_Source\PSoC4/cyfitter_cfg.c **** #if defined(__GNUC__) || defined(__ARMCC_VERSION)
  29:Generated_Source\PSoC4/cyfitter_cfg.c ****     #define CYPACKED 
  30:Generated_Source\PSoC4/cyfitter_cfg.c ****     #define CYPACKED_ATTR __attribute__ ((packed))
  31:Generated_Source\PSoC4/cyfitter_cfg.c ****     #define CYALIGNED __attribute__ ((aligned))
ARM GAS  C:\Users\jagumiel\AppData\Local\Temp\ccfwmjsI.s 			page 2


  32:Generated_Source\PSoC4/cyfitter_cfg.c ****     #define CY_CFG_UNUSED __attribute__ ((unused))
  33:Generated_Source\PSoC4/cyfitter_cfg.c ****     #ifndef CY_CFG_SECTION
  34:Generated_Source\PSoC4/cyfitter_cfg.c ****         #define CY_CFG_SECTION __attribute__ ((section(".psocinit")))
  35:Generated_Source\PSoC4/cyfitter_cfg.c ****     #endif
  36:Generated_Source\PSoC4/cyfitter_cfg.c ****     
  37:Generated_Source\PSoC4/cyfitter_cfg.c ****     #if defined(__ARMCC_VERSION)
  38:Generated_Source\PSoC4/cyfitter_cfg.c ****         #define CY_CFG_MEMORY_BARRIER() __memory_changed()
  39:Generated_Source\PSoC4/cyfitter_cfg.c ****     #else
  40:Generated_Source\PSoC4/cyfitter_cfg.c ****         #define CY_CFG_MEMORY_BARRIER() __sync_synchronize()
  41:Generated_Source\PSoC4/cyfitter_cfg.c ****     #endif
  42:Generated_Source\PSoC4/cyfitter_cfg.c ****     
  43:Generated_Source\PSoC4/cyfitter_cfg.c **** #elif defined(__ICCARM__)
  44:Generated_Source\PSoC4/cyfitter_cfg.c ****     #include <intrinsics.h>
  45:Generated_Source\PSoC4/cyfitter_cfg.c **** 
  46:Generated_Source\PSoC4/cyfitter_cfg.c ****     #define CYPACKED __packed
  47:Generated_Source\PSoC4/cyfitter_cfg.c ****     #define CYPACKED_ATTR 
  48:Generated_Source\PSoC4/cyfitter_cfg.c ****     #define CYALIGNED _Pragma("data_alignment=4")
  49:Generated_Source\PSoC4/cyfitter_cfg.c ****     #define CY_CFG_UNUSED _Pragma("diag_suppress=Pe177")
  50:Generated_Source\PSoC4/cyfitter_cfg.c ****     #define CY_CFG_SECTION _Pragma("location=\".psocinit\"")
  51:Generated_Source\PSoC4/cyfitter_cfg.c ****     
  52:Generated_Source\PSoC4/cyfitter_cfg.c ****     #define CY_CFG_MEMORY_BARRIER() __DMB()
  53:Generated_Source\PSoC4/cyfitter_cfg.c ****     
  54:Generated_Source\PSoC4/cyfitter_cfg.c **** #else
  55:Generated_Source\PSoC4/cyfitter_cfg.c ****     #error Unsupported toolchain
  56:Generated_Source\PSoC4/cyfitter_cfg.c **** #endif
  57:Generated_Source\PSoC4/cyfitter_cfg.c **** 
  58:Generated_Source\PSoC4/cyfitter_cfg.c **** #ifndef CYCODE
  59:Generated_Source\PSoC4/cyfitter_cfg.c ****     #define CYCODE
  60:Generated_Source\PSoC4/cyfitter_cfg.c **** #endif
  61:Generated_Source\PSoC4/cyfitter_cfg.c **** #ifndef CYDATA
  62:Generated_Source\PSoC4/cyfitter_cfg.c ****     #define CYDATA
  63:Generated_Source\PSoC4/cyfitter_cfg.c **** #endif
  64:Generated_Source\PSoC4/cyfitter_cfg.c **** #ifndef CYFAR
  65:Generated_Source\PSoC4/cyfitter_cfg.c ****     #define CYFAR
  66:Generated_Source\PSoC4/cyfitter_cfg.c **** #endif
  67:Generated_Source\PSoC4/cyfitter_cfg.c **** #ifndef CYXDATA
  68:Generated_Source\PSoC4/cyfitter_cfg.c ****     #define CYXDATA
  69:Generated_Source\PSoC4/cyfitter_cfg.c **** #endif
  70:Generated_Source\PSoC4/cyfitter_cfg.c **** 
  71:Generated_Source\PSoC4/cyfitter_cfg.c **** 
  72:Generated_Source\PSoC4/cyfitter_cfg.c **** CY_CFG_UNUSED
  73:Generated_Source\PSoC4/cyfitter_cfg.c **** static void CYMEMZERO(void *s, size_t n);
  74:Generated_Source\PSoC4/cyfitter_cfg.c **** CY_CFG_UNUSED
  75:Generated_Source\PSoC4/cyfitter_cfg.c **** static void CYMEMZERO(void *s, size_t n)
  76:Generated_Source\PSoC4/cyfitter_cfg.c **** {
  77:Generated_Source\PSoC4/cyfitter_cfg.c **** 	(void)memset(s, 0, n);
  78:Generated_Source\PSoC4/cyfitter_cfg.c **** }
  79:Generated_Source\PSoC4/cyfitter_cfg.c **** CY_CFG_UNUSED
  80:Generated_Source\PSoC4/cyfitter_cfg.c **** static void CYCONFIGCPY(void *dest, const void *src, size_t n);
  81:Generated_Source\PSoC4/cyfitter_cfg.c **** CY_CFG_UNUSED
  82:Generated_Source\PSoC4/cyfitter_cfg.c **** static void CYCONFIGCPY(void *dest, const void *src, size_t n)
  83:Generated_Source\PSoC4/cyfitter_cfg.c **** {
  84:Generated_Source\PSoC4/cyfitter_cfg.c **** 	(void)memcpy(dest, src, n);
  85:Generated_Source\PSoC4/cyfitter_cfg.c **** }
  86:Generated_Source\PSoC4/cyfitter_cfg.c **** CY_CFG_UNUSED
  87:Generated_Source\PSoC4/cyfitter_cfg.c **** static void CYCONFIGCPYCODE(void *dest, const void *src, size_t n);
  88:Generated_Source\PSoC4/cyfitter_cfg.c **** CY_CFG_UNUSED
ARM GAS  C:\Users\jagumiel\AppData\Local\Temp\ccfwmjsI.s 			page 3


  89:Generated_Source\PSoC4/cyfitter_cfg.c **** static void CYCONFIGCPYCODE(void *dest, const void *src, size_t n)
  90:Generated_Source\PSoC4/cyfitter_cfg.c **** {
  91:Generated_Source\PSoC4/cyfitter_cfg.c **** 	(void)memcpy(dest, src, n);
  92:Generated_Source\PSoC4/cyfitter_cfg.c **** }
  93:Generated_Source\PSoC4/cyfitter_cfg.c **** 
  94:Generated_Source\PSoC4/cyfitter_cfg.c **** 
  95:Generated_Source\PSoC4/cyfitter_cfg.c **** 
  96:Generated_Source\PSoC4/cyfitter_cfg.c **** 
  97:Generated_Source\PSoC4/cyfitter_cfg.c **** /* Clock startup error codes                                                   */
  98:Generated_Source\PSoC4/cyfitter_cfg.c **** #define CYCLOCKSTART_NO_ERROR    0u
  99:Generated_Source\PSoC4/cyfitter_cfg.c **** #define CYCLOCKSTART_XTAL_ERROR  1u
 100:Generated_Source\PSoC4/cyfitter_cfg.c **** #define CYCLOCKSTART_32KHZ_ERROR 2u
 101:Generated_Source\PSoC4/cyfitter_cfg.c **** #define CYCLOCKSTART_PLL_ERROR   3u
 102:Generated_Source\PSoC4/cyfitter_cfg.c **** #define CYCLOCKSTART_FLL_ERROR   4u
 103:Generated_Source\PSoC4/cyfitter_cfg.c **** #define CYCLOCKSTART_WCO_ERROR   5u
 104:Generated_Source\PSoC4/cyfitter_cfg.c **** 
 105:Generated_Source\PSoC4/cyfitter_cfg.c **** 
 106:Generated_Source\PSoC4/cyfitter_cfg.c **** #ifdef CY_NEED_CYCLOCKSTARTUPERROR
 107:Generated_Source\PSoC4/cyfitter_cfg.c **** /*******************************************************************************
 108:Generated_Source\PSoC4/cyfitter_cfg.c **** * Function Name: CyClockStartupError
 109:Generated_Source\PSoC4/cyfitter_cfg.c **** ********************************************************************************
 110:Generated_Source\PSoC4/cyfitter_cfg.c **** * Summary:
 111:Generated_Source\PSoC4/cyfitter_cfg.c **** *  If an error is encountered during clock configuration (crystal startup error,
 112:Generated_Source\PSoC4/cyfitter_cfg.c **** *  PLL lock error, etc.), the system will end up here.  Unless reimplemented by
 113:Generated_Source\PSoC4/cyfitter_cfg.c **** *  the customer, this function will stop in an infinite loop.
 114:Generated_Source\PSoC4/cyfitter_cfg.c **** *
 115:Generated_Source\PSoC4/cyfitter_cfg.c **** * Parameters:
 116:Generated_Source\PSoC4/cyfitter_cfg.c **** *   void
 117:Generated_Source\PSoC4/cyfitter_cfg.c **** *
 118:Generated_Source\PSoC4/cyfitter_cfg.c **** * Return:
 119:Generated_Source\PSoC4/cyfitter_cfg.c **** *   void
 120:Generated_Source\PSoC4/cyfitter_cfg.c **** *
 121:Generated_Source\PSoC4/cyfitter_cfg.c **** *******************************************************************************/
 122:Generated_Source\PSoC4/cyfitter_cfg.c **** CY_CFG_UNUSED
 123:Generated_Source\PSoC4/cyfitter_cfg.c **** static void CyClockStartupError(uint8 errorCode);
 124:Generated_Source\PSoC4/cyfitter_cfg.c **** CY_CFG_UNUSED
 125:Generated_Source\PSoC4/cyfitter_cfg.c **** static void CyClockStartupError(uint8 errorCode)
 126:Generated_Source\PSoC4/cyfitter_cfg.c **** {
 127:Generated_Source\PSoC4/cyfitter_cfg.c ****     /* To remove the compiler warning if errorCode not used.                */
 128:Generated_Source\PSoC4/cyfitter_cfg.c ****     errorCode = errorCode;
 129:Generated_Source\PSoC4/cyfitter_cfg.c **** 
 130:Generated_Source\PSoC4/cyfitter_cfg.c ****     /* If we have a clock startup error (bad MHz crystal, PLL lock, etc.),  */
 131:Generated_Source\PSoC4/cyfitter_cfg.c ****     /* we will end up here to allow the customer to implement something to  */
 132:Generated_Source\PSoC4/cyfitter_cfg.c ****     /* deal with the clock condition.                                       */
 133:Generated_Source\PSoC4/cyfitter_cfg.c **** 
 134:Generated_Source\PSoC4/cyfitter_cfg.c **** #ifdef CY_CFG_CLOCK_STARTUP_ERROR_CALLBACK
 135:Generated_Source\PSoC4/cyfitter_cfg.c ****     CY_CFG_Clock_Startup_ErrorCallback();
 136:Generated_Source\PSoC4/cyfitter_cfg.c **** #else
 137:Generated_Source\PSoC4/cyfitter_cfg.c ****     /*  If not using CY_CFG_CLOCK_STARTUP_ERROR_CALLBACK, place your clock startup code here. */
 138:Generated_Source\PSoC4/cyfitter_cfg.c ****     /* `#START CyClockStartupError` */
 139:Generated_Source\PSoC4/cyfitter_cfg.c **** 
 140:Generated_Source\PSoC4/cyfitter_cfg.c **** 
 141:Generated_Source\PSoC4/cyfitter_cfg.c **** 
 142:Generated_Source\PSoC4/cyfitter_cfg.c ****     /* `#END` */
 143:Generated_Source\PSoC4/cyfitter_cfg.c **** 
 144:Generated_Source\PSoC4/cyfitter_cfg.c ****     while(1) {}
 145:Generated_Source\PSoC4/cyfitter_cfg.c **** #endif /* CY_CFG_CLOCK_STARTUP_ERROR_CALLBACK */
ARM GAS  C:\Users\jagumiel\AppData\Local\Temp\ccfwmjsI.s 			page 4


 146:Generated_Source\PSoC4/cyfitter_cfg.c **** }
 147:Generated_Source\PSoC4/cyfitter_cfg.c **** #endif
 148:Generated_Source\PSoC4/cyfitter_cfg.c **** 
 149:Generated_Source\PSoC4/cyfitter_cfg.c **** #define CY_CFG_BASE_ADDR_COUNT 5u
 150:Generated_Source\PSoC4/cyfitter_cfg.c **** CYPACKED typedef struct
 151:Generated_Source\PSoC4/cyfitter_cfg.c **** {
 152:Generated_Source\PSoC4/cyfitter_cfg.c **** 	uint8 offset;
 153:Generated_Source\PSoC4/cyfitter_cfg.c **** 	uint8 value;
 154:Generated_Source\PSoC4/cyfitter_cfg.c **** } CYPACKED_ATTR cy_cfg_addrvalue_t;
 155:Generated_Source\PSoC4/cyfitter_cfg.c **** 
 156:Generated_Source\PSoC4/cyfitter_cfg.c **** 
 157:Generated_Source\PSoC4/cyfitter_cfg.c **** 
 158:Generated_Source\PSoC4/cyfitter_cfg.c **** /*******************************************************************************
 159:Generated_Source\PSoC4/cyfitter_cfg.c **** * Function Name: cfg_write_bytes32
 160:Generated_Source\PSoC4/cyfitter_cfg.c **** ********************************************************************************
 161:Generated_Source\PSoC4/cyfitter_cfg.c **** * Summary:
 162:Generated_Source\PSoC4/cyfitter_cfg.c **** *  This function is used for setting up the chip configuration areas that
 163:Generated_Source\PSoC4/cyfitter_cfg.c **** *  contain relatively sparse data.
 164:Generated_Source\PSoC4/cyfitter_cfg.c **** *
 165:Generated_Source\PSoC4/cyfitter_cfg.c **** * Parameters:
 166:Generated_Source\PSoC4/cyfitter_cfg.c **** *   void
 167:Generated_Source\PSoC4/cyfitter_cfg.c **** *
 168:Generated_Source\PSoC4/cyfitter_cfg.c **** * Return:
 169:Generated_Source\PSoC4/cyfitter_cfg.c **** *   void
 170:Generated_Source\PSoC4/cyfitter_cfg.c **** *
 171:Generated_Source\PSoC4/cyfitter_cfg.c **** *******************************************************************************/
 172:Generated_Source\PSoC4/cyfitter_cfg.c **** static void cfg_write_bytes32(const uint32 addr_table[], const cy_cfg_addrvalue_t data_table[]);
 173:Generated_Source\PSoC4/cyfitter_cfg.c **** static void cfg_write_bytes32(const uint32 addr_table[], const cy_cfg_addrvalue_t data_table[])
 174:Generated_Source\PSoC4/cyfitter_cfg.c **** {
  27              		.loc 1 174 0
  28              		.cfi_startproc
  29              		@ args = 0, pretend = 0, frame = 0
  30              		@ frame_needed = 0, uses_anonymous_args = 0
  31              	.LVL0:
  32 0000 F0B5     		push	{r4, r5, r6, r7, lr}
  33              		.cfi_def_cfa_offset 20
  34              		.cfi_offset 4, -20
  35              		.cfi_offset 5, -16
  36              		.cfi_offset 6, -12
  37              		.cfi_offset 7, -8
  38              		.cfi_offset 14, -4
  39              	.LVL1:
 175:Generated_Source\PSoC4/cyfitter_cfg.c **** 	/* For 32-bit little-endian architectures */
 176:Generated_Source\PSoC4/cyfitter_cfg.c **** 	uint32 i, j = 0u;
  40              		.loc 1 176 0
  41 0002 0025     		movs	r5, #0
 177:Generated_Source\PSoC4/cyfitter_cfg.c **** 	for (i = 0u; i < CY_CFG_BASE_ADDR_COUNT; i++)
  42              		.loc 1 177 0
  43 0004 0027     		movs	r7, #0
  44 0006 11E0     		b	.L2
  45              	.LVL2:
  46              	.L5:
  47              	.LBB2:
 178:Generated_Source\PSoC4/cyfitter_cfg.c **** 	{
 179:Generated_Source\PSoC4/cyfitter_cfg.c **** 		uint32 baseAddr = addr_table[i];
  48              		.loc 1 179 0
  49 0008 BB00     		lsls	r3, r7, #2
ARM GAS  C:\Users\jagumiel\AppData\Local\Temp\ccfwmjsI.s 			page 5


  50 000a C658     		ldr	r6, [r0, r3]
  51              	.LVL3:
 180:Generated_Source\PSoC4/cyfitter_cfg.c **** 		uint8 count = (uint8)baseAddr;
  52              		.loc 1 180 0
  53 000c F3B2     		uxtb	r3, r6
  54              	.LVL4:
 181:Generated_Source\PSoC4/cyfitter_cfg.c **** 		baseAddr &= 0xFFFFFF00u;
  55              		.loc 1 181 0
  56 000e FF22     		movs	r2, #255
  57 0010 9643     		bics	r6, r2
  58              	.LVL5:
 182:Generated_Source\PSoC4/cyfitter_cfg.c **** 		while (count != 0u)
  59              		.loc 1 182 0
  60 0012 08E0     		b	.L3
  61              	.L4:
 183:Generated_Source\PSoC4/cyfitter_cfg.c **** 		{
 184:Generated_Source\PSoC4/cyfitter_cfg.c **** 			CY_SET_REG8((void *)(baseAddr + data_table[j].offset), data_table[j].value);
  62              		.loc 1 184 0
  63 0014 6A00     		lsls	r2, r5, #1
  64 0016 8A18     		adds	r2, r1, r2
  65 0018 1478     		ldrb	r4, [r2]
  66 001a A419     		adds	r4, r4, r6
  67 001c 5278     		ldrb	r2, [r2, #1]
  68 001e 2270     		strb	r2, [r4]
 185:Generated_Source\PSoC4/cyfitter_cfg.c **** 			j++;
  69              		.loc 1 185 0
  70 0020 0135     		adds	r5, r5, #1
  71              	.LVL6:
 186:Generated_Source\PSoC4/cyfitter_cfg.c **** 			count--;
  72              		.loc 1 186 0
  73 0022 013B     		subs	r3, r3, #1
  74              	.LVL7:
  75 0024 DBB2     		uxtb	r3, r3
  76              	.LVL8:
  77              	.L3:
 182:Generated_Source\PSoC4/cyfitter_cfg.c **** 		{
  78              		.loc 1 182 0
  79 0026 002B     		cmp	r3, #0
  80 0028 F4D1     		bne	.L4
  81              	.LBE2:
 177:Generated_Source\PSoC4/cyfitter_cfg.c **** 	{
  82              		.loc 1 177 0 discriminator 2
  83 002a 0137     		adds	r7, r7, #1
  84              	.LVL9:
  85              	.L2:
 177:Generated_Source\PSoC4/cyfitter_cfg.c **** 	{
  86              		.loc 1 177 0 is_stmt 0 discriminator 1
  87 002c 042F     		cmp	r7, #4
  88 002e EBD9     		bls	.L5
 187:Generated_Source\PSoC4/cyfitter_cfg.c **** 		}
 188:Generated_Source\PSoC4/cyfitter_cfg.c **** 	}
 189:Generated_Source\PSoC4/cyfitter_cfg.c **** }
  89              		.loc 1 189 0 is_stmt 1
  90              		@ sp needed
  91              	.LVL10:
  92              	.LVL11:
  93 0030 F0BD     		pop	{r4, r5, r6, r7, pc}
ARM GAS  C:\Users\jagumiel\AppData\Local\Temp\ccfwmjsI.s 			page 6


  94              		.cfi_endproc
  95              	.LFE3:
  96              		.size	cfg_write_bytes32, .-cfg_write_bytes32
  97 0032 C046     		.section	.text.CYMEMZERO,"ax",%progbits
  98              		.align	2
  99              		.code	16
 100              		.thumb_func
 101              		.type	CYMEMZERO, %function
 102              	CYMEMZERO:
 103              	.LFB0:
  76:Generated_Source\PSoC4/cyfitter_cfg.c **** 	(void)memset(s, 0, n);
 104              		.loc 1 76 0
 105              		.cfi_startproc
 106              		@ args = 0, pretend = 0, frame = 0
 107              		@ frame_needed = 0, uses_anonymous_args = 0
 108              	.LVL12:
 109 0000 10B5     		push	{r4, lr}
 110              		.cfi_def_cfa_offset 8
 111              		.cfi_offset 4, -8
 112              		.cfi_offset 14, -4
 113 0002 0A00     		movs	r2, r1
  77:Generated_Source\PSoC4/cyfitter_cfg.c **** }
 114              		.loc 1 77 0
 115 0004 0021     		movs	r1, #0
 116              	.LVL13:
 117 0006 FFF7FEFF 		bl	memset
 118              	.LVL14:
  78:Generated_Source\PSoC4/cyfitter_cfg.c **** CY_CFG_UNUSED
 119              		.loc 1 78 0
 120              		@ sp needed
 121 000a 10BD     		pop	{r4, pc}
 122              		.cfi_endproc
 123              	.LFE0:
 124              		.size	CYMEMZERO, .-CYMEMZERO
 125              		.section	.psocinit,"ax",%progbits
 126              		.align	2
 127              		.code	16
 128              		.thumb_func
 129              		.type	ClockSetup, %function
 130              	ClockSetup:
 131              	.LFB4:
 190:Generated_Source\PSoC4/cyfitter_cfg.c **** 
 191:Generated_Source\PSoC4/cyfitter_cfg.c **** 
 192:Generated_Source\PSoC4/cyfitter_cfg.c **** /*******************************************************************************
 193:Generated_Source\PSoC4/cyfitter_cfg.c **** * Function Name: ClockSetup
 194:Generated_Source\PSoC4/cyfitter_cfg.c **** ********************************************************************************
 195:Generated_Source\PSoC4/cyfitter_cfg.c **** *
 196:Generated_Source\PSoC4/cyfitter_cfg.c **** * Summary:
 197:Generated_Source\PSoC4/cyfitter_cfg.c **** *   Performs the initialization of all of the clocks in the device based on the
 198:Generated_Source\PSoC4/cyfitter_cfg.c **** *   settings in the Clock tab of the DWR.  This includes enabling the requested
 199:Generated_Source\PSoC4/cyfitter_cfg.c **** *   clocks and setting the necessary dividers to produce the desired frequency. 
 200:Generated_Source\PSoC4/cyfitter_cfg.c **** *
 201:Generated_Source\PSoC4/cyfitter_cfg.c **** * Parameters:
 202:Generated_Source\PSoC4/cyfitter_cfg.c **** *   void
 203:Generated_Source\PSoC4/cyfitter_cfg.c **** *
 204:Generated_Source\PSoC4/cyfitter_cfg.c **** * Return:
 205:Generated_Source\PSoC4/cyfitter_cfg.c **** *   void
ARM GAS  C:\Users\jagumiel\AppData\Local\Temp\ccfwmjsI.s 			page 7


 206:Generated_Source\PSoC4/cyfitter_cfg.c **** *
 207:Generated_Source\PSoC4/cyfitter_cfg.c **** *******************************************************************************/
 208:Generated_Source\PSoC4/cyfitter_cfg.c **** static void ClockSetup(void);
 209:Generated_Source\PSoC4/cyfitter_cfg.c **** CY_CFG_SECTION
 210:Generated_Source\PSoC4/cyfitter_cfg.c **** static void ClockSetup(void)
 211:Generated_Source\PSoC4/cyfitter_cfg.c **** {
 132              		.loc 1 211 0
 133              		.cfi_startproc
 134              		@ args = 0, pretend = 0, frame = 0
 135              		@ frame_needed = 0, uses_anonymous_args = 0
 136 0000 70B5     		push	{r4, r5, r6, lr}
 137              		.cfi_def_cfa_offset 16
 138              		.cfi_offset 4, -16
 139              		.cfi_offset 5, -12
 140              		.cfi_offset 6, -8
 141              		.cfi_offset 14, -4
 212:Generated_Source\PSoC4/cyfitter_cfg.c **** 	/* Enable HALF_EN before trimming for the flash accelerator. */
 213:Generated_Source\PSoC4/cyfitter_cfg.c **** 	CY_SET_REG32((void CYXDATA *)(CYREG_CLK_SELECT), (CY_GET_REG32((void *)CYREG_CLK_SELECT) | 0x00040
 142              		.loc 1 213 0
 143 0002 114C     		ldr	r4, .L8
 144 0004 2368     		ldr	r3, [r4]
 145 0006 8025     		movs	r5, #128
 146 0008 ED02     		lsls	r5, r5, #11
 147 000a 2B43     		orrs	r3, r5
 148 000c 2360     		str	r3, [r4]
 214:Generated_Source\PSoC4/cyfitter_cfg.c **** 
 215:Generated_Source\PSoC4/cyfitter_cfg.c **** 	/* Setup and trim IMO based on desired frequency. */
 216:Generated_Source\PSoC4/cyfitter_cfg.c **** 	CySysClkWriteImoFreq(48u);
 149              		.loc 1 216 0
 150 000e 3020     		movs	r0, #48
 151 0010 FFF7FEFF 		bl	CySysClkWriteImoFreq
 152              	.LVL15:
 217:Generated_Source\PSoC4/cyfitter_cfg.c **** 	/* CYDEV_CLK_ILO_CONFIG Starting address: CYDEV_CLK_ILO_CONFIG */
 218:Generated_Source\PSoC4/cyfitter_cfg.c **** 	CY_SET_REG32((void *)(CYREG_CLK_ILO_CONFIG), 0x80000006u);
 153              		.loc 1 218 0
 154 0014 0D4A     		ldr	r2, .L8+4
 155 0016 0E4B     		ldr	r3, .L8+8
 156 0018 1A60     		str	r2, [r3]
 219:Generated_Source\PSoC4/cyfitter_cfg.c **** 
 220:Generated_Source\PSoC4/cyfitter_cfg.c **** 
 221:Generated_Source\PSoC4/cyfitter_cfg.c **** 	/* CYDEV_CLK_SELECT00 Starting address: CYDEV_CLK_SELECT00 */
 222:Generated_Source\PSoC4/cyfitter_cfg.c **** 	CY_SET_REG32((void *)(CYREG_CLK_SELECT03), 0x00000010u);
 157              		.loc 1 222 0
 158 001a 1022     		movs	r2, #16
 159 001c 0D4B     		ldr	r3, .L8+12
 160 001e 1A60     		str	r2, [r3]
 223:Generated_Source\PSoC4/cyfitter_cfg.c **** 
 224:Generated_Source\PSoC4/cyfitter_cfg.c **** 	/* CYDEV_CLK_IMO_CONFIG Starting address: CYDEV_CLK_IMO_CONFIG */
 225:Generated_Source\PSoC4/cyfitter_cfg.c **** 	CY_SET_REG32((void *)(CYREG_CLK_IMO_CONFIG), 0x80000000u);
 161              		.loc 1 225 0
 162 0020 8022     		movs	r2, #128
 163 0022 1206     		lsls	r2, r2, #24
 164 0024 0C4B     		ldr	r3, .L8+16
 165 0026 1A60     		str	r2, [r3]
 226:Generated_Source\PSoC4/cyfitter_cfg.c **** 
 227:Generated_Source\PSoC4/cyfitter_cfg.c **** 	/* CYDEV_CLK_SELECT Starting address: CYDEV_CLK_SELECT */
 228:Generated_Source\PSoC4/cyfitter_cfg.c **** 	CY_SET_REG32((void *)(CYREG_CLK_SELECT), 0x00040000u);
ARM GAS  C:\Users\jagumiel\AppData\Local\Temp\ccfwmjsI.s 			page 8


 166              		.loc 1 228 0
 167 0028 2560     		str	r5, [r4]
 229:Generated_Source\PSoC4/cyfitter_cfg.c **** 
 230:Generated_Source\PSoC4/cyfitter_cfg.c **** 	/* CYDEV_CLK_DIVIDER_A00 Starting address: CYDEV_CLK_DIVIDER_A00 */
 231:Generated_Source\PSoC4/cyfitter_cfg.c **** 	CY_SET_REG32((void *)(CYREG_CLK_DIVIDER_A00), 0x80000138u);
 168              		.loc 1 231 0
 169 002a 0C4A     		ldr	r2, .L8+20
 170 002c 0C4B     		ldr	r3, .L8+24
 171 002e 1A60     		str	r2, [r3]
 232:Generated_Source\PSoC4/cyfitter_cfg.c **** 
 233:Generated_Source\PSoC4/cyfitter_cfg.c **** 	(void)CyIntSetVector(9u, &CySysWdtIsr);
 172              		.loc 1 233 0
 173 0030 0C49     		ldr	r1, .L8+28
 174 0032 0920     		movs	r0, #9
 175 0034 FFF7FEFF 		bl	CyIntSetVector
 176              	.LVL16:
 234:Generated_Source\PSoC4/cyfitter_cfg.c **** 	CyIntEnable(9u);
 177              		.loc 1 234 0
 178 0038 0920     		movs	r0, #9
 179 003a FFF7FEFF 		bl	CyIntEnable
 180              	.LVL17:
 235:Generated_Source\PSoC4/cyfitter_cfg.c **** 	CY_SET_REG32((void *)(CYREG_WDT_CONFIG), 0x00000000u);
 181              		.loc 1 235 0
 182 003e 0022     		movs	r2, #0
 183 0040 094B     		ldr	r3, .L8+32
 184 0042 1A60     		str	r2, [r3]
 236:Generated_Source\PSoC4/cyfitter_cfg.c **** }
 185              		.loc 1 236 0
 186              		@ sp needed
 187 0044 70BD     		pop	{r4, r5, r6, pc}
 188              	.L9:
 189 0046 C046     		.align	2
 190              	.L8:
 191 0048 00010B40 		.word	1074462976
 192 004c 06000080 		.word	-2147483642
 193 0050 04010B40 		.word	1074462980
 194 0054 0C020240 		.word	1073873420
 195 0058 08010B40 		.word	1074462984
 196 005c 38010080 		.word	-2147483336
 197 0060 00000240 		.word	1073872896
 198 0064 00000000 		.word	CySysWdtIsr
 199 0068 0C020B40 		.word	1074463244
 200              		.cfi_endproc
 201              	.LFE4:
 202              		.size	ClockSetup, .-ClockSetup
 203              		.align	2
 204              		.global	cyfitter_cfg
 205              		.code	16
 206              		.thumb_func
 207              		.type	cyfitter_cfg, %function
 208              	cyfitter_cfg:
 209              	.LFB6:
 237:Generated_Source\PSoC4/cyfitter_cfg.c **** 
 238:Generated_Source\PSoC4/cyfitter_cfg.c **** 
 239:Generated_Source\PSoC4/cyfitter_cfg.c **** /* Analog API Functions */
 240:Generated_Source\PSoC4/cyfitter_cfg.c **** 
 241:Generated_Source\PSoC4/cyfitter_cfg.c **** 
ARM GAS  C:\Users\jagumiel\AppData\Local\Temp\ccfwmjsI.s 			page 9


 242:Generated_Source\PSoC4/cyfitter_cfg.c **** /*******************************************************************************
 243:Generated_Source\PSoC4/cyfitter_cfg.c **** * Function Name: AnalogSetDefault
 244:Generated_Source\PSoC4/cyfitter_cfg.c **** ********************************************************************************
 245:Generated_Source\PSoC4/cyfitter_cfg.c **** *
 246:Generated_Source\PSoC4/cyfitter_cfg.c **** * Summary:
 247:Generated_Source\PSoC4/cyfitter_cfg.c **** *  Sets up the analog portions of the chip to default values based on chip
 248:Generated_Source\PSoC4/cyfitter_cfg.c **** *  configuration options from the project.
 249:Generated_Source\PSoC4/cyfitter_cfg.c **** *
 250:Generated_Source\PSoC4/cyfitter_cfg.c **** * Parameters:
 251:Generated_Source\PSoC4/cyfitter_cfg.c **** *  void
 252:Generated_Source\PSoC4/cyfitter_cfg.c **** *
 253:Generated_Source\PSoC4/cyfitter_cfg.c **** * Return:
 254:Generated_Source\PSoC4/cyfitter_cfg.c **** *  void
 255:Generated_Source\PSoC4/cyfitter_cfg.c **** *
 256:Generated_Source\PSoC4/cyfitter_cfg.c **** *******************************************************************************/
 257:Generated_Source\PSoC4/cyfitter_cfg.c **** static void AnalogSetDefault(void);
 258:Generated_Source\PSoC4/cyfitter_cfg.c **** static void AnalogSetDefault(void)
 259:Generated_Source\PSoC4/cyfitter_cfg.c **** {
 260:Generated_Source\PSoC4/cyfitter_cfg.c **** }
 261:Generated_Source\PSoC4/cyfitter_cfg.c **** 
 262:Generated_Source\PSoC4/cyfitter_cfg.c **** 
 263:Generated_Source\PSoC4/cyfitter_cfg.c **** 
 264:Generated_Source\PSoC4/cyfitter_cfg.c **** 
 265:Generated_Source\PSoC4/cyfitter_cfg.c **** /*******************************************************************************
 266:Generated_Source\PSoC4/cyfitter_cfg.c **** * Function Name: cyfitter_cfg
 267:Generated_Source\PSoC4/cyfitter_cfg.c **** ********************************************************************************
 268:Generated_Source\PSoC4/cyfitter_cfg.c **** * Summary:
 269:Generated_Source\PSoC4/cyfitter_cfg.c **** *  This function is called by the start-up code for the selected device. It
 270:Generated_Source\PSoC4/cyfitter_cfg.c **** *  performs all of the necessary device configuration based on the design
 271:Generated_Source\PSoC4/cyfitter_cfg.c **** *  settings.  This includes settings from the Design Wide Resources (DWR) such
 272:Generated_Source\PSoC4/cyfitter_cfg.c **** *  as Clocks and Pins as well as any component configuration that is necessary.
 273:Generated_Source\PSoC4/cyfitter_cfg.c **** *
 274:Generated_Source\PSoC4/cyfitter_cfg.c **** * Parameters:
 275:Generated_Source\PSoC4/cyfitter_cfg.c **** *   void
 276:Generated_Source\PSoC4/cyfitter_cfg.c **** *
 277:Generated_Source\PSoC4/cyfitter_cfg.c **** * Return:
 278:Generated_Source\PSoC4/cyfitter_cfg.c **** *   void
 279:Generated_Source\PSoC4/cyfitter_cfg.c **** *
 280:Generated_Source\PSoC4/cyfitter_cfg.c **** *******************************************************************************/
 281:Generated_Source\PSoC4/cyfitter_cfg.c **** CY_CFG_SECTION
 282:Generated_Source\PSoC4/cyfitter_cfg.c **** void cyfitter_cfg(void)
 283:Generated_Source\PSoC4/cyfitter_cfg.c **** {
 210              		.loc 1 283 0
 211              		.cfi_startproc
 212              		@ args = 0, pretend = 0, frame = 0
 213              		@ frame_needed = 0, uses_anonymous_args = 0
 214 006c 10B5     		push	{r4, lr}
 215              		.cfi_def_cfa_offset 8
 216              		.cfi_offset 4, -8
 217              		.cfi_offset 14, -4
 284:Generated_Source\PSoC4/cyfitter_cfg.c **** 	/* Disable interrupts by default. Let user enable if/when they want. */
 285:Generated_Source\PSoC4/cyfitter_cfg.c **** 	CyGlobalIntDisable;
 218              		.loc 1 285 0
 219              		.syntax divided
 220              	@ 285 "Generated_Source\PSoC4\cyfitter_cfg.c" 1
 221 006e 72B6     		CPSID   i
 222              	@ 0 "" 2
ARM GAS  C:\Users\jagumiel\AppData\Local\Temp\ccfwmjsI.s 			page 10


 223              	.LVL18:
 224              		.thumb
 225              		.syntax unified
 226              	.LBB3:
 286:Generated_Source\PSoC4/cyfitter_cfg.c **** 
 287:Generated_Source\PSoC4/cyfitter_cfg.c **** 	{
 288:Generated_Source\PSoC4/cyfitter_cfg.c **** 		static const uint32 CYCODE cy_cfg_addr_table[] = {
 289:Generated_Source\PSoC4/cyfitter_cfg.c **** 			0x400F3004u, /* Base address: 0x400F3000 Count: 4 */
 290:Generated_Source\PSoC4/cyfitter_cfg.c **** 			0x400F3101u, /* Base address: 0x400F3100 Count: 1 */
 291:Generated_Source\PSoC4/cyfitter_cfg.c **** 			0x400F3301u, /* Base address: 0x400F3300 Count: 1 */
 292:Generated_Source\PSoC4/cyfitter_cfg.c **** 			0x400F4002u, /* Base address: 0x400F4000 Count: 2 */
 293:Generated_Source\PSoC4/cyfitter_cfg.c **** 			0x400F4102u, /* Base address: 0x400F4100 Count: 2 */
 294:Generated_Source\PSoC4/cyfitter_cfg.c **** 		};
 295:Generated_Source\PSoC4/cyfitter_cfg.c **** 
 296:Generated_Source\PSoC4/cyfitter_cfg.c **** 		static const cy_cfg_addrvalue_t CYCODE cy_cfg_data_table[] = {
 297:Generated_Source\PSoC4/cyfitter_cfg.c **** 			{0x38u, 0x08u},
 298:Generated_Source\PSoC4/cyfitter_cfg.c **** 			{0x3Eu, 0x04u},
 299:Generated_Source\PSoC4/cyfitter_cfg.c **** 			{0x58u, 0x04u},
 300:Generated_Source\PSoC4/cyfitter_cfg.c **** 			{0x5Fu, 0x01u},
 301:Generated_Source\PSoC4/cyfitter_cfg.c **** 			{0x1Bu, 0x04u},
 302:Generated_Source\PSoC4/cyfitter_cfg.c **** 			{0xABu, 0x04u},
 303:Generated_Source\PSoC4/cyfitter_cfg.c **** 			{0x57u, 0x20u},
 304:Generated_Source\PSoC4/cyfitter_cfg.c **** 			{0xD4u, 0x40u},
 305:Generated_Source\PSoC4/cyfitter_cfg.c **** 			{0xABu, 0x20u},
 306:Generated_Source\PSoC4/cyfitter_cfg.c **** 			{0xEEu, 0x20u},
 307:Generated_Source\PSoC4/cyfitter_cfg.c **** 		};
 308:Generated_Source\PSoC4/cyfitter_cfg.c **** 
 309:Generated_Source\PSoC4/cyfitter_cfg.c **** 
 310:Generated_Source\PSoC4/cyfitter_cfg.c **** 
 311:Generated_Source\PSoC4/cyfitter_cfg.c **** 		CYPACKED typedef struct {
 312:Generated_Source\PSoC4/cyfitter_cfg.c **** 			void CYFAR *address;
 313:Generated_Source\PSoC4/cyfitter_cfg.c **** 			uint16 size;
 314:Generated_Source\PSoC4/cyfitter_cfg.c **** 		} CYPACKED_ATTR cfg_memset_t;
 315:Generated_Source\PSoC4/cyfitter_cfg.c **** 
 316:Generated_Source\PSoC4/cyfitter_cfg.c **** 		static const cfg_memset_t CYCODE cfg_memset_list[] = {
 317:Generated_Source\PSoC4/cyfitter_cfg.c **** 			/* address, size */
 318:Generated_Source\PSoC4/cyfitter_cfg.c **** 			{(void CYFAR *)(CYDEV_UDB_P0_U0_BASE), 1024u},
 319:Generated_Source\PSoC4/cyfitter_cfg.c **** 			{(void CYFAR *)(CYDEV_UDB_DSI0_BASE), 1024u},
 320:Generated_Source\PSoC4/cyfitter_cfg.c **** 		};
 321:Generated_Source\PSoC4/cyfitter_cfg.c **** 
 322:Generated_Source\PSoC4/cyfitter_cfg.c **** 		uint8 CYDATA i;
 323:Generated_Source\PSoC4/cyfitter_cfg.c **** 
 324:Generated_Source\PSoC4/cyfitter_cfg.c **** 		/* Zero out critical memory blocks before beginning configuration */
 325:Generated_Source\PSoC4/cyfitter_cfg.c **** 		for (i = 0u; i < (sizeof(cfg_memset_list)/sizeof(cfg_memset_list[0])); i++)
 227              		.loc 1 325 0
 228 0070 0024     		movs	r4, #0
 229 0072 0FE0     		b	.L11
 230              	.LVL19:
 231              	.L12:
 232              	.LBB4:
 326:Generated_Source\PSoC4/cyfitter_cfg.c **** 		{
 327:Generated_Source\PSoC4/cyfitter_cfg.c **** 			const cfg_memset_t CYCODE * CYDATA ms = &cfg_memset_list[i];
 328:Generated_Source\PSoC4/cyfitter_cfg.c **** 			CYMEMZERO(ms->address, (size_t)(uint32)(ms->size));
 233              		.loc 1 328 0 discriminator 3
 234 0074 2748     		ldr	r0, .L13
 235 0076 6200     		lsls	r2, r4, #1
 236 0078 1319     		adds	r3, r2, r4
ARM GAS  C:\Users\jagumiel\AppData\Local\Temp\ccfwmjsI.s 			page 11


 237 007a 5900     		lsls	r1, r3, #1
 238 007c 0B00     		movs	r3, r1
 239 007e 4118     		adds	r1, r0, r1
 240 0080 8988     		ldrh	r1, [r1, #4]
 241 0082 1A5A     		ldrh	r2, [r3, r0]
 242 0084 C318     		adds	r3, r0, r3
 243 0086 5888     		ldrh	r0, [r3, #2]
 244 0088 0004     		lsls	r0, r0, #16
 245 008a 1043     		orrs	r0, r2
 246 008c FFF7FEFF 		bl	CYMEMZERO
 247              	.LVL20:
 248              	.LBE4:
 325:Generated_Source\PSoC4/cyfitter_cfg.c **** 		{
 249              		.loc 1 325 0 discriminator 3
 250 0090 0134     		adds	r4, r4, #1
 251              	.LVL21:
 252 0092 E4B2     		uxtb	r4, r4
 253              	.LVL22:
 254              	.L11:
 325:Generated_Source\PSoC4/cyfitter_cfg.c **** 		{
 255              		.loc 1 325 0 is_stmt 0 discriminator 1
 256 0094 012C     		cmp	r4, #1
 257 0096 EDD9     		bls	.L12
 329:Generated_Source\PSoC4/cyfitter_cfg.c **** 		}
 330:Generated_Source\PSoC4/cyfitter_cfg.c **** 
 331:Generated_Source\PSoC4/cyfitter_cfg.c **** 		cfg_write_bytes32(cy_cfg_addr_table, cy_cfg_data_table);
 258              		.loc 1 331 0 is_stmt 1
 259 0098 1E48     		ldr	r0, .L13
 260 009a 0100     		movs	r1, r0
 261 009c 0C31     		adds	r1, r1, #12
 262 009e 2030     		adds	r0, r0, #32
 263 00a0 FFF7FEFF 		bl	cfg_write_bytes32
 264              	.LVL23:
 332:Generated_Source\PSoC4/cyfitter_cfg.c **** 
 333:Generated_Source\PSoC4/cyfitter_cfg.c **** 		/* HSIOM Starting address: CYDEV_HSIOM_BASE */
 334:Generated_Source\PSoC4/cyfitter_cfg.c **** 		CY_SET_REG32((void *)(CYDEV_HSIOM_BASE), 0x00990003u);
 265              		.loc 1 334 0
 266 00a4 1C4A     		ldr	r2, .L13+4
 267 00a6 1D4B     		ldr	r3, .L13+8
 268 00a8 1A60     		str	r2, [r3]
 335:Generated_Source\PSoC4/cyfitter_cfg.c **** 		CY_SET_REG32((void *)(CYREG_HSIOM_PORT_SEL3), 0x0000EE00u);
 269              		.loc 1 335 0
 270 00aa EE22     		movs	r2, #238
 271 00ac 1202     		lsls	r2, r2, #8
 272 00ae 1C4B     		ldr	r3, .L13+12
 273 00b0 1A60     		str	r2, [r3]
 336:Generated_Source\PSoC4/cyfitter_cfg.c **** 
 337:Generated_Source\PSoC4/cyfitter_cfg.c **** 		/* UDB_PA_0 Starting address: CYDEV_UDB_PA0_BASE */
 338:Generated_Source\PSoC4/cyfitter_cfg.c **** 		CY_SET_REG32((void *)(CYDEV_UDB_PA0_BASE), 0x00990000u);
 274              		.loc 1 338 0
 275 00b2 9923     		movs	r3, #153
 276 00b4 1B04     		lsls	r3, r3, #16
 277 00b6 1B4A     		ldr	r2, .L13+16
 278 00b8 1360     		str	r3, [r2]
 339:Generated_Source\PSoC4/cyfitter_cfg.c **** 		CY_SET_REG32((void *)(CYREG_UDB_PA0_CFG8), 0x00010000u);
 279              		.loc 1 339 0
 280 00ba 8021     		movs	r1, #128
ARM GAS  C:\Users\jagumiel\AppData\Local\Temp\ccfwmjsI.s 			page 12


 281 00bc 4902     		lsls	r1, r1, #9
 282 00be 1A4A     		ldr	r2, .L13+20
 283 00c0 1160     		str	r1, [r2]
 340:Generated_Source\PSoC4/cyfitter_cfg.c **** 
 341:Generated_Source\PSoC4/cyfitter_cfg.c **** 		/* UDB_PA_1 Starting address: CYDEV_UDB_PA1_BASE */
 342:Generated_Source\PSoC4/cyfitter_cfg.c **** 		CY_SET_REG32((void *)(CYDEV_UDB_PA1_BASE), 0x00990000u);
 284              		.loc 1 342 0
 285 00c2 1A4A     		ldr	r2, .L13+24
 286 00c4 1360     		str	r3, [r2]
 343:Generated_Source\PSoC4/cyfitter_cfg.c **** 
 344:Generated_Source\PSoC4/cyfitter_cfg.c **** 		/* UDB_PA_3 Starting address: CYDEV_UDB_PA3_BASE */
 345:Generated_Source\PSoC4/cyfitter_cfg.c **** 		CY_SET_REG32((void *)(CYDEV_UDB_PA3_BASE), 0x00990000u);
 287              		.loc 1 345 0
 288 00c6 1A4A     		ldr	r2, .L13+28
 289 00c8 1360     		str	r3, [r2]
 346:Generated_Source\PSoC4/cyfitter_cfg.c **** 
 347:Generated_Source\PSoC4/cyfitter_cfg.c **** 		/* Enable UDB array and digital routing */
 348:Generated_Source\PSoC4/cyfitter_cfg.c **** 		CY_SET_XTND_REG8((void *)CYREG_UDB_UDBIF_WAIT_CFG, (uint8)((CY_GET_XTND_REG8((void *)CYREG_UDB_UD
 290              		.loc 1 348 0
 291 00ca 1A49     		ldr	r1, .L13+32
 292 00cc 0B78     		ldrb	r3, [r1]
 293 00ce 3C22     		movs	r2, #60
 294 00d0 9343     		bics	r3, r2
 295 00d2 1422     		movs	r2, #20
 296 00d4 1343     		orrs	r3, r2
 297 00d6 DBB2     		uxtb	r3, r3
 298 00d8 0B70     		strb	r3, [r1]
 349:Generated_Source\PSoC4/cyfitter_cfg.c **** 		CY_SET_XTND_REG8((void *)CYREG_UDB_UDBIF_BANK_CTL, (uint8)(CY_GET_XTND_REG8((void *)CYREG_UDB_UDB
 299              		.loc 1 349 0
 300 00da 174A     		ldr	r2, .L13+36
 301 00dc 1178     		ldrb	r1, [r2]
 302 00de 1623     		movs	r3, #22
 303 00e0 0B43     		orrs	r3, r1
 304 00e2 DBB2     		uxtb	r3, r3
 305 00e4 1370     		strb	r3, [r2]
 306              	.LBE3:
 350:Generated_Source\PSoC4/cyfitter_cfg.c **** 	}
 351:Generated_Source\PSoC4/cyfitter_cfg.c **** 
 352:Generated_Source\PSoC4/cyfitter_cfg.c **** 	/* Perform second pass device configuration. These items must be configured in specific order afte
 353:Generated_Source\PSoC4/cyfitter_cfg.c **** 	/* IOPINS0_0 Starting address: CYDEV_PRT0_BASE */
 354:Generated_Source\PSoC4/cyfitter_cfg.c **** 	CY_SET_REG32((void *)(CYDEV_PRT0_BASE), 0x0000002Du);
 307              		.loc 1 354 0
 308 00e6 2D22     		movs	r2, #45
 309 00e8 144B     		ldr	r3, .L13+40
 310 00ea 1A60     		str	r2, [r3]
 355:Generated_Source\PSoC4/cyfitter_cfg.c **** 	CY_SET_REG32((void *)(CYREG_PRT0_PC), 0x00031D86u);
 311              		.loc 1 355 0
 312 00ec 144A     		ldr	r2, .L13+44
 313 00ee 154B     		ldr	r3, .L13+48
 314 00f0 1A60     		str	r2, [r3]
 356:Generated_Source\PSoC4/cyfitter_cfg.c **** 	CY_SET_REG32((void *)(CYREG_PRT0_PC2), 0x00000020u);
 315              		.loc 1 356 0
 316 00f2 2022     		movs	r2, #32
 317 00f4 144B     		ldr	r3, .L13+52
 318 00f6 1A60     		str	r2, [r3]
 357:Generated_Source\PSoC4/cyfitter_cfg.c **** 
 358:Generated_Source\PSoC4/cyfitter_cfg.c **** 	/* IOPINS0_1 Starting address: CYDEV_PRT1_BASE */
ARM GAS  C:\Users\jagumiel\AppData\Local\Temp\ccfwmjsI.s 			page 13


 359:Generated_Source\PSoC4/cyfitter_cfg.c **** 	CY_SET_REG32((void *)(CYDEV_PRT1_BASE), 0x00000040u);
 319              		.loc 1 359 0
 320 00f8 2032     		adds	r2, r2, #32
 321 00fa 144B     		ldr	r3, .L13+56
 322 00fc 1A60     		str	r2, [r3]
 360:Generated_Source\PSoC4/cyfitter_cfg.c **** 	CY_SET_REG32((void *)(CYREG_PRT1_PC), 0x00180000u);
 323              		.loc 1 360 0
 324 00fe C022     		movs	r2, #192
 325 0100 5203     		lsls	r2, r2, #13
 326 0102 134B     		ldr	r3, .L13+60
 327 0104 1A60     		str	r2, [r3]
 361:Generated_Source\PSoC4/cyfitter_cfg.c **** 
 362:Generated_Source\PSoC4/cyfitter_cfg.c **** 	/* IOPINS0_3 Starting address: CYDEV_PRT3_BASE */
 363:Generated_Source\PSoC4/cyfitter_cfg.c **** 	CY_SET_REG32((void *)(CYREG_PRT3_PC), 0x00000D80u);
 328              		.loc 1 363 0
 329 0106 D822     		movs	r2, #216
 330 0108 1201     		lsls	r2, r2, #4
 331 010a 124B     		ldr	r3, .L13+64
 332 010c 1A60     		str	r2, [r3]
 364:Generated_Source\PSoC4/cyfitter_cfg.c **** 
 365:Generated_Source\PSoC4/cyfitter_cfg.c **** 
 366:Generated_Source\PSoC4/cyfitter_cfg.c **** 	/* Setup clocks based on selections from Clock DWR */
 367:Generated_Source\PSoC4/cyfitter_cfg.c **** 	ClockSetup();
 333              		.loc 1 367 0
 334 010e FFF777FF 		bl	ClockSetup
 335              	.LVL24:
 368:Generated_Source\PSoC4/cyfitter_cfg.c **** 
 369:Generated_Source\PSoC4/cyfitter_cfg.c **** 	/* Perform basic analog initialization to defaults */
 370:Generated_Source\PSoC4/cyfitter_cfg.c **** 	AnalogSetDefault();
 371:Generated_Source\PSoC4/cyfitter_cfg.c **** 
 372:Generated_Source\PSoC4/cyfitter_cfg.c **** }
 336              		.loc 1 372 0
 337              		@ sp needed
 338              	.LVL25:
 339 0112 10BD     		pop	{r4, pc}
 340              	.L14:
 341              		.align	2
 342              	.L13:
 343 0114 00000000 		.word	.LANCHOR0
 344 0118 03009900 		.word	10027011
 345 011c 00000140 		.word	1073807360
 346 0120 0C000140 		.word	1073807372
 347 0124 00500F40 		.word	1074745344
 348 0128 08500F40 		.word	1074745352
 349 012c 10500F40 		.word	1074745360
 350 0130 30500F40 		.word	1074745392
 351 0134 01700F40 		.word	1074753537
 352 0138 00700F40 		.word	1074753536
 353 013c 00000440 		.word	1074003968
 354 0140 861D0300 		.word	204166
 355 0144 08000440 		.word	1074003976
 356 0148 18000440 		.word	1074003992
 357 014c 00010440 		.word	1074004224
 358 0150 08010440 		.word	1074004232
 359 0154 08030440 		.word	1074004744
 360              		.cfi_endproc
 361              	.LFE6:
ARM GAS  C:\Users\jagumiel\AppData\Local\Temp\ccfwmjsI.s 			page 14


 362              		.size	cyfitter_cfg, .-cyfitter_cfg
 363              		.section	.rodata
 364              		.align	2
 365              		.set	.LANCHOR0,. + 0
 366              		.type	cfg_memset_list.4870, %object
 367              		.size	cfg_memset_list.4870, 12
 368              	cfg_memset_list.4870:
 369 0000 00300F40 		.word	1074737152
 370 0004 0004     		.short	1024
 371 0006 00400F40 		.4byte	1074741248
 372 000a 0004     		.short	1024
 373              		.type	cy_cfg_data_table.4865, %object
 374              		.size	cy_cfg_data_table.4865, 20
 375              	cy_cfg_data_table.4865:
 376 000c 38       		.byte	56
 377 000d 08       		.byte	8
 378 000e 3E       		.byte	62
 379 000f 04       		.byte	4
 380 0010 58       		.byte	88
 381 0011 04       		.byte	4
 382 0012 5F       		.byte	95
 383 0013 01       		.byte	1
 384 0014 1B       		.byte	27
 385 0015 04       		.byte	4
 386 0016 AB       		.byte	-85
 387 0017 04       		.byte	4
 388 0018 57       		.byte	87
 389 0019 20       		.byte	32
 390 001a D4       		.byte	-44
 391 001b 40       		.byte	64
 392 001c AB       		.byte	-85
 393 001d 20       		.byte	32
 394 001e EE       		.byte	-18
 395 001f 20       		.byte	32
 396              		.type	cy_cfg_addr_table.4864, %object
 397              		.size	cy_cfg_addr_table.4864, 20
 398              	cy_cfg_addr_table.4864:
 399 0020 04300F40 		.word	1074737156
 400 0024 01310F40 		.word	1074737409
 401 0028 01330F40 		.word	1074737921
 402 002c 02400F40 		.word	1074741250
 403 0030 02410F40 		.word	1074741506
 404              		.text
 405              	.Letext0:
 406              		.file 2 "c:\\program files (x86)\\cypress\\psoc creator\\4.2\\psoc creator\\import\\gnu\\arm\\5.4.
 407              		.file 3 "Generated_Source\\PSoC4\\cytypes.h"
 408              		.file 4 "Generated_Source\\PSoC4\\CyLib.h"
 409              		.section	.debug_info,"",%progbits
 410              	.Ldebug_info0:
 411 0000 9D030000 		.4byte	0x39d
 412 0004 0400     		.2byte	0x4
 413 0006 00000000 		.4byte	.Ldebug_abbrev0
 414 000a 04       		.byte	0x4
 415 000b 01       		.uleb128 0x1
 416 000c 93010000 		.4byte	.LASF39
 417 0010 0C       		.byte	0xc
 418 0011 C0020000 		.4byte	.LASF40
ARM GAS  C:\Users\jagumiel\AppData\Local\Temp\ccfwmjsI.s 			page 15


 419 0015 57000000 		.4byte	.LASF41
 420 0019 00000000 		.4byte	.Ldebug_ranges0+0
 421 001d 00000000 		.4byte	0
 422 0021 00000000 		.4byte	.Ldebug_line0
 423 0025 02       		.uleb128 0x2
 424 0026 04       		.byte	0x4
 425 0027 05       		.byte	0x5
 426 0028 696E7400 		.ascii	"int\000"
 427 002c 03       		.uleb128 0x3
 428 002d 06000000 		.4byte	.LASF12
 429 0031 02       		.byte	0x2
 430 0032 D8       		.byte	0xd8
 431 0033 37000000 		.4byte	0x37
 432 0037 04       		.uleb128 0x4
 433 0038 04       		.byte	0x4
 434 0039 07       		.byte	0x7
 435 003a 5A010000 		.4byte	.LASF0
 436 003e 04       		.uleb128 0x4
 437 003f 08       		.byte	0x8
 438 0040 05       		.byte	0x5
 439 0041 53020000 		.4byte	.LASF1
 440 0045 04       		.uleb128 0x4
 441 0046 08       		.byte	0x8
 442 0047 04       		.byte	0x4
 443 0048 A8020000 		.4byte	.LASF2
 444 004c 04       		.uleb128 0x4
 445 004d 01       		.byte	0x1
 446 004e 06       		.byte	0x6
 447 004f B4020000 		.4byte	.LASF3
 448 0053 04       		.uleb128 0x4
 449 0054 01       		.byte	0x1
 450 0055 08       		.byte	0x8
 451 0056 FC000000 		.4byte	.LASF4
 452 005a 04       		.uleb128 0x4
 453 005b 02       		.byte	0x2
 454 005c 05       		.byte	0x5
 455 005d 80020000 		.4byte	.LASF5
 456 0061 04       		.uleb128 0x4
 457 0062 02       		.byte	0x2
 458 0063 07       		.byte	0x7
 459 0064 40020000 		.4byte	.LASF6
 460 0068 04       		.uleb128 0x4
 461 0069 04       		.byte	0x4
 462 006a 05       		.byte	0x5
 463 006b 9F020000 		.4byte	.LASF7
 464 006f 04       		.uleb128 0x4
 465 0070 04       		.byte	0x4
 466 0071 07       		.byte	0x7
 467 0072 DA000000 		.4byte	.LASF8
 468 0076 04       		.uleb128 0x4
 469 0077 08       		.byte	0x8
 470 0078 07       		.byte	0x7
 471 0079 7C010000 		.4byte	.LASF9
 472 007d 04       		.uleb128 0x4
 473 007e 04       		.byte	0x4
 474 007f 07       		.byte	0x7
 475 0080 37020000 		.4byte	.LASF10
ARM GAS  C:\Users\jagumiel\AppData\Local\Temp\ccfwmjsI.s 			page 16


 476 0084 05       		.uleb128 0x5
 477 0085 04       		.byte	0x4
 478 0086 04       		.uleb128 0x4
 479 0087 01       		.byte	0x1
 480 0088 08       		.byte	0x8
 481 0089 61020000 		.4byte	.LASF11
 482 008d 06       		.uleb128 0x6
 483 008e EC000000 		.4byte	.LASF13
 484 0092 03       		.byte	0x3
 485 0093 E401     		.2byte	0x1e4
 486 0095 53000000 		.4byte	0x53
 487 0099 06       		.uleb128 0x6
 488 009a 41010000 		.4byte	.LASF14
 489 009e 03       		.byte	0x3
 490 009f E501     		.2byte	0x1e5
 491 00a1 61000000 		.4byte	0x61
 492 00a5 06       		.uleb128 0x6
 493 00a6 53010000 		.4byte	.LASF15
 494 00aa 03       		.byte	0x3
 495 00ab E601     		.2byte	0x1e6
 496 00ad 6F000000 		.4byte	0x6f
 497 00b1 04       		.uleb128 0x4
 498 00b2 04       		.byte	0x4
 499 00b3 04       		.byte	0x4
 500 00b4 BA000000 		.4byte	.LASF16
 501 00b8 04       		.uleb128 0x4
 502 00b9 08       		.byte	0x8
 503 00ba 04       		.byte	0x4
 504 00bb 11010000 		.4byte	.LASF17
 505 00bf 06       		.uleb128 0x6
 506 00c0 D5000000 		.4byte	.LASF18
 507 00c4 03       		.byte	0x3
 508 00c5 8E02     		.2byte	0x28e
 509 00c7 CB000000 		.4byte	0xcb
 510 00cb 07       		.uleb128 0x7
 511 00cc 8D000000 		.4byte	0x8d
 512 00d0 06       		.uleb128 0x6
 513 00d1 00000000 		.4byte	.LASF19
 514 00d5 03       		.byte	0x3
 515 00d6 9002     		.2byte	0x290
 516 00d8 DC000000 		.4byte	0xdc
 517 00dc 07       		.uleb128 0x7
 518 00dd A5000000 		.4byte	0xa5
 519 00e1 08       		.uleb128 0x8
 520 00e2 02       		.byte	0x2
 521 00e3 01       		.byte	0x1
 522 00e4 96       		.byte	0x96
 523 00e5 02010000 		.4byte	0x102
 524 00e9 09       		.uleb128 0x9
 525 00ea 79020000 		.4byte	.LASF20
 526 00ee 01       		.byte	0x1
 527 00ef 98       		.byte	0x98
 528 00f0 8D000000 		.4byte	0x8d
 529 00f4 00       		.byte	0
 530 00f5 09       		.uleb128 0x9
 531 00f6 1C000000 		.4byte	.LASF21
 532 00fa 01       		.byte	0x1
ARM GAS  C:\Users\jagumiel\AppData\Local\Temp\ccfwmjsI.s 			page 17


 533 00fb 99       		.byte	0x99
 534 00fc 8D000000 		.4byte	0x8d
 535 0100 01       		.byte	0x1
 536 0101 00       		.byte	0
 537 0102 03       		.uleb128 0x3
 538 0103 66020000 		.4byte	.LASF22
 539 0107 01       		.byte	0x1
 540 0108 9A       		.byte	0x9a
 541 0109 E1000000 		.4byte	0xe1
 542 010d 0A       		.uleb128 0xa
 543 010e 18010000 		.4byte	.LASF27
 544 0112 01       		.byte	0x1
 545 0113 AD       		.byte	0xad
 546 0114 00000000 		.4byte	.LFB3
 547 0118 32000000 		.4byte	.LFE3-.LFB3
 548 011c 01       		.uleb128 0x1
 549 011d 9C       		.byte	0x9c
 550 011e 7F010000 		.4byte	0x17f
 551 0122 0B       		.uleb128 0xb
 552 0123 36010000 		.4byte	.LASF23
 553 0127 01       		.byte	0x1
 554 0128 AD       		.byte	0xad
 555 0129 7F010000 		.4byte	0x17f
 556 012d 01       		.uleb128 0x1
 557 012e 50       		.byte	0x50
 558 012f 0B       		.uleb128 0xb
 559 0130 48010000 		.4byte	.LASF24
 560 0134 01       		.byte	0x1
 561 0135 AD       		.byte	0xad
 562 0136 8A010000 		.4byte	0x18a
 563 013a 01       		.uleb128 0x1
 564 013b 51       		.byte	0x51
 565 013c 0C       		.uleb128 0xc
 566 013d 6900     		.ascii	"i\000"
 567 013f 01       		.byte	0x1
 568 0140 B0       		.byte	0xb0
 569 0141 A5000000 		.4byte	0xa5
 570 0145 00000000 		.4byte	.LLST0
 571 0149 0C       		.uleb128 0xc
 572 014a 6A00     		.ascii	"j\000"
 573 014c 01       		.byte	0x1
 574 014d B0       		.byte	0xb0
 575 014e A5000000 		.4byte	0xa5
 576 0152 1F000000 		.4byte	.LLST1
 577 0156 0D       		.uleb128 0xd
 578 0157 08000000 		.4byte	.LBB2
 579 015b 22000000 		.4byte	.LBE2-.LBB2
 580 015f 0E       		.uleb128 0xe
 581 0160 2E020000 		.4byte	.LASF25
 582 0164 01       		.byte	0x1
 583 0165 B3       		.byte	0xb3
 584 0166 A5000000 		.4byte	0xa5
 585 016a 3E000000 		.4byte	.LLST2
 586 016e 0E       		.uleb128 0xe
 587 016f 22000000 		.4byte	.LASF26
 588 0173 01       		.byte	0x1
 589 0174 B4       		.byte	0xb4
ARM GAS  C:\Users\jagumiel\AppData\Local\Temp\ccfwmjsI.s 			page 18


 590 0175 8D000000 		.4byte	0x8d
 591 0179 51000000 		.4byte	.LLST3
 592 017d 00       		.byte	0
 593 017e 00       		.byte	0
 594 017f 0F       		.uleb128 0xf
 595 0180 04       		.byte	0x4
 596 0181 85010000 		.4byte	0x185
 597 0185 10       		.uleb128 0x10
 598 0186 A5000000 		.4byte	0xa5
 599 018a 0F       		.uleb128 0xf
 600 018b 04       		.byte	0x4
 601 018c 90010000 		.4byte	0x190
 602 0190 10       		.uleb128 0x10
 603 0191 02010000 		.4byte	0x102
 604 0195 0A       		.uleb128 0xa
 605 0196 F2000000 		.4byte	.LASF28
 606 019a 01       		.byte	0x1
 607 019b 4B       		.byte	0x4b
 608 019c 00000000 		.4byte	.LFB0
 609 01a0 0C000000 		.4byte	.LFE0-.LFB0
 610 01a4 01       		.uleb128 0x1
 611 01a5 9C       		.byte	0x9c
 612 01a6 E2010000 		.4byte	0x1e2
 613 01aa 11       		.uleb128 0x11
 614 01ab 7300     		.ascii	"s\000"
 615 01ad 01       		.byte	0x1
 616 01ae 4B       		.byte	0x4b
 617 01af 84000000 		.4byte	0x84
 618 01b3 6F000000 		.4byte	.LLST4
 619 01b7 11       		.uleb128 0x11
 620 01b8 6E00     		.ascii	"n\000"
 621 01ba 01       		.byte	0x1
 622 01bb 4B       		.byte	0x4b
 623 01bc 2C000000 		.4byte	0x2c
 624 01c0 90000000 		.4byte	.LLST5
 625 01c4 12       		.uleb128 0x12
 626 01c5 0A000000 		.4byte	.LVL14
 627 01c9 76030000 		.4byte	0x376
 628 01cd 13       		.uleb128 0x13
 629 01ce 01       		.uleb128 0x1
 630 01cf 50       		.byte	0x50
 631 01d0 03       		.uleb128 0x3
 632 01d1 F3       		.byte	0xf3
 633 01d2 01       		.uleb128 0x1
 634 01d3 50       		.byte	0x50
 635 01d4 13       		.uleb128 0x13
 636 01d5 01       		.uleb128 0x1
 637 01d6 51       		.byte	0x51
 638 01d7 01       		.uleb128 0x1
 639 01d8 30       		.byte	0x30
 640 01d9 13       		.uleb128 0x13
 641 01da 01       		.uleb128 0x1
 642 01db 52       		.byte	0x52
 643 01dc 03       		.uleb128 0x3
 644 01dd F3       		.byte	0xf3
 645 01de 01       		.uleb128 0x1
 646 01df 51       		.byte	0x51
ARM GAS  C:\Users\jagumiel\AppData\Local\Temp\ccfwmjsI.s 			page 19


 647 01e0 00       		.byte	0
 648 01e1 00       		.byte	0
 649 01e2 0A       		.uleb128 0xa
 650 01e3 28000000 		.4byte	.LASF29
 651 01e7 01       		.byte	0x1
 652 01e8 D2       		.byte	0xd2
 653 01e9 00000000 		.4byte	.LFB4
 654 01ed 6C000000 		.4byte	.LFE4-.LFB4
 655 01f1 01       		.uleb128 0x1
 656 01f2 9C       		.byte	0x9c
 657 01f3 2E020000 		.4byte	0x22e
 658 01f7 14       		.uleb128 0x14
 659 01f8 14000000 		.4byte	.LVL15
 660 01fc 7F030000 		.4byte	0x37f
 661 0200 0B020000 		.4byte	0x20b
 662 0204 13       		.uleb128 0x13
 663 0205 01       		.uleb128 0x1
 664 0206 50       		.byte	0x50
 665 0207 02       		.uleb128 0x2
 666 0208 08       		.byte	0x8
 667 0209 30       		.byte	0x30
 668 020a 00       		.byte	0
 669 020b 14       		.uleb128 0x14
 670 020c 38000000 		.4byte	.LVL16
 671 0210 8A030000 		.4byte	0x38a
 672 0214 1E020000 		.4byte	0x21e
 673 0218 13       		.uleb128 0x13
 674 0219 01       		.uleb128 0x1
 675 021a 50       		.byte	0x50
 676 021b 01       		.uleb128 0x1
 677 021c 39       		.byte	0x39
 678 021d 00       		.byte	0
 679 021e 12       		.uleb128 0x12
 680 021f 3E000000 		.4byte	.LVL17
 681 0223 95030000 		.4byte	0x395
 682 0227 13       		.uleb128 0x13
 683 0228 01       		.uleb128 0x1
 684 0229 50       		.byte	0x50
 685 022a 01       		.uleb128 0x1
 686 022b 39       		.byte	0x39
 687 022c 00       		.byte	0
 688 022d 00       		.byte	0
 689 022e 15       		.uleb128 0x15
 690 022f 67010000 		.4byte	.LASF42
 691 0233 01       		.byte	0x1
 692 0234 1A01     		.2byte	0x11a
 693 0236 6C000000 		.4byte	.LFB6
 694 023a EC000000 		.4byte	.LFE6-.LFB6
 695 023e 01       		.uleb128 0x1
 696 023f 9C       		.byte	0x9c
 697 0240 4C030000 		.4byte	0x34c
 698 0244 16       		.uleb128 0x16
 699 0245 70000000 		.4byte	.LBB3
 700 0249 76000000 		.4byte	.LBE3-.LBB3
 701 024d 42030000 		.4byte	0x342
 702 0251 17       		.uleb128 0x17
 703 0252 33000000 		.4byte	.LASF30
ARM GAS  C:\Users\jagumiel\AppData\Local\Temp\ccfwmjsI.s 			page 20


 704 0256 01       		.byte	0x1
 705 0257 2001     		.2byte	0x120
 706 0259 5C030000 		.4byte	0x35c
 707 025d 05       		.uleb128 0x5
 708 025e 03       		.byte	0x3
 709 025f 20000000 		.4byte	cy_cfg_addr_table.4864
 710 0263 17       		.uleb128 0x17
 711 0264 45000000 		.4byte	.LASF31
 712 0268 01       		.byte	0x1
 713 0269 2801     		.2byte	0x128
 714 026b 71030000 		.4byte	0x371
 715 026f 05       		.uleb128 0x5
 716 0270 03       		.byte	0x3
 717 0271 0C000000 		.4byte	cy_cfg_data_table.4865
 718 0275 18       		.uleb128 0x18
 719 0276 06       		.byte	0x6
 720 0277 01       		.byte	0x1
 721 0278 3701     		.2byte	0x137
 722 027a 99020000 		.4byte	0x299
 723 027e 19       		.uleb128 0x19
 724 027f 74010000 		.4byte	.LASF32
 725 0283 01       		.byte	0x1
 726 0284 3801     		.2byte	0x138
 727 0286 84000000 		.4byte	0x84
 728 028a 00       		.byte	0
 729 028b 19       		.uleb128 0x19
 730 028c D0000000 		.4byte	.LASF33
 731 0290 01       		.byte	0x1
 732 0291 3901     		.2byte	0x139
 733 0293 99000000 		.4byte	0x99
 734 0297 04       		.byte	0x4
 735 0298 00       		.byte	0
 736 0299 06       		.uleb128 0x6
 737 029a 21020000 		.4byte	.LASF34
 738 029e 01       		.byte	0x1
 739 029f 3A01     		.2byte	0x13a
 740 02a1 75020000 		.4byte	0x275
 741 02a5 1A       		.uleb128 0x1a
 742 02a6 B5020000 		.4byte	0x2b5
 743 02aa B5020000 		.4byte	0x2b5
 744 02ae 1B       		.uleb128 0x1b
 745 02af 7D000000 		.4byte	0x7d
 746 02b3 01       		.byte	0x1
 747 02b4 00       		.byte	0
 748 02b5 10       		.uleb128 0x10
 749 02b6 99020000 		.4byte	0x299
 750 02ba 17       		.uleb128 0x17
 751 02bb C0000000 		.4byte	.LASF35
 752 02bf 01       		.byte	0x1
 753 02c0 3C01     		.2byte	0x13c
 754 02c2 CC020000 		.4byte	0x2cc
 755 02c6 05       		.uleb128 0x5
 756 02c7 03       		.byte	0x3
 757 02c8 00000000 		.4byte	cfg_memset_list.4870
 758 02cc 10       		.uleb128 0x10
 759 02cd A5020000 		.4byte	0x2a5
 760 02d1 1C       		.uleb128 0x1c
ARM GAS  C:\Users\jagumiel\AppData\Local\Temp\ccfwmjsI.s 			page 21


 761 02d2 6900     		.ascii	"i\000"
 762 02d4 01       		.byte	0x1
 763 02d5 4201     		.2byte	0x142
 764 02d7 8D000000 		.4byte	0x8d
 765 02db BC000000 		.4byte	.LLST6
 766 02df 16       		.uleb128 0x16
 767 02e0 74000000 		.4byte	.LBB4
 768 02e4 1C000000 		.4byte	.LBE4-.LBB4
 769 02e8 25030000 		.4byte	0x325
 770 02ec 1C       		.uleb128 0x1c
 771 02ed 6D7300   		.ascii	"ms\000"
 772 02f0 01       		.byte	0x1
 773 02f1 4701     		.2byte	0x147
 774 02f3 FB020000 		.4byte	0x2fb
 775 02f7 E6000000 		.4byte	.LLST7
 776 02fb 0F       		.uleb128 0xf
 777 02fc 04       		.byte	0x4
 778 02fd B5020000 		.4byte	0x2b5
 779 0301 12       		.uleb128 0x12
 780 0302 90000000 		.4byte	.LVL20
 781 0306 95010000 		.4byte	0x195
 782 030a 13       		.uleb128 0x13
 783 030b 01       		.uleb128 0x1
 784 030c 51       		.byte	0x51
 785 030d 15       		.uleb128 0x15
 786 030e 74       		.byte	0x74
 787 030f 00       		.sleb128 0
 788 0310 31       		.byte	0x31
 789 0311 24       		.byte	0x24
 790 0312 74       		.byte	0x74
 791 0313 00       		.sleb128 0
 792 0314 22       		.byte	0x22
 793 0315 31       		.byte	0x31
 794 0316 24       		.byte	0x24
 795 0317 03       		.byte	0x3
 796 0318 04000000 		.4byte	.LANCHOR0+4
 797 031c 22       		.byte	0x22
 798 031d 94       		.byte	0x94
 799 031e 02       		.byte	0x2
 800 031f 0A       		.byte	0xa
 801 0320 FFFF     		.2byte	0xffff
 802 0322 1A       		.byte	0x1a
 803 0323 00       		.byte	0
 804 0324 00       		.byte	0
 805 0325 12       		.uleb128 0x12
 806 0326 A4000000 		.4byte	.LVL23
 807 032a 0D010000 		.4byte	0x10d
 808 032e 13       		.uleb128 0x13
 809 032f 01       		.uleb128 0x1
 810 0330 50       		.byte	0x50
 811 0331 05       		.uleb128 0x5
 812 0332 03       		.byte	0x3
 813 0333 20000000 		.4byte	.LANCHOR0+32
 814 0337 13       		.uleb128 0x13
 815 0338 01       		.uleb128 0x1
 816 0339 51       		.byte	0x51
 817 033a 05       		.uleb128 0x5
ARM GAS  C:\Users\jagumiel\AppData\Local\Temp\ccfwmjsI.s 			page 22


 818 033b 03       		.byte	0x3
 819 033c 0C000000 		.4byte	.LANCHOR0+12
 820 0340 00       		.byte	0
 821 0341 00       		.byte	0
 822 0342 1D       		.uleb128 0x1d
 823 0343 12010000 		.4byte	.LVL24
 824 0347 E2010000 		.4byte	0x1e2
 825 034b 00       		.byte	0
 826 034c 1A       		.uleb128 0x1a
 827 034d 85010000 		.4byte	0x185
 828 0351 5C030000 		.4byte	0x35c
 829 0355 1B       		.uleb128 0x1b
 830 0356 7D000000 		.4byte	0x7d
 831 035a 04       		.byte	0x4
 832 035b 00       		.byte	0
 833 035c 10       		.uleb128 0x10
 834 035d 4C030000 		.4byte	0x34c
 835 0361 1A       		.uleb128 0x1a
 836 0362 90010000 		.4byte	0x190
 837 0366 71030000 		.4byte	0x371
 838 036a 1B       		.uleb128 0x1b
 839 036b 7D000000 		.4byte	0x7d
 840 036f 09       		.byte	0x9
 841 0370 00       		.byte	0
 842 0371 10       		.uleb128 0x10
 843 0372 61030000 		.4byte	0x361
 844 0376 1E       		.uleb128 0x1e
 845 0377 0A010000 		.4byte	.LASF43
 846 037b 0A010000 		.4byte	.LASF43
 847 037f 1F       		.uleb128 0x1f
 848 0380 8A020000 		.4byte	.LASF36
 849 0384 8A020000 		.4byte	.LASF36
 850 0388 04       		.byte	0x4
 851 0389 6C       		.byte	0x6c
 852 038a 1F       		.uleb128 0x1f
 853 038b 0D000000 		.4byte	.LASF37
 854 038f 0D000000 		.4byte	.LASF37
 855 0393 04       		.byte	0x4
 856 0394 BD       		.byte	0xbd
 857 0395 1F       		.uleb128 0x1f
 858 0396 2A010000 		.4byte	.LASF38
 859 039a 2A010000 		.4byte	.LASF38
 860 039e 04       		.byte	0x4
 861 039f C3       		.byte	0xc3
 862 03a0 00       		.byte	0
 863              		.section	.debug_abbrev,"",%progbits
 864              	.Ldebug_abbrev0:
 865 0000 01       		.uleb128 0x1
 866 0001 11       		.uleb128 0x11
 867 0002 01       		.byte	0x1
 868 0003 25       		.uleb128 0x25
 869 0004 0E       		.uleb128 0xe
 870 0005 13       		.uleb128 0x13
 871 0006 0B       		.uleb128 0xb
 872 0007 03       		.uleb128 0x3
 873 0008 0E       		.uleb128 0xe
 874 0009 1B       		.uleb128 0x1b
ARM GAS  C:\Users\jagumiel\AppData\Local\Temp\ccfwmjsI.s 			page 23


 875 000a 0E       		.uleb128 0xe
 876 000b 55       		.uleb128 0x55
 877 000c 17       		.uleb128 0x17
 878 000d 11       		.uleb128 0x11
 879 000e 01       		.uleb128 0x1
 880 000f 10       		.uleb128 0x10
 881 0010 17       		.uleb128 0x17
 882 0011 00       		.byte	0
 883 0012 00       		.byte	0
 884 0013 02       		.uleb128 0x2
 885 0014 24       		.uleb128 0x24
 886 0015 00       		.byte	0
 887 0016 0B       		.uleb128 0xb
 888 0017 0B       		.uleb128 0xb
 889 0018 3E       		.uleb128 0x3e
 890 0019 0B       		.uleb128 0xb
 891 001a 03       		.uleb128 0x3
 892 001b 08       		.uleb128 0x8
 893 001c 00       		.byte	0
 894 001d 00       		.byte	0
 895 001e 03       		.uleb128 0x3
 896 001f 16       		.uleb128 0x16
 897 0020 00       		.byte	0
 898 0021 03       		.uleb128 0x3
 899 0022 0E       		.uleb128 0xe
 900 0023 3A       		.uleb128 0x3a
 901 0024 0B       		.uleb128 0xb
 902 0025 3B       		.uleb128 0x3b
 903 0026 0B       		.uleb128 0xb
 904 0027 49       		.uleb128 0x49
 905 0028 13       		.uleb128 0x13
 906 0029 00       		.byte	0
 907 002a 00       		.byte	0
 908 002b 04       		.uleb128 0x4
 909 002c 24       		.uleb128 0x24
 910 002d 00       		.byte	0
 911 002e 0B       		.uleb128 0xb
 912 002f 0B       		.uleb128 0xb
 913 0030 3E       		.uleb128 0x3e
 914 0031 0B       		.uleb128 0xb
 915 0032 03       		.uleb128 0x3
 916 0033 0E       		.uleb128 0xe
 917 0034 00       		.byte	0
 918 0035 00       		.byte	0
 919 0036 05       		.uleb128 0x5
 920 0037 0F       		.uleb128 0xf
 921 0038 00       		.byte	0
 922 0039 0B       		.uleb128 0xb
 923 003a 0B       		.uleb128 0xb
 924 003b 00       		.byte	0
 925 003c 00       		.byte	0
 926 003d 06       		.uleb128 0x6
 927 003e 16       		.uleb128 0x16
 928 003f 00       		.byte	0
 929 0040 03       		.uleb128 0x3
 930 0041 0E       		.uleb128 0xe
 931 0042 3A       		.uleb128 0x3a
ARM GAS  C:\Users\jagumiel\AppData\Local\Temp\ccfwmjsI.s 			page 24


 932 0043 0B       		.uleb128 0xb
 933 0044 3B       		.uleb128 0x3b
 934 0045 05       		.uleb128 0x5
 935 0046 49       		.uleb128 0x49
 936 0047 13       		.uleb128 0x13
 937 0048 00       		.byte	0
 938 0049 00       		.byte	0
 939 004a 07       		.uleb128 0x7
 940 004b 35       		.uleb128 0x35
 941 004c 00       		.byte	0
 942 004d 49       		.uleb128 0x49
 943 004e 13       		.uleb128 0x13
 944 004f 00       		.byte	0
 945 0050 00       		.byte	0
 946 0051 08       		.uleb128 0x8
 947 0052 13       		.uleb128 0x13
 948 0053 01       		.byte	0x1
 949 0054 0B       		.uleb128 0xb
 950 0055 0B       		.uleb128 0xb
 951 0056 3A       		.uleb128 0x3a
 952 0057 0B       		.uleb128 0xb
 953 0058 3B       		.uleb128 0x3b
 954 0059 0B       		.uleb128 0xb
 955 005a 01       		.uleb128 0x1
 956 005b 13       		.uleb128 0x13
 957 005c 00       		.byte	0
 958 005d 00       		.byte	0
 959 005e 09       		.uleb128 0x9
 960 005f 0D       		.uleb128 0xd
 961 0060 00       		.byte	0
 962 0061 03       		.uleb128 0x3
 963 0062 0E       		.uleb128 0xe
 964 0063 3A       		.uleb128 0x3a
 965 0064 0B       		.uleb128 0xb
 966 0065 3B       		.uleb128 0x3b
 967 0066 0B       		.uleb128 0xb
 968 0067 49       		.uleb128 0x49
 969 0068 13       		.uleb128 0x13
 970 0069 38       		.uleb128 0x38
 971 006a 0B       		.uleb128 0xb
 972 006b 00       		.byte	0
 973 006c 00       		.byte	0
 974 006d 0A       		.uleb128 0xa
 975 006e 2E       		.uleb128 0x2e
 976 006f 01       		.byte	0x1
 977 0070 03       		.uleb128 0x3
 978 0071 0E       		.uleb128 0xe
 979 0072 3A       		.uleb128 0x3a
 980 0073 0B       		.uleb128 0xb
 981 0074 3B       		.uleb128 0x3b
 982 0075 0B       		.uleb128 0xb
 983 0076 27       		.uleb128 0x27
 984 0077 19       		.uleb128 0x19
 985 0078 11       		.uleb128 0x11
 986 0079 01       		.uleb128 0x1
 987 007a 12       		.uleb128 0x12
 988 007b 06       		.uleb128 0x6
ARM GAS  C:\Users\jagumiel\AppData\Local\Temp\ccfwmjsI.s 			page 25


 989 007c 40       		.uleb128 0x40
 990 007d 18       		.uleb128 0x18
 991 007e 9742     		.uleb128 0x2117
 992 0080 19       		.uleb128 0x19
 993 0081 01       		.uleb128 0x1
 994 0082 13       		.uleb128 0x13
 995 0083 00       		.byte	0
 996 0084 00       		.byte	0
 997 0085 0B       		.uleb128 0xb
 998 0086 05       		.uleb128 0x5
 999 0087 00       		.byte	0
 1000 0088 03       		.uleb128 0x3
 1001 0089 0E       		.uleb128 0xe
 1002 008a 3A       		.uleb128 0x3a
 1003 008b 0B       		.uleb128 0xb
 1004 008c 3B       		.uleb128 0x3b
 1005 008d 0B       		.uleb128 0xb
 1006 008e 49       		.uleb128 0x49
 1007 008f 13       		.uleb128 0x13
 1008 0090 02       		.uleb128 0x2
 1009 0091 18       		.uleb128 0x18
 1010 0092 00       		.byte	0
 1011 0093 00       		.byte	0
 1012 0094 0C       		.uleb128 0xc
 1013 0095 34       		.uleb128 0x34
 1014 0096 00       		.byte	0
 1015 0097 03       		.uleb128 0x3
 1016 0098 08       		.uleb128 0x8
 1017 0099 3A       		.uleb128 0x3a
 1018 009a 0B       		.uleb128 0xb
 1019 009b 3B       		.uleb128 0x3b
 1020 009c 0B       		.uleb128 0xb
 1021 009d 49       		.uleb128 0x49
 1022 009e 13       		.uleb128 0x13
 1023 009f 02       		.uleb128 0x2
 1024 00a0 17       		.uleb128 0x17
 1025 00a1 00       		.byte	0
 1026 00a2 00       		.byte	0
 1027 00a3 0D       		.uleb128 0xd
 1028 00a4 0B       		.uleb128 0xb
 1029 00a5 01       		.byte	0x1
 1030 00a6 11       		.uleb128 0x11
 1031 00a7 01       		.uleb128 0x1
 1032 00a8 12       		.uleb128 0x12
 1033 00a9 06       		.uleb128 0x6
 1034 00aa 00       		.byte	0
 1035 00ab 00       		.byte	0
 1036 00ac 0E       		.uleb128 0xe
 1037 00ad 34       		.uleb128 0x34
 1038 00ae 00       		.byte	0
 1039 00af 03       		.uleb128 0x3
 1040 00b0 0E       		.uleb128 0xe
 1041 00b1 3A       		.uleb128 0x3a
 1042 00b2 0B       		.uleb128 0xb
 1043 00b3 3B       		.uleb128 0x3b
 1044 00b4 0B       		.uleb128 0xb
 1045 00b5 49       		.uleb128 0x49
ARM GAS  C:\Users\jagumiel\AppData\Local\Temp\ccfwmjsI.s 			page 26


 1046 00b6 13       		.uleb128 0x13
 1047 00b7 02       		.uleb128 0x2
 1048 00b8 17       		.uleb128 0x17
 1049 00b9 00       		.byte	0
 1050 00ba 00       		.byte	0
 1051 00bb 0F       		.uleb128 0xf
 1052 00bc 0F       		.uleb128 0xf
 1053 00bd 00       		.byte	0
 1054 00be 0B       		.uleb128 0xb
 1055 00bf 0B       		.uleb128 0xb
 1056 00c0 49       		.uleb128 0x49
 1057 00c1 13       		.uleb128 0x13
 1058 00c2 00       		.byte	0
 1059 00c3 00       		.byte	0
 1060 00c4 10       		.uleb128 0x10
 1061 00c5 26       		.uleb128 0x26
 1062 00c6 00       		.byte	0
 1063 00c7 49       		.uleb128 0x49
 1064 00c8 13       		.uleb128 0x13
 1065 00c9 00       		.byte	0
 1066 00ca 00       		.byte	0
 1067 00cb 11       		.uleb128 0x11
 1068 00cc 05       		.uleb128 0x5
 1069 00cd 00       		.byte	0
 1070 00ce 03       		.uleb128 0x3
 1071 00cf 08       		.uleb128 0x8
 1072 00d0 3A       		.uleb128 0x3a
 1073 00d1 0B       		.uleb128 0xb
 1074 00d2 3B       		.uleb128 0x3b
 1075 00d3 0B       		.uleb128 0xb
 1076 00d4 49       		.uleb128 0x49
 1077 00d5 13       		.uleb128 0x13
 1078 00d6 02       		.uleb128 0x2
 1079 00d7 17       		.uleb128 0x17
 1080 00d8 00       		.byte	0
 1081 00d9 00       		.byte	0
 1082 00da 12       		.uleb128 0x12
 1083 00db 898201   		.uleb128 0x4109
 1084 00de 01       		.byte	0x1
 1085 00df 11       		.uleb128 0x11
 1086 00e0 01       		.uleb128 0x1
 1087 00e1 31       		.uleb128 0x31
 1088 00e2 13       		.uleb128 0x13
 1089 00e3 00       		.byte	0
 1090 00e4 00       		.byte	0
 1091 00e5 13       		.uleb128 0x13
 1092 00e6 8A8201   		.uleb128 0x410a
 1093 00e9 00       		.byte	0
 1094 00ea 02       		.uleb128 0x2
 1095 00eb 18       		.uleb128 0x18
 1096 00ec 9142     		.uleb128 0x2111
 1097 00ee 18       		.uleb128 0x18
 1098 00ef 00       		.byte	0
 1099 00f0 00       		.byte	0
 1100 00f1 14       		.uleb128 0x14
 1101 00f2 898201   		.uleb128 0x4109
 1102 00f5 01       		.byte	0x1
ARM GAS  C:\Users\jagumiel\AppData\Local\Temp\ccfwmjsI.s 			page 27


 1103 00f6 11       		.uleb128 0x11
 1104 00f7 01       		.uleb128 0x1
 1105 00f8 31       		.uleb128 0x31
 1106 00f9 13       		.uleb128 0x13
 1107 00fa 01       		.uleb128 0x1
 1108 00fb 13       		.uleb128 0x13
 1109 00fc 00       		.byte	0
 1110 00fd 00       		.byte	0
 1111 00fe 15       		.uleb128 0x15
 1112 00ff 2E       		.uleb128 0x2e
 1113 0100 01       		.byte	0x1
 1114 0101 3F       		.uleb128 0x3f
 1115 0102 19       		.uleb128 0x19
 1116 0103 03       		.uleb128 0x3
 1117 0104 0E       		.uleb128 0xe
 1118 0105 3A       		.uleb128 0x3a
 1119 0106 0B       		.uleb128 0xb
 1120 0107 3B       		.uleb128 0x3b
 1121 0108 05       		.uleb128 0x5
 1122 0109 27       		.uleb128 0x27
 1123 010a 19       		.uleb128 0x19
 1124 010b 11       		.uleb128 0x11
 1125 010c 01       		.uleb128 0x1
 1126 010d 12       		.uleb128 0x12
 1127 010e 06       		.uleb128 0x6
 1128 010f 40       		.uleb128 0x40
 1129 0110 18       		.uleb128 0x18
 1130 0111 9742     		.uleb128 0x2117
 1131 0113 19       		.uleb128 0x19
 1132 0114 01       		.uleb128 0x1
 1133 0115 13       		.uleb128 0x13
 1134 0116 00       		.byte	0
 1135 0117 00       		.byte	0
 1136 0118 16       		.uleb128 0x16
 1137 0119 0B       		.uleb128 0xb
 1138 011a 01       		.byte	0x1
 1139 011b 11       		.uleb128 0x11
 1140 011c 01       		.uleb128 0x1
 1141 011d 12       		.uleb128 0x12
 1142 011e 06       		.uleb128 0x6
 1143 011f 01       		.uleb128 0x1
 1144 0120 13       		.uleb128 0x13
 1145 0121 00       		.byte	0
 1146 0122 00       		.byte	0
 1147 0123 17       		.uleb128 0x17
 1148 0124 34       		.uleb128 0x34
 1149 0125 00       		.byte	0
 1150 0126 03       		.uleb128 0x3
 1151 0127 0E       		.uleb128 0xe
 1152 0128 3A       		.uleb128 0x3a
 1153 0129 0B       		.uleb128 0xb
 1154 012a 3B       		.uleb128 0x3b
 1155 012b 05       		.uleb128 0x5
 1156 012c 49       		.uleb128 0x49
 1157 012d 13       		.uleb128 0x13
 1158 012e 02       		.uleb128 0x2
 1159 012f 18       		.uleb128 0x18
ARM GAS  C:\Users\jagumiel\AppData\Local\Temp\ccfwmjsI.s 			page 28


 1160 0130 00       		.byte	0
 1161 0131 00       		.byte	0
 1162 0132 18       		.uleb128 0x18
 1163 0133 13       		.uleb128 0x13
 1164 0134 01       		.byte	0x1
 1165 0135 0B       		.uleb128 0xb
 1166 0136 0B       		.uleb128 0xb
 1167 0137 3A       		.uleb128 0x3a
 1168 0138 0B       		.uleb128 0xb
 1169 0139 3B       		.uleb128 0x3b
 1170 013a 05       		.uleb128 0x5
 1171 013b 01       		.uleb128 0x1
 1172 013c 13       		.uleb128 0x13
 1173 013d 00       		.byte	0
 1174 013e 00       		.byte	0
 1175 013f 19       		.uleb128 0x19
 1176 0140 0D       		.uleb128 0xd
 1177 0141 00       		.byte	0
 1178 0142 03       		.uleb128 0x3
 1179 0143 0E       		.uleb128 0xe
 1180 0144 3A       		.uleb128 0x3a
 1181 0145 0B       		.uleb128 0xb
 1182 0146 3B       		.uleb128 0x3b
 1183 0147 05       		.uleb128 0x5
 1184 0148 49       		.uleb128 0x49
 1185 0149 13       		.uleb128 0x13
 1186 014a 38       		.uleb128 0x38
 1187 014b 0B       		.uleb128 0xb
 1188 014c 00       		.byte	0
 1189 014d 00       		.byte	0
 1190 014e 1A       		.uleb128 0x1a
 1191 014f 01       		.uleb128 0x1
 1192 0150 01       		.byte	0x1
 1193 0151 49       		.uleb128 0x49
 1194 0152 13       		.uleb128 0x13
 1195 0153 01       		.uleb128 0x1
 1196 0154 13       		.uleb128 0x13
 1197 0155 00       		.byte	0
 1198 0156 00       		.byte	0
 1199 0157 1B       		.uleb128 0x1b
 1200 0158 21       		.uleb128 0x21
 1201 0159 00       		.byte	0
 1202 015a 49       		.uleb128 0x49
 1203 015b 13       		.uleb128 0x13
 1204 015c 2F       		.uleb128 0x2f
 1205 015d 0B       		.uleb128 0xb
 1206 015e 00       		.byte	0
 1207 015f 00       		.byte	0
 1208 0160 1C       		.uleb128 0x1c
 1209 0161 34       		.uleb128 0x34
 1210 0162 00       		.byte	0
 1211 0163 03       		.uleb128 0x3
 1212 0164 08       		.uleb128 0x8
 1213 0165 3A       		.uleb128 0x3a
 1214 0166 0B       		.uleb128 0xb
 1215 0167 3B       		.uleb128 0x3b
 1216 0168 05       		.uleb128 0x5
ARM GAS  C:\Users\jagumiel\AppData\Local\Temp\ccfwmjsI.s 			page 29


 1217 0169 49       		.uleb128 0x49
 1218 016a 13       		.uleb128 0x13
 1219 016b 02       		.uleb128 0x2
 1220 016c 17       		.uleb128 0x17
 1221 016d 00       		.byte	0
 1222 016e 00       		.byte	0
 1223 016f 1D       		.uleb128 0x1d
 1224 0170 898201   		.uleb128 0x4109
 1225 0173 00       		.byte	0
 1226 0174 11       		.uleb128 0x11
 1227 0175 01       		.uleb128 0x1
 1228 0176 31       		.uleb128 0x31
 1229 0177 13       		.uleb128 0x13
 1230 0178 00       		.byte	0
 1231 0179 00       		.byte	0
 1232 017a 1E       		.uleb128 0x1e
 1233 017b 2E       		.uleb128 0x2e
 1234 017c 00       		.byte	0
 1235 017d 3F       		.uleb128 0x3f
 1236 017e 19       		.uleb128 0x19
 1237 017f 3C       		.uleb128 0x3c
 1238 0180 19       		.uleb128 0x19
 1239 0181 6E       		.uleb128 0x6e
 1240 0182 0E       		.uleb128 0xe
 1241 0183 03       		.uleb128 0x3
 1242 0184 0E       		.uleb128 0xe
 1243 0185 00       		.byte	0
 1244 0186 00       		.byte	0
 1245 0187 1F       		.uleb128 0x1f
 1246 0188 2E       		.uleb128 0x2e
 1247 0189 00       		.byte	0
 1248 018a 3F       		.uleb128 0x3f
 1249 018b 19       		.uleb128 0x19
 1250 018c 3C       		.uleb128 0x3c
 1251 018d 19       		.uleb128 0x19
 1252 018e 6E       		.uleb128 0x6e
 1253 018f 0E       		.uleb128 0xe
 1254 0190 03       		.uleb128 0x3
 1255 0191 0E       		.uleb128 0xe
 1256 0192 3A       		.uleb128 0x3a
 1257 0193 0B       		.uleb128 0xb
 1258 0194 3B       		.uleb128 0x3b
 1259 0195 0B       		.uleb128 0xb
 1260 0196 00       		.byte	0
 1261 0197 00       		.byte	0
 1262 0198 00       		.byte	0
 1263              		.section	.debug_loc,"",%progbits
 1264              	.Ldebug_loc0:
 1265              	.LLST0:
 1266 0000 02000000 		.4byte	.LVL1
 1267 0004 08000000 		.4byte	.LVL2
 1268 0008 0200     		.2byte	0x2
 1269 000a 30       		.byte	0x30
 1270 000b 9F       		.byte	0x9f
 1271 000c 08000000 		.4byte	.LVL2
 1272 0010 30000000 		.4byte	.LVL11
 1273 0014 0100     		.2byte	0x1
ARM GAS  C:\Users\jagumiel\AppData\Local\Temp\ccfwmjsI.s 			page 30


 1274 0016 57       		.byte	0x57
 1275 0017 00000000 		.4byte	0
 1276 001b 00000000 		.4byte	0
 1277              	.LLST1:
 1278 001f 02000000 		.4byte	.LVL1
 1279 0023 08000000 		.4byte	.LVL2
 1280 0027 0200     		.2byte	0x2
 1281 0029 30       		.byte	0x30
 1282 002a 9F       		.byte	0x9f
 1283 002b 08000000 		.4byte	.LVL2
 1284 002f 30000000 		.4byte	.LVL10
 1285 0033 0100     		.2byte	0x1
 1286 0035 55       		.byte	0x55
 1287 0036 00000000 		.4byte	0
 1288 003a 00000000 		.4byte	0
 1289              	.LLST2:
 1290 003e 0C000000 		.4byte	.LVL3
 1291 0042 2C000000 		.4byte	.LVL9
 1292 0046 0100     		.2byte	0x1
 1293 0048 56       		.byte	0x56
 1294 0049 00000000 		.4byte	0
 1295 004d 00000000 		.4byte	0
 1296              	.LLST3:
 1297 0051 0E000000 		.4byte	.LVL4
 1298 0055 24000000 		.4byte	.LVL7
 1299 0059 0100     		.2byte	0x1
 1300 005b 53       		.byte	0x53
 1301 005c 26000000 		.4byte	.LVL8
 1302 0060 2C000000 		.4byte	.LVL9
 1303 0064 0100     		.2byte	0x1
 1304 0066 53       		.byte	0x53
 1305 0067 00000000 		.4byte	0
 1306 006b 00000000 		.4byte	0
 1307              	.LLST4:
 1308 006f 00000000 		.4byte	.LVL12
 1309 0073 09000000 		.4byte	.LVL14-1
 1310 0077 0100     		.2byte	0x1
 1311 0079 50       		.byte	0x50
 1312 007a 09000000 		.4byte	.LVL14-1
 1313 007e 0C000000 		.4byte	.LFE0
 1314 0082 0400     		.2byte	0x4
 1315 0084 F3       		.byte	0xf3
 1316 0085 01       		.uleb128 0x1
 1317 0086 50       		.byte	0x50
 1318 0087 9F       		.byte	0x9f
 1319 0088 00000000 		.4byte	0
 1320 008c 00000000 		.4byte	0
 1321              	.LLST5:
 1322 0090 00000000 		.4byte	.LVL12
 1323 0094 06000000 		.4byte	.LVL13
 1324 0098 0100     		.2byte	0x1
 1325 009a 51       		.byte	0x51
 1326 009b 06000000 		.4byte	.LVL13
 1327 009f 09000000 		.4byte	.LVL14-1
 1328 00a3 0100     		.2byte	0x1
 1329 00a5 52       		.byte	0x52
 1330 00a6 09000000 		.4byte	.LVL14-1
ARM GAS  C:\Users\jagumiel\AppData\Local\Temp\ccfwmjsI.s 			page 31


 1331 00aa 0C000000 		.4byte	.LFE0
 1332 00ae 0400     		.2byte	0x4
 1333 00b0 F3       		.byte	0xf3
 1334 00b1 01       		.uleb128 0x1
 1335 00b2 51       		.byte	0x51
 1336 00b3 9F       		.byte	0x9f
 1337 00b4 00000000 		.4byte	0
 1338 00b8 00000000 		.4byte	0
 1339              	.LLST6:
 1340 00bc 70000000 		.4byte	.LVL18
 1341 00c0 74000000 		.4byte	.LVL19
 1342 00c4 0200     		.2byte	0x2
 1343 00c6 30       		.byte	0x30
 1344 00c7 9F       		.byte	0x9f
 1345 00c8 74000000 		.4byte	.LVL19
 1346 00cc 92000000 		.4byte	.LVL21
 1347 00d0 0100     		.2byte	0x1
 1348 00d2 54       		.byte	0x54
 1349 00d3 94000000 		.4byte	.LVL22
 1350 00d7 12010000 		.4byte	.LVL25
 1351 00db 0100     		.2byte	0x1
 1352 00dd 54       		.byte	0x54
 1353 00de 00000000 		.4byte	0
 1354 00e2 00000000 		.4byte	0
 1355              	.LLST7:
 1356 00e6 74000000 		.4byte	.LVL19
 1357 00ea 92000000 		.4byte	.LVL21
 1358 00ee 0B00     		.2byte	0xb
 1359 00f0 74       		.byte	0x74
 1360 00f1 00       		.sleb128 0
 1361 00f2 36       		.byte	0x36
 1362 00f3 1E       		.byte	0x1e
 1363 00f4 03       		.byte	0x3
 1364 00f5 00000000 		.4byte	cfg_memset_list.4870
 1365 00f9 22       		.byte	0x22
 1366 00fa 9F       		.byte	0x9f
 1367 00fb 92000000 		.4byte	.LVL21
 1368 00ff 94000000 		.4byte	.LVL22
 1369 0103 0B00     		.2byte	0xb
 1370 0105 74       		.byte	0x74
 1371 0106 7F       		.sleb128 -1
 1372 0107 36       		.byte	0x36
 1373 0108 1E       		.byte	0x1e
 1374 0109 03       		.byte	0x3
 1375 010a 00000000 		.4byte	cfg_memset_list.4870
 1376 010e 22       		.byte	0x22
 1377 010f 9F       		.byte	0x9f
 1378 0110 00000000 		.4byte	0
 1379 0114 00000000 		.4byte	0
 1380              		.section	.debug_aranges,"",%progbits
 1381 0000 34000000 		.4byte	0x34
 1382 0004 0200     		.2byte	0x2
 1383 0006 00000000 		.4byte	.Ldebug_info0
 1384 000a 04       		.byte	0x4
 1385 000b 00       		.byte	0
 1386 000c 0000     		.2byte	0
 1387 000e 0000     		.2byte	0
ARM GAS  C:\Users\jagumiel\AppData\Local\Temp\ccfwmjsI.s 			page 32


 1388 0010 00000000 		.4byte	.LFB3
 1389 0014 32000000 		.4byte	.LFE3-.LFB3
 1390 0018 00000000 		.4byte	.LFB0
 1391 001c 0C000000 		.4byte	.LFE0-.LFB0
 1392 0020 00000000 		.4byte	.LFB4
 1393 0024 6C000000 		.4byte	.LFE4-.LFB4
 1394 0028 6C000000 		.4byte	.LFB6
 1395 002c EC000000 		.4byte	.LFE6-.LFB6
 1396 0030 00000000 		.4byte	0
 1397 0034 00000000 		.4byte	0
 1398              		.section	.debug_ranges,"",%progbits
 1399              	.Ldebug_ranges0:
 1400 0000 00000000 		.4byte	.LFB3
 1401 0004 32000000 		.4byte	.LFE3
 1402 0008 00000000 		.4byte	.LFB0
 1403 000c 0C000000 		.4byte	.LFE0
 1404 0010 00000000 		.4byte	.LFB4
 1405 0014 6C000000 		.4byte	.LFE4
 1406 0018 6C000000 		.4byte	.LFB6
 1407 001c 58010000 		.4byte	.LFE6
 1408 0020 00000000 		.4byte	0
 1409 0024 00000000 		.4byte	0
 1410              		.section	.debug_line,"",%progbits
 1411              	.Ldebug_line0:
 1412 0000 5C010000 		.section	.debug_str,"MS",%progbits,1
 1412      0200D600 
 1412      00000201 
 1412      FB0E0D00 
 1412      01010101 
 1413              	.LASF19:
 1414 0000 72656733 		.ascii	"reg32\000"
 1414      3200
 1415              	.LASF12:
 1416 0006 73697A65 		.ascii	"size_t\000"
 1416      5F7400
 1417              	.LASF37:
 1418 000d 4379496E 		.ascii	"CyIntSetVector\000"
 1418      74536574 
 1418      56656374 
 1418      6F7200
 1419              	.LASF21:
 1420 001c 76616C75 		.ascii	"value\000"
 1420      6500
 1421              	.LASF26:
 1422 0022 636F756E 		.ascii	"count\000"
 1422      7400
 1423              	.LASF29:
 1424 0028 436C6F63 		.ascii	"ClockSetup\000"
 1424      6B536574 
 1424      757000
 1425              	.LASF30:
 1426 0033 63795F63 		.ascii	"cy_cfg_addr_table\000"
 1426      66675F61 
 1426      6464725F 
 1426      7461626C 
 1426      6500
 1427              	.LASF31:
ARM GAS  C:\Users\jagumiel\AppData\Local\Temp\ccfwmjsI.s 			page 33


 1428 0045 63795F63 		.ascii	"cy_cfg_data_table\000"
 1428      66675F64 
 1428      6174615F 
 1428      7461626C 
 1428      6500
 1429              	.LASF41:
 1430 0057 443A5C55 		.ascii	"D:\\Users\\jagumiel\\Documents\\PSoC Creator\\prueb"
 1430      73657273 
 1430      5C6A6167 
 1430      756D6965 
 1430      6C5C446F 
 1431 0085 61345C4C 		.ascii	"a4\\LIN_Slave_CY8CKIT-042\\LIN_Slave_CY8CKIT-042.cy"
 1431      494E5F53 
 1431      6C617665 
 1431      5F435938 
 1431      434B4954 
 1432 00b6 64736E00 		.ascii	"dsn\000"
 1433              	.LASF16:
 1434 00ba 666C6F61 		.ascii	"float\000"
 1434      7400
 1435              	.LASF35:
 1436 00c0 6366675F 		.ascii	"cfg_memset_list\000"
 1436      6D656D73 
 1436      65745F6C 
 1436      69737400 
 1437              	.LASF33:
 1438 00d0 73697A65 		.ascii	"size\000"
 1438      00
 1439              	.LASF18:
 1440 00d5 72656738 		.ascii	"reg8\000"
 1440      00
 1441              	.LASF8:
 1442 00da 6C6F6E67 		.ascii	"long unsigned int\000"
 1442      20756E73 
 1442      69676E65 
 1442      6420696E 
 1442      7400
 1443              	.LASF13:
 1444 00ec 75696E74 		.ascii	"uint8\000"
 1444      3800
 1445              	.LASF28:
 1446 00f2 43594D45 		.ascii	"CYMEMZERO\000"
 1446      4D5A4552 
 1446      4F00
 1447              	.LASF4:
 1448 00fc 756E7369 		.ascii	"unsigned char\000"
 1448      676E6564 
 1448      20636861 
 1448      7200
 1449              	.LASF43:
 1450 010a 6D656D73 		.ascii	"memset\000"
 1450      657400
 1451              	.LASF17:
 1452 0111 646F7562 		.ascii	"double\000"
 1452      6C6500
 1453              	.LASF27:
 1454 0118 6366675F 		.ascii	"cfg_write_bytes32\000"
ARM GAS  C:\Users\jagumiel\AppData\Local\Temp\ccfwmjsI.s 			page 34


 1454      77726974 
 1454      655F6279 
 1454      74657333 
 1454      3200
 1455              	.LASF38:
 1456 012a 4379496E 		.ascii	"CyIntEnable\000"
 1456      74456E61 
 1456      626C6500 
 1457              	.LASF23:
 1458 0136 61646472 		.ascii	"addr_table\000"
 1458      5F746162 
 1458      6C6500
 1459              	.LASF14:
 1460 0141 75696E74 		.ascii	"uint16\000"
 1460      313600
 1461              	.LASF24:
 1462 0148 64617461 		.ascii	"data_table\000"
 1462      5F746162 
 1462      6C6500
 1463              	.LASF15:
 1464 0153 75696E74 		.ascii	"uint32\000"
 1464      333200
 1465              	.LASF0:
 1466 015a 756E7369 		.ascii	"unsigned int\000"
 1466      676E6564 
 1466      20696E74 
 1466      00
 1467              	.LASF42:
 1468 0167 63796669 		.ascii	"cyfitter_cfg\000"
 1468      74746572 
 1468      5F636667 
 1468      00
 1469              	.LASF32:
 1470 0174 61646472 		.ascii	"address\000"
 1470      65737300 
 1471              	.LASF9:
 1472 017c 6C6F6E67 		.ascii	"long long unsigned int\000"
 1472      206C6F6E 
 1472      6720756E 
 1472      7369676E 
 1472      65642069 
 1473              	.LASF39:
 1474 0193 474E5520 		.ascii	"GNU C11 5.4.1 20160609 (release) [ARM/embedded-5-br"
 1474      43313120 
 1474      352E342E 
 1474      31203230 
 1474      31363036 
 1475 01c6 616E6368 		.ascii	"anch revision 237715] -mcpu=cortex-m0 -mthumb -g -O"
 1475      20726576 
 1475      6973696F 
 1475      6E203233 
 1475      37373135 
 1476 01f9 67202D66 		.ascii	"g -ffunction-sections -ffat-lto-objects\000"
 1476      66756E63 
 1476      74696F6E 
 1476      2D736563 
 1476      74696F6E 
ARM GAS  C:\Users\jagumiel\AppData\Local\Temp\ccfwmjsI.s 			page 35


 1477              	.LASF34:
 1478 0221 6366675F 		.ascii	"cfg_memset_t\000"
 1478      6D656D73 
 1478      65745F74 
 1478      00
 1479              	.LASF25:
 1480 022e 62617365 		.ascii	"baseAddr\000"
 1480      41646472 
 1480      00
 1481              	.LASF10:
 1482 0237 73697A65 		.ascii	"sizetype\000"
 1482      74797065 
 1482      00
 1483              	.LASF6:
 1484 0240 73686F72 		.ascii	"short unsigned int\000"
 1484      7420756E 
 1484      7369676E 
 1484      65642069 
 1484      6E7400
 1485              	.LASF1:
 1486 0253 6C6F6E67 		.ascii	"long long int\000"
 1486      206C6F6E 
 1486      6720696E 
 1486      7400
 1487              	.LASF11:
 1488 0261 63686172 		.ascii	"char\000"
 1488      00
 1489              	.LASF22:
 1490 0266 63795F63 		.ascii	"cy_cfg_addrvalue_t\000"
 1490      66675F61 
 1490      64647276 
 1490      616C7565 
 1490      5F7400
 1491              	.LASF20:
 1492 0279 6F666673 		.ascii	"offset\000"
 1492      657400
 1493              	.LASF5:
 1494 0280 73686F72 		.ascii	"short int\000"
 1494      7420696E 
 1494      7400
 1495              	.LASF36:
 1496 028a 43795379 		.ascii	"CySysClkWriteImoFreq\000"
 1496      73436C6B 
 1496      57726974 
 1496      65496D6F 
 1496      46726571 
 1497              	.LASF7:
 1498 029f 6C6F6E67 		.ascii	"long int\000"
 1498      20696E74 
 1498      00
 1499              	.LASF2:
 1500 02a8 6C6F6E67 		.ascii	"long double\000"
 1500      20646F75 
 1500      626C6500 
 1501              	.LASF3:
 1502 02b4 7369676E 		.ascii	"signed char\000"
 1502      65642063 
ARM GAS  C:\Users\jagumiel\AppData\Local\Temp\ccfwmjsI.s 			page 36


 1502      68617200 
 1503              	.LASF40:
 1504 02c0 47656E65 		.ascii	"Generated_Source\\PSoC4\\cyfitter_cfg.c\000"
 1504      72617465 
 1504      645F536F 
 1504      75726365 
 1504      5C50536F 
 1505              		.ident	"GCC: (GNU Tools for ARM Embedded Processors) 5.4.1 20160609 (release) [ARM/embedded-5-bran
