ARM GAS  C:\Users\jagumiel\AppData\Local\Temp\ccjOnmC5.s 			page 1


   1              		.syntax unified
   2              		.cpu cortex-m0
   3              		.fpu softvfp
   4              		.eabi_attribute 20, 1
   5              		.eabi_attribute 21, 1
   6              		.eabi_attribute 23, 3
   7              		.eabi_attribute 24, 1
   8              		.eabi_attribute 25, 1
   9              		.eabi_attribute 26, 1
  10              		.eabi_attribute 30, 1
  11              		.eabi_attribute 34, 0
  12              		.eabi_attribute 18, 4
  13              		.thumb
  14              		.syntax unified
  15              		.file	"main.c"
  16              		.text
  17              	.Ltext0:
  18              		.cfi_sections	.debug_frame
  19              		.section	.text.main,"ax",%progbits
  20              		.align	2
  21              		.global	main
  22              		.code	16
  23              		.thumb_func
  24              		.type	main, %function
  25              	main:
  26              	.LFB32:
  27              		.file 1 "main.c"
   1:main.c        **** /*****************************************************************************
   2:main.c        **** * File Name: main.c
   3:main.c        **** *
   4:main.c        **** * Version: 1.0
   5:main.c        **** *
   6:main.c        **** * Description:
   7:main.c        **** 
   8:main.c        **** * This project demonstrates LIN Slave functionality of PSoC 4. If it (LIN slave) 
   9:main.c        **** * receives an unconditional frame from LIN master with Frame ID 0x10 (InFrame),
  10:main.c        **** * then the first byte of data (command) is written to another unconditional 
  11:main.c        **** * frame (OutFrame). This data command controls the RGB LED color as follows:
  12:main.c        **** *
  13:main.c        **** * Command 0x00 --> All LEDs OFF
  14:main.c        **** * Command 0x11 --> Red LED ON
  15:main.c        **** * Command 0x22 --> Green LED ON
  16:main.c        **** * Command 0x33 --> Blue LED ON
  17:main.c        **** * 
  18:main.c        **** * The LIN Master can read the status of the RGB LED by sending the Frame ID 0x11
  19:main.c        **** *
  20:main.c        **** * The master receives the following status from LIN Slave based on the LED 
  21:main.c        **** * status as follows:
  22:main.c        **** * If Red LED ON   --> 0xAA
  23:main.c        **** * If Green LED ON --> 0xBB
  24:main.c        **** * If Blue LED ON  --> 0xCC
  25:main.c        **** * If All LEDs OFF --> 0xDD
  26:main.c        **** *
  27:main.c        **** * Because the LIN Master component is not available with PSoC 4, a LIN Analyzer  
  28:main.c        **** * is required to test this project
  29:main.c        **** * 
  30:main.c        **** *
ARM GAS  C:\Users\jagumiel\AppData\Local\Temp\ccjOnmC5.s 			page 2


  31:main.c        **** * Hardware Dependency:
  32:main.c        **** * This project requires CY8CKIT-026 CAN and LIN Shield Kit, CY8CKIT-042 Pioneer 
  33:main.c        **** * Kit and a third party LIN analyzer
  34:main.c        **** *
  35:main.c        **** * This project needs to be programmed to PSoC 4 of CY8CKIT-042 Pioneer Kit.
  36:main.c        **** *
  37:main.c        **** * CY8CKIT-026 CAN and LIN Shield Kit should be placed on to the Arduino headers 
  38:main.c        **** * of the KIT-042/044. And connect the KIT-026 pins as follows:
  39:main.c        **** * J3_10 to LIN1_RX (J15_1) or LIN2_RX (J6_1)
  40:main.c        **** * J3_9 to LIN1_TX (J15_2) or LIN2_TX (J6_2) 
  41:main.c        **** * A0 (J2_1) to LIN1_NSLP (J15_3) or LIN2_NSLP (J6_3)
  42:main.c        **** * And connect a 12V supply to the 'Vin' pin (J11 or J12) on CY8CKIT-026.
  43:main.c        **** *
  44:main.c        **** * Code Tested With:
  45:main.c        **** * 1. PSoC Creator 3.3 SP1
  46:main.c        **** * 2. Toolchain: ARM GCC 4.9.3
  47:main.c        **** *
  48:main.c        **** ********************************************************************************
  49:main.c        **** * Copyright 2015-2016, Cypress Semiconductor Corporation. All rights reserved.
  50:main.c        **** * This software is owned by Cypress Semiconductor Corporation and is protected
  51:main.c        **** * by and subject to worldwide patent and copyright laws and treaties.
  52:main.c        **** * Therefore, you may use this software only as provided in the license agreement
  53:main.c        **** * accompanying the software package from which you obtained this software.
  54:main.c        **** * CYPRESS AND ITS SUPPLIERS MAKE NO WARRANTY OF ANY KIND, EXPRESS OR IMPLIED,
  55:main.c        **** * WITH REGARD TO THIS SOFTWARE, INCLUDING, BUT NOT LIMITED TO, NONINFRINGEMENT,
  56:main.c        **** * IMPLIED WARRANTIES OF MERCHANTABILITY AND FITNESS FOR A PARTICULAR PURPOSE.
  57:main.c        **** *
  58:main.c        **** * Disclaimer: CYPRESS MAKES NO WARRANTY OF ANY KIND, EXPRESS OR IMPLIED, WITH
  59:main.c        **** * REGARD TO THIS MATERIAL, INCLUDING, BUT NOT LIMITED TO, THE IMPLIED
  60:main.c        **** * WARRANTIES OF MERCHANTABILITY AND FITNESS FOR A PARTICULAR PURPOSE.
  61:main.c        **** * Cypress reserves the right to make changes without further notice to the
  62:main.c        **** * materials described herein. Cypress does not assume any liability arising out
  63:main.c        **** * of the application or use of any product or circuit described herein. Cypress
  64:main.c        **** * does not authorize its products for use as critical components in life-support
  65:main.c        **** * systems where a malfunction or failure may reasonably be expected to result in
  66:main.c        **** * significant injury to the user. The inclusion of Cypress' product in a life-
  67:main.c        **** * support systems application implies that the manufacturer assumes all risk of
  68:main.c        **** * such use and in doing so indemnifies Cypress against all charges. Use may be
  69:main.c        **** * limited by and subject to the applicable Cypress software license agreement.
  70:main.c        **** *****************************************************************************/
  71:main.c        **** 
  72:main.c        **** #include "header.h"
  73:main.c        **** 
  74:main.c        **** /*******************************************************************************
  75:main.c        **** * Function Name: main()
  76:main.c        **** ********************************************************************************
  77:main.c        **** *
  78:main.c        **** * Summary:
  79:main.c        **** *  Initialize LIN slave. If the LIN slave receives an unconditional frame from  
  80:main.c        **** *  master with Frame ID 0x10, then the first byte of data (command to control  
  81:main.c        **** *  the LED) is written to the other unconditional frame (OutFrame). Based on 
  82:main.c        **** *  the received command slave will control the RGB LED color.
  83:main.c        **** *
  84:main.c        **** *  The LIN Master can read the status of the LED by sending the Frame ID 0x11
  85:main.c        **** *
  86:main.c        **** * Parameters:
  87:main.c        **** *  None
ARM GAS  C:\Users\jagumiel\AppData\Local\Temp\ccjOnmC5.s 			page 3


  88:main.c        **** *
  89:main.c        **** * Return:
  90:main.c        **** *  None
  91:main.c        **** *
  92:main.c        **** *******************************************************************************/
  93:main.c        **** int main(void)
  94:main.c        **** {        
  28              		.loc 1 94 0
  29              		.cfi_startproc
  30              		@ args = 0, pretend = 0, frame = 0
  31              		@ frame_needed = 0, uses_anonymous_args = 0
  32 0000 70B5     		push	{r4, r5, r6, lr}
  33              		.cfi_def_cfa_offset 16
  34              		.cfi_offset 4, -16
  35              		.cfi_offset 5, -12
  36              		.cfi_offset 6, -8
  37              		.cfi_offset 14, -4
  38              	.LVL0:
  95:main.c        ****     /* Local Variables */
  96:main.c        ****     uint8 dataArray =  0u ;
  97:main.c        ****     uint8 dataReceived = 0u;
  98:main.c        ****     
  99:main.c        **** 	/* Enable Global Interrupts */
 100:main.c        ****     CyGlobalIntEnable;      
  39              		.loc 1 100 0
  40              		.syntax divided
  41              	@ 100 "main.c" 1
  42 0002 62B6     		CPSIE   i
  43              	@ 0 "" 2
 101:main.c        ****     
 102:main.c        ****     /* Call initialization function */
 103:main.c        ****     l_sys_init();
  44              		.loc 1 103 0
  45              		.thumb
  46              		.syntax unified
  47 0004 FFF7FEFF 		bl	l_sys_init
  48              	.LVL1:
 104:main.c        ****     
 105:main.c        ****     /* Start LINS component */
 106:main.c        ****     if(0u != l_ifc_init(LINS_IFC_HANDLE))
  49              		.loc 1 106 0
  50 0008 0020     		movs	r0, #0
  51 000a FFF7FEFF 		bl	l_ifc_init
  52              	.LVL2:
  53 000e 0028     		cmp	r0, #0
  54 0010 08D0     		beq	.L2
 107:main.c        ****     {
 108:main.c        ****         /* Switch ON the Red LED */
 109:main.c        ****         RGB_LED_ON_RED;
  55              		.loc 1 109 0
  56 0012 0020     		movs	r0, #0
  57 0014 FFF7FEFF 		bl	LED_RED_Write
  58              	.LVL3:
  59 0018 0120     		movs	r0, #1
  60 001a FFF7FEFF 		bl	LED_GREEN_Write
  61              	.LVL4:
  62 001e 0120     		movs	r0, #1
ARM GAS  C:\Users\jagumiel\AppData\Local\Temp\ccjOnmC5.s 			page 4


  63 0020 FFF7FEFF 		bl	LED_BLUE_Write
  64              	.LVL5:
  65              	.L2:
  94:main.c        ****     /* Local Variables */
  66              		.loc 1 94 0
  67 0024 0025     		movs	r5, #0
  68              	.LVL6:
  69              	.L3:
 110:main.c        ****     }
 111:main.c        ****     //RGB_LED_ON_RED;
 112:main.c        **** 	while(1)
 113:main.c        **** 	{
 114:main.c        ****     	/**********************************************************
 115:main.c        ****     	* Check if "InFrame" frame is received from LIN Master
 116:main.c        ****     	**********************************************************/
 117:main.c        ****     	if (1u == l_flg_tst_InFrame())
  70              		.loc 1 117 0
  71 0026 FFF7FEFF 		bl	l_flg_tst_InFrame
  72              	.LVL7:
  73 002a 0128     		cmp	r0, #1
  74 002c 3ED1     		bne	.L4
 118:main.c        ****     	{           
 119:main.c        ****     		/* Clear signal flag */
 120:main.c        ****             l_flg_clr_InFrame();
  75              		.loc 1 120 0
  76 002e FFF7FEFF 		bl	l_flg_clr_InFrame
  77              	.LVL8:
 121:main.c        ****     		    					
 122:main.c        ****     		/* Copy the value in Insig scalar into OutSig scalar using an
 123:main.c        ****              * intermediate variable (dataReceived) */
 124:main.c        ****     		dataReceived = l_u8_rd_InSig();
  78              		.loc 1 124 0
  79 0032 FFF7FEFF 		bl	l_u8_rd_InSig
  80              	.LVL9:
  81 0036 0100     		movs	r1, r0
  82 0038 0400     		movs	r4, r0
  83              	.LVL10:
 125:main.c        ****     		l_u8_wr(OutSig_SIGNAL_HANDLE, dataReceived);
  84              		.loc 1 125 0
  85 003a 0220     		movs	r0, #2
  86 003c FFF7FEFF 		bl	l_u8_wr
  87              	.LVL11:
 126:main.c        ****             /* Scan the dataReceived and switch on the LED as per the command */
 127:main.c        ****             if(CMD_SET_RED == dataReceived)
  88              		.loc 1 127 0
  89 0040 112C     		cmp	r4, #17
  90 0042 0AD1     		bne	.L5
 128:main.c        ****             {
 129:main.c        ****                 /* Switch ON the Red LED */
 130:main.c        ****                 RGB_LED_ON_RED;
  91              		.loc 1 130 0
  92 0044 0020     		movs	r0, #0
  93 0046 FFF7FEFF 		bl	LED_RED_Write
  94              	.LVL12:
  95 004a 0120     		movs	r0, #1
  96 004c FFF7FEFF 		bl	LED_GREEN_Write
  97              	.LVL13:
ARM GAS  C:\Users\jagumiel\AppData\Local\Temp\ccjOnmC5.s 			page 5


  98 0050 0120     		movs	r0, #1
  99 0052 FFF7FEFF 		bl	LED_BLUE_Write
 100              	.LVL14:
 131:main.c        ****                 
 132:main.c        ****                 /* Store the LED status (RED LED is ON = 0xAA)in dataArray */
 133:main.c        ****                 dataArray = CMD_SENT_RED; 
 101              		.loc 1 133 0
 102 0056 AA25     		movs	r5, #170
 103 0058 25E0     		b	.L6
 104              	.LVL15:
 105              	.L5:
 134:main.c        ****             }
 135:main.c        ****             else if(CMD_SET_GREEN == dataReceived)
 106              		.loc 1 135 0
 107 005a 222C     		cmp	r4, #34
 108 005c 0AD1     		bne	.L7
 136:main.c        ****             {
 137:main.c        ****                 /* Switch ON the Green LED */
 138:main.c        ****                 RGB_LED_ON_GREEN;
 109              		.loc 1 138 0
 110 005e 0120     		movs	r0, #1
 111 0060 FFF7FEFF 		bl	LED_RED_Write
 112              	.LVL16:
 113 0064 0020     		movs	r0, #0
 114 0066 FFF7FEFF 		bl	LED_GREEN_Write
 115              	.LVL17:
 116 006a 0120     		movs	r0, #1
 117 006c FFF7FEFF 		bl	LED_BLUE_Write
 118              	.LVL18:
 139:main.c        ****                 
 140:main.c        ****                 /* Store the LED status (GREEN LED is ON = 0xBB)in dataArray */
 141:main.c        ****                 dataArray = CMD_SENT_GREEN; 
 119              		.loc 1 141 0
 120 0070 BB25     		movs	r5, #187
 121 0072 18E0     		b	.L6
 122              	.LVL19:
 123              	.L7:
 142:main.c        ****             }
 143:main.c        ****             else if(CMD_SET_BLUE == dataReceived)
 124              		.loc 1 143 0
 125 0074 332C     		cmp	r4, #51
 126 0076 0AD1     		bne	.L8
 144:main.c        ****             {
 145:main.c        ****                 /* Switch ON the Blue LED */
 146:main.c        ****                 RGB_LED_ON_BLUE;
 127              		.loc 1 146 0
 128 0078 0120     		movs	r0, #1
 129 007a FFF7FEFF 		bl	LED_RED_Write
 130              	.LVL20:
 131 007e 0120     		movs	r0, #1
 132 0080 FFF7FEFF 		bl	LED_GREEN_Write
 133              	.LVL21:
 134 0084 0020     		movs	r0, #0
 135 0086 FFF7FEFF 		bl	LED_BLUE_Write
 136              	.LVL22:
 147:main.c        ****                 
 148:main.c        ****                 /* Store the LED status (BLUE LED is ON = 0xBB)in dataArray */
ARM GAS  C:\Users\jagumiel\AppData\Local\Temp\ccjOnmC5.s 			page 6


 149:main.c        ****                 dataArray = CMD_SENT_BLUE;                    
 137              		.loc 1 149 0
 138 008a CC25     		movs	r5, #204
 139 008c 0BE0     		b	.L6
 140              	.LVL23:
 141              	.L8:
 150:main.c        ****             }
 151:main.c        ****             else if(CMD_SET_OFF == dataReceived)
 142              		.loc 1 151 0
 143 008e 002C     		cmp	r4, #0
 144 0090 09D1     		bne	.L6
 152:main.c        ****             {
 153:main.c        ****                 /* Switch OFF all LEDs */
 154:main.c        ****                 RGB_LED_OFF;
 145              		.loc 1 154 0
 146 0092 0120     		movs	r0, #1
 147 0094 FFF7FEFF 		bl	LED_RED_Write
 148              	.LVL24:
 149 0098 0120     		movs	r0, #1
 150 009a FFF7FEFF 		bl	LED_GREEN_Write
 151              	.LVL25:
 152 009e 0120     		movs	r0, #1
 153 00a0 FFF7FEFF 		bl	LED_BLUE_Write
 154              	.LVL26:
 155:main.c        ****                 
 156:main.c        ****                 /* Store the LED status (LED is OFF = 0xDD)in dataArray */
 157:main.c        ****                 dataArray = CMD_SENT_OFF;         
 155              		.loc 1 157 0
 156 00a4 DD25     		movs	r5, #221
 157              	.LVL27:
 158              	.L6:
 158:main.c        ****             }
 159:main.c        ****                 
 160:main.c        ****         	/* Copy the status of the LED (dataArray) to OutArraySig */
 161:main.c        ****             l_u8_wr_OutArraySig(dataArray);                
 159              		.loc 1 161 0
 160 00a6 2800     		movs	r0, r5
 161 00a8 FFF7FEFF 		bl	l_u8_wr_OutArraySig
 162              	.LVL28:
 163              	.L4:
 162:main.c        ****         }
 163:main.c        ****         
 164:main.c        ****     	/***************************************************************
 165:main.c        ****     	* Check if the data in "OutFrame" frame is sent to LIN Master
 166:main.c        ****     	***************************************************************/    		
 167:main.c        ****     	if (l_flg_tst_OutFrame())
 164              		.loc 1 167 0
 165 00ac FFF7FEFF 		bl	l_flg_tst_OutFrame
 166              	.LVL29:
 167 00b0 0028     		cmp	r0, #0
 168 00b2 B8D0     		beq	.L3
 168:main.c        ****     	{
 169:main.c        ****     		/* Clear signal flag */
 170:main.c        ****     		l_flg_clr_OutFrame();
 169              		.loc 1 170 0
 170 00b4 FFF7FEFF 		bl	l_flg_clr_OutFrame
 171              	.LVL30:
ARM GAS  C:\Users\jagumiel\AppData\Local\Temp\ccjOnmC5.s 			page 7


 172 00b8 B5E7     		b	.L3
 173              		.cfi_endproc
 174              	.LFE32:
 175              		.size	main, .-main
 176 00ba C046     		.text
 177              	.Letext0:
 178              		.file 2 "Generated_Source\\PSoC4/LINS.h"
 179              		.file 3 "Generated_Source\\PSoC4/LIN_Dynamic.h"
 180              		.file 4 "Generated_Source\\PSoC4/LED_RED.h"
 181              		.file 5 "Generated_Source\\PSoC4/LED_GREEN.h"
 182              		.file 6 "Generated_Source\\PSoC4/LED_BLUE.h"
 183              		.file 7 "Generated_Source\\PSoC4/cytypes.h"
 184              		.section	.debug_info,"",%progbits
 185              	.Ldebug_info0:
 186 0000 EA020000 		.4byte	0x2ea
 187 0004 0400     		.2byte	0x4
 188 0006 00000000 		.4byte	.Ldebug_abbrev0
 189 000a 04       		.byte	0x4
 190 000b 01       		.uleb128 0x1
 191 000c 63010000 		.4byte	.LASF28
 192 0010 0C       		.byte	0xc
 193 0011 19020000 		.4byte	.LASF29
 194 0015 3F000000 		.4byte	.LASF30
 195 0019 00000000 		.4byte	.Ldebug_ranges0+0
 196 001d 00000000 		.4byte	0
 197 0021 00000000 		.4byte	.Ldebug_line0
 198 0025 02       		.uleb128 0x2
 199 0026 01       		.byte	0x1
 200 0027 06       		.byte	0x6
 201 0028 4A020000 		.4byte	.LASF0
 202 002c 02       		.uleb128 0x2
 203 002d 01       		.byte	0x1
 204 002e 08       		.byte	0x8
 205 002f BB000000 		.4byte	.LASF1
 206 0033 02       		.uleb128 0x2
 207 0034 02       		.byte	0x2
 208 0035 05       		.byte	0x5
 209 0036 25020000 		.4byte	.LASF2
 210 003a 02       		.uleb128 0x2
 211 003b 02       		.byte	0x2
 212 003c 07       		.byte	0x7
 213 003d DB000000 		.4byte	.LASF3
 214 0041 02       		.uleb128 0x2
 215 0042 04       		.byte	0x4
 216 0043 05       		.byte	0x5
 217 0044 35020000 		.4byte	.LASF4
 218 0048 02       		.uleb128 0x2
 219 0049 04       		.byte	0x4
 220 004a 07       		.byte	0x7
 221 004b C9000000 		.4byte	.LASF5
 222 004f 02       		.uleb128 0x2
 223 0050 08       		.byte	0x8
 224 0051 05       		.byte	0x5
 225 0052 00000000 		.4byte	.LASF6
 226 0056 02       		.uleb128 0x2
 227 0057 08       		.byte	0x8
 228 0058 07       		.byte	0x7
ARM GAS  C:\Users\jagumiel\AppData\Local\Temp\ccjOnmC5.s 			page 8


 229 0059 41010000 		.4byte	.LASF7
 230 005d 03       		.uleb128 0x3
 231 005e 04       		.byte	0x4
 232 005f 05       		.byte	0x5
 233 0060 696E7400 		.ascii	"int\000"
 234 0064 02       		.uleb128 0x2
 235 0065 04       		.byte	0x4
 236 0066 07       		.byte	0x7
 237 0067 34010000 		.4byte	.LASF8
 238 006b 04       		.uleb128 0x4
 239 006c 2F020000 		.4byte	.LASF31
 240 0070 07       		.byte	0x7
 241 0071 E401     		.2byte	0x1e4
 242 0073 2C000000 		.4byte	0x2c
 243 0077 02       		.uleb128 0x2
 244 0078 04       		.byte	0x4
 245 0079 04       		.byte	0x4
 246 007a B5000000 		.4byte	.LASF9
 247 007e 02       		.uleb128 0x2
 248 007f 08       		.byte	0x8
 249 0080 04       		.byte	0x4
 250 0081 0E010000 		.4byte	.LASF10
 251 0085 02       		.uleb128 0x2
 252 0086 01       		.byte	0x1
 253 0087 08       		.byte	0x8
 254 0088 20020000 		.4byte	.LASF11
 255 008c 02       		.uleb128 0x2
 256 008d 08       		.byte	0x8
 257 008e 04       		.byte	0x4
 258 008f 3E020000 		.4byte	.LASF12
 259 0093 02       		.uleb128 0x2
 260 0094 04       		.byte	0x4
 261 0095 07       		.byte	0x7
 262 0096 06020000 		.4byte	.LASF13
 263 009a 05       		.uleb128 0x5
 264 009b 20010000 		.4byte	.LASF32
 265 009f 01       		.byte	0x1
 266 00a0 5D       		.byte	0x5d
 267 00a1 5D000000 		.4byte	0x5d
 268 00a5 00000000 		.4byte	.LFB32
 269 00a9 BA000000 		.4byte	.LFE32-.LFB32
 270 00ad 01       		.uleb128 0x1
 271 00ae 9C       		.byte	0x9c
 272 00af 65020000 		.4byte	0x265
 273 00b3 06       		.uleb128 0x6
 274 00b4 0F020000 		.4byte	.LASF14
 275 00b8 01       		.byte	0x1
 276 00b9 60       		.byte	0x60
 277 00ba 6B000000 		.4byte	0x6b
 278 00be 00000000 		.4byte	.LLST0
 279 00c2 06       		.uleb128 0x6
 280 00c3 F1010000 		.4byte	.LASF15
 281 00c7 01       		.byte	0x1
 282 00c8 61       		.byte	0x61
 283 00c9 6B000000 		.4byte	0x6b
 284 00cd 7F000000 		.4byte	.LLST1
 285 00d1 07       		.uleb128 0x7
ARM GAS  C:\Users\jagumiel\AppData\Local\Temp\ccjOnmC5.s 			page 9


 286 00d2 08000000 		.4byte	.LVL1
 287 00d6 65020000 		.4byte	0x265
 288 00da 08       		.uleb128 0x8
 289 00db 0E000000 		.4byte	.LVL2
 290 00df 70020000 		.4byte	0x270
 291 00e3 ED000000 		.4byte	0xed
 292 00e7 09       		.uleb128 0x9
 293 00e8 01       		.uleb128 0x1
 294 00e9 50       		.byte	0x50
 295 00ea 01       		.uleb128 0x1
 296 00eb 30       		.byte	0x30
 297 00ec 00       		.byte	0
 298 00ed 08       		.uleb128 0x8
 299 00ee 18000000 		.4byte	.LVL3
 300 00f2 7B020000 		.4byte	0x27b
 301 00f6 00010000 		.4byte	0x100
 302 00fa 09       		.uleb128 0x9
 303 00fb 01       		.uleb128 0x1
 304 00fc 50       		.byte	0x50
 305 00fd 01       		.uleb128 0x1
 306 00fe 30       		.byte	0x30
 307 00ff 00       		.byte	0
 308 0100 08       		.uleb128 0x8
 309 0101 1E000000 		.4byte	.LVL4
 310 0105 86020000 		.4byte	0x286
 311 0109 13010000 		.4byte	0x113
 312 010d 09       		.uleb128 0x9
 313 010e 01       		.uleb128 0x1
 314 010f 50       		.byte	0x50
 315 0110 01       		.uleb128 0x1
 316 0111 31       		.byte	0x31
 317 0112 00       		.byte	0
 318 0113 08       		.uleb128 0x8
 319 0114 24000000 		.4byte	.LVL5
 320 0118 91020000 		.4byte	0x291
 321 011c 26010000 		.4byte	0x126
 322 0120 09       		.uleb128 0x9
 323 0121 01       		.uleb128 0x1
 324 0122 50       		.byte	0x50
 325 0123 01       		.uleb128 0x1
 326 0124 31       		.byte	0x31
 327 0125 00       		.byte	0
 328 0126 07       		.uleb128 0x7
 329 0127 2A000000 		.4byte	.LVL7
 330 012b 9C020000 		.4byte	0x29c
 331 012f 07       		.uleb128 0x7
 332 0130 32000000 		.4byte	.LVL8
 333 0134 A8020000 		.4byte	0x2a8
 334 0138 07       		.uleb128 0x7
 335 0139 36000000 		.4byte	.LVL9
 336 013d B4020000 		.4byte	0x2b4
 337 0141 08       		.uleb128 0x8
 338 0142 40000000 		.4byte	.LVL11
 339 0146 BF020000 		.4byte	0x2bf
 340 014a 5A010000 		.4byte	0x15a
 341 014e 09       		.uleb128 0x9
 342 014f 01       		.uleb128 0x1
ARM GAS  C:\Users\jagumiel\AppData\Local\Temp\ccjOnmC5.s 			page 10


 343 0150 50       		.byte	0x50
 344 0151 01       		.uleb128 0x1
 345 0152 32       		.byte	0x32
 346 0153 09       		.uleb128 0x9
 347 0154 01       		.uleb128 0x1
 348 0155 51       		.byte	0x51
 349 0156 02       		.uleb128 0x2
 350 0157 74       		.byte	0x74
 351 0158 00       		.sleb128 0
 352 0159 00       		.byte	0
 353 015a 08       		.uleb128 0x8
 354 015b 4A000000 		.4byte	.LVL12
 355 015f 7B020000 		.4byte	0x27b
 356 0163 6D010000 		.4byte	0x16d
 357 0167 09       		.uleb128 0x9
 358 0168 01       		.uleb128 0x1
 359 0169 50       		.byte	0x50
 360 016a 01       		.uleb128 0x1
 361 016b 30       		.byte	0x30
 362 016c 00       		.byte	0
 363 016d 08       		.uleb128 0x8
 364 016e 50000000 		.4byte	.LVL13
 365 0172 86020000 		.4byte	0x286
 366 0176 80010000 		.4byte	0x180
 367 017a 09       		.uleb128 0x9
 368 017b 01       		.uleb128 0x1
 369 017c 50       		.byte	0x50
 370 017d 01       		.uleb128 0x1
 371 017e 31       		.byte	0x31
 372 017f 00       		.byte	0
 373 0180 08       		.uleb128 0x8
 374 0181 56000000 		.4byte	.LVL14
 375 0185 91020000 		.4byte	0x291
 376 0189 93010000 		.4byte	0x193
 377 018d 09       		.uleb128 0x9
 378 018e 01       		.uleb128 0x1
 379 018f 50       		.byte	0x50
 380 0190 01       		.uleb128 0x1
 381 0191 31       		.byte	0x31
 382 0192 00       		.byte	0
 383 0193 08       		.uleb128 0x8
 384 0194 64000000 		.4byte	.LVL16
 385 0198 7B020000 		.4byte	0x27b
 386 019c A6010000 		.4byte	0x1a6
 387 01a0 09       		.uleb128 0x9
 388 01a1 01       		.uleb128 0x1
 389 01a2 50       		.byte	0x50
 390 01a3 01       		.uleb128 0x1
 391 01a4 31       		.byte	0x31
 392 01a5 00       		.byte	0
 393 01a6 08       		.uleb128 0x8
 394 01a7 6A000000 		.4byte	.LVL17
 395 01ab 86020000 		.4byte	0x286
 396 01af B9010000 		.4byte	0x1b9
 397 01b3 09       		.uleb128 0x9
 398 01b4 01       		.uleb128 0x1
 399 01b5 50       		.byte	0x50
ARM GAS  C:\Users\jagumiel\AppData\Local\Temp\ccjOnmC5.s 			page 11


 400 01b6 01       		.uleb128 0x1
 401 01b7 30       		.byte	0x30
 402 01b8 00       		.byte	0
 403 01b9 08       		.uleb128 0x8
 404 01ba 70000000 		.4byte	.LVL18
 405 01be 91020000 		.4byte	0x291
 406 01c2 CC010000 		.4byte	0x1cc
 407 01c6 09       		.uleb128 0x9
 408 01c7 01       		.uleb128 0x1
 409 01c8 50       		.byte	0x50
 410 01c9 01       		.uleb128 0x1
 411 01ca 31       		.byte	0x31
 412 01cb 00       		.byte	0
 413 01cc 08       		.uleb128 0x8
 414 01cd 7E000000 		.4byte	.LVL20
 415 01d1 7B020000 		.4byte	0x27b
 416 01d5 DF010000 		.4byte	0x1df
 417 01d9 09       		.uleb128 0x9
 418 01da 01       		.uleb128 0x1
 419 01db 50       		.byte	0x50
 420 01dc 01       		.uleb128 0x1
 421 01dd 31       		.byte	0x31
 422 01de 00       		.byte	0
 423 01df 08       		.uleb128 0x8
 424 01e0 84000000 		.4byte	.LVL21
 425 01e4 86020000 		.4byte	0x286
 426 01e8 F2010000 		.4byte	0x1f2
 427 01ec 09       		.uleb128 0x9
 428 01ed 01       		.uleb128 0x1
 429 01ee 50       		.byte	0x50
 430 01ef 01       		.uleb128 0x1
 431 01f0 31       		.byte	0x31
 432 01f1 00       		.byte	0
 433 01f2 08       		.uleb128 0x8
 434 01f3 8A000000 		.4byte	.LVL22
 435 01f7 91020000 		.4byte	0x291
 436 01fb 05020000 		.4byte	0x205
 437 01ff 09       		.uleb128 0x9
 438 0200 01       		.uleb128 0x1
 439 0201 50       		.byte	0x50
 440 0202 01       		.uleb128 0x1
 441 0203 30       		.byte	0x30
 442 0204 00       		.byte	0
 443 0205 08       		.uleb128 0x8
 444 0206 98000000 		.4byte	.LVL24
 445 020a 7B020000 		.4byte	0x27b
 446 020e 18020000 		.4byte	0x218
 447 0212 09       		.uleb128 0x9
 448 0213 01       		.uleb128 0x1
 449 0214 50       		.byte	0x50
 450 0215 01       		.uleb128 0x1
 451 0216 31       		.byte	0x31
 452 0217 00       		.byte	0
 453 0218 08       		.uleb128 0x8
 454 0219 9E000000 		.4byte	.LVL25
 455 021d 86020000 		.4byte	0x286
 456 0221 2B020000 		.4byte	0x22b
ARM GAS  C:\Users\jagumiel\AppData\Local\Temp\ccjOnmC5.s 			page 12


 457 0225 09       		.uleb128 0x9
 458 0226 01       		.uleb128 0x1
 459 0227 50       		.byte	0x50
 460 0228 01       		.uleb128 0x1
 461 0229 31       		.byte	0x31
 462 022a 00       		.byte	0
 463 022b 08       		.uleb128 0x8
 464 022c A4000000 		.4byte	.LVL26
 465 0230 91020000 		.4byte	0x291
 466 0234 3E020000 		.4byte	0x23e
 467 0238 09       		.uleb128 0x9
 468 0239 01       		.uleb128 0x1
 469 023a 50       		.byte	0x50
 470 023b 01       		.uleb128 0x1
 471 023c 31       		.byte	0x31
 472 023d 00       		.byte	0
 473 023e 08       		.uleb128 0x8
 474 023f AC000000 		.4byte	.LVL28
 475 0243 CA020000 		.4byte	0x2ca
 476 0247 52020000 		.4byte	0x252
 477 024b 09       		.uleb128 0x9
 478 024c 01       		.uleb128 0x1
 479 024d 50       		.byte	0x50
 480 024e 02       		.uleb128 0x2
 481 024f 75       		.byte	0x75
 482 0250 00       		.sleb128 0
 483 0251 00       		.byte	0
 484 0252 07       		.uleb128 0x7
 485 0253 B0000000 		.4byte	.LVL29
 486 0257 D5020000 		.4byte	0x2d5
 487 025b 07       		.uleb128 0x7
 488 025c B8000000 		.4byte	.LVL30
 489 0260 E1020000 		.4byte	0x2e1
 490 0264 00       		.byte	0
 491 0265 0A       		.uleb128 0xa
 492 0266 15010000 		.4byte	.LASF16
 493 026a 15010000 		.4byte	.LASF16
 494 026e 02       		.byte	0x2
 495 026f DC       		.byte	0xdc
 496 0270 0A       		.uleb128 0xa
 497 0271 58010000 		.4byte	.LASF17
 498 0275 58010000 		.4byte	.LASF17
 499 0279 03       		.byte	0x3
 500 027a 47       		.byte	0x47
 501 027b 0A       		.uleb128 0xa
 502 027c 0E000000 		.4byte	.LASF18
 503 0280 0E000000 		.4byte	.LASF18
 504 0284 04       		.byte	0x4
 505 0285 33       		.byte	0x33
 506 0286 0A       		.uleb128 0xa
 507 0287 2F000000 		.4byte	.LASF19
 508 028b 2F000000 		.4byte	.LASF19
 509 028f 05       		.byte	0x5
 510 0290 33       		.byte	0x33
 511 0291 0A       		.uleb128 0xa
 512 0292 25010000 		.4byte	.LASF20
 513 0296 25010000 		.4byte	.LASF20
ARM GAS  C:\Users\jagumiel\AppData\Local\Temp\ccjOnmC5.s 			page 13


 514 029a 06       		.byte	0x6
 515 029b 33       		.byte	0x33
 516 029c 0B       		.uleb128 0xb
 517 029d 6A020000 		.4byte	.LASF21
 518 02a1 6A020000 		.4byte	.LASF21
 519 02a5 02       		.byte	0x2
 520 02a6 0901     		.2byte	0x109
 521 02a8 0B       		.uleb128 0xb
 522 02a9 FC000000 		.4byte	.LASF22
 523 02ad FC000000 		.4byte	.LASF22
 524 02b1 02       		.byte	0x2
 525 02b2 1301     		.2byte	0x113
 526 02b4 0A       		.uleb128 0xa
 527 02b5 EE000000 		.4byte	.LASF23
 528 02b9 EE000000 		.4byte	.LASF23
 529 02bd 02       		.byte	0x2
 530 02be E4       		.byte	0xe4
 531 02bf 0A       		.uleb128 0xa
 532 02c0 FE010000 		.4byte	.LASF24
 533 02c4 FE010000 		.4byte	.LASF24
 534 02c8 03       		.byte	0x3
 535 02c9 82       		.byte	0x82
 536 02ca 0A       		.uleb128 0xa
 537 02cb 56020000 		.4byte	.LASF25
 538 02cf 56020000 		.4byte	.LASF25
 539 02d3 02       		.byte	0x2
 540 02d4 EB       		.byte	0xeb
 541 02d5 0B       		.uleb128 0xb
 542 02d6 A2000000 		.4byte	.LASF26
 543 02da A2000000 		.4byte	.LASF26
 544 02de 02       		.byte	0x2
 545 02df 0A01     		.2byte	0x10a
 546 02e1 0B       		.uleb128 0xb
 547 02e2 1C000000 		.4byte	.LASF27
 548 02e6 1C000000 		.4byte	.LASF27
 549 02ea 02       		.byte	0x2
 550 02eb 1401     		.2byte	0x114
 551 02ed 00       		.byte	0
 552              		.section	.debug_abbrev,"",%progbits
 553              	.Ldebug_abbrev0:
 554 0000 01       		.uleb128 0x1
 555 0001 11       		.uleb128 0x11
 556 0002 01       		.byte	0x1
 557 0003 25       		.uleb128 0x25
 558 0004 0E       		.uleb128 0xe
 559 0005 13       		.uleb128 0x13
 560 0006 0B       		.uleb128 0xb
 561 0007 03       		.uleb128 0x3
 562 0008 0E       		.uleb128 0xe
 563 0009 1B       		.uleb128 0x1b
 564 000a 0E       		.uleb128 0xe
 565 000b 55       		.uleb128 0x55
 566 000c 17       		.uleb128 0x17
 567 000d 11       		.uleb128 0x11
 568 000e 01       		.uleb128 0x1
 569 000f 10       		.uleb128 0x10
 570 0010 17       		.uleb128 0x17
ARM GAS  C:\Users\jagumiel\AppData\Local\Temp\ccjOnmC5.s 			page 14


 571 0011 00       		.byte	0
 572 0012 00       		.byte	0
 573 0013 02       		.uleb128 0x2
 574 0014 24       		.uleb128 0x24
 575 0015 00       		.byte	0
 576 0016 0B       		.uleb128 0xb
 577 0017 0B       		.uleb128 0xb
 578 0018 3E       		.uleb128 0x3e
 579 0019 0B       		.uleb128 0xb
 580 001a 03       		.uleb128 0x3
 581 001b 0E       		.uleb128 0xe
 582 001c 00       		.byte	0
 583 001d 00       		.byte	0
 584 001e 03       		.uleb128 0x3
 585 001f 24       		.uleb128 0x24
 586 0020 00       		.byte	0
 587 0021 0B       		.uleb128 0xb
 588 0022 0B       		.uleb128 0xb
 589 0023 3E       		.uleb128 0x3e
 590 0024 0B       		.uleb128 0xb
 591 0025 03       		.uleb128 0x3
 592 0026 08       		.uleb128 0x8
 593 0027 00       		.byte	0
 594 0028 00       		.byte	0
 595 0029 04       		.uleb128 0x4
 596 002a 16       		.uleb128 0x16
 597 002b 00       		.byte	0
 598 002c 03       		.uleb128 0x3
 599 002d 0E       		.uleb128 0xe
 600 002e 3A       		.uleb128 0x3a
 601 002f 0B       		.uleb128 0xb
 602 0030 3B       		.uleb128 0x3b
 603 0031 05       		.uleb128 0x5
 604 0032 49       		.uleb128 0x49
 605 0033 13       		.uleb128 0x13
 606 0034 00       		.byte	0
 607 0035 00       		.byte	0
 608 0036 05       		.uleb128 0x5
 609 0037 2E       		.uleb128 0x2e
 610 0038 01       		.byte	0x1
 611 0039 3F       		.uleb128 0x3f
 612 003a 19       		.uleb128 0x19
 613 003b 03       		.uleb128 0x3
 614 003c 0E       		.uleb128 0xe
 615 003d 3A       		.uleb128 0x3a
 616 003e 0B       		.uleb128 0xb
 617 003f 3B       		.uleb128 0x3b
 618 0040 0B       		.uleb128 0xb
 619 0041 27       		.uleb128 0x27
 620 0042 19       		.uleb128 0x19
 621 0043 49       		.uleb128 0x49
 622 0044 13       		.uleb128 0x13
 623 0045 8701     		.uleb128 0x87
 624 0047 19       		.uleb128 0x19
 625 0048 11       		.uleb128 0x11
 626 0049 01       		.uleb128 0x1
 627 004a 12       		.uleb128 0x12
ARM GAS  C:\Users\jagumiel\AppData\Local\Temp\ccjOnmC5.s 			page 15


 628 004b 06       		.uleb128 0x6
 629 004c 40       		.uleb128 0x40
 630 004d 18       		.uleb128 0x18
 631 004e 9742     		.uleb128 0x2117
 632 0050 19       		.uleb128 0x19
 633 0051 01       		.uleb128 0x1
 634 0052 13       		.uleb128 0x13
 635 0053 00       		.byte	0
 636 0054 00       		.byte	0
 637 0055 06       		.uleb128 0x6
 638 0056 34       		.uleb128 0x34
 639 0057 00       		.byte	0
 640 0058 03       		.uleb128 0x3
 641 0059 0E       		.uleb128 0xe
 642 005a 3A       		.uleb128 0x3a
 643 005b 0B       		.uleb128 0xb
 644 005c 3B       		.uleb128 0x3b
 645 005d 0B       		.uleb128 0xb
 646 005e 49       		.uleb128 0x49
 647 005f 13       		.uleb128 0x13
 648 0060 02       		.uleb128 0x2
 649 0061 17       		.uleb128 0x17
 650 0062 00       		.byte	0
 651 0063 00       		.byte	0
 652 0064 07       		.uleb128 0x7
 653 0065 898201   		.uleb128 0x4109
 654 0068 00       		.byte	0
 655 0069 11       		.uleb128 0x11
 656 006a 01       		.uleb128 0x1
 657 006b 31       		.uleb128 0x31
 658 006c 13       		.uleb128 0x13
 659 006d 00       		.byte	0
 660 006e 00       		.byte	0
 661 006f 08       		.uleb128 0x8
 662 0070 898201   		.uleb128 0x4109
 663 0073 01       		.byte	0x1
 664 0074 11       		.uleb128 0x11
 665 0075 01       		.uleb128 0x1
 666 0076 31       		.uleb128 0x31
 667 0077 13       		.uleb128 0x13
 668 0078 01       		.uleb128 0x1
 669 0079 13       		.uleb128 0x13
 670 007a 00       		.byte	0
 671 007b 00       		.byte	0
 672 007c 09       		.uleb128 0x9
 673 007d 8A8201   		.uleb128 0x410a
 674 0080 00       		.byte	0
 675 0081 02       		.uleb128 0x2
 676 0082 18       		.uleb128 0x18
 677 0083 9142     		.uleb128 0x2111
 678 0085 18       		.uleb128 0x18
 679 0086 00       		.byte	0
 680 0087 00       		.byte	0
 681 0088 0A       		.uleb128 0xa
 682 0089 2E       		.uleb128 0x2e
 683 008a 00       		.byte	0
 684 008b 3F       		.uleb128 0x3f
ARM GAS  C:\Users\jagumiel\AppData\Local\Temp\ccjOnmC5.s 			page 16


 685 008c 19       		.uleb128 0x19
 686 008d 3C       		.uleb128 0x3c
 687 008e 19       		.uleb128 0x19
 688 008f 6E       		.uleb128 0x6e
 689 0090 0E       		.uleb128 0xe
 690 0091 03       		.uleb128 0x3
 691 0092 0E       		.uleb128 0xe
 692 0093 3A       		.uleb128 0x3a
 693 0094 0B       		.uleb128 0xb
 694 0095 3B       		.uleb128 0x3b
 695 0096 0B       		.uleb128 0xb
 696 0097 00       		.byte	0
 697 0098 00       		.byte	0
 698 0099 0B       		.uleb128 0xb
 699 009a 2E       		.uleb128 0x2e
 700 009b 00       		.byte	0
 701 009c 3F       		.uleb128 0x3f
 702 009d 19       		.uleb128 0x19
 703 009e 3C       		.uleb128 0x3c
 704 009f 19       		.uleb128 0x19
 705 00a0 6E       		.uleb128 0x6e
 706 00a1 0E       		.uleb128 0xe
 707 00a2 03       		.uleb128 0x3
 708 00a3 0E       		.uleb128 0xe
 709 00a4 3A       		.uleb128 0x3a
 710 00a5 0B       		.uleb128 0xb
 711 00a6 3B       		.uleb128 0x3b
 712 00a7 05       		.uleb128 0x5
 713 00a8 00       		.byte	0
 714 00a9 00       		.byte	0
 715 00aa 00       		.byte	0
 716              		.section	.debug_loc,"",%progbits
 717              	.Ldebug_loc0:
 718              	.LLST0:
 719 0000 02000000 		.4byte	.LVL0
 720 0004 26000000 		.4byte	.LVL6
 721 0008 0200     		.2byte	0x2
 722 000a 30       		.byte	0x30
 723 000b 9F       		.byte	0x9f
 724 000c 26000000 		.4byte	.LVL6
 725 0010 56000000 		.4byte	.LVL14
 726 0014 0100     		.2byte	0x1
 727 0016 55       		.byte	0x55
 728 0017 56000000 		.4byte	.LVL14
 729 001b 5A000000 		.4byte	.LVL15
 730 001f 0300     		.2byte	0x3
 731 0021 09       		.byte	0x9
 732 0022 AA       		.byte	0xaa
 733 0023 9F       		.byte	0x9f
 734 0024 5A000000 		.4byte	.LVL15
 735 0028 70000000 		.4byte	.LVL18
 736 002c 0100     		.2byte	0x1
 737 002e 55       		.byte	0x55
 738 002f 70000000 		.4byte	.LVL18
 739 0033 74000000 		.4byte	.LVL19
 740 0037 0300     		.2byte	0x3
 741 0039 09       		.byte	0x9
ARM GAS  C:\Users\jagumiel\AppData\Local\Temp\ccjOnmC5.s 			page 17


 742 003a BB       		.byte	0xbb
 743 003b 9F       		.byte	0x9f
 744 003c 74000000 		.4byte	.LVL19
 745 0040 8A000000 		.4byte	.LVL22
 746 0044 0100     		.2byte	0x1
 747 0046 55       		.byte	0x55
 748 0047 8A000000 		.4byte	.LVL22
 749 004b 8E000000 		.4byte	.LVL23
 750 004f 0300     		.2byte	0x3
 751 0051 09       		.byte	0x9
 752 0052 CC       		.byte	0xcc
 753 0053 9F       		.byte	0x9f
 754 0054 8E000000 		.4byte	.LVL23
 755 0058 A4000000 		.4byte	.LVL26
 756 005c 0100     		.2byte	0x1
 757 005e 55       		.byte	0x55
 758 005f A4000000 		.4byte	.LVL26
 759 0063 A6000000 		.4byte	.LVL27
 760 0067 0300     		.2byte	0x3
 761 0069 09       		.byte	0x9
 762 006a DD       		.byte	0xdd
 763 006b 9F       		.byte	0x9f
 764 006c A6000000 		.4byte	.LVL27
 765 0070 BA000000 		.4byte	.LFE32
 766 0074 0100     		.2byte	0x1
 767 0076 55       		.byte	0x55
 768 0077 00000000 		.4byte	0
 769 007b 00000000 		.4byte	0
 770              	.LLST1:
 771 007f 02000000 		.4byte	.LVL0
 772 0083 26000000 		.4byte	.LVL6
 773 0087 0200     		.2byte	0x2
 774 0089 30       		.byte	0x30
 775 008a 9F       		.byte	0x9f
 776 008b 3A000000 		.4byte	.LVL10
 777 008f 3F000000 		.4byte	.LVL11-1
 778 0093 0100     		.2byte	0x1
 779 0095 51       		.byte	0x51
 780 0096 00000000 		.4byte	0
 781 009a 00000000 		.4byte	0
 782              		.section	.debug_aranges,"",%progbits
 783 0000 1C000000 		.4byte	0x1c
 784 0004 0200     		.2byte	0x2
 785 0006 00000000 		.4byte	.Ldebug_info0
 786 000a 04       		.byte	0x4
 787 000b 00       		.byte	0
 788 000c 0000     		.2byte	0
 789 000e 0000     		.2byte	0
 790 0010 00000000 		.4byte	.LFB32
 791 0014 BA000000 		.4byte	.LFE32-.LFB32
 792 0018 00000000 		.4byte	0
 793 001c 00000000 		.4byte	0
 794              		.section	.debug_ranges,"",%progbits
 795              	.Ldebug_ranges0:
 796 0000 00000000 		.4byte	.LFB32
 797 0004 BA000000 		.4byte	.LFE32
 798 0008 00000000 		.4byte	0
ARM GAS  C:\Users\jagumiel\AppData\Local\Temp\ccjOnmC5.s 			page 18


 799 000c 00000000 		.4byte	0
 800              		.section	.debug_line,"",%progbits
 801              	.Ldebug_line0:
 802 0000 B8000000 		.section	.debug_str,"MS",%progbits,1
 802      02008600 
 802      00000201 
 802      FB0E0D00 
 802      01010101 
 803              	.LASF6:
 804 0000 6C6F6E67 		.ascii	"long long int\000"
 804      206C6F6E 
 804      6720696E 
 804      7400
 805              	.LASF18:
 806 000e 4C45445F 		.ascii	"LED_RED_Write\000"
 806      5245445F 
 806      57726974 
 806      6500
 807              	.LASF27:
 808 001c 6C5F666C 		.ascii	"l_flg_clr_OutFrame\000"
 808      675F636C 
 808      725F4F75 
 808      74467261 
 808      6D6500
 809              	.LASF19:
 810 002f 4C45445F 		.ascii	"LED_GREEN_Write\000"
 810      47524545 
 810      4E5F5772 
 810      69746500 
 811              	.LASF30:
 812 003f 443A5C55 		.ascii	"D:\\Users\\jagumiel\\Documents\\PSoC Creator\\prueb"
 812      73657273 
 812      5C6A6167 
 812      756D6965 
 812      6C5C446F 
 813 006d 61345C4C 		.ascii	"a4\\LIN_Slave_CY8CKIT-042\\LIN_Slave_CY8CKIT-042.cy"
 813      494E5F53 
 813      6C617665 
 813      5F435938 
 813      434B4954 
 814 009e 64736E00 		.ascii	"dsn\000"
 815              	.LASF26:
 816 00a2 6C5F666C 		.ascii	"l_flg_tst_OutFrame\000"
 816      675F7473 
 816      745F4F75 
 816      74467261 
 816      6D6500
 817              	.LASF9:
 818 00b5 666C6F61 		.ascii	"float\000"
 818      7400
 819              	.LASF1:
 820 00bb 756E7369 		.ascii	"unsigned char\000"
 820      676E6564 
 820      20636861 
 820      7200
 821              	.LASF5:
 822 00c9 6C6F6E67 		.ascii	"long unsigned int\000"
ARM GAS  C:\Users\jagumiel\AppData\Local\Temp\ccjOnmC5.s 			page 19


 822      20756E73 
 822      69676E65 
 822      6420696E 
 822      7400
 823              	.LASF3:
 824 00db 73686F72 		.ascii	"short unsigned int\000"
 824      7420756E 
 824      7369676E 
 824      65642069 
 824      6E7400
 825              	.LASF23:
 826 00ee 6C5F7538 		.ascii	"l_u8_rd_InSig\000"
 826      5F72645F 
 826      496E5369 
 826      6700
 827              	.LASF22:
 828 00fc 6C5F666C 		.ascii	"l_flg_clr_InFrame\000"
 828      675F636C 
 828      725F496E 
 828      4672616D 
 828      6500
 829              	.LASF10:
 830 010e 646F7562 		.ascii	"double\000"
 830      6C6500
 831              	.LASF16:
 832 0115 6C5F7379 		.ascii	"l_sys_init\000"
 832      735F696E 
 832      697400
 833              	.LASF32:
 834 0120 6D61696E 		.ascii	"main\000"
 834      00
 835              	.LASF20:
 836 0125 4C45445F 		.ascii	"LED_BLUE_Write\000"
 836      424C5545 
 836      5F577269 
 836      746500
 837              	.LASF8:
 838 0134 756E7369 		.ascii	"unsigned int\000"
 838      676E6564 
 838      20696E74 
 838      00
 839              	.LASF7:
 840 0141 6C6F6E67 		.ascii	"long long unsigned int\000"
 840      206C6F6E 
 840      6720756E 
 840      7369676E 
 840      65642069 
 841              	.LASF17:
 842 0158 6C5F6966 		.ascii	"l_ifc_init\000"
 842      635F696E 
 842      697400
 843              	.LASF28:
 844 0163 474E5520 		.ascii	"GNU C11 5.4.1 20160609 (release) [ARM/embedded-5-br"
 844      43313120 
 844      352E342E 
 844      31203230 
 844      31363036 
ARM GAS  C:\Users\jagumiel\AppData\Local\Temp\ccjOnmC5.s 			page 20


 845 0196 616E6368 		.ascii	"anch revision 237715] -mcpu=cortex-m0 -mthumb -g -O"
 845      20726576 
 845      6973696F 
 845      6E203233 
 845      37373135 
 846 01c9 67202D66 		.ascii	"g -ffunction-sections -ffat-lto-objects\000"
 846      66756E63 
 846      74696F6E 
 846      2D736563 
 846      74696F6E 
 847              	.LASF15:
 848 01f1 64617461 		.ascii	"dataReceived\000"
 848      52656365 
 848      69766564 
 848      00
 849              	.LASF24:
 850 01fe 6C5F7538 		.ascii	"l_u8_wr\000"
 850      5F777200 
 851              	.LASF13:
 852 0206 73697A65 		.ascii	"sizetype\000"
 852      74797065 
 852      00
 853              	.LASF14:
 854 020f 64617461 		.ascii	"dataArray\000"
 854      41727261 
 854      7900
 855              	.LASF29:
 856 0219 6D61696E 		.ascii	"main.c\000"
 856      2E6300
 857              	.LASF11:
 858 0220 63686172 		.ascii	"char\000"
 858      00
 859              	.LASF2:
 860 0225 73686F72 		.ascii	"short int\000"
 860      7420696E 
 860      7400
 861              	.LASF31:
 862 022f 75696E74 		.ascii	"uint8\000"
 862      3800
 863              	.LASF4:
 864 0235 6C6F6E67 		.ascii	"long int\000"
 864      20696E74 
 864      00
 865              	.LASF12:
 866 023e 6C6F6E67 		.ascii	"long double\000"
 866      20646F75 
 866      626C6500 
 867              	.LASF0:
 868 024a 7369676E 		.ascii	"signed char\000"
 868      65642063 
 868      68617200 
 869              	.LASF25:
 870 0256 6C5F7538 		.ascii	"l_u8_wr_OutArraySig\000"
 870      5F77725F 
 870      4F757441 
 870      72726179 
 870      53696700 
ARM GAS  C:\Users\jagumiel\AppData\Local\Temp\ccjOnmC5.s 			page 21


 871              	.LASF21:
 872 026a 6C5F666C 		.ascii	"l_flg_tst_InFrame\000"
 872      675F7473 
 872      745F496E 
 872      4672616D 
 872      6500
 873              		.ident	"GCC: (GNU Tools for ARM Embedded Processors) 5.4.1 20160609 (release) [ARM/embedded-5-bran
