ARM GAS  C:\Users\jagumiel\AppData\Local\Temp\ccx5K098.s 			page 1


   1              		.syntax unified
   2              		.cpu cortex-m0
   3              		.fpu softvfp
   4              		.eabi_attribute 20, 1
   5              		.eabi_attribute 21, 1
   6              		.eabi_attribute 23, 3
   7              		.eabi_attribute 24, 1
   8              		.eabi_attribute 25, 1
   9              		.eabi_attribute 26, 1
  10              		.eabi_attribute 30, 1
  11              		.eabi_attribute 34, 0
  12              		.eabi_attribute 18, 4
  13              		.thumb
  14              		.syntax unified
  15              		.file	"main.c"
  16              		.text
  17              	.Ltext0:
  18              		.cfi_sections	.debug_frame
  19              		.section	.text.main,"ax",%progbits
  20              		.align	2
  21              		.global	main
  22              		.code	16
  23              		.thumb_func
  24              		.type	main, %function
  25              	main:
  26              	.LFB32:
  27              		.file 1 "main.c"
   1:main.c        **** /*****************************************************************************
   2:main.c        **** * File Name: main.c
   3:main.c        **** *
   4:main.c        **** * Version: 1.0
   5:main.c        **** *
   6:main.c        **** * Description:
   7:main.c        **** 
   8:main.c        **** * This project demonstrates LIN Slave functionality of PSoC 4. If it (LIN slave) 
   9:main.c        **** * receives an unconditional frame from LIN master with Frame ID 0x10 (InFrame),
  10:main.c        **** * then the first byte of data (command) is written to another unconditional 
  11:main.c        **** * frame (OutFrame). This data command controls the RGB LED color as follows:
  12:main.c        **** *
  13:main.c        **** * Command 0x00 --> All LEDs OFF
  14:main.c        **** * Command 0x11 --> Red LED ON
  15:main.c        **** * Command 0x22 --> Green LED ON
  16:main.c        **** * Command 0x33 --> Blue LED ON
  17:main.c        **** * 
  18:main.c        **** * The LIN Master can read the status of the RGB LED by sending the Frame ID 0x11
  19:main.c        **** *
  20:main.c        **** * The master receives the following status from LIN Slave based on the LED 
  21:main.c        **** * status as follows:
  22:main.c        **** * If Red LED ON   --> 0xAA
  23:main.c        **** * If Green LED ON --> 0xBB
  24:main.c        **** * If Blue LED ON  --> 0xCC
  25:main.c        **** * If All LEDs OFF --> 0xDD
  26:main.c        **** *
  27:main.c        **** * Because the LIN Master component is not available with PSoC 4, a LIN Analyzer  
  28:main.c        **** * is required to test this project
  29:main.c        **** * 
  30:main.c        **** *
ARM GAS  C:\Users\jagumiel\AppData\Local\Temp\ccx5K098.s 			page 2


  31:main.c        **** * Hardware Dependency:
  32:main.c        **** * This project requires CY8CKIT-026 CAN and LIN Shield Kit, CY8CKIT-042 Pioneer 
  33:main.c        **** * Kit and a third party LIN analyzer
  34:main.c        **** *
  35:main.c        **** * This project needs to be programmed to PSoC 4 of CY8CKIT-042 Pioneer Kit.
  36:main.c        **** *
  37:main.c        **** * CY8CKIT-026 CAN and LIN Shield Kit should be placed on to the Arduino headers 
  38:main.c        **** * of the KIT-042/044. And connect the KIT-026 pins as follows:
  39:main.c        **** * J3_10 to LIN1_RX (J15_1) or LIN2_RX (J6_1)
  40:main.c        **** * J3_9 to LIN1_TX (J15_2) or LIN2_TX (J6_2) 
  41:main.c        **** * A0 (J2_1) to LIN1_NSLP (J15_3) or LIN2_NSLP (J6_3)
  42:main.c        **** * And connect a 12V supply to the 'Vin' pin (J11 or J12) on CY8CKIT-026.
  43:main.c        **** *
  44:main.c        **** * Code Tested With:
  45:main.c        **** * 1. PSoC Creator 3.3 SP1
  46:main.c        **** * 2. Toolchain: ARM GCC 4.9.3
  47:main.c        **** *
  48:main.c        **** *******************************************************************************/
  49:main.c        **** 
  50:main.c        **** #include "header.h"
  51:main.c        **** 
  52:main.c        **** /*******************************************************************************
  53:main.c        **** * Function Name: main()
  54:main.c        **** ********************************************************************************
  55:main.c        **** *
  56:main.c        **** * Summary:
  57:main.c        **** *  Initialize LIN slave. If the LIN slave receives an unconditional frame from  
  58:main.c        **** *  master with Frame ID 0x10, then the first byte of data (command to control  
  59:main.c        **** *  the LED) is written to the other unconditional frame (OutFrame). Based on 
  60:main.c        **** *  the received command slave will control the RGB LED color.
  61:main.c        **** *
  62:main.c        **** *  The LIN Master can read the status of the LED by sending the Frame ID 0x11
  63:main.c        **** *
  64:main.c        **** * Parameters:
  65:main.c        **** *  None
  66:main.c        **** *
  67:main.c        **** * Return:
  68:main.c        **** *  None
  69:main.c        **** *
  70:main.c        **** *******************************************************************************/
  71:main.c        **** int main(void)
  72:main.c        **** {        
  28              		.loc 1 72 0
  29              		.cfi_startproc
  30              		@ args = 0, pretend = 0, frame = 0
  31              		@ frame_needed = 0, uses_anonymous_args = 0
  32 0000 70B5     		push	{r4, r5, r6, lr}
  33              		.cfi_def_cfa_offset 16
  34              		.cfi_offset 4, -16
  35              		.cfi_offset 5, -12
  36              		.cfi_offset 6, -8
  37              		.cfi_offset 14, -4
  38              	.LVL0:
  73:main.c        ****     /* Local Variables */
  74:main.c        ****     uint8 dataArray =  0u ;
  75:main.c        ****     uint8 dataReceived = 0u;
  76:main.c        ****     
ARM GAS  C:\Users\jagumiel\AppData\Local\Temp\ccx5K098.s 			page 3


  77:main.c        ****     /* Start PWM components */
  78:main.c        ****     PWM_Left_Start();
  39              		.loc 1 78 0
  40 0002 FFF7FEFF 		bl	PWM_Left_Start
  41              	.LVL1:
  79:main.c        ****     PWM_Right_Start();
  42              		.loc 1 79 0
  43 0006 FFF7FEFF 		bl	PWM_Right_Start
  44              	.LVL2:
  80:main.c        ****     
  81:main.c        **** 	/* Enable Global Interrupts */
  82:main.c        ****     CyGlobalIntEnable;      
  45              		.loc 1 82 0
  46              		.syntax divided
  47              	@ 82 "main.c" 1
  48 000a 62B6     		CPSIE   i
  49              	@ 0 "" 2
  83:main.c        ****     
  84:main.c        ****     /* Call initialization function */
  85:main.c        ****     l_sys_init();
  50              		.loc 1 85 0
  51              		.thumb
  52              		.syntax unified
  53 000c FFF7FEFF 		bl	l_sys_init
  54              	.LVL3:
  86:main.c        ****     
  87:main.c        ****     /* Start LINS component */
  88:main.c        ****     if(0u != l_ifc_init(LINS_IFC_HANDLE))
  55              		.loc 1 88 0
  56 0010 0020     		movs	r0, #0
  57 0012 FFF7FEFF 		bl	l_ifc_init
  58              	.LVL4:
  59 0016 0028     		cmp	r0, #0
  60 0018 02D0     		beq	.L2
  89:main.c        ****     {
  90:main.c        ****         /* Switch ON the Red LED */
  91:main.c        ****         RedLed_Write(1);
  61              		.loc 1 91 0
  62 001a 0120     		movs	r0, #1
  63 001c FFF7FEFF 		bl	RedLed_Write
  64              	.LVL5:
  65              	.L2:
  72:main.c        ****     /* Local Variables */
  66              		.loc 1 72 0
  67 0020 0025     		movs	r5, #0
  68              	.LVL6:
  69              	.L3:
  92:main.c        ****     }
  93:main.c        ****     
  94:main.c        **** 	while(1)
  95:main.c        **** 	{
  96:main.c        ****     	/**********************************************************
  97:main.c        ****     	* Check if "InFrame" frame is received from LIN Master
  98:main.c        ****     	**********************************************************/
  99:main.c        ****     	if (1u == l_flg_tst_InFrame())
  70              		.loc 1 99 0
  71 0022 FFF7FEFF 		bl	l_flg_tst_InFrame
ARM GAS  C:\Users\jagumiel\AppData\Local\Temp\ccx5K098.s 			page 4


  72              	.LVL7:
  73 0026 0128     		cmp	r0, #1
  74 0028 4AD1     		bne	.L4
 100:main.c        ****     	{           
 101:main.c        ****     		/* Clear signal flag */
 102:main.c        ****             l_flg_clr_InFrame();
  75              		.loc 1 102 0
  76 002a FFF7FEFF 		bl	l_flg_clr_InFrame
  77              	.LVL8:
 103:main.c        ****     		    					
 104:main.c        ****     		/* Copy the value in Insig scalar into OutSig scalar using an
 105:main.c        ****              * intermediate variable (dataReceived) */
 106:main.c        ****     		dataReceived = l_u8_rd_InSig();
  78              		.loc 1 106 0
  79 002e FFF7FEFF 		bl	l_u8_rd_InSig
  80              	.LVL9:
  81 0032 0100     		movs	r1, r0
  82 0034 0400     		movs	r4, r0
  83              	.LVL10:
 107:main.c        ****     		l_u8_wr(OutSig_SIGNAL_HANDLE, dataReceived);
  84              		.loc 1 107 0
  85 0036 0220     		movs	r0, #2
  86 0038 FFF7FEFF 		bl	l_u8_wr
  87              	.LVL11:
 108:main.c        ****             
 109:main.c        ****             /* Scan the dataReceived and switch on the LED as per the command */
 110:main.c        ****             if(CMD_TURN_ON_LEFT == dataReceived){
  88              		.loc 1 110 0
  89 003c 012C     		cmp	r4, #1
  90 003e 0DD1     		bne	.L22
  91 0040 07E0     		b	.L18
  92              	.LVL12:
  93              	.L7:
  94              	.LBB2:
 111:main.c        ****                 /* Turn on left led */
 112:main.c        ****                 for(int i=255; i>2; i--){
 113:main.c        ****                     PWM_Left_WriteCompare(i);
  95              		.loc 1 113 0 discriminator 3
  96 0042 E0B2     		uxtb	r0, r4
  97 0044 FFF7FEFF 		bl	PWM_Left_WriteCompare
  98              	.LVL13:
 114:main.c        ****                     CyDelay(5);
  99              		.loc 1 114 0 discriminator 3
 100 0048 0520     		movs	r0, #5
 101 004a FFF7FEFF 		bl	CyDelay
 102              	.LVL14:
 112:main.c        ****                     PWM_Left_WriteCompare(i);
 103              		.loc 1 112 0 discriminator 3
 104 004e 013C     		subs	r4, r4, #1
 105              	.LVL15:
 106 0050 00E0     		b	.L5
 107              	.LVL16:
 108              	.L18:
 109              	.LBE2:
 110 0052 FF24     		movs	r4, #255
 111              	.L5:
 112              	.LVL17:
ARM GAS  C:\Users\jagumiel\AppData\Local\Temp\ccx5K098.s 			page 5


 113              	.LBB3:
 112:main.c        ****                     PWM_Left_WriteCompare(i);
 114              		.loc 1 112 0 is_stmt 0 discriminator 1
 115 0054 022C     		cmp	r4, #2
 116 0056 F4DC     		bgt	.L7
 117              	.LBE3:
 115:main.c        ****                 }
 116:main.c        ****                 
 117:main.c        ****                 /* Store the LED status (RED LED is ON = 0xAA)in dataArray */
 118:main.c        ****                 dataArray = CMD_SENT_LEFT_ON; 
 118              		.loc 1 118 0 is_stmt 1
 119 0058 A125     		movs	r5, #161
 120              	.LVL18:
 121 005a 2EE0     		b	.L8
 122              	.LVL19:
 123              	.L22:
 119:main.c        ****             }else if(CMD_TURN_OFF_LEFT == dataReceived){
 124              		.loc 1 119 0
 125 005c 002C     		cmp	r4, #0
 126 005e 08D0     		beq	.L19
 127 0060 0CE0     		b	.L23
 128              	.LVL20:
 129              	.L11:
 130              	.LBB4:
 120:main.c        ****                 /* Turn off left led */
 121:main.c        ****                 for(int i=1; i<256; i++){
 122:main.c        ****                     PWM_Left_WriteCompare(i);
 131              		.loc 1 122 0 discriminator 3
 132 0062 E0B2     		uxtb	r0, r4
 133 0064 FFF7FEFF 		bl	PWM_Left_WriteCompare
 134              	.LVL21:
 123:main.c        ****                     CyDelay(5);
 135              		.loc 1 123 0 discriminator 3
 136 0068 0520     		movs	r0, #5
 137 006a FFF7FEFF 		bl	CyDelay
 138              	.LVL22:
 121:main.c        ****                     PWM_Left_WriteCompare(i);
 139              		.loc 1 121 0 discriminator 3
 140 006e 0134     		adds	r4, r4, #1
 141              	.LVL23:
 142 0070 00E0     		b	.L9
 143              	.LVL24:
 144              	.L19:
 145              	.LBE4:
 146 0072 0124     		movs	r4, #1
 147              	.L9:
 148              	.LVL25:
 149              	.LBB5:
 121:main.c        ****                     PWM_Left_WriteCompare(i);
 150              		.loc 1 121 0 is_stmt 0 discriminator 1
 151 0074 FF2C     		cmp	r4, #255
 152 0076 F4DD     		ble	.L11
 153              	.LBE5:
 124:main.c        ****                 }
 125:main.c        ****                 
 126:main.c        ****                 /* Store the LED status (GREEN LED is ON = 0xBB)in dataArray */
 127:main.c        ****                 dataArray = CMD_SENT_LEFT_OFF; 
ARM GAS  C:\Users\jagumiel\AppData\Local\Temp\ccx5K098.s 			page 6


 154              		.loc 1 127 0 is_stmt 1
 155 0078 A025     		movs	r5, #160
 156              	.LVL26:
 157 007a 1EE0     		b	.L8
 158              	.LVL27:
 159              	.L23:
 128:main.c        ****             }else if(CMD_TURN_ON_RIGHT == dataReceived){
 160              		.loc 1 128 0
 161 007c 112C     		cmp	r4, #17
 162 007e 0DD1     		bne	.L24
 163 0080 07E0     		b	.L20
 164              	.LVL28:
 165              	.L14:
 166              	.LBB6:
 129:main.c        ****                 /* Turn on right led */
 130:main.c        ****                 for(int i=255; i>2; i--){
 131:main.c        ****                     PWM_Right_WriteCompare(i);
 167              		.loc 1 131 0 discriminator 3
 168 0082 E0B2     		uxtb	r0, r4
 169 0084 FFF7FEFF 		bl	PWM_Right_WriteCompare
 170              	.LVL29:
 132:main.c        ****                     CyDelay(5);
 171              		.loc 1 132 0 discriminator 3
 172 0088 0520     		movs	r0, #5
 173 008a FFF7FEFF 		bl	CyDelay
 174              	.LVL30:
 130:main.c        ****                     PWM_Right_WriteCompare(i);
 175              		.loc 1 130 0 discriminator 3
 176 008e 013C     		subs	r4, r4, #1
 177              	.LVL31:
 178 0090 00E0     		b	.L12
 179              	.LVL32:
 180              	.L20:
 181              	.LBE6:
 182 0092 FF24     		movs	r4, #255
 183              	.L12:
 184              	.LVL33:
 185              	.LBB7:
 130:main.c        ****                     PWM_Right_WriteCompare(i);
 186              		.loc 1 130 0 is_stmt 0 discriminator 1
 187 0094 022C     		cmp	r4, #2
 188 0096 F4DC     		bgt	.L14
 189              	.LBE7:
 133:main.c        ****                 }
 134:main.c        ****                 
 135:main.c        ****                 /* Store the LED status (BLUE LED is ON = 0xBB)in dataArray */
 136:main.c        ****                 dataArray = CMD_SENT_RIGHT_ON;                    
 190              		.loc 1 136 0 is_stmt 1
 191 0098 B125     		movs	r5, #177
 192              	.LVL34:
 193 009a 0EE0     		b	.L8
 194              	.LVL35:
 195              	.L24:
 137:main.c        ****             }else if(CMD_TURN_OFF_RIGHT == dataReceived){
 196              		.loc 1 137 0
 197 009c 102C     		cmp	r4, #16
 198 009e 0CD1     		bne	.L8
ARM GAS  C:\Users\jagumiel\AppData\Local\Temp\ccx5K098.s 			page 7


 199 00a0 07E0     		b	.L21
 200              	.LVL36:
 201              	.L16:
 202              	.LBB8:
 138:main.c        ****                 /* Turn off right led */
 139:main.c        ****                 for(int i=1; i<256; i++){
 140:main.c        ****                     PWM_Right_WriteCompare(i);
 203              		.loc 1 140 0 discriminator 3
 204 00a2 E0B2     		uxtb	r0, r4
 205 00a4 FFF7FEFF 		bl	PWM_Right_WriteCompare
 206              	.LVL37:
 141:main.c        ****                     CyDelay(5);
 207              		.loc 1 141 0 discriminator 3
 208 00a8 0520     		movs	r0, #5
 209 00aa FFF7FEFF 		bl	CyDelay
 210              	.LVL38:
 139:main.c        ****                     PWM_Right_WriteCompare(i);
 211              		.loc 1 139 0 discriminator 3
 212 00ae 0134     		adds	r4, r4, #1
 213              	.LVL39:
 214 00b0 00E0     		b	.L15
 215              	.LVL40:
 216              	.L21:
 217              	.LBE8:
 218 00b2 0124     		movs	r4, #1
 219              	.L15:
 220              	.LVL41:
 221              	.LBB9:
 139:main.c        ****                     PWM_Right_WriteCompare(i);
 222              		.loc 1 139 0 is_stmt 0 discriminator 1
 223 00b4 FF2C     		cmp	r4, #255
 224 00b6 F4DD     		ble	.L16
 225              	.LBE9:
 142:main.c        ****                 }
 143:main.c        ****                 
 144:main.c        ****                 /* Store the LED status (LED is OFF = 0xDD)in dataArray */
 145:main.c        ****                 dataArray = CMD_SENT_RIGHT_OFF;         
 226              		.loc 1 145 0 is_stmt 1
 227 00b8 B025     		movs	r5, #176
 228              	.LVL42:
 229              	.L8:
 146:main.c        ****             }
 147:main.c        ****                 
 148:main.c        ****         	/* Copy the status of the LED (dataArray) to OutArraySig */
 149:main.c        ****             l_u8_wr_OutArraySig(dataArray);                
 230              		.loc 1 149 0
 231 00ba 2800     		movs	r0, r5
 232 00bc FFF7FEFF 		bl	l_u8_wr_OutArraySig
 233              	.LVL43:
 234              	.L4:
 150:main.c        ****         }
 151:main.c        ****         
 152:main.c        ****     	/***************************************************************
 153:main.c        ****     	* Check if the data in "OutFrame" frame is sent to LIN Master
 154:main.c        ****     	***************************************************************/    		
 155:main.c        ****     	if (l_flg_tst_OutFrame())
 235              		.loc 1 155 0
ARM GAS  C:\Users\jagumiel\AppData\Local\Temp\ccx5K098.s 			page 8


 236 00c0 FFF7FEFF 		bl	l_flg_tst_OutFrame
 237              	.LVL44:
 238 00c4 0028     		cmp	r0, #0
 239 00c6 ACD0     		beq	.L3
 156:main.c        ****     	{
 157:main.c        ****     		/* Clear signal flag */
 158:main.c        ****     		l_flg_clr_OutFrame();
 240              		.loc 1 158 0
 241 00c8 FFF7FEFF 		bl	l_flg_clr_OutFrame
 242              	.LVL45:
 243 00cc A9E7     		b	.L3
 244              		.cfi_endproc
 245              	.LFE32:
 246              		.size	main, .-main
 247 00ce C046     		.text
 248              	.Letext0:
 249              		.file 2 "Generated_Source\\PSoC4/PWM_Left.h"
 250              		.file 3 "Generated_Source\\PSoC4/CyLib.h"
 251              		.file 4 "Generated_Source\\PSoC4/PWM_Right.h"
 252              		.file 5 "Generated_Source\\PSoC4/LINS.h"
 253              		.file 6 "Generated_Source\\PSoC4/LIN_Dynamic.h"
 254              		.file 7 "Generated_Source\\PSoC4/RedLed.h"
 255              		.file 8 "Generated_Source\\PSoC4/cytypes.h"
 256              		.section	.debug_info,"",%progbits
 257              	.Ldebug_info0:
 258 0000 FB020000 		.4byte	0x2fb
 259 0004 0400     		.2byte	0x4
 260 0006 00000000 		.4byte	.Ldebug_abbrev0
 261 000a 04       		.byte	0x4
 262 000b 01       		.uleb128 0x1
 263 000c 73010000 		.4byte	.LASF31
 264 0010 0C       		.byte	0xc
 265 0011 29020000 		.4byte	.LASF32
 266 0015 5B000000 		.4byte	.LASF33
 267 0019 60000000 		.4byte	.Ldebug_ranges0+0x60
 268 001d 00000000 		.4byte	0
 269 0021 00000000 		.4byte	.Ldebug_line0
 270 0025 02       		.uleb128 0x2
 271 0026 01       		.byte	0x1
 272 0027 06       		.byte	0x6
 273 0028 73020000 		.4byte	.LASF0
 274 002c 02       		.uleb128 0x2
 275 002d 01       		.byte	0x1
 276 002e 08       		.byte	0x8
 277 002f 4D000000 		.4byte	.LASF1
 278 0033 02       		.uleb128 0x2
 279 0034 02       		.byte	0x2
 280 0035 05       		.byte	0x5
 281 0036 28010000 		.4byte	.LASF2
 282 003a 02       		.uleb128 0x2
 283 003b 02       		.byte	0x2
 284 003c 07       		.byte	0x7
 285 003d E3000000 		.4byte	.LASF3
 286 0041 02       		.uleb128 0x2
 287 0042 04       		.byte	0x4
 288 0043 05       		.byte	0x5
 289 0044 5E020000 		.4byte	.LASF4
ARM GAS  C:\Users\jagumiel\AppData\Local\Temp\ccx5K098.s 			page 9


 290 0048 02       		.uleb128 0x2
 291 0049 04       		.byte	0x4
 292 004a 07       		.byte	0x7
 293 004b D1000000 		.4byte	.LASF5
 294 004f 02       		.uleb128 0x2
 295 0050 08       		.byte	0x8
 296 0051 05       		.byte	0x5
 297 0052 00000000 		.4byte	.LASF6
 298 0056 02       		.uleb128 0x2
 299 0057 08       		.byte	0x8
 300 0058 07       		.byte	0x7
 301 0059 44010000 		.4byte	.LASF7
 302 005d 03       		.uleb128 0x3
 303 005e 04       		.byte	0x4
 304 005f 05       		.byte	0x5
 305 0060 696E7400 		.ascii	"int\000"
 306 0064 02       		.uleb128 0x2
 307 0065 04       		.byte	0x4
 308 0066 07       		.byte	0x7
 309 0067 37010000 		.4byte	.LASF8
 310 006b 04       		.uleb128 0x4
 311 006c 48020000 		.4byte	.LASF34
 312 0070 08       		.byte	0x8
 313 0071 E401     		.2byte	0x1e4
 314 0073 2C000000 		.4byte	0x2c
 315 0077 02       		.uleb128 0x2
 316 0078 04       		.byte	0x4
 317 0079 04       		.byte	0x4
 318 007a 47000000 		.4byte	.LASF9
 319 007e 02       		.uleb128 0x2
 320 007f 08       		.byte	0x8
 321 0080 04       		.byte	0x4
 322 0081 16010000 		.4byte	.LASF10
 323 0085 02       		.uleb128 0x2
 324 0086 01       		.byte	0x1
 325 0087 08       		.byte	0x8
 326 0088 30020000 		.4byte	.LASF11
 327 008c 02       		.uleb128 0x2
 328 008d 08       		.byte	0x8
 329 008e 04       		.byte	0x4
 330 008f 67020000 		.4byte	.LASF12
 331 0093 02       		.uleb128 0x2
 332 0094 04       		.byte	0x4
 333 0095 07       		.byte	0x7
 334 0096 16020000 		.4byte	.LASF13
 335 009a 05       		.uleb128 0x5
 336 009b 32010000 		.4byte	.LASF35
 337 009f 01       		.byte	0x1
 338 00a0 47       		.byte	0x47
 339 00a1 5D000000 		.4byte	0x5d
 340 00a5 00000000 		.4byte	.LFB32
 341 00a9 CE000000 		.4byte	.LFE32-.LFB32
 342 00ad 01       		.uleb128 0x1
 343 00ae 9C       		.byte	0x9c
 344 00af 55020000 		.4byte	0x255
 345 00b3 06       		.uleb128 0x6
 346 00b4 1F020000 		.4byte	.LASF14
ARM GAS  C:\Users\jagumiel\AppData\Local\Temp\ccx5K098.s 			page 10


 347 00b8 01       		.byte	0x1
 348 00b9 4A       		.byte	0x4a
 349 00ba 6B000000 		.4byte	0x6b
 350 00be 00000000 		.4byte	.LLST0
 351 00c2 06       		.uleb128 0x6
 352 00c3 01020000 		.4byte	.LASF15
 353 00c7 01       		.byte	0x1
 354 00c8 4B       		.byte	0x4b
 355 00c9 6B000000 		.4byte	0x6b
 356 00cd 40000000 		.4byte	.LLST1
 357 00d1 07       		.uleb128 0x7
 358 00d2 00000000 		.4byte	.Ldebug_ranges0+0
 359 00d6 0B010000 		.4byte	0x10b
 360 00da 08       		.uleb128 0x8
 361 00db 6900     		.ascii	"i\000"
 362 00dd 01       		.byte	0x1
 363 00de 70       		.byte	0x70
 364 00df 5D000000 		.4byte	0x5d
 365 00e3 5F000000 		.4byte	.LLST2
 366 00e7 09       		.uleb128 0x9
 367 00e8 48000000 		.4byte	.LVL13
 368 00ec 55020000 		.4byte	0x255
 369 00f0 FB000000 		.4byte	0xfb
 370 00f4 0A       		.uleb128 0xa
 371 00f5 01       		.uleb128 0x1
 372 00f6 50       		.byte	0x50
 373 00f7 02       		.uleb128 0x2
 374 00f8 74       		.byte	0x74
 375 00f9 00       		.sleb128 0
 376 00fa 00       		.byte	0
 377 00fb 0B       		.uleb128 0xb
 378 00fc 4E000000 		.4byte	.LVL14
 379 0100 60020000 		.4byte	0x260
 380 0104 0A       		.uleb128 0xa
 381 0105 01       		.uleb128 0x1
 382 0106 50       		.byte	0x50
 383 0107 01       		.uleb128 0x1
 384 0108 35       		.byte	0x35
 385 0109 00       		.byte	0
 386 010a 00       		.byte	0
 387 010b 07       		.uleb128 0x7
 388 010c 18000000 		.4byte	.Ldebug_ranges0+0x18
 389 0110 45010000 		.4byte	0x145
 390 0114 08       		.uleb128 0x8
 391 0115 6900     		.ascii	"i\000"
 392 0117 01       		.byte	0x1
 393 0118 79       		.byte	0x79
 394 0119 5D000000 		.4byte	0x5d
 395 011d 7D000000 		.4byte	.LLST3
 396 0121 09       		.uleb128 0x9
 397 0122 68000000 		.4byte	.LVL21
 398 0126 55020000 		.4byte	0x255
 399 012a 35010000 		.4byte	0x135
 400 012e 0A       		.uleb128 0xa
 401 012f 01       		.uleb128 0x1
 402 0130 50       		.byte	0x50
 403 0131 02       		.uleb128 0x2
ARM GAS  C:\Users\jagumiel\AppData\Local\Temp\ccx5K098.s 			page 11


 404 0132 74       		.byte	0x74
 405 0133 00       		.sleb128 0
 406 0134 00       		.byte	0
 407 0135 0B       		.uleb128 0xb
 408 0136 6E000000 		.4byte	.LVL22
 409 013a 60020000 		.4byte	0x260
 410 013e 0A       		.uleb128 0xa
 411 013f 01       		.uleb128 0x1
 412 0140 50       		.byte	0x50
 413 0141 01       		.uleb128 0x1
 414 0142 35       		.byte	0x35
 415 0143 00       		.byte	0
 416 0144 00       		.byte	0
 417 0145 07       		.uleb128 0x7
 418 0146 30000000 		.4byte	.Ldebug_ranges0+0x30
 419 014a 7F010000 		.4byte	0x17f
 420 014e 08       		.uleb128 0x8
 421 014f 6900     		.ascii	"i\000"
 422 0151 01       		.byte	0x1
 423 0152 82       		.byte	0x82
 424 0153 5D000000 		.4byte	0x5d
 425 0157 9B000000 		.4byte	.LLST4
 426 015b 09       		.uleb128 0x9
 427 015c 88000000 		.4byte	.LVL29
 428 0160 6B020000 		.4byte	0x26b
 429 0164 6F010000 		.4byte	0x16f
 430 0168 0A       		.uleb128 0xa
 431 0169 01       		.uleb128 0x1
 432 016a 50       		.byte	0x50
 433 016b 02       		.uleb128 0x2
 434 016c 74       		.byte	0x74
 435 016d 00       		.sleb128 0
 436 016e 00       		.byte	0
 437 016f 0B       		.uleb128 0xb
 438 0170 8E000000 		.4byte	.LVL30
 439 0174 60020000 		.4byte	0x260
 440 0178 0A       		.uleb128 0xa
 441 0179 01       		.uleb128 0x1
 442 017a 50       		.byte	0x50
 443 017b 01       		.uleb128 0x1
 444 017c 35       		.byte	0x35
 445 017d 00       		.byte	0
 446 017e 00       		.byte	0
 447 017f 07       		.uleb128 0x7
 448 0180 48000000 		.4byte	.Ldebug_ranges0+0x48
 449 0184 B9010000 		.4byte	0x1b9
 450 0188 08       		.uleb128 0x8
 451 0189 6900     		.ascii	"i\000"
 452 018b 01       		.byte	0x1
 453 018c 8B       		.byte	0x8b
 454 018d 5D000000 		.4byte	0x5d
 455 0191 B9000000 		.4byte	.LLST5
 456 0195 09       		.uleb128 0x9
 457 0196 A8000000 		.4byte	.LVL37
 458 019a 6B020000 		.4byte	0x26b
 459 019e A9010000 		.4byte	0x1a9
 460 01a2 0A       		.uleb128 0xa
ARM GAS  C:\Users\jagumiel\AppData\Local\Temp\ccx5K098.s 			page 12


 461 01a3 01       		.uleb128 0x1
 462 01a4 50       		.byte	0x50
 463 01a5 02       		.uleb128 0x2
 464 01a6 74       		.byte	0x74
 465 01a7 00       		.sleb128 0
 466 01a8 00       		.byte	0
 467 01a9 0B       		.uleb128 0xb
 468 01aa AE000000 		.4byte	.LVL38
 469 01ae 60020000 		.4byte	0x260
 470 01b2 0A       		.uleb128 0xa
 471 01b3 01       		.uleb128 0x1
 472 01b4 50       		.byte	0x50
 473 01b5 01       		.uleb128 0x1
 474 01b6 35       		.byte	0x35
 475 01b7 00       		.byte	0
 476 01b8 00       		.byte	0
 477 01b9 0C       		.uleb128 0xc
 478 01ba 06000000 		.4byte	.LVL1
 479 01be 76020000 		.4byte	0x276
 480 01c2 0C       		.uleb128 0xc
 481 01c3 0A000000 		.4byte	.LVL2
 482 01c7 81020000 		.4byte	0x281
 483 01cb 0C       		.uleb128 0xc
 484 01cc 10000000 		.4byte	.LVL3
 485 01d0 8C020000 		.4byte	0x28c
 486 01d4 09       		.uleb128 0x9
 487 01d5 16000000 		.4byte	.LVL4
 488 01d9 97020000 		.4byte	0x297
 489 01dd E7010000 		.4byte	0x1e7
 490 01e1 0A       		.uleb128 0xa
 491 01e2 01       		.uleb128 0x1
 492 01e3 50       		.byte	0x50
 493 01e4 01       		.uleb128 0x1
 494 01e5 30       		.byte	0x30
 495 01e6 00       		.byte	0
 496 01e7 09       		.uleb128 0x9
 497 01e8 20000000 		.4byte	.LVL5
 498 01ec A2020000 		.4byte	0x2a2
 499 01f0 FA010000 		.4byte	0x1fa
 500 01f4 0A       		.uleb128 0xa
 501 01f5 01       		.uleb128 0x1
 502 01f6 50       		.byte	0x50
 503 01f7 01       		.uleb128 0x1
 504 01f8 31       		.byte	0x31
 505 01f9 00       		.byte	0
 506 01fa 0C       		.uleb128 0xc
 507 01fb 26000000 		.4byte	.LVL7
 508 01ff AD020000 		.4byte	0x2ad
 509 0203 0C       		.uleb128 0xc
 510 0204 2E000000 		.4byte	.LVL8
 511 0208 B9020000 		.4byte	0x2b9
 512 020c 0C       		.uleb128 0xc
 513 020d 32000000 		.4byte	.LVL9
 514 0211 C5020000 		.4byte	0x2c5
 515 0215 09       		.uleb128 0x9
 516 0216 3C000000 		.4byte	.LVL11
 517 021a D0020000 		.4byte	0x2d0
ARM GAS  C:\Users\jagumiel\AppData\Local\Temp\ccx5K098.s 			page 13


 518 021e 2E020000 		.4byte	0x22e
 519 0222 0A       		.uleb128 0xa
 520 0223 01       		.uleb128 0x1
 521 0224 50       		.byte	0x50
 522 0225 01       		.uleb128 0x1
 523 0226 32       		.byte	0x32
 524 0227 0A       		.uleb128 0xa
 525 0228 01       		.uleb128 0x1
 526 0229 51       		.byte	0x51
 527 022a 02       		.uleb128 0x2
 528 022b 74       		.byte	0x74
 529 022c 00       		.sleb128 0
 530 022d 00       		.byte	0
 531 022e 09       		.uleb128 0x9
 532 022f C0000000 		.4byte	.LVL43
 533 0233 DB020000 		.4byte	0x2db
 534 0237 42020000 		.4byte	0x242
 535 023b 0A       		.uleb128 0xa
 536 023c 01       		.uleb128 0x1
 537 023d 50       		.byte	0x50
 538 023e 02       		.uleb128 0x2
 539 023f 75       		.byte	0x75
 540 0240 00       		.sleb128 0
 541 0241 00       		.byte	0
 542 0242 0C       		.uleb128 0xc
 543 0243 C4000000 		.4byte	.LVL44
 544 0247 E6020000 		.4byte	0x2e6
 545 024b 0C       		.uleb128 0xc
 546 024c CC000000 		.4byte	.LVL45
 547 0250 F2020000 		.4byte	0x2f2
 548 0254 00       		.byte	0
 549 0255 0D       		.uleb128 0xd
 550 0256 AD020000 		.4byte	.LASF16
 551 025a AD020000 		.4byte	.LASF16
 552 025e 02       		.byte	0x2
 553 025f C3       		.byte	0xc3
 554 0260 0D       		.uleb128 0xd
 555 0261 A5020000 		.4byte	.LASF17
 556 0265 A5020000 		.4byte	.LASF17
 557 0269 03       		.byte	0x3
 558 026a D9       		.byte	0xd9
 559 026b 0D       		.uleb128 0xd
 560 026c 30000000 		.4byte	.LASF18
 561 0270 30000000 		.4byte	.LASF18
 562 0274 04       		.byte	0x4
 563 0275 C3       		.byte	0xc3
 564 0276 0D       		.uleb128 0xd
 565 0277 21000000 		.4byte	.LASF19
 566 027b 21000000 		.4byte	.LASF19
 567 027f 02       		.byte	0x2
 568 0280 92       		.byte	0x92
 569 0281 0D       		.uleb128 0xd
 570 0282 4E020000 		.4byte	.LASF20
 571 0286 4E020000 		.4byte	.LASF20
 572 028a 04       		.byte	0x4
 573 028b 92       		.byte	0x92
 574 028c 0D       		.uleb128 0xd
ARM GAS  C:\Users\jagumiel\AppData\Local\Temp\ccx5K098.s 			page 14


 575 028d 1D010000 		.4byte	.LASF21
 576 0291 1D010000 		.4byte	.LASF21
 577 0295 05       		.byte	0x5
 578 0296 DC       		.byte	0xdc
 579 0297 0D       		.uleb128 0xd
 580 0298 5B010000 		.4byte	.LASF22
 581 029c 5B010000 		.4byte	.LASF22
 582 02a0 06       		.byte	0x6
 583 02a1 47       		.byte	0x47
 584 02a2 0D       		.uleb128 0xd
 585 02a3 66010000 		.4byte	.LASF23
 586 02a7 66010000 		.4byte	.LASF23
 587 02ab 07       		.byte	0x7
 588 02ac 33       		.byte	0x33
 589 02ad 0E       		.uleb128 0xe
 590 02ae 93020000 		.4byte	.LASF24
 591 02b2 93020000 		.4byte	.LASF24
 592 02b6 05       		.byte	0x5
 593 02b7 0901     		.2byte	0x109
 594 02b9 0E       		.uleb128 0xe
 595 02ba 04010000 		.4byte	.LASF25
 596 02be 04010000 		.4byte	.LASF25
 597 02c2 05       		.byte	0x5
 598 02c3 1301     		.2byte	0x113
 599 02c5 0D       		.uleb128 0xd
 600 02c6 F6000000 		.4byte	.LASF26
 601 02ca F6000000 		.4byte	.LASF26
 602 02ce 05       		.byte	0x5
 603 02cf E4       		.byte	0xe4
 604 02d0 0D       		.uleb128 0xd
 605 02d1 0E020000 		.4byte	.LASF27
 606 02d5 0E020000 		.4byte	.LASF27
 607 02d9 06       		.byte	0x6
 608 02da 82       		.byte	0x82
 609 02db 0D       		.uleb128 0xd
 610 02dc 7F020000 		.4byte	.LASF28
 611 02e0 7F020000 		.4byte	.LASF28
 612 02e4 05       		.byte	0x5
 613 02e5 EB       		.byte	0xeb
 614 02e6 0E       		.uleb128 0xe
 615 02e7 35020000 		.4byte	.LASF29
 616 02eb 35020000 		.4byte	.LASF29
 617 02ef 05       		.byte	0x5
 618 02f0 0A01     		.2byte	0x10a
 619 02f2 0E       		.uleb128 0xe
 620 02f3 0E000000 		.4byte	.LASF30
 621 02f7 0E000000 		.4byte	.LASF30
 622 02fb 05       		.byte	0x5
 623 02fc 1401     		.2byte	0x114
 624 02fe 00       		.byte	0
 625              		.section	.debug_abbrev,"",%progbits
 626              	.Ldebug_abbrev0:
 627 0000 01       		.uleb128 0x1
 628 0001 11       		.uleb128 0x11
 629 0002 01       		.byte	0x1
 630 0003 25       		.uleb128 0x25
 631 0004 0E       		.uleb128 0xe
ARM GAS  C:\Users\jagumiel\AppData\Local\Temp\ccx5K098.s 			page 15


 632 0005 13       		.uleb128 0x13
 633 0006 0B       		.uleb128 0xb
 634 0007 03       		.uleb128 0x3
 635 0008 0E       		.uleb128 0xe
 636 0009 1B       		.uleb128 0x1b
 637 000a 0E       		.uleb128 0xe
 638 000b 55       		.uleb128 0x55
 639 000c 17       		.uleb128 0x17
 640 000d 11       		.uleb128 0x11
 641 000e 01       		.uleb128 0x1
 642 000f 10       		.uleb128 0x10
 643 0010 17       		.uleb128 0x17
 644 0011 00       		.byte	0
 645 0012 00       		.byte	0
 646 0013 02       		.uleb128 0x2
 647 0014 24       		.uleb128 0x24
 648 0015 00       		.byte	0
 649 0016 0B       		.uleb128 0xb
 650 0017 0B       		.uleb128 0xb
 651 0018 3E       		.uleb128 0x3e
 652 0019 0B       		.uleb128 0xb
 653 001a 03       		.uleb128 0x3
 654 001b 0E       		.uleb128 0xe
 655 001c 00       		.byte	0
 656 001d 00       		.byte	0
 657 001e 03       		.uleb128 0x3
 658 001f 24       		.uleb128 0x24
 659 0020 00       		.byte	0
 660 0021 0B       		.uleb128 0xb
 661 0022 0B       		.uleb128 0xb
 662 0023 3E       		.uleb128 0x3e
 663 0024 0B       		.uleb128 0xb
 664 0025 03       		.uleb128 0x3
 665 0026 08       		.uleb128 0x8
 666 0027 00       		.byte	0
 667 0028 00       		.byte	0
 668 0029 04       		.uleb128 0x4
 669 002a 16       		.uleb128 0x16
 670 002b 00       		.byte	0
 671 002c 03       		.uleb128 0x3
 672 002d 0E       		.uleb128 0xe
 673 002e 3A       		.uleb128 0x3a
 674 002f 0B       		.uleb128 0xb
 675 0030 3B       		.uleb128 0x3b
 676 0031 05       		.uleb128 0x5
 677 0032 49       		.uleb128 0x49
 678 0033 13       		.uleb128 0x13
 679 0034 00       		.byte	0
 680 0035 00       		.byte	0
 681 0036 05       		.uleb128 0x5
 682 0037 2E       		.uleb128 0x2e
 683 0038 01       		.byte	0x1
 684 0039 3F       		.uleb128 0x3f
 685 003a 19       		.uleb128 0x19
 686 003b 03       		.uleb128 0x3
 687 003c 0E       		.uleb128 0xe
 688 003d 3A       		.uleb128 0x3a
ARM GAS  C:\Users\jagumiel\AppData\Local\Temp\ccx5K098.s 			page 16


 689 003e 0B       		.uleb128 0xb
 690 003f 3B       		.uleb128 0x3b
 691 0040 0B       		.uleb128 0xb
 692 0041 27       		.uleb128 0x27
 693 0042 19       		.uleb128 0x19
 694 0043 49       		.uleb128 0x49
 695 0044 13       		.uleb128 0x13
 696 0045 8701     		.uleb128 0x87
 697 0047 19       		.uleb128 0x19
 698 0048 11       		.uleb128 0x11
 699 0049 01       		.uleb128 0x1
 700 004a 12       		.uleb128 0x12
 701 004b 06       		.uleb128 0x6
 702 004c 40       		.uleb128 0x40
 703 004d 18       		.uleb128 0x18
 704 004e 9742     		.uleb128 0x2117
 705 0050 19       		.uleb128 0x19
 706 0051 01       		.uleb128 0x1
 707 0052 13       		.uleb128 0x13
 708 0053 00       		.byte	0
 709 0054 00       		.byte	0
 710 0055 06       		.uleb128 0x6
 711 0056 34       		.uleb128 0x34
 712 0057 00       		.byte	0
 713 0058 03       		.uleb128 0x3
 714 0059 0E       		.uleb128 0xe
 715 005a 3A       		.uleb128 0x3a
 716 005b 0B       		.uleb128 0xb
 717 005c 3B       		.uleb128 0x3b
 718 005d 0B       		.uleb128 0xb
 719 005e 49       		.uleb128 0x49
 720 005f 13       		.uleb128 0x13
 721 0060 02       		.uleb128 0x2
 722 0061 17       		.uleb128 0x17
 723 0062 00       		.byte	0
 724 0063 00       		.byte	0
 725 0064 07       		.uleb128 0x7
 726 0065 0B       		.uleb128 0xb
 727 0066 01       		.byte	0x1
 728 0067 55       		.uleb128 0x55
 729 0068 17       		.uleb128 0x17
 730 0069 01       		.uleb128 0x1
 731 006a 13       		.uleb128 0x13
 732 006b 00       		.byte	0
 733 006c 00       		.byte	0
 734 006d 08       		.uleb128 0x8
 735 006e 34       		.uleb128 0x34
 736 006f 00       		.byte	0
 737 0070 03       		.uleb128 0x3
 738 0071 08       		.uleb128 0x8
 739 0072 3A       		.uleb128 0x3a
 740 0073 0B       		.uleb128 0xb
 741 0074 3B       		.uleb128 0x3b
 742 0075 0B       		.uleb128 0xb
 743 0076 49       		.uleb128 0x49
 744 0077 13       		.uleb128 0x13
 745 0078 02       		.uleb128 0x2
ARM GAS  C:\Users\jagumiel\AppData\Local\Temp\ccx5K098.s 			page 17


 746 0079 17       		.uleb128 0x17
 747 007a 00       		.byte	0
 748 007b 00       		.byte	0
 749 007c 09       		.uleb128 0x9
 750 007d 898201   		.uleb128 0x4109
 751 0080 01       		.byte	0x1
 752 0081 11       		.uleb128 0x11
 753 0082 01       		.uleb128 0x1
 754 0083 31       		.uleb128 0x31
 755 0084 13       		.uleb128 0x13
 756 0085 01       		.uleb128 0x1
 757 0086 13       		.uleb128 0x13
 758 0087 00       		.byte	0
 759 0088 00       		.byte	0
 760 0089 0A       		.uleb128 0xa
 761 008a 8A8201   		.uleb128 0x410a
 762 008d 00       		.byte	0
 763 008e 02       		.uleb128 0x2
 764 008f 18       		.uleb128 0x18
 765 0090 9142     		.uleb128 0x2111
 766 0092 18       		.uleb128 0x18
 767 0093 00       		.byte	0
 768 0094 00       		.byte	0
 769 0095 0B       		.uleb128 0xb
 770 0096 898201   		.uleb128 0x4109
 771 0099 01       		.byte	0x1
 772 009a 11       		.uleb128 0x11
 773 009b 01       		.uleb128 0x1
 774 009c 31       		.uleb128 0x31
 775 009d 13       		.uleb128 0x13
 776 009e 00       		.byte	0
 777 009f 00       		.byte	0
 778 00a0 0C       		.uleb128 0xc
 779 00a1 898201   		.uleb128 0x4109
 780 00a4 00       		.byte	0
 781 00a5 11       		.uleb128 0x11
 782 00a6 01       		.uleb128 0x1
 783 00a7 31       		.uleb128 0x31
 784 00a8 13       		.uleb128 0x13
 785 00a9 00       		.byte	0
 786 00aa 00       		.byte	0
 787 00ab 0D       		.uleb128 0xd
 788 00ac 2E       		.uleb128 0x2e
 789 00ad 00       		.byte	0
 790 00ae 3F       		.uleb128 0x3f
 791 00af 19       		.uleb128 0x19
 792 00b0 3C       		.uleb128 0x3c
 793 00b1 19       		.uleb128 0x19
 794 00b2 6E       		.uleb128 0x6e
 795 00b3 0E       		.uleb128 0xe
 796 00b4 03       		.uleb128 0x3
 797 00b5 0E       		.uleb128 0xe
 798 00b6 3A       		.uleb128 0x3a
 799 00b7 0B       		.uleb128 0xb
 800 00b8 3B       		.uleb128 0x3b
 801 00b9 0B       		.uleb128 0xb
 802 00ba 00       		.byte	0
ARM GAS  C:\Users\jagumiel\AppData\Local\Temp\ccx5K098.s 			page 18


 803 00bb 00       		.byte	0
 804 00bc 0E       		.uleb128 0xe
 805 00bd 2E       		.uleb128 0x2e
 806 00be 00       		.byte	0
 807 00bf 3F       		.uleb128 0x3f
 808 00c0 19       		.uleb128 0x19
 809 00c1 3C       		.uleb128 0x3c
 810 00c2 19       		.uleb128 0x19
 811 00c3 6E       		.uleb128 0x6e
 812 00c4 0E       		.uleb128 0xe
 813 00c5 03       		.uleb128 0x3
 814 00c6 0E       		.uleb128 0xe
 815 00c7 3A       		.uleb128 0x3a
 816 00c8 0B       		.uleb128 0xb
 817 00c9 3B       		.uleb128 0x3b
 818 00ca 05       		.uleb128 0x5
 819 00cb 00       		.byte	0
 820 00cc 00       		.byte	0
 821 00cd 00       		.byte	0
 822              		.section	.debug_loc,"",%progbits
 823              	.Ldebug_loc0:
 824              	.LLST0:
 825 0000 02000000 		.4byte	.LVL0
 826 0004 22000000 		.4byte	.LVL6
 827 0008 0200     		.2byte	0x2
 828 000a 30       		.byte	0x30
 829 000b 9F       		.byte	0x9f
 830 000c 22000000 		.4byte	.LVL6
 831 0010 5A000000 		.4byte	.LVL18
 832 0014 0100     		.2byte	0x1
 833 0016 55       		.byte	0x55
 834 0017 5C000000 		.4byte	.LVL19
 835 001b 7A000000 		.4byte	.LVL26
 836 001f 0100     		.2byte	0x1
 837 0021 55       		.byte	0x55
 838 0022 7C000000 		.4byte	.LVL27
 839 0026 9A000000 		.4byte	.LVL34
 840 002a 0100     		.2byte	0x1
 841 002c 55       		.byte	0x55
 842 002d 9C000000 		.4byte	.LVL35
 843 0031 CE000000 		.4byte	.LFE32
 844 0035 0100     		.2byte	0x1
 845 0037 55       		.byte	0x55
 846 0038 00000000 		.4byte	0
 847 003c 00000000 		.4byte	0
 848              	.LLST1:
 849 0040 02000000 		.4byte	.LVL0
 850 0044 22000000 		.4byte	.LVL6
 851 0048 0200     		.2byte	0x2
 852 004a 30       		.byte	0x30
 853 004b 9F       		.byte	0x9f
 854 004c 36000000 		.4byte	.LVL10
 855 0050 3B000000 		.4byte	.LVL11-1
 856 0054 0100     		.2byte	0x1
 857 0056 51       		.byte	0x51
 858 0057 00000000 		.4byte	0
 859 005b 00000000 		.4byte	0
ARM GAS  C:\Users\jagumiel\AppData\Local\Temp\ccx5K098.s 			page 19


 860              	.LLST2:
 861 005f 42000000 		.4byte	.LVL12
 862 0063 52000000 		.4byte	.LVL16
 863 0067 0100     		.2byte	0x1
 864 0069 54       		.byte	0x54
 865 006a 54000000 		.4byte	.LVL17
 866 006e 5C000000 		.4byte	.LVL19
 867 0072 0100     		.2byte	0x1
 868 0074 54       		.byte	0x54
 869 0075 00000000 		.4byte	0
 870 0079 00000000 		.4byte	0
 871              	.LLST3:
 872 007d 62000000 		.4byte	.LVL20
 873 0081 72000000 		.4byte	.LVL24
 874 0085 0100     		.2byte	0x1
 875 0087 54       		.byte	0x54
 876 0088 74000000 		.4byte	.LVL25
 877 008c 7C000000 		.4byte	.LVL27
 878 0090 0100     		.2byte	0x1
 879 0092 54       		.byte	0x54
 880 0093 00000000 		.4byte	0
 881 0097 00000000 		.4byte	0
 882              	.LLST4:
 883 009b 82000000 		.4byte	.LVL28
 884 009f 92000000 		.4byte	.LVL32
 885 00a3 0100     		.2byte	0x1
 886 00a5 54       		.byte	0x54
 887 00a6 94000000 		.4byte	.LVL33
 888 00aa 9C000000 		.4byte	.LVL35
 889 00ae 0100     		.2byte	0x1
 890 00b0 54       		.byte	0x54
 891 00b1 00000000 		.4byte	0
 892 00b5 00000000 		.4byte	0
 893              	.LLST5:
 894 00b9 A2000000 		.4byte	.LVL36
 895 00bd B2000000 		.4byte	.LVL40
 896 00c1 0100     		.2byte	0x1
 897 00c3 54       		.byte	0x54
 898 00c4 B4000000 		.4byte	.LVL41
 899 00c8 BA000000 		.4byte	.LVL42
 900 00cc 0100     		.2byte	0x1
 901 00ce 54       		.byte	0x54
 902 00cf 00000000 		.4byte	0
 903 00d3 00000000 		.4byte	0
 904              		.section	.debug_aranges,"",%progbits
 905 0000 1C000000 		.4byte	0x1c
 906 0004 0200     		.2byte	0x2
 907 0006 00000000 		.4byte	.Ldebug_info0
 908 000a 04       		.byte	0x4
 909 000b 00       		.byte	0
 910 000c 0000     		.2byte	0
 911 000e 0000     		.2byte	0
 912 0010 00000000 		.4byte	.LFB32
 913 0014 CE000000 		.4byte	.LFE32-.LFB32
 914 0018 00000000 		.4byte	0
 915 001c 00000000 		.4byte	0
 916              		.section	.debug_ranges,"",%progbits
ARM GAS  C:\Users\jagumiel\AppData\Local\Temp\ccx5K098.s 			page 20


 917              	.Ldebug_ranges0:
 918 0000 42000000 		.4byte	.LBB2
 919 0004 52000000 		.4byte	.LBE2
 920 0008 54000000 		.4byte	.LBB3
 921 000c 58000000 		.4byte	.LBE3
 922 0010 00000000 		.4byte	0
 923 0014 00000000 		.4byte	0
 924 0018 62000000 		.4byte	.LBB4
 925 001c 72000000 		.4byte	.LBE4
 926 0020 74000000 		.4byte	.LBB5
 927 0024 78000000 		.4byte	.LBE5
 928 0028 00000000 		.4byte	0
 929 002c 00000000 		.4byte	0
 930 0030 82000000 		.4byte	.LBB6
 931 0034 92000000 		.4byte	.LBE6
 932 0038 94000000 		.4byte	.LBB7
 933 003c 98000000 		.4byte	.LBE7
 934 0040 00000000 		.4byte	0
 935 0044 00000000 		.4byte	0
 936 0048 A2000000 		.4byte	.LBB8
 937 004c B2000000 		.4byte	.LBE8
 938 0050 B4000000 		.4byte	.LBB9
 939 0054 B8000000 		.4byte	.LBE9
 940 0058 00000000 		.4byte	0
 941 005c 00000000 		.4byte	0
 942 0060 00000000 		.4byte	.LFB32
 943 0064 CE000000 		.4byte	.LFE32
 944 0068 00000000 		.4byte	0
 945 006c 00000000 		.4byte	0
 946              		.section	.debug_line,"",%progbits
 947              	.Ldebug_line0:
 948 0000 18010000 		.section	.debug_str,"MS",%progbits,1
 948      02009000 
 948      00000201 
 948      FB0E0D00 
 948      01010101 
 949              	.LASF6:
 950 0000 6C6F6E67 		.ascii	"long long int\000"
 950      206C6F6E 
 950      6720696E 
 950      7400
 951              	.LASF30:
 952 000e 6C5F666C 		.ascii	"l_flg_clr_OutFrame\000"
 952      675F636C 
 952      725F4F75 
 952      74467261 
 952      6D6500
 953              	.LASF19:
 954 0021 50574D5F 		.ascii	"PWM_Left_Start\000"
 954      4C656674 
 954      5F537461 
 954      727400
 955              	.LASF18:
 956 0030 50574D5F 		.ascii	"PWM_Right_WriteCompare\000"
 956      52696768 
 956      745F5772 
 956      69746543 
ARM GAS  C:\Users\jagumiel\AppData\Local\Temp\ccx5K098.s 			page 21


 956      6F6D7061 
 957              	.LASF9:
 958 0047 666C6F61 		.ascii	"float\000"
 958      7400
 959              	.LASF1:
 960 004d 756E7369 		.ascii	"unsigned char\000"
 960      676E6564 
 960      20636861 
 960      7200
 961              	.LASF33:
 962 005b 443A5C55 		.ascii	"D:\\Users\\jagumiel\\Documents\\PSoC Creator\\LIN-A"
 962      73657273 
 962      5C6A6167 
 962      756D6965 
 962      6C5C446F 
 963 0089 75746F6D 		.ascii	"utomotive\\3-LIN-Internal-Light-Control\\LIN-Intern"
 963      6F746976 
 963      655C332D 
 963      4C494E2D 
 963      496E7465 
 964 00ba 616C5F4C 		.ascii	"al_Light_Control.cydsn\000"
 964      69676874 
 964      5F436F6E 
 964      74726F6C 
 964      2E637964 
 965              	.LASF5:
 966 00d1 6C6F6E67 		.ascii	"long unsigned int\000"
 966      20756E73 
 966      69676E65 
 966      6420696E 
 966      7400
 967              	.LASF3:
 968 00e3 73686F72 		.ascii	"short unsigned int\000"
 968      7420756E 
 968      7369676E 
 968      65642069 
 968      6E7400
 969              	.LASF26:
 970 00f6 6C5F7538 		.ascii	"l_u8_rd_InSig\000"
 970      5F72645F 
 970      496E5369 
 970      6700
 971              	.LASF25:
 972 0104 6C5F666C 		.ascii	"l_flg_clr_InFrame\000"
 972      675F636C 
 972      725F496E 
 972      4672616D 
 972      6500
 973              	.LASF10:
 974 0116 646F7562 		.ascii	"double\000"
 974      6C6500
 975              	.LASF21:
 976 011d 6C5F7379 		.ascii	"l_sys_init\000"
 976      735F696E 
 976      697400
 977              	.LASF2:
 978 0128 73686F72 		.ascii	"short int\000"
ARM GAS  C:\Users\jagumiel\AppData\Local\Temp\ccx5K098.s 			page 22


 978      7420696E 
 978      7400
 979              	.LASF35:
 980 0132 6D61696E 		.ascii	"main\000"
 980      00
 981              	.LASF8:
 982 0137 756E7369 		.ascii	"unsigned int\000"
 982      676E6564 
 982      20696E74 
 982      00
 983              	.LASF7:
 984 0144 6C6F6E67 		.ascii	"long long unsigned int\000"
 984      206C6F6E 
 984      6720756E 
 984      7369676E 
 984      65642069 
 985              	.LASF22:
 986 015b 6C5F6966 		.ascii	"l_ifc_init\000"
 986      635F696E 
 986      697400
 987              	.LASF23:
 988 0166 5265644C 		.ascii	"RedLed_Write\000"
 988      65645F57 
 988      72697465 
 988      00
 989              	.LASF31:
 990 0173 474E5520 		.ascii	"GNU C11 5.4.1 20160609 (release) [ARM/embedded-5-br"
 990      43313120 
 990      352E342E 
 990      31203230 
 990      31363036 
 991 01a6 616E6368 		.ascii	"anch revision 237715] -mcpu=cortex-m0 -mthumb -g -O"
 991      20726576 
 991      6973696F 
 991      6E203233 
 991      37373135 
 992 01d9 67202D66 		.ascii	"g -ffunction-sections -ffat-lto-objects\000"
 992      66756E63 
 992      74696F6E 
 992      2D736563 
 992      74696F6E 
 993              	.LASF15:
 994 0201 64617461 		.ascii	"dataReceived\000"
 994      52656365 
 994      69766564 
 994      00
 995              	.LASF27:
 996 020e 6C5F7538 		.ascii	"l_u8_wr\000"
 996      5F777200 
 997              	.LASF13:
 998 0216 73697A65 		.ascii	"sizetype\000"
 998      74797065 
 998      00
 999              	.LASF14:
 1000 021f 64617461 		.ascii	"dataArray\000"
 1000      41727261 
 1000      7900
ARM GAS  C:\Users\jagumiel\AppData\Local\Temp\ccx5K098.s 			page 23


 1001              	.LASF32:
 1002 0229 6D61696E 		.ascii	"main.c\000"
 1002      2E6300
 1003              	.LASF11:
 1004 0230 63686172 		.ascii	"char\000"
 1004      00
 1005              	.LASF29:
 1006 0235 6C5F666C 		.ascii	"l_flg_tst_OutFrame\000"
 1006      675F7473 
 1006      745F4F75 
 1006      74467261 
 1006      6D6500
 1007              	.LASF34:
 1008 0248 75696E74 		.ascii	"uint8\000"
 1008      3800
 1009              	.LASF20:
 1010 024e 50574D5F 		.ascii	"PWM_Right_Start\000"
 1010      52696768 
 1010      745F5374 
 1010      61727400 
 1011              	.LASF4:
 1012 025e 6C6F6E67 		.ascii	"long int\000"
 1012      20696E74 
 1012      00
 1013              	.LASF12:
 1014 0267 6C6F6E67 		.ascii	"long double\000"
 1014      20646F75 
 1014      626C6500 
 1015              	.LASF0:
 1016 0273 7369676E 		.ascii	"signed char\000"
 1016      65642063 
 1016      68617200 
 1017              	.LASF28:
 1018 027f 6C5F7538 		.ascii	"l_u8_wr_OutArraySig\000"
 1018      5F77725F 
 1018      4F757441 
 1018      72726179 
 1018      53696700 
 1019              	.LASF24:
 1020 0293 6C5F666C 		.ascii	"l_flg_tst_InFrame\000"
 1020      675F7473 
 1020      745F496E 
 1020      4672616D 
 1020      6500
 1021              	.LASF17:
 1022 02a5 43794465 		.ascii	"CyDelay\000"
 1022      6C617900 
 1023              	.LASF16:
 1024 02ad 50574D5F 		.ascii	"PWM_Left_WriteCompare\000"
 1024      4C656674 
 1024      5F577269 
 1024      7465436F 
 1024      6D706172 
 1025              		.ident	"GCC: (GNU Tools for ARM Embedded Processors) 5.4.1 20160609 (release) [ARM/embedded-5-bran
