#***************************************************************************

#sjplacer

#Version:            1.1

#Build Date:         Dec  5 2017 15:35:27

#File Generated:     Jul 29 2020 11:00:54

#Purpose:            

#Copyright (C) 2010-2011 by Softjin Technologies Pvt Ltd. All rights reserved.

#***************************************************************************

Executing : C:\Program Files (x86)\Cypress\PSoC Creator\4.2\PSoC Creator\bin/sjplacer.exe --proj-name ECU-RGB_Command_Sender --netlist-vh2 ECU-RGB_Command_Sender_p.vh2 --arch p4_udb2x2a --arch-file C:\Program Files (x86)\Cypress\PSoC Creator\4.2\PSoC Creator\dev\arch/udbdsi_2x2_04.cydata --ip-file C:\Program Files (x86)\Cypress\PSoC Creator\4.2\PSoC Creator\dev\psoc4/psoc4a/ip_blocks.cydata --rrg-file C:\Program Files (x86)\Cypress\PSoC Creator\4.2\PSoC Creator\dev\psoc4/psoc4a/route_arch-rrg.cydata --irq-file C:\Program Files (x86)\Cypress\PSoC Creator\4.2\PSoC Creator\dev\psoc4/psoc4a/irqconn.cydata --dsi-conn-file C:\Program Files (x86)\Cypress\PSoC Creator\4.2\PSoC Creator\dev\psoc4/psoc4a/dsiconn.cydata --pins-file pins_44-TQFP.xml --lib-file ECU-RGB_Command_Sender_p.lib --sdc-file ECU-RGB_Command_Sender.sdc --io-pcf ECU-RGB_Command_Sender.pci --outdir .

		Softjin Techologies Placer, Version 1.1

Build Date : Dec  5 2017	15:33:41

D2004: Option and Settings Summary
=============================================================
Netlist vh2 file          - ECU-RGB_Command_Sender_p.vh2
Architecture file         - C:\Program Files (x86)\Cypress\PSoC Creator\4.2\PSoC Creator\dev\arch/udbdsi_2x2_04.cydata
Package                   - 
Defparam file             - 
SDC file                  - ECU-RGB_Command_Sender.sdc
Output directory          - .
Timing library            - ECU-RGB_Command_Sender_p.lib
IO Placement file         - ECU-RGB_Command_Sender.pci

D2050: Starting reading inputs for placer
=============================================================
D2065: Reading netlist file : "ECU-RGB_Command_Sender_p.vh2"
D2065: Reading arch file : "C:\Program Files (x86)\Cypress\PSoC Creator\4.2\PSoC Creator\dev\arch/udbdsi_2x2_04.cydata"
D2051: Reading of inputs for placer completed successfully

D2053: Starting placement of the design
=============================================================

Phase 2
Phase 3

Design Statistics after Packing
    Number of Combinational MCs 	:	3
    Number of Sequential MCs    	:	12
    Number of DPs               	:	3
    Number of Controls          	:	3
    Number of Status            	:	3
    Number of SyncCells         	:	0
    Number of count7cells       	:	0

Device Utilization Summary after Packing
    Macrocells                  :	15/32
    UDBS                        :	3/4
    IOs                         :	8/36


D2088: Phase 3, elapsed time : 0.0 (sec)

Phase 4
D2088: Phase 4, elapsed time : 0.0 (sec)

Phase 6

######################################################################
Placement Timing Summary

The timing summary is based on estimated routing delays after
placement. For final timing report, please carry out the timing
analysis after routing.
======================================================================

######################################################################
                     Clock Summary 
======================================================================
Number of clocks: 11
Clock: Clock_50kHz          | Frequency:  53.4 MHz | Target:   0.1 MHz
Clock: CyHFClk              | Frequency: N/A       | Target:  48.0 MHz
Clock: CyILO                | Frequency: N/A       | Target:   0.0 MHz
Clock: CyIMO                | Frequency: N/A       | Target:  48.0 MHz
Clock: CyLFClk              | Frequency: N/A       | Target:   0.0 MHz
Clock: CyRouted1            | Frequency: N/A       | Target:  48.0 MHz
Clock: CySysClk             | Frequency: N/A       | Target:  48.0 MHz
Clock: UART_MASTER_SCBCLK   | Frequency: N/A       | Target:   0.2 MHz
Clock: UART_MASTER_SCBCLK(FFB) | Frequency: N/A       | Target:   0.2 MHz
Clock: UART_PC_SCBCLK       | Frequency: N/A       | Target:   1.4 MHz
Clock: UART_PC_SCBCLK(FFB)  | Frequency: N/A       | Target:   1.4 MHz

======================================================================
                     End of Clock Summary
######################################################################

D2088: Phase 6, elapsed time : 0.0 (sec)

Phase 7
######################################################################
                     Clock Summary 
======================================================================
Number of clocks: 11
Clock: Clock_50kHz          | Frequency:  53.4 MHz | Target:   0.1 MHz
Clock: CyHFClk              | Frequency: N/A       | Target:  48.0 MHz
Clock: CyILO                | Frequency: N/A       | Target:   0.0 MHz
Clock: CyIMO                | Frequency: N/A       | Target:  48.0 MHz
Clock: CyLFClk              | Frequency: N/A       | Target:   0.0 MHz
Clock: CyRouted1            | Frequency: N/A       | Target:  48.0 MHz
Clock: CySysClk             | Frequency: N/A       | Target:  48.0 MHz
Clock: UART_MASTER_SCBCLK   | Frequency: N/A       | Target:   0.2 MHz
Clock: UART_MASTER_SCBCLK(FFB) | Frequency: N/A       | Target:   0.2 MHz
Clock: UART_PC_SCBCLK       | Frequency: N/A       | Target:   1.4 MHz
Clock: UART_PC_SCBCLK(FFB)  | Frequency: N/A       | Target:   1.4 MHz

======================================================================
                     End of Clock Summary
######################################################################
D2088: Phase 7, elapsed time : 0.1 (sec)

Final Design Statistics
    Number of Combinational MCs 	:	3
    Number of Sequential MCs    	:	12
    Number of DPs               	:	3
    Number of Controls          	:	3
    Number of Status            	:	3
    Number of SyncCells         	:	0
    Number of count7cells       	:	0
    Number of IOs       	:	8

Device Utilization Summary
    Macrocells                  :	15/32
    IOs                         :	8/36



######################################################################
Placement Timing Summary

The timing summary is based on estimated routing delays after
placement. For final timing report, please carry out the timing
analysis after routing.
======================================================================


######################################################################
                     Clock Summary 
======================================================================
Number of clocks: 11
Clock: Clock_50kHz          | Frequency:  53.4 MHz | Target:   0.1 MHz
Clock: CyHFClk              | Frequency: N/A       | Target:  48.0 MHz
Clock: CyILO                | Frequency: N/A       | Target:   0.0 MHz
Clock: CyIMO                | Frequency: N/A       | Target:  48.0 MHz
Clock: CyLFClk              | Frequency: N/A       | Target:   0.0 MHz
Clock: CyRouted1            | Frequency: N/A       | Target:  48.0 MHz
Clock: CySysClk             | Frequency: N/A       | Target:  48.0 MHz
Clock: UART_MASTER_SCBCLK   | Frequency: N/A       | Target:   0.2 MHz
Clock: UART_MASTER_SCBCLK(FFB) | Frequency: N/A       | Target:   0.2 MHz
Clock: UART_PC_SCBCLK       | Frequency: N/A       | Target:   1.4 MHz
Clock: UART_PC_SCBCLK(FFB)  | Frequency: N/A       | Target:   1.4 MHz

======================================================================
                     End of Clock Summary
######################################################################

Phase 8
D2088: Phase 8, elapsed time : 0.0 (sec)

D2054: Placement of the design completed successfully

I2076: Total run-time: 0.3 sec.

